0 verbose cli C:\Program Files\nodejs\node.exe C:\Users\akito\AppData\Roaming\npm\node_modules\npm\bin\npm-cli.js
1 info using npm@11.3.0
2 info using node@v20.19.1
3 silly config load:file:C:\Users\akito\AppData\Roaming\npm\node_modules\npm\npmrc
4 silly config load:file:C:\Users\akito\git\calculator\.npmrc
5 silly config load:file:C:\Users\akito\.npmrc
6 silly config load:file:C:\Users\akito\AppData\Roaming\npm\etc\npmrc
7 verbose title npm exec sharp-cli --input public/lp-demo-mobile.webp --resize 375 --quality 70 --output public/lp-demo-mobile.webp
8 verbose argv "exec" "--" "sharp-cli" "--input" "public/lp-demo-mobile.webp" "--resize" "375" "--quality" "70" "--output" "public/lp-demo-mobile.webp"
9 verbose logfile logs-max:10 dir:C:\Users\akito\git\calculator\%APPDATA%\npm-cache\_logs\2025-05-07T03_20_03_939Z-
10 verbose logfile C:\Users\akito\git\calculator\%APPDATA%\npm-cache\_logs\2025-05-07T03_20_03_939Z-debug-0.log
11 silly logfile start cleaning logs, removing 1 files
12 silly logfile done cleaning log files
13 silly packumentCache heap:4345298944 maxSize:1086324736 maxEntrySize:543162368
14 http fetch GET 200 https://registry.npmjs.org/sharp-cli 243ms (cache updated)
15 silly packumentCache heap:4345298944 maxSize:1086324736 maxEntrySize:543162368
16 silly packumentCache heap:4345298944 maxSize:1086324736 maxEntrySize:543162368
17 verbose cwd C:\Users\akito\git\calculator
18 verbose os Windows_NT 10.0.26100
19 verbose node v20.19.1
20 verbose npm  v11.3.0
21 verbose exit 1
22 verbose code 1
