0 verbose cli C:\Program Files\nodejs\node.exe C:\Program Files\nodejs\node_modules\npm\bin\npm-cli.js
1 info using npm@10.9.2
2 info using node@v22.14.0
3 silly config load:file:C:\Program Files\nodejs\node_modules\npm\npmrc
4 silly config load:file:C:\Users\akito\git\calculator\.npmrc
5 silly config load:file:C:\Users\akito\.npmrc
6 silly config load:file:C:\Users\akito\git\calculator\%APPDATA%\npm\etc\npmrc
7 verbose title npm install @clerk/nextjs@5.0.0-beta.35
8 verbose argv "install" "@clerk/nextjs@5.0.0-beta.35"
9 verbose logfile logs-max:10 dir:C:\Users\akito\git\calculator\%APPDATA%\npm-cache\_logs\2025-05-02T03_27_30_596Z-
10 verbose logfile C:\Users\akito\git\calculator\%APPDATA%\npm-cache\_logs\2025-05-02T03_27_30_596Z-debug-0.log
11 silly logfile start cleaning logs, removing 1 files
12 silly packumentCache heap:4345298944 maxSize:1086324736 maxEntrySize:543162368
13 silly logfile done cleaning log files
14 silly idealTree buildDeps
15 silly fetch manifest @clerk/nextjs@5.0.0-beta.35
16 silly packumentCache full:https://registry.npmjs.org/@clerk%2fnextjs cache-miss
17 http cache https://registry.npmjs.org/@clerk%2fnextjs 95ms (cache hit)
18 silly packumentCache full:https://registry.npmjs.org/@clerk%2fnextjs set size:13353792 disposed:false
19 silly placeDep ROOT @clerk/nextjs@5.0.0-beta.35 REPLACE for: calculator@0.1.0 want: 5.0.0-beta.35
20 silly fetch manifest tslib@2.4.1
21 silly packumentCache full:https://registry.npmjs.org/tslib cache-miss
22 silly fetch manifest @clerk/shared@2.0.0-beta.19
23 silly packumentCache full:https://registry.npmjs.org/@clerk%2fshared cache-miss
24 silly fetch manifest @clerk/backend@1.0.0-beta.29
25 silly packumentCache full:https://registry.npmjs.org/@clerk%2fbackend cache-miss
26 silly fetch manifest path-to-regexp@6.2.1
27 silly packumentCache full:https://registry.npmjs.org/path-to-regexp cache-miss
28 silly fetch manifest @clerk/clerk-react@5.0.0-beta.31
29 silly packumentCache full:https://registry.npmjs.org/@clerk%2fclerk-react cache-miss
30 http cache https://registry.npmjs.org/@clerk%2fshared 64ms (cache hit)
31 silly packumentCache full:https://registry.npmjs.org/@clerk%2fshared set size:9838031 disposed:false
32 http cache https://registry.npmjs.org/@clerk%2fclerk-react 125ms (cache hit)
33 silly packumentCache full:https://registry.npmjs.org/@clerk%2fclerk-react set size:11068797 disposed:false
34 http cache https://registry.npmjs.org/@clerk%2fbackend 226ms (cache hit)
35 silly packumentCache full:https://registry.npmjs.org/@clerk%2fbackend set size:13198080 disposed:false
36 http fetch GET 200 https://registry.npmjs.org/tslib 399ms (cache updated)
37 silly packumentCache full:https://registry.npmjs.org/tslib set size:undefined disposed:false
38 http fetch GET 200 https://registry.npmjs.org/path-to-regexp 400ms (cache updated)
39 silly packumentCache full:https://registry.npmjs.org/path-to-regexp set size:undefined disposed:false
40 silly placeDep ROOT @clerk/backend@1.0.0-beta.29 OK for: @clerk/nextjs@5.0.0-beta.35 want: 1.0.0-beta.29
41 silly placeDep ROOT @clerk/clerk-react@5.0.0-beta.31 OK for: @clerk/nextjs@5.0.0-beta.35 want: 5.0.0-beta.31
42 silly placeDep ROOT @clerk/shared@2.0.0-beta.19 OK for: @clerk/nextjs@5.0.0-beta.35 want: 2.0.0-beta.19
43 silly placeDep ROOT path-to-regexp@6.2.1 OK for: @clerk/nextjs@5.0.0-beta.35 want: 6.2.1
44 silly placeDep node_modules/@clerk/nextjs tslib@2.4.1 OK for: @clerk/nextjs@5.0.0-beta.35 want: 2.4.1
45 silly fetch manifest cookie@0.5.0
46 silly packumentCache full:https://registry.npmjs.org/cookie cache-miss
47 silly fetch manifest snakecase-keys@5.4.4
48 silly packumentCache full:https://registry.npmjs.org/snakecase-keys cache-miss
49 silly fetch manifest @clerk/types@4.0.0-beta.21
50 silly packumentCache full:https://registry.npmjs.org/@clerk%2ftypes cache-miss
51 silly fetch manifest eslint-config-custom@*
52 silly packumentCache full:https://registry.npmjs.org/eslint-config-custom cache-miss
53 silly fetch manifest swr@2.2.0
54 silly packumentCache full:https://registry.npmjs.org/swr cache-miss
55 silly fetch manifest std-env@^3.7.0
56 silly packumentCache full:https://registry.npmjs.org/std-env cache-miss
57 silly fetch manifest js-cookie@3.0.1
58 silly packumentCache full:https://registry.npmjs.org/js-cookie cache-miss
59 silly fetch manifest glob-to-regexp@0.4.1
60 silly packumentCache full:https://registry.npmjs.org/glob-to-regexp cache-miss
61 http cache https://registry.npmjs.org/js-cookie 12ms (cache hit)
62 silly packumentCache full:https://registry.npmjs.org/js-cookie set size:240037 disposed:false
63 http cache https://registry.npmjs.org/std-env 15ms (cache hit)
64 silly packumentCache full:https://registry.npmjs.org/std-env set size:79178 disposed:false
65 http cache https://registry.npmjs.org/@clerk%2ftypes 24ms (cache hit)
66 silly packumentCache full:https://registry.npmjs.org/@clerk%2ftypes set size:7078201 disposed:false
67 http cache https://registry.npmjs.org/swr 62ms (cache hit)
68 silly packumentCache full:https://registry.npmjs.org/swr set size:1199342 disposed:false
69 http cache https://registry.npmjs.org/snakecase-keys 71ms (cache hit)
70 silly packumentCache full:https://registry.npmjs.org/snakecase-keys set size:81142 disposed:false
71 http cache https://registry.npmjs.org/glob-to-regexp 69ms (cache hit)
72 silly packumentCache full:https://registry.npmjs.org/glob-to-regexp set size:15844 disposed:false
73 http fetch GET 200 https://registry.npmjs.org/cookie 78ms (cache updated)
74 silly packumentCache full:https://registry.npmjs.org/cookie set size:undefined disposed:false
75 http fetch GET 200 https://registry.npmjs.org/eslint-config-custom 590ms (cache miss)
76 silly packumentCache full:https://registry.npmjs.org/eslint-config-custom set size:undefined disposed:false
77 silly placeDep node_modules/@clerk/backend cookie@0.5.0 OK for: @clerk/backend@1.0.0-beta.29 want: 0.5.0
78 silly placeDep ROOT snakecase-keys@5.4.4 OK for: @clerk/backend@1.0.0-beta.29 want: 5.4.4
79 silly placeDep node_modules/@clerk/backend tslib@2.4.1 OK for: @clerk/backend@1.0.0-beta.29 want: 2.4.1
80 silly fetch manifest map-obj@^4.1.0
81 silly packumentCache full:https://registry.npmjs.org/map-obj cache-miss
82 silly fetch manifest snake-case@^3.0.4
83 silly packumentCache full:https://registry.npmjs.org/snake-case cache-miss
84 silly fetch manifest type-fest@^2.5.2
85 silly packumentCache full:https://registry.npmjs.org/type-fest cache-miss
86 http cache https://registry.npmjs.org/snake-case 6ms (cache hit)
87 silly packumentCache full:https://registry.npmjs.org/snake-case set size:35240 disposed:false
88 http cache https://registry.npmjs.org/map-obj 7ms (cache hit)
89 silly packumentCache full:https://registry.npmjs.org/map-obj set size:32594 disposed:false
90 http cache https://registry.npmjs.org/type-fest 8ms (cache hit)
91 silly packumentCache full:https://registry.npmjs.org/type-fest set size:524071 disposed:false
92 silly placeDep node_modules/@clerk/clerk-react @clerk/types@4.0.0-beta.21 OK for: @clerk/clerk-react@5.0.0-beta.31 want: 4.0.0-beta.21
93 silly placeDep ROOT eslint-config-custom@0.0.0 OK for: @clerk/clerk-react@5.0.0-beta.31 want: *
94 silly placeDep node_modules/@clerk/clerk-react tslib@2.4.1 OK for: @clerk/clerk-react@5.0.0-beta.31 want: 2.4.1
95 silly fetch manifest eslint-config-next@^12.0.8
96 silly packumentCache full:https://registry.npmjs.org/eslint-config-next cache-miss
97 silly fetch manifest eslint-config-prettier@^8.3.0
98 silly packumentCache full:https://registry.npmjs.org/eslint-config-prettier cache-miss
99 silly fetch manifest eslint-plugin-react@7.28.0
100 silly packumentCache full:https://registry.npmjs.org/eslint-plugin-react cache-miss
101 http fetch GET 200 https://registry.npmjs.org/eslint-config-prettier 59ms (cache miss)
102 silly packumentCache full:https://registry.npmjs.org/eslint-config-prettier set size:undefined disposed:false
103 http fetch GET 200 https://registry.npmjs.org/eslint-config-next 105ms (cache updated)
104 silly packumentCache full:https://registry.npmjs.org/eslint-config-next set size:undefined disposed:false
105 http fetch GET 200 https://registry.npmjs.org/eslint-plugin-react 144ms (cache updated)
106 silly packumentCache full:https://registry.npmjs.org/eslint-plugin-react set size:undefined disposed:false
107 silly placeDep ROOT glob-to-regexp@0.4.1 OK for: @clerk/shared@2.0.0-beta.19 want: 0.4.1
108 silly placeDep ROOT js-cookie@3.0.1 OK for: @clerk/shared@2.0.0-beta.19 want: 3.0.1
109 silly placeDep ROOT std-env@3.9.0 OK for: @clerk/shared@2.0.0-beta.19 want: ^3.7.0
110 silly placeDep ROOT swr@2.2.0 OK for: @clerk/shared@2.0.0-beta.19 want: 2.2.0
111 silly fetch manifest use-sync-external-store@^1.2.0
112 silly packumentCache full:https://registry.npmjs.org/use-sync-external-store cache-miss
113 http cache https://registry.npmjs.org/use-sync-external-store 9ms (cache hit)
114 silly packumentCache full:https://registry.npmjs.org/use-sync-external-store set size:3591841 disposed:false
115 silly placeDep node_modules/eslint-config-custom eslint-config-next@12.3.7 OK for: eslint-config-custom@0.0.0 want: ^12.0.8
116 silly placeDep ROOT eslint-config-prettier@8.10.0 OK for: eslint-config-custom@0.0.0 want: ^8.3.0
117 silly placeDep node_modules/eslint-config-custom eslint-plugin-react@7.28.0 OK for: eslint-config-custom@0.0.0 want: 7.28.0
118 silly fetch manifest @next/eslint-plugin-next@12.3.7
119 silly packumentCache full:https://registry.npmjs.org/@next%2feslint-plugin-next cache-miss
120 silly fetch manifest @typescript-eslint/parser@^5.21.0
121 silly packumentCache full:https://registry.npmjs.org/@typescript-eslint%2fparser cache-miss
122 silly fetch manifest eslint-plugin-react-hooks@^4.5.0
123 silly packumentCache full:https://registry.npmjs.org/eslint-plugin-react-hooks cache-miss
124 silly fetch manifest eslint-import-resolver-typescript@^2.7.1
125 silly packumentCache full:https://registry.npmjs.org/eslint-import-resolver-typescript cache-miss
126 silly fetch manifest semver@^6.3.0
127 silly packumentCache full:https://registry.npmjs.org/semver cache-miss
128 silly fetch manifest resolve@^2.0.0-next.3
129 silly packumentCache full:https://registry.npmjs.org/resolve cache-miss
130 silly fetch manifest doctrine@^2.1.0
131 silly packumentCache full:https://registry.npmjs.org/doctrine cache-miss
132 silly fetch manifest object.hasown@^1.1.0
133 silly packumentCache full:https://registry.npmjs.org/object.hasown cache-miss
134 http fetch GET 200 https://registry.npmjs.org/object.hasown 35ms (cache miss)
135 silly packumentCache full:https://registry.npmjs.org/object.hasown set size:undefined disposed:false
136 http fetch GET 200 https://registry.npmjs.org/eslint-import-resolver-typescript 56ms (cache updated)
137 silly packumentCache full:https://registry.npmjs.org/eslint-import-resolver-typescript set size:undefined disposed:false
138 http fetch GET 200 https://registry.npmjs.org/semver 114ms (cache updated)
139 silly packumentCache full:https://registry.npmjs.org/semver set size:undefined disposed:false
140 http fetch GET 200 https://registry.npmjs.org/resolve 118ms (cache updated)
141 silly packumentCache full:https://registry.npmjs.org/resolve set size:undefined disposed:false
142 http fetch GET 200 https://registry.npmjs.org/doctrine 141ms (cache updated)
143 silly packumentCache full:https://registry.npmjs.org/doctrine set size:undefined disposed:false
144 http fetch GET 200 https://registry.npmjs.org/eslint-plugin-react-hooks 270ms (cache updated)
145 silly packumentCache full:https://registry.npmjs.org/eslint-plugin-react-hooks set size:undefined disposed:false
146 http fetch GET 200 https://registry.npmjs.org/@typescript-eslint%2fparser 330ms (cache updated)
147 silly packumentCache full:https://registry.npmjs.org/@typescript-eslint%2fparser set size:undefined disposed:false
148 http fetch GET 200 https://registry.npmjs.org/@next%2feslint-plugin-next 521ms (cache updated)
149 silly packumentCache full:https://registry.npmjs.org/@next%2feslint-plugin-next set size:undefined disposed:false
150 silly placeDep ROOT map-obj@4.3.0 OK for: snakecase-keys@5.4.4 want: ^4.1.0
151 silly placeDep ROOT snake-case@3.0.4 OK for: snakecase-keys@5.4.4 want: ^3.0.4
152 silly placeDep node_modules/snakecase-keys type-fest@2.19.0 OK for: snakecase-keys@5.4.4 want: ^2.5.2
153 silly fetch manifest dot-case@^3.0.4
154 silly packumentCache full:https://registry.npmjs.org/dot-case cache-miss
155 http cache https://registry.npmjs.org/dot-case 7ms (cache hit)
156 silly packumentCache full:https://registry.npmjs.org/dot-case set size:36351 disposed:false
157 silly placeDep ROOT dot-case@3.0.4 OK for: snake-case@3.0.4 want: ^3.0.4
158 silly fetch manifest no-case@^3.0.4
159 silly packumentCache full:https://registry.npmjs.org/no-case cache-miss
160 http cache https://registry.npmjs.org/no-case 4ms (cache hit)
161 silly packumentCache full:https://registry.npmjs.org/no-case set size:31252 disposed:false
162 silly placeDep ROOT no-case@3.0.4 OK for: dot-case@3.0.4 want: ^3.0.4
163 silly fetch manifest lower-case@^2.0.2
164 silly packumentCache full:https://registry.npmjs.org/lower-case cache-miss
165 http cache https://registry.npmjs.org/lower-case 3ms (cache hit)
166 silly packumentCache full:https://registry.npmjs.org/lower-case set size:27690 disposed:false
167 silly placeDep ROOT lower-case@2.0.2 OK for: no-case@3.0.4 want: ^2.0.2
168 silly placeDep ROOT use-sync-external-store@1.5.0 OK for: swr@2.2.0 want: ^1.2.0
169 silly fetch manifest eslint-plugin-react@^7.31.7
170 silly packumentCache full:https://registry.npmjs.org/eslint-plugin-react cache-miss
171 http cache https://registry.npmjs.org/eslint-plugin-react 4ms (cache hit)
172 silly packumentCache full:https://registry.npmjs.org/eslint-plugin-react set size:646827 disposed:false
173 silly placeDep node_modules/eslint-config-custom @next/eslint-plugin-next@12.3.7 OK for: eslint-config-next@12.3.7 want: 12.3.7
174 silly placeDep node_modules/eslint-config-custom @typescript-eslint/parser@5.62.0 OK for: eslint-config-next@12.3.7 want: ^5.21.0
175 silly placeDep node_modules/eslint-config-custom eslint-import-resolver-typescript@2.7.1 OK for: eslint-config-next@12.3.7 want: ^2.7.1
176 silly placeDep node_modules/eslint-config-custom/node_modules/eslint-config-next eslint-plugin-react@7.37.5 OK for: eslint-config-next@12.3.7 want: ^7.31.7
177 silly placeDep node_modules/eslint-config-custom eslint-plugin-react-hooks@4.6.2 OK for: eslint-config-next@12.3.7 want: ^4.5.0
178 silly fetch manifest @typescript-eslint/types@5.62.0
179 silly packumentCache full:https://registry.npmjs.org/@typescript-eslint%2ftypes cache-miss
180 silly fetch manifest @typescript-eslint/scope-manager@5.62.0
181 silly packumentCache full:https://registry.npmjs.org/@typescript-eslint%2fscope-manager cache-miss
182 silly fetch manifest @typescript-eslint/typescript-estree@5.62.0
183 silly packumentCache full:https://registry.npmjs.org/@typescript-eslint%2ftypescript-estree cache-miss
184 silly fetch manifest glob@^7.2.0
185 silly packumentCache full:https://registry.npmjs.org/glob cache-miss
186 silly fetch manifest resolve@^2.0.0-next.5
187 silly packumentCache full:https://registry.npmjs.org/resolve cache-miss
188 silly fetch manifest semver@^6.3.1
189 silly packumentCache full:https://registry.npmjs.org/semver cache-miss
190 http cache https://registry.npmjs.org/semver 15ms (cache hit)
191 silly packumentCache full:https://registry.npmjs.org/semver set size:221568 disposed:false
192 http cache https://registry.npmjs.org/resolve 18ms (cache hit)
193 silly packumentCache full:https://registry.npmjs.org/resolve set size:243806 disposed:false
194 http fetch GET 200 https://registry.npmjs.org/glob 59ms (cache updated)
195 silly packumentCache full:https://registry.npmjs.org/glob set size:undefined disposed:false
196 http fetch GET 200 https://registry.npmjs.org/@typescript-eslint%2ftypes 231ms (cache updated)
197 silly packumentCache full:https://registry.npmjs.org/@typescript-eslint%2ftypes set size:undefined disposed:false
198 http fetch GET 200 https://registry.npmjs.org/@typescript-eslint%2fscope-manager 305ms (cache updated)
199 silly packumentCache full:https://registry.npmjs.org/@typescript-eslint%2fscope-manager set size:undefined disposed:false
200 http fetch GET 200 https://registry.npmjs.org/@typescript-eslint%2ftypescript-estree 383ms (cache updated)
201 silly packumentCache full:https://registry.npmjs.org/@typescript-eslint%2ftypescript-estree set size:undefined disposed:false
202 silly placeDep node_modules/eslint-config-custom @typescript-eslint/scope-manager@5.62.0 OK for: @typescript-eslint/parser@5.62.0 want: 5.62.0
203 silly placeDep node_modules/eslint-config-custom @typescript-eslint/types@5.62.0 OK for: @typescript-eslint/parser@5.62.0 want: 5.62.0
204 silly placeDep node_modules/eslint-config-custom @typescript-eslint/typescript-estree@5.62.0 OK for: @typescript-eslint/parser@5.62.0 want: 5.62.0
205 silly fetch manifest @typescript-eslint/visitor-keys@5.62.0
206 silly packumentCache full:https://registry.npmjs.org/@typescript-eslint%2fvisitor-keys cache-miss
207 silly fetch manifest tsutils@^3.21.0
208 silly packumentCache full:https://registry.npmjs.org/tsutils cache-miss
209 silly fetch manifest @typescript-eslint/visitor-keys@5.62.0
210 silly packumentCache full:https://registry.npmjs.org/@typescript-eslint%2fvisitor-keys cache-miss
211 http fetch GET 200 https://registry.npmjs.org/tsutils 42ms (cache miss)
212 silly packumentCache full:https://registry.npmjs.org/tsutils set size:undefined disposed:false
213 http fetch GET 200 https://registry.npmjs.org/@typescript-eslint%2fvisitor-keys 154ms (cache updated)
214 silly packumentCache full:https://registry.npmjs.org/@typescript-eslint%2fvisitor-keys set size:undefined disposed:false
215 http fetch GET 200 https://registry.npmjs.org/@typescript-eslint%2fvisitor-keys 231ms (cache updated)
216 silly packumentCache full:https://registry.npmjs.org/@typescript-eslint%2fvisitor-keys set size:undefined disposed:false
217 silly placeDep node_modules/eslint-config-custom @typescript-eslint/visitor-keys@5.62.0 OK for: @typescript-eslint/scope-manager@5.62.0 want: 5.62.0
218 silly placeDep ROOT tsutils@3.21.0 OK for: @typescript-eslint/typescript-estree@5.62.0 want: ^3.21.0
219 silly fetch manifest tslib@^1.8.1
220 silly packumentCache full:https://registry.npmjs.org/tslib cache-miss
221 http cache https://registry.npmjs.org/tslib 13ms (cache hit)
222 silly packumentCache full:https://registry.npmjs.org/tslib set size:108872 disposed:false
223 silly placeDep node_modules/tsutils tslib@1.14.1 OK for: tsutils@3.21.0 want: ^1.8.1
224 silly placeDep node_modules/eslint-config-custom/node_modules/eslint-import-resolver-typescript glob@7.2.3 OK for: eslint-import-resolver-typescript@2.7.1 want: ^7.2.0
225 silly placeDep node_modules/eslint-config-custom doctrine@2.1.0 OK for: eslint-plugin-react@7.28.0 want: ^2.1.0
226 silly placeDep ROOT object.hasown@1.1.4 OK for: eslint-plugin-react@7.28.0 want: ^1.1.0
227 silly placeDep node_modules/eslint-config-custom/node_modules/eslint-plugin-react resolve@2.0.0-next.5 OK for: eslint-plugin-react@7.28.0 want: ^2.0.0-next.3
228 silly placeDep node_modules/eslint-config-custom/node_modules/eslint-plugin-react semver@6.3.1 OK for: eslint-plugin-react@7.28.0 want: ^6.3.0
229 silly placeDep node_modules/eslint-config-custom/node_modules/eslint-config-next resolve@2.0.0-next.5 OK for: eslint-plugin-react@7.37.5 want: ^2.0.0-next.5
230 silly placeDep node_modules/eslint-config-custom/node_modules/eslint-config-next semver@6.3.1 OK for: eslint-plugin-react@7.37.5 want: ^6.3.1
231 silly reify mark retired [ 'C:\\Users\\akito\\git\\calculator\\node_modules\\@clerk\\backend' ]
232 silly reify mark retired [
232 silly reify   'C:\\Users\\akito\\git\\calculator\\node_modules\\@clerk\\clerk-react'
232 silly reify ]
233 silly reify mark retired [ 'C:\\Users\\akito\\git\\calculator\\node_modules\\@clerk\\nextjs' ]
234 silly reify mark retired [ 'C:\\Users\\akito\\git\\calculator\\node_modules\\@clerk\\shared' ]
235 silly reify mark retired [ 'C:\\Users\\akito\\git\\calculator\\node_modules\\dequal' ]
236 silly reify mark retired [ 'C:\\Users\\akito\\git\\calculator\\node_modules\\js-cookie' ]
237 silly reify mark retired [ 'C:\\Users\\akito\\git\\calculator\\node_modules\\server-only' ]
238 silly reify mark retired [ 'C:\\Users\\akito\\git\\calculator\\node_modules\\snakecase-keys' ]
239 silly reify mark retired [ 'C:\\Users\\akito\\git\\calculator\\node_modules\\swr' ]
240 silly reify moves {
240 silly reify   'C:\\Users\\akito\\git\\calculator\\node_modules\\@clerk\\backend': 'C:\\Users\\akito\\git\\calculator\\node_modules\\@clerk\\.backend-TZiQMONc',
240 silly reify   'C:\\Users\\akito\\git\\calculator\\node_modules\\@clerk\\clerk-react': 'C:\\Users\\akito\\git\\calculator\\node_modules\\@clerk\\.clerk-react-mqIhXGUU',
240 silly reify   'C:\\Users\\akito\\git\\calculator\\node_modules\\@clerk\\nextjs': 'C:\\Users\\akito\\git\\calculator\\node_modules\\@clerk\\.nextjs-kXF9atIa',
240 silly reify   'C:\\Users\\akito\\git\\calculator\\node_modules\\@clerk\\shared': 'C:\\Users\\akito\\git\\calculator\\node_modules\\@clerk\\.shared-Ox719iYy',
240 silly reify   'C:\\Users\\akito\\git\\calculator\\node_modules\\dequal': 'C:\\Users\\akito\\git\\calculator\\node_modules\\.dequal-ugBDJQgr',
240 silly reify   'C:\\Users\\akito\\git\\calculator\\node_modules\\js-cookie': 'C:\\Users\\akito\\git\\calculator\\node_modules\\.js-cookie-2y7WTvuJ',
240 silly reify   'C:\\Users\\akito\\git\\calculator\\node_modules\\server-only': 'C:\\Users\\akito\\git\\calculator\\node_modules\\.server-only-NqEarm3i',
240 silly reify   'C:\\Users\\akito\\git\\calculator\\node_modules\\snakecase-keys': 'C:\\Users\\akito\\git\\calculator\\node_modules\\.snakecase-keys-3FqQPkih',
240 silly reify   'C:\\Users\\akito\\git\\calculator\\node_modules\\swr': 'C:\\Users\\akito\\git\\calculator\\node_modules\\.swr-bd4UdGuS'
240 silly reify }
241 silly audit bulk request {
241 silly audit   '@alloc/quick-lru': [ '5.2.0' ],
241 silly audit   '@babel/runtime': [ '7.27.1' ],
241 silly audit   '@clerk/types': [ '3.65.5', '4.0.0-beta.21' ],
241 silly audit   csstype: [ '3.1.1' ],
241 silly audit   '@clerk/localizations': [ '1.22.0' ],
241 silly audit   '@emnapi/core': [ '1.4.3' ],
241 silly audit   '@emnapi/runtime': [ '1.4.3' ],
241 silly audit   '@emnapi/wasi-threads': [ '1.0.2' ],
241 silly audit   '@eslint-community/eslint-utils': [ '4.6.1' ],
241 silly audit   '@eslint-community/regexpp': [ '4.12.1' ],
241 silly audit   '@eslint/eslintrc': [ '2.1.4' ],
241 silly audit   '@eslint/js': [ '8.57.1' ],
241 silly audit   '@humanwhocodes/config-array': [ '0.11.14' ],
241 silly audit   '@humanwhocodes/module-importer': [ '1.0.1' ],
241 silly audit   '@humanwhocodes/object-schema': [ '2.0.3' ],
241 silly audit   '@isaacs/cliui': [ '8.0.2' ],
241 silly audit   'ansi-regex': [ '6.1.0', '5.0.1' ],
241 silly audit   'strip-ansi': [ '7.1.0', '6.0.1' ],
241 silly audit   '@isaacs/fs-minipass': [ '4.0.1' ],
241 silly audit   '@jridgewell/gen-mapping': [ '0.3.8' ],
241 silly audit   '@jridgewell/resolve-uri': [ '3.1.2' ],
241 silly audit   '@jridgewell/set-array': [ '1.2.1' ],
241 silly audit   '@jridgewell/sourcemap-codec': [ '1.5.0' ],
241 silly audit   '@jridgewell/trace-mapping': [ '0.3.25' ],
241 silly audit   '@kurkle/color': [ '0.3.4' ],
241 silly audit   '@napi-rs/wasm-runtime': [ '0.2.9' ],
241 silly audit   '@next/env': [ '14.2.28' ],
241 silly audit   '@next/eslint-plugin-next': [ '13.4.19', '12.3.7' ],
241 silly audit   '@next/swc-darwin-arm64': [ '14.2.28' ],
241 silly audit   '@next/swc-darwin-x64': [ '14.2.28' ],
241 silly audit   '@next/swc-linux-arm64-gnu': [ '14.2.28' ],
241 silly audit   '@next/swc-linux-arm64-musl': [ '14.2.28' ],
241 silly audit   '@next/swc-linux-x64-gnu': [ '14.2.28' ],
241 silly audit   '@next/swc-linux-x64-musl': [ '14.2.28' ],
241 silly audit   '@next/swc-win32-arm64-msvc': [ '14.2.28' ],
241 silly audit   '@next/swc-win32-ia32-msvc': [ '14.2.28' ],
241 silly audit   '@next/swc-win32-x64-msvc': [ '14.2.28' ],
241 silly audit   '@nodelib/fs.scandir': [ '2.1.5' ],
241 silly audit   '@nodelib/fs.stat': [ '2.0.5' ],
241 silly audit   '@nodelib/fs.walk': [ '1.2.8' ],
241 silly audit   '@nolyfill/is-core-module': [ '1.0.39' ],
241 silly audit   '@pkgjs/parseargs': [ '0.11.0' ],
241 silly audit   '@rtsao/scc': [ '1.1.0' ],
241 silly audit   '@rushstack/eslint-patch': [ '1.11.0' ],
241 silly audit   '@supabase/auth-helpers-nextjs': [ '0.7.4' ],
241 silly audit   '@supabase/auth-helpers-shared': [ '0.4.1' ],
241 silly audit   '@supabase/functions-js': [ '2.4.4' ],
241 silly audit   '@supabase/gotrue-js': [ '2.69.1' ],
241 silly audit   '@supabase/node-fetch': [ '2.6.15' ],
241 silly audit   '@supabase/postgrest-js': [ '1.19.4' ],
241 silly audit   '@supabase/realtime-js': [ '2.11.7' ],
241 silly audit   '@supabase/ssr': [ '0.6.1' ],
241 silly audit   '@supabase/storage-js': [ '2.7.2' ],
241 silly audit   '@supabase/supabase-js': [ '2.32.0' ],
241 silly audit   '@swc/counter': [ '0.1.3' ],
241 silly audit   '@swc/helpers': [ '0.5.5' ],
241 silly audit   '@tybys/wasm-util': [ '0.9.0' ],
241 silly audit   '@types/chart.js': [ '2.9.37' ],
241 silly audit   '@types/json5': [ '0.0.29' ],
241 silly audit   '@types/node': [ '20.5.0' ],
241 silly audit   '@types/phoenix': [ '1.6.6' ],
241 silly audit   '@types/prop-types': [ '15.7.14' ],
241 silly audit   '@types/react': [ '18.2.20' ],
241 silly audit   '@types/react-dom': [ '18.2.7' ],
241 silly audit   '@types/scheduler': [ '0.26.0' ],
241 silly audit   '@types/ws': [ '8.18.1' ],
241 silly audit   '@typescript-eslint/parser': [ '6.21.0', '5.62.0' ],
241 silly audit   '@typescript-eslint/scope-manager': [ '6.21.0', '5.62.0' ],
241 silly audit   '@typescript-eslint/types': [ '6.21.0', '5.62.0' ],
241 silly audit   '@typescript-eslint/typescript-estree': [ '6.21.0', '5.62.0' ],
241 silly audit   'brace-expansion': [ '2.0.1', '1.1.11' ],
241 silly audit   minimatch: [ '9.0.3', '3.1.2', '9.0.5' ],
241 silly audit   '@typescript-eslint/visitor-keys': [ '6.21.0', '5.62.0' ],
241 silly audit   '@unrs/resolver-binding-darwin-arm64': [ '1.7.2' ],
241 silly audit   '@unrs/resolver-binding-darwin-x64': [ '1.7.2' ],
241 silly audit   '@unrs/resolver-binding-freebsd-x64': [ '1.7.2' ],
241 silly audit   '@unrs/resolver-binding-linux-arm-gnueabihf': [ '1.7.2' ],
241 silly audit   '@unrs/resolver-binding-linux-arm-musleabihf': [ '1.7.2' ],
241 silly audit   '@unrs/resolver-binding-linux-arm64-gnu': [ '1.7.2' ],
241 silly audit   '@unrs/resolver-binding-linux-arm64-musl': [ '1.7.2' ],
241 silly audit   '@unrs/resolver-binding-linux-ppc64-gnu': [ '1.7.2' ],
241 silly audit   '@unrs/resolver-binding-linux-riscv64-gnu': [ '1.7.2' ],
241 silly audit   '@unrs/resolver-binding-linux-riscv64-musl': [ '1.7.2' ],
241 silly audit   '@unrs/resolver-binding-linux-s390x-gnu': [ '1.7.2' ],
241 silly audit   '@unrs/resolver-binding-linux-x64-gnu': [ '1.7.2' ],
241 silly audit   '@unrs/resolver-binding-linux-x64-musl': [ '1.7.2' ],
241 silly audit   '@unrs/resolver-binding-wasm32-wasi': [ '1.7.2' ],
241 silly audit   '@unrs/resolver-binding-win32-arm64-msvc': [ '1.7.2' ],
241 silly audit   '@unrs/resolver-binding-win32-ia32-msvc': [ '1.7.2' ],
241 silly audit   '@unrs/resolver-binding-win32-x64-msvc': [ '1.7.2' ],
241 silly audit   acorn: [ '8.14.1' ],
241 silly audit   'acorn-jsx': [ '5.3.2' ],
241 silly audit   'agent-base': [ '7.1.3' ],
241 silly audit   ajv: [ '6.12.6' ],
241 silly audit   'ansi-styles': [ '4.3.0', '6.2.1' ],
241 silly audit   'any-promise': [ '1.3.0' ],
241 silly audit   anymatch: [ '3.1.3' ],
241 silly audit   arg: [ '5.0.2' ],
241 silly audit   argparse: [ '2.0.1' ],
241 silly audit   'aria-query': [ '5.3.2' ],
241 silly audit   'array-buffer-byte-length': [ '1.0.2' ],
241 silly audit   'array-includes': [ '3.1.8' ],
241 silly audit   'array-union': [ '2.1.0' ],
241 silly audit   'array.prototype.findlast': [ '1.2.5' ],
241 silly audit   'array.prototype.findlastindex': [ '1.2.6' ],
241 silly audit   'array.prototype.flat': [ '1.3.3' ],
241 silly audit   'array.prototype.flatmap': [ '1.3.3' ],
241 silly audit   'array.prototype.tosorted': [ '1.1.4' ],
241 silly audit   'arraybuffer.prototype.slice': [ '1.0.4' ],
241 silly audit   'ast-types-flow': [ '0.0.8' ],
241 silly audit   'async-function': [ '1.0.0' ],
241 silly audit   autoprefixer: [ '10.4.15' ],
241 silly audit   'available-typed-arrays': [ '1.0.7' ],
241 silly audit   'axe-core': [ '4.10.3' ],
241 silly audit   'axobject-query': [ '4.1.0' ],
241 silly audit   'balanced-match': [ '1.0.2' ],
241 silly audit   'bin-links': [ '5.0.0' ],
241 silly audit   'binary-extensions': [ '2.3.0' ],
241 silly audit   braces: [ '3.0.3' ],
241 silly audit   browserslist: [ '4.24.4' ],
241 silly audit   busboy: [ '1.6.0' ],
241 silly audit   'call-bind': [ '1.0.8' ],
241 silly audit   'call-bind-apply-helpers': [ '1.0.2' ],
241 silly audit   'call-bound': [ '1.0.4' ],
241 silly audit   callsites: [ '3.1.0' ],
241 silly audit   'camelcase-css': [ '2.0.1' ],
241 silly audit   'caniuse-lite': [ '1.0.30001716' ],
241 silly audit   chalk: [ '4.1.2' ],
241 silly audit   'chart.js': [ '4.4.0' ],
241 silly audit   chokidar: [ '3.6.0' ],
241 silly audit   'glob-parent': [ '5.1.2', '6.0.2' ],
241 silly audit   chownr: [ '3.0.0' ],
241 silly audit   'client-only': [ '0.0.1' ],
241 silly audit   'cmd-shim': [ '7.0.0' ],
241 silly audit   'color-convert': [ '2.0.1' ],
241 silly audit   'color-name': [ '1.1.4' ],
241 silly audit   commander: [ '4.1.1' ],
241 silly audit   'concat-map': [ '0.0.1' ],
241 silly audit   cookie: [ '1.0.2', '0.5.0' ],
241 silly audit   'cross-fetch': [ '3.2.0' ],
241 silly audit   'cross-spawn': [ '7.0.6' ],
241 silly audit   cssesc: [ '3.0.0' ],
241 silly audit   'damerau-levenshtein': [ '1.0.8' ],
241 silly audit   'data-uri-to-buffer': [ '4.0.1' ],
241 silly audit   'data-view-buffer': [ '1.0.2' ],
241 silly audit   'data-view-byte-length': [ '1.0.2' ],
241 silly audit   'data-view-byte-offset': [ '1.0.1' ],
241 silly audit   'date-fns': [ '2.30.0' ],
241 silly audit   debug: [ '4.4.0', '3.2.7' ],
241 silly audit   'deep-is': [ '0.1.4' ],
241 silly audit   'define-data-property': [ '1.1.4' ],
241 silly audit   'define-properties': [ '1.2.1' ],
241 silly audit   didyoumean: [ '1.2.2' ],
241 silly audit   'dir-glob': [ '3.0.1' ],
241 silly audit   dlv: [ '1.1.3' ],
241 silly audit   doctrine: [ '3.0.0', '2.1.0' ],
241 silly audit   'dunder-proto': [ '1.0.1' ],
241 silly audit   eastasianwidth: [ '0.2.0' ],
241 silly audit   'electron-to-chromium': [ '1.5.148' ],
241 silly audit   'emoji-regex': [ '9.2.2', '8.0.0' ],
241 silly audit   'es-abstract': [ '1.23.9' ],
241 silly audit   'es-define-property': [ '1.0.1' ],
241 silly audit   'es-errors': [ '1.3.0' ],
241 silly audit   'es-iterator-helpers': [ '1.2.1' ],
241 silly audit   'es-object-atoms': [ '1.1.1' ],
241 silly audit   'es-set-tostringtag': [ '2.1.0' ],
241 silly audit   'es-shim-unscopables': [ '1.1.0' ],
241 silly audit   'es-to-primitive': [ '1.3.0' ],
241 silly audit   escalade: [ '3.2.0' ],
241 silly audit   'escape-string-regexp': [ '4.0.0' ],
241 silly audit   eslint: [ '8.47.0' ],
241 silly audit   'eslint-config-next': [ '13.4.19', '12.3.7' ],
241 silly audit   'eslint-import-resolver-node': [ '0.3.9' ],
241 silly audit   'eslint-import-resolver-typescript': [ '3.10.1', '2.7.1' ],
241 silly audit   'eslint-module-utils': [ '2.12.0' ],
241 silly audit   'eslint-plugin-import': [ '2.31.0' ],
241 silly audit   semver: [ '6.3.1', '7.7.1' ],
241 silly audit   'eslint-plugin-jsx-a11y': [ '6.10.2' ],
241 silly audit   'eslint-plugin-react': [ '7.37.5', '7.28.0' ],
241 silly audit   'eslint-plugin-react-hooks': [ '5.0.0-canary-7118f5dd7-20230705', '4.6.2' ],
241 silly audit   resolve: [ '2.0.0-next.5', '1.22.10' ],
241 silly audit   'eslint-scope': [ '7.2.2' ],
241 silly audit   'eslint-visitor-keys': [ '3.4.3' ],
241 silly audit   espree: [ '9.6.1' ],
241 silly audit   esquery: [ '1.6.0' ],
241 silly audit   esrecurse: [ '4.3.0' ],
241 silly audit   estraverse: [ '5.3.0' ],
241 silly audit   esutils: [ '2.0.3' ],
241 silly audit   'fast-deep-equal': [ '3.1.3' ],
241 silly audit   'fast-glob': [ '3.3.3' ],
241 silly audit   'fast-json-stable-stringify': [ '2.1.0' ],
241 silly audit   'fast-levenshtein': [ '2.0.6' ],
241 silly audit   fastq: [ '1.19.1' ],
241 silly audit   fdir: [ '6.4.4' ],
241 silly audit   'fetch-blob': [ '3.2.0' ],
241 silly audit   'file-entry-cache': [ '6.0.1' ],
241 silly audit   'fill-range': [ '7.1.1' ],
241 silly audit   'find-up': [ '5.0.0' ],
241 silly audit   'flat-cache': [ '3.2.0' ],
241 silly audit   flatted: [ '3.3.3' ],
241 silly audit   'for-each': [ '0.3.5' ],
241 silly audit   'foreground-child': [ '3.3.1' ],
241 silly audit   'formdata-polyfill': [ '4.0.10' ],
241 silly audit   'fraction.js': [ '4.3.7' ],
241 silly audit   'fs.realpath': [ '1.0.0' ],
241 silly audit   fsevents: [ '2.3.3' ],
241 silly audit   'function-bind': [ '1.1.2' ],
241 silly audit   'function.prototype.name': [ '1.1.8' ],
241 silly audit   'functions-have-names': [ '1.2.3' ],
241 silly audit   'get-intrinsic': [ '1.3.0' ],
241 silly audit   'get-proto': [ '1.0.1' ],
241 silly audit   'get-symbol-description': [ '1.1.0' ],
241 silly audit   'get-tsconfig': [ '4.10.0' ],
241 silly audit   glob: [ '7.1.7', '10.4.5', '7.2.3' ],
241 silly audit   globals: [ '13.24.0' ],
241 silly audit   globalthis: [ '1.0.4' ],
241 silly audit   globby: [ '11.1.0' ],
241 silly audit   gopd: [ '1.2.0' ],
241 silly audit   'graceful-fs': [ '4.2.11' ],
241 silly audit   graphemer: [ '1.4.0' ],
241 silly audit   'has-bigints': [ '1.1.0' ],
241 silly audit   'has-flag': [ '4.0.0' ],
241 silly audit   'has-property-descriptors': [ '1.0.2' ],
241 silly audit   'has-proto': [ '1.2.0' ],
241 silly audit   'has-symbols': [ '1.1.0' ],
241 silly audit   'has-tostringtag': [ '1.0.2' ],
241 silly audit   hasown: [ '2.0.2' ],
241 silly audit   'https-proxy-agent': [ '7.0.6' ],
241 silly audit   ignore: [ '5.3.2' ],
241 silly audit   'import-fresh': [ '3.3.1' ],
241 silly audit   imurmurhash: [ '0.1.4' ],
241 silly audit   inflight: [ '1.0.6' ],
241 silly audit   inherits: [ '2.0.4' ],
241 silly audit   'internal-slot': [ '1.1.0' ],
241 silly audit   'is-array-buffer': [ '3.0.5' ],
241 silly audit   'is-async-function': [ '2.1.1' ],
241 silly audit   'is-bigint': [ '1.1.0' ],
241 silly audit   'is-binary-path': [ '2.1.0' ],
241 silly audit   'is-boolean-object': [ '1.2.2' ],
241 silly audit   'is-bun-module': [ '2.0.0' ],
241 silly audit   'is-callable': [ '1.2.7' ],
241 silly audit   'is-core-module': [ '2.16.1' ],
241 silly audit   'is-data-view': [ '1.0.2' ],
241 silly audit   'is-date-object': [ '1.1.0' ],
241 silly audit   'is-extglob': [ '2.1.1' ],
241 silly audit   'is-finalizationregistry': [ '1.1.1' ],
241 silly audit   'is-fullwidth-code-point': [ '3.0.0' ],
241 silly audit   'is-generator-function': [ '1.1.0' ],
241 silly audit   'is-glob': [ '4.0.3' ],
241 silly audit   'is-map': [ '2.0.3' ],
241 silly audit   'is-number': [ '7.0.0' ],
241 silly audit   'is-number-object': [ '1.1.1' ],
241 silly audit   'is-path-inside': [ '3.0.3' ],
241 silly audit   'is-regex': [ '1.2.1' ],
241 silly audit   'is-set': [ '2.0.3' ],
241 silly audit   'is-shared-array-buffer': [ '1.0.4' ],
241 silly audit   'is-string': [ '1.1.1' ],
241 silly audit   'is-symbol': [ '1.1.1' ],
241 silly audit   'is-typed-array': [ '1.1.15' ],
241 silly audit   'is-weakmap': [ '2.0.2' ],
241 silly audit   'is-weakref': [ '1.1.1' ],
241 silly audit   'is-weakset': [ '2.0.4' ],
241 silly audit   isarray: [ '2.0.5' ],
241 silly audit   isexe: [ '2.0.0' ],
241 silly audit   'iterator.prototype': [ '1.1.5' ],
241 silly audit   jackspeak: [ '3.4.3' ],
241 silly audit   jiti: [ '1.21.7' ],
241 silly audit   jose: [ '4.15.9' ],
241 silly audit   'js-tokens': [ '4.0.0' ],
241 silly audit   'js-yaml': [ '4.1.0' ],
241 silly audit   'json-buffer': [ '3.0.1' ],
241 silly audit   'json-schema-traverse': [ '0.4.1' ],
241 silly audit   'json-stable-stringify-without-jsonify': [ '1.0.1' ],
241 silly audit   json5: [ '1.0.2' ],
241 silly audit   'jsx-ast-utils': [ '3.3.5' ],
241 silly audit   keyv: [ '4.5.4' ],
241 silly audit   'language-subtag-registry': [ '0.3.23' ],
241 silly audit   'language-tags': [ '1.0.9' ],
241 silly audit   levn: [ '0.4.1' ],
241 silly audit   lilconfig: [ '2.1.0', '3.1.3' ],
241 silly audit   'lines-and-columns': [ '1.2.4' ],
241 silly audit   'locate-path': [ '6.0.0' ],
241 silly audit   'lodash.merge': [ '4.6.2' ],
241 silly audit   'loose-envify': [ '1.4.0' ],
241 silly audit   'lru-cache': [ '10.4.3' ],
241 silly audit   'math-intrinsics': [ '1.1.0' ],
241 silly audit   merge2: [ '1.4.1' ],
241 silly audit   micromatch: [ '4.0.8' ],
241 silly audit   minimist: [ '1.2.8' ],
241 silly audit   minipass: [ '7.1.2' ],
241 silly audit   minizlib: [ '3.0.2' ],
241 silly audit   mkdirp: [ '3.0.1' ],
241 silly audit   moment: [ '2.30.1' ],
241 silly audit   ms: [ '2.1.3' ],
241 silly audit   mz: [ '2.7.0' ],
241 silly audit   nanoid: [ '3.3.11' ],
241 silly audit   'napi-postinstall': [ '0.2.3' ],
241 silly audit   'natural-compare': [ '1.4.0' ],
241 silly audit   next: [ '14.2.28' ],
241 silly audit   postcss: [ '8.4.31', '8.5.3' ],
241 silly audit   'node-domexception': [ '1.0.0' ],
241 silly audit   'node-fetch': [ '2.7.0', '3.3.2' ],
241 silly audit   'node-releases': [ '2.0.19' ],
241 silly audit   'normalize-path': [ '3.0.0' ],
241 silly audit   'normalize-range': [ '0.1.2' ],
241 silly audit   'npm-normalize-package-bin': [ '4.0.0' ],
241 silly audit   'object-assign': [ '4.1.1' ],
241 silly audit   'object-hash': [ '3.0.0' ],
241 silly audit   'object-inspect': [ '1.13.4' ],
241 silly audit   'object-keys': [ '1.1.1' ],
241 silly audit   'object.assign': [ '4.1.7' ],
241 silly audit   'object.entries': [ '1.1.9' ],
241 silly audit   'object.fromentries': [ '2.0.8' ],
241 silly audit   'object.groupby': [ '1.0.3' ],
241 silly audit   'object.values': [ '1.2.1' ],
241 silly audit   once: [ '1.4.0' ],
241 silly audit   optionator: [ '0.9.4' ],
241 silly audit   'own-keys': [ '1.0.1' ],
241 silly audit   'p-limit': [ '3.1.0' ],
241 silly audit   'p-locate': [ '5.0.0' ],
241 silly audit   'package-json-from-dist': [ '1.0.1' ],
241 silly audit   'parent-module': [ '1.0.1' ],
241 silly audit   'path-exists': [ '4.0.0' ],
241 silly audit   'path-is-absolute': [ '1.0.1' ],
241 silly audit   'path-key': [ '3.1.1' ],
241 silly audit   'path-parse': [ '1.0.7' ],
241 silly audit   'path-scurry': [ '1.11.1' ],
241 silly audit   'path-type': [ '4.0.0' ],
241 silly audit   picocolors: [ '1.1.1' ],
241 silly audit   picomatch: [ '2.3.1', '4.0.2' ],
241 silly audit   pify: [ '2.3.0' ],
241 silly audit   pirates: [ '4.0.7' ],
241 silly audit   'possible-typed-array-names': [ '1.1.0' ],
241 silly audit   'postcss-import': [ '15.1.0' ],
241 silly audit   'postcss-js': [ '4.0.1' ],
241 silly audit   'postcss-load-config': [ '4.0.2' ],
241 silly audit   'postcss-nested': [ '6.2.0' ],
241 silly audit   'postcss-selector-parser': [ '6.1.2' ],
241 silly audit   'postcss-value-parser': [ '4.2.0' ],
241 silly audit   'prelude-ls': [ '1.2.1' ],
241 silly audit   'proc-log': [ '5.0.0' ],
241 silly audit   'prop-types': [ '15.8.1' ],
241 silly audit   punycode: [ '2.3.1' ],
241 silly audit   'queue-microtask': [ '1.2.3' ],
241 silly audit   react: [ '18.2.0' ],
241 silly audit   'react-chartjs-2': [ '5.2.0' ],
241 silly audit   'react-dom': [ '18.2.0' ],
241 silly audit   'react-is': [ '16.13.1' ],
241 silly audit   'read-cache': [ '1.0.0' ],
241 silly audit   'read-cmd-shim': [ '5.0.0' ],
241 silly audit   readdirp: [ '3.6.0' ],
241 silly audit   'reflect.getprototypeof': [ '1.0.10' ],
241 silly audit   'regexp.prototype.flags': [ '1.5.4' ],
241 silly audit   'resolve-from': [ '4.0.0' ],
241 silly audit   'resolve-pkg-maps': [ '1.0.0' ],
241 silly audit   reusify: [ '1.1.0' ],
241 silly audit   rimraf: [ '3.0.2' ],
241 silly audit   'run-parallel': [ '1.2.0' ],
241 silly audit   'safe-array-concat': [ '1.1.3' ],
241 silly audit   'safe-push-apply': [ '1.0.0' ],
241 silly audit   'safe-regex-test': [ '1.1.0' ],
241 silly audit   scheduler: [ '0.23.2' ],
241 silly audit   'set-cookie-parser': [ '2.7.1' ],
241 silly audit   'set-function-length': [ '1.2.2' ],
241 silly audit   'set-function-name': [ '2.0.2' ],
241 silly audit   'set-proto': [ '1.0.0' ],
241 silly audit   'shebang-command': [ '2.0.0' ],
241 silly audit   'shebang-regex': [ '3.0.0' ],
241 silly audit   'side-channel': [ '1.1.0' ],
241 silly audit   'side-channel-list': [ '1.0.0' ],
241 silly audit   'side-channel-map': [ '1.0.1' ],
241 silly audit   'side-channel-weakmap': [ '1.0.2' ],
241 silly audit   'signal-exit': [ '4.1.0' ],
241 silly audit   slash: [ '3.0.0' ],
241 silly audit   'type-fest': [ '0.20.2', '2.19.0' ],
241 silly audit   'source-map-js': [ '1.2.1' ],
241 silly audit   'stable-hash': [ '0.0.5' ],
241 silly audit   streamsearch: [ '1.1.0' ],
241 silly audit   'string-width': [ '5.1.2', '4.2.3' ],
241 silly audit   'string.prototype.includes': [ '2.0.1' ],
241 silly audit   'string.prototype.matchall': [ '4.0.12' ],
241 silly audit   'string.prototype.repeat': [ '1.0.0' ],
241 silly audit   'string.prototype.trim': [ '1.2.10' ],
241 silly audit   'string.prototype.trimend': [ '1.0.9' ],
241 silly audit   'string.prototype.trimstart': [ '1.0.8' ],
241 silly audit   'strip-bom': [ '3.0.0' ],
241 silly audit   'strip-json-comments': [ '3.1.1' ],
241 silly audit   'styled-jsx': [ '5.1.1' ],
241 silly audit   sucrase: [ '3.35.0' ],
241 silly audit   supabase: [ '1.226.4' ],
241 silly audit   'supports-color': [ '7.2.0' ],
241 silly audit   'supports-preserve-symlinks-flag': [ '1.0.0' ],
241 silly audit   tailwindcss: [ '3.3.3' ],
241 silly audit   tar: [ '7.4.3' ],
241 silly audit   'text-table': [ '0.2.0' ],
241 silly audit   thenify: [ '3.3.1' ],
241 silly audit   'thenify-all': [ '1.6.0' ],
241 silly audit   tinyglobby: [ '0.2.13' ],
241 silly audit   'to-regex-range': [ '5.0.1' ],
241 silly audit   tr46: [ '0.0.3' ],
241 silly audit   'ts-api-utils': [ '1.4.3' ],
241 silly audit   'ts-interface-checker': [ '0.1.13' ],
241 silly audit   'tsconfig-paths': [ '3.15.0' ],
241 silly audit   tslib: [ '2.8.1', '2.4.1', '1.14.1' ],
241 silly audit   'type-check': [ '0.4.0' ],
241 silly audit   'typed-array-buffer': [ '1.0.3' ],
241 silly audit   'typed-array-byte-length': [ '1.0.3' ],
241 silly audit   'typed-array-byte-offset': [ '1.0.4' ],
241 silly audit   'typed-array-length': [ '1.0.7' ],
241 silly audit   typescript: [ '5.1.6' ],
241 silly audit   'unbox-primitive': [ '1.1.0' ],
241 silly audit   'unrs-resolver': [ '1.7.2' ],
241 silly audit   'update-browserslist-db': [ '1.1.3' ],
241 silly audit   'uri-js': [ '4.4.1' ],
241 silly audit   'util-deprecate': [ '1.0.2' ],
241 silly audit   'web-streams-polyfill': [ '3.3.3' ],
241 silly audit   'webidl-conversions': [ '3.0.1' ],
241 silly audit   'whatwg-url': [ '5.0.0' ],
241 silly audit   which: [ '2.0.2' ],
241 silly audit   'which-boxed-primitive': [ '1.1.1' ],
241 silly audit   'which-builtin-type': [ '1.2.1' ],
241 silly audit   'which-collection': [ '1.0.2' ],
241 silly audit   'which-typed-array': [ '1.1.19' ],
241 silly audit   'word-wrap': [ '1.2.5' ],
241 silly audit   'wrap-ansi': [ '8.1.0', '7.0.0' ],
241 silly audit   wrappy: [ '1.0.2' ],
241 silly audit   'write-file-atomic': [ '6.0.0' ],
241 silly audit   ws: [ '8.18.1' ],
241 silly audit   yallist: [ '5.0.0' ],
241 silly audit   yaml: [ '2.7.1' ],
241 silly audit   'yocto-queue': [ '0.1.0' ],
241 silly audit   '@clerk/nextjs': [ '5.0.0-beta.35' ],
241 silly audit   '@clerk/backend': [ '1.0.0-beta.29' ],
241 silly audit   '@clerk/clerk-react': [ '5.0.0-beta.31' ],
241 silly audit   '@clerk/shared': [ '2.0.0-beta.19' ],
241 silly audit   'path-to-regexp': [ '6.2.1' ],
241 silly audit   'snakecase-keys': [ '5.4.4' ],
241 silly audit   'eslint-config-custom': [ '0.0.0' ],
241 silly audit   'glob-to-regexp': [ '0.4.1' ],
241 silly audit   'js-cookie': [ '3.0.1' ],
241 silly audit   'std-env': [ '3.9.0' ],
241 silly audit   swr: [ '2.2.0' ],
241 silly audit   'eslint-config-prettier': [ '8.10.0' ],
241 silly audit   'map-obj': [ '4.3.0' ],
241 silly audit   'snake-case': [ '3.0.4' ],
241 silly audit   'dot-case': [ '3.0.4' ],
241 silly audit   'no-case': [ '3.0.4' ],
241 silly audit   'lower-case': [ '2.0.2' ],
241 silly audit   'use-sync-external-store': [ '1.5.0' ],
241 silly audit   tsutils: [ '3.21.0' ],
241 silly audit   'object.hasown': [ '1.1.4' ]
241 silly audit }
242 verbose reify failed optional dependency C:\Users\akito\git\calculator\node_modules\fsevents
243 silly reify mark deleted [ 'C:\\Users\\akito\\git\\calculator\\node_modules\\fsevents' ]
244 verbose reify failed optional dependency C:\Users\akito\git\calculator\node_modules\@unrs\resolver-binding-win32-ia32-msvc
245 silly reify mark deleted [
245 silly reify   'C:\\Users\\akito\\git\\calculator\\node_modules\\@unrs\\resolver-binding-win32-ia32-msvc'
245 silly reify ]
246 verbose reify failed optional dependency C:\Users\akito\git\calculator\node_modules\@unrs\resolver-binding-win32-arm64-msvc
247 silly reify mark deleted [
247 silly reify   'C:\\Users\\akito\\git\\calculator\\node_modules\\@unrs\\resolver-binding-win32-arm64-msvc'
247 silly reify ]
248 verbose reify failed optional dependency C:\Users\akito\git\calculator\node_modules\@unrs\resolver-binding-wasm32-wasi
249 silly reify mark deleted [
249 silly reify   'C:\\Users\\akito\\git\\calculator\\node_modules\\@unrs\\resolver-binding-wasm32-wasi'
249 silly reify ]
250 verbose reify failed optional dependency C:\Users\akito\git\calculator\node_modules\@napi-rs\wasm-runtime
251 silly reify mark deleted [
251 silly reify   'C:\\Users\\akito\\git\\calculator\\node_modules\\@napi-rs\\wasm-runtime'
251 silly reify ]
252 verbose reify failed optional dependency C:\Users\akito\git\calculator\node_modules\@emnapi\core
253 silly reify mark deleted [ 'C:\\Users\\akito\\git\\calculator\\node_modules\\@emnapi\\core' ]
254 verbose reify failed optional dependency C:\Users\akito\git\calculator\node_modules\@emnapi\runtime
255 silly reify mark deleted [ 'C:\\Users\\akito\\git\\calculator\\node_modules\\@emnapi\\runtime' ]
256 verbose reify failed optional dependency C:\Users\akito\git\calculator\node_modules\@tybys\wasm-util
257 silly reify mark deleted [
257 silly reify   'C:\\Users\\akito\\git\\calculator\\node_modules\\@tybys\\wasm-util'
257 silly reify ]
258 verbose reify failed optional dependency C:\Users\akito\git\calculator\node_modules\@emnapi\wasi-threads
259 silly reify mark deleted [
259 silly reify   'C:\\Users\\akito\\git\\calculator\\node_modules\\@emnapi\\wasi-threads'
259 silly reify ]
260 verbose reify failed optional dependency C:\Users\akito\git\calculator\node_modules\@unrs\resolver-binding-linux-x64-musl
261 silly reify mark deleted [
261 silly reify   'C:\\Users\\akito\\git\\calculator\\node_modules\\@unrs\\resolver-binding-linux-x64-musl'
261 silly reify ]
262 verbose reify failed optional dependency C:\Users\akito\git\calculator\node_modules\@unrs\resolver-binding-linux-x64-gnu
263 silly reify mark deleted [
263 silly reify   'C:\\Users\\akito\\git\\calculator\\node_modules\\@unrs\\resolver-binding-linux-x64-gnu'
263 silly reify ]
264 verbose reify failed optional dependency C:\Users\akito\git\calculator\node_modules\@unrs\resolver-binding-linux-s390x-gnu
265 silly reify mark deleted [
265 silly reify   'C:\\Users\\akito\\git\\calculator\\node_modules\\@unrs\\resolver-binding-linux-s390x-gnu'
265 silly reify ]
266 verbose reify failed optional dependency C:\Users\akito\git\calculator\node_modules\@unrs\resolver-binding-linux-riscv64-musl
267 silly reify mark deleted [
267 silly reify   'C:\\Users\\akito\\git\\calculator\\node_modules\\@unrs\\resolver-binding-linux-riscv64-musl'
267 silly reify ]
268 verbose reify failed optional dependency C:\Users\akito\git\calculator\node_modules\@unrs\resolver-binding-linux-riscv64-gnu
269 silly reify mark deleted [
269 silly reify   'C:\\Users\\akito\\git\\calculator\\node_modules\\@unrs\\resolver-binding-linux-riscv64-gnu'
269 silly reify ]
270 verbose reify failed optional dependency C:\Users\akito\git\calculator\node_modules\@unrs\resolver-binding-linux-ppc64-gnu
271 silly reify mark deleted [
271 silly reify   'C:\\Users\\akito\\git\\calculator\\node_modules\\@unrs\\resolver-binding-linux-ppc64-gnu'
271 silly reify ]
272 verbose reify failed optional dependency C:\Users\akito\git\calculator\node_modules\@unrs\resolver-binding-linux-arm64-musl
273 silly reify mark deleted [
273 silly reify   'C:\\Users\\akito\\git\\calculator\\node_modules\\@unrs\\resolver-binding-linux-arm64-musl'
273 silly reify ]
274 verbose reify failed optional dependency C:\Users\akito\git\calculator\node_modules\@unrs\resolver-binding-linux-arm64-gnu
275 silly reify mark deleted [
275 silly reify   'C:\\Users\\akito\\git\\calculator\\node_modules\\@unrs\\resolver-binding-linux-arm64-gnu'
275 silly reify ]
276 verbose reify failed optional dependency C:\Users\akito\git\calculator\node_modules\@unrs\resolver-binding-linux-arm-musleabihf
277 silly reify mark deleted [
277 silly reify   'C:\\Users\\akito\\git\\calculator\\node_modules\\@unrs\\resolver-binding-linux-arm-musleabihf'
277 silly reify ]
278 verbose reify failed optional dependency C:\Users\akito\git\calculator\node_modules\@unrs\resolver-binding-linux-arm-gnueabihf
279 silly reify mark deleted [
279 silly reify   'C:\\Users\\akito\\git\\calculator\\node_modules\\@unrs\\resolver-binding-linux-arm-gnueabihf'
279 silly reify ]
280 verbose reify failed optional dependency C:\Users\akito\git\calculator\node_modules\@unrs\resolver-binding-freebsd-x64
281 silly reify mark deleted [
281 silly reify   'C:\\Users\\akito\\git\\calculator\\node_modules\\@unrs\\resolver-binding-freebsd-x64'
281 silly reify ]
282 verbose reify failed optional dependency C:\Users\akito\git\calculator\node_modules\@unrs\resolver-binding-darwin-x64
283 silly reify mark deleted [
283 silly reify   'C:\\Users\\akito\\git\\calculator\\node_modules\\@unrs\\resolver-binding-darwin-x64'
283 silly reify ]
284 verbose reify failed optional dependency C:\Users\akito\git\calculator\node_modules\@unrs\resolver-binding-darwin-arm64
285 silly reify mark deleted [
285 silly reify   'C:\\Users\\akito\\git\\calculator\\node_modules\\@unrs\\resolver-binding-darwin-arm64'
285 silly reify ]
286 verbose reify failed optional dependency C:\Users\akito\git\calculator\node_modules\@next\swc-win32-ia32-msvc
287 silly reify mark deleted [
287 silly reify   'C:\\Users\\akito\\git\\calculator\\node_modules\\@next\\swc-win32-ia32-msvc'
287 silly reify ]
288 verbose reify failed optional dependency C:\Users\akito\git\calculator\node_modules\@next\swc-win32-arm64-msvc
289 silly reify mark deleted [
289 silly reify   'C:\\Users\\akito\\git\\calculator\\node_modules\\@next\\swc-win32-arm64-msvc'
289 silly reify ]
290 verbose reify failed optional dependency C:\Users\akito\git\calculator\node_modules\@next\swc-linux-x64-musl
291 silly reify mark deleted [
291 silly reify   'C:\\Users\\akito\\git\\calculator\\node_modules\\@next\\swc-linux-x64-musl'
291 silly reify ]
292 verbose reify failed optional dependency C:\Users\akito\git\calculator\node_modules\@next\swc-linux-x64-gnu
293 silly reify mark deleted [
293 silly reify   'C:\\Users\\akito\\git\\calculator\\node_modules\\@next\\swc-linux-x64-gnu'
293 silly reify ]
294 verbose reify failed optional dependency C:\Users\akito\git\calculator\node_modules\@next\swc-linux-arm64-musl
295 silly reify mark deleted [
295 silly reify   'C:\\Users\\akito\\git\\calculator\\node_modules\\@next\\swc-linux-arm64-musl'
295 silly reify ]
296 verbose reify failed optional dependency C:\Users\akito\git\calculator\node_modules\@next\swc-linux-arm64-gnu
297 silly reify mark deleted [
297 silly reify   'C:\\Users\\akito\\git\\calculator\\node_modules\\@next\\swc-linux-arm64-gnu'
297 silly reify ]
298 verbose reify failed optional dependency C:\Users\akito\git\calculator\node_modules\@next\swc-darwin-x64
299 silly reify mark deleted [
299 silly reify   'C:\\Users\\akito\\git\\calculator\\node_modules\\@next\\swc-darwin-x64'
299 silly reify ]
300 verbose reify failed optional dependency C:\Users\akito\git\calculator\node_modules\@next\swc-darwin-arm64
301 silly reify mark deleted [
301 silly reify   'C:\\Users\\akito\\git\\calculator\\node_modules\\@next\\swc-darwin-arm64'
301 silly reify ]
302 http cache @clerk/shared@https://registry.npmjs.org/@clerk/shared/-/shared-2.0.0-beta.19.tgz 0ms (cache hit)
303 http cache object.hasown@https://registry.npmjs.org/object.hasown/-/object.hasown-1.1.4.tgz 0ms (cache hit)
304 http cache @tybys/wasm-util@https://registry.npmjs.org/@tybys/wasm-util/-/wasm-util-0.9.0.tgz 0ms (cache hit)
305 http cache eslint-config-prettier@https://registry.npmjs.org/eslint-config-prettier/-/eslint-config-prettier-8.10.0.tgz 0ms (cache hit)
306 http cache tsutils@https://registry.npmjs.org/tsutils/-/tsutils-3.21.0.tgz 0ms (cache hit)
307 http cache path-to-regexp@https://registry.npmjs.org/path-to-regexp/-/path-to-regexp-6.2.1.tgz 0ms (cache hit)
308 http cache eslint-config-custom@https://registry.npmjs.org/eslint-config-custom/-/eslint-config-custom-0.0.0.tgz 0ms (cache hit)
309 http cache @emnapi/wasi-threads@https://registry.npmjs.org/@emnapi/wasi-threads/-/wasi-threads-1.0.2.tgz 0ms (cache hit)
310 http cache @napi-rs/wasm-runtime@https://registry.npmjs.org/@napi-rs/wasm-runtime/-/wasm-runtime-0.2.9.tgz 0ms (cache hit)
311 http cache snakecase-keys@https://registry.npmjs.org/snakecase-keys/-/snakecase-keys-5.4.4.tgz 0ms (cache hit)
312 http cache swr@https://registry.npmjs.org/swr/-/swr-2.2.0.tgz 0ms (cache hit)
313 http cache @emnapi/runtime@https://registry.npmjs.org/@emnapi/runtime/-/runtime-1.4.3.tgz 0ms (cache hit)
314 http cache @emnapi/core@https://registry.npmjs.org/@emnapi/core/-/core-1.4.3.tgz 0ms (cache hit)
315 http cache @clerk/clerk-react@https://registry.npmjs.org/@clerk/clerk-react/-/clerk-react-5.0.0-beta.31.tgz 0ms (cache hit)
316 http cache js-cookie@https://registry.npmjs.org/js-cookie/-/js-cookie-3.0.1.tgz 0ms (cache hit)
317 http cache @clerk/nextjs@https://registry.npmjs.org/@clerk/nextjs/-/nextjs-5.0.0-beta.35.tgz 0ms (cache hit)
318 http cache @clerk/backend@https://registry.npmjs.org/@clerk/backend/-/backend-1.0.0-beta.29.tgz 0ms (cache hit)
319 http cache doctrine@https://registry.npmjs.org/doctrine/-/doctrine-2.1.0.tgz 0ms (cache hit)
320 http cache @typescript-eslint/visitor-keys@https://registry.npmjs.org/@typescript-eslint/visitor-keys/-/visitor-keys-5.62.0.tgz 0ms (cache hit)
321 http cache tslib@https://registry.npmjs.org/tslib/-/tslib-1.14.1.tgz 0ms (cache hit)
322 http cache @typescript-eslint/scope-manager@https://registry.npmjs.org/@typescript-eslint/scope-manager/-/scope-manager-5.62.0.tgz 0ms (cache hit)
323 silly tarball no local data for @clerk/shared@https://registry.npmjs.org/@clerk/shared/-/shared-2.0.0-beta.19.tgz. Extracting by manifest.
324 http cache @typescript-eslint/types@https://registry.npmjs.org/@typescript-eslint/types/-/types-5.62.0.tgz 0ms (cache hit)
325 http cache @typescript-eslint/typescript-estree@https://registry.npmjs.org/@typescript-eslint/typescript-estree/-/typescript-estree-5.62.0.tgz 0ms (cache hit)
326 http cache glob@https://registry.npmjs.org/glob/-/glob-7.2.3.tgz 0ms (cache hit)
327 http cache @typescript-eslint/parser@https://registry.npmjs.org/@typescript-eslint/parser/-/parser-5.62.0.tgz 0ms (cache hit)
328 http cache eslint-plugin-react-hooks@https://registry.npmjs.org/eslint-plugin-react-hooks/-/eslint-plugin-react-hooks-4.6.2.tgz 0ms (cache hit)
329 http cache @next/eslint-plugin-next@https://registry.npmjs.org/@next/eslint-plugin-next/-/eslint-plugin-next-12.3.7.tgz 0ms (cache hit)
330 http cache eslint-plugin-react@https://registry.npmjs.org/eslint-plugin-react/-/eslint-plugin-react-7.28.0.tgz 0ms (cache hit)
331 http cache eslint-config-next@https://registry.npmjs.org/eslint-config-next/-/eslint-config-next-12.3.7.tgz 0ms (cache hit)
332 http cache eslint-import-resolver-typescript@https://registry.npmjs.org/eslint-import-resolver-typescript/-/eslint-import-resolver-typescript-2.7.1.tgz 0ms (cache hit)
333 http cache resolve@https://registry.npmjs.org/resolve/-/resolve-2.0.0-next.5.tgz 0ms (cache hit)
334 http cache semver@https://registry.npmjs.org/semver/-/semver-6.3.1.tgz 0ms (cache hit)
335 http cache tslib@https://registry.npmjs.org/tslib/-/tslib-2.4.1.tgz 0ms (cache hit)
336 http cache semver@https://registry.npmjs.org/semver/-/semver-6.3.1.tgz 0ms (cache hit)
337 http cache type-fest@https://registry.npmjs.org/type-fest/-/type-fest-2.19.0.tgz 0ms (cache hit)
338 http cache resolve@https://registry.npmjs.org/resolve/-/resolve-2.0.0-next.5.tgz 0ms (cache hit)
339 http cache eslint-plugin-react@https://registry.npmjs.org/eslint-plugin-react/-/eslint-plugin-react-7.37.5.tgz 0ms (cache hit)
340 http cache tslib@https://registry.npmjs.org/tslib/-/tslib-2.4.1.tgz 0ms (cache hit)
341 http cache @clerk/types@https://registry.npmjs.org/@clerk/types/-/types-4.0.0-beta.21.tgz 0ms (cache hit)
342 silly tarball no local data for object.hasown@https://registry.npmjs.org/object.hasown/-/object.hasown-1.1.4.tgz. Extracting by manifest.
343 silly tarball no local data for eslint-config-prettier@https://registry.npmjs.org/eslint-config-prettier/-/eslint-config-prettier-8.10.0.tgz. Extracting by manifest.
344 silly tarball no local data for tsutils@https://registry.npmjs.org/tsutils/-/tsutils-3.21.0.tgz. Extracting by manifest.
345 http cache tslib@https://registry.npmjs.org/tslib/-/tslib-2.4.1.tgz 0ms (cache hit)
346 http cache cookie@https://registry.npmjs.org/cookie/-/cookie-0.5.0.tgz 0ms (cache hit)
347 silly tarball no local data for eslint-config-custom@https://registry.npmjs.org/eslint-config-custom/-/eslint-config-custom-0.0.0.tgz. Extracting by manifest.
348 silly tarball no local data for @clerk/clerk-react@https://registry.npmjs.org/@clerk/clerk-react/-/clerk-react-5.0.0-beta.31.tgz. Extracting by manifest.
349 silly tarball no local data for @clerk/nextjs@https://registry.npmjs.org/@clerk/nextjs/-/nextjs-5.0.0-beta.35.tgz. Extracting by manifest.
350 silly tarball no local data for @clerk/backend@https://registry.npmjs.org/@clerk/backend/-/backend-1.0.0-beta.29.tgz. Extracting by manifest.
351 silly tarball no local data for @typescript-eslint/visitor-keys@https://registry.npmjs.org/@typescript-eslint/visitor-keys/-/visitor-keys-5.62.0.tgz. Extracting by manifest.
352 silly tarball no local data for tslib@https://registry.npmjs.org/tslib/-/tslib-1.14.1.tgz. Extracting by manifest.
353 silly tarball no local data for @typescript-eslint/scope-manager@https://registry.npmjs.org/@typescript-eslint/scope-manager/-/scope-manager-5.62.0.tgz. Extracting by manifest.
354 silly tarball no local data for @typescript-eslint/types@https://registry.npmjs.org/@typescript-eslint/types/-/types-5.62.0.tgz. Extracting by manifest.
355 silly tarball no local data for @typescript-eslint/typescript-estree@https://registry.npmjs.org/@typescript-eslint/typescript-estree/-/typescript-estree-5.62.0.tgz. Extracting by manifest.
356 silly tarball no local data for @typescript-eslint/parser@https://registry.npmjs.org/@typescript-eslint/parser/-/parser-5.62.0.tgz. Extracting by manifest.
357 silly tarball no local data for eslint-plugin-react-hooks@https://registry.npmjs.org/eslint-plugin-react-hooks/-/eslint-plugin-react-hooks-4.6.2.tgz. Extracting by manifest.
358 silly tarball no local data for @next/eslint-plugin-next@https://registry.npmjs.org/@next/eslint-plugin-next/-/eslint-plugin-next-12.3.7.tgz. Extracting by manifest.
359 silly tarball no local data for eslint-plugin-react@https://registry.npmjs.org/eslint-plugin-react/-/eslint-plugin-react-7.28.0.tgz. Extracting by manifest.
360 silly tarball no local data for eslint-config-next@https://registry.npmjs.org/eslint-config-next/-/eslint-config-next-12.3.7.tgz. Extracting by manifest.
361 silly tarball no local data for eslint-import-resolver-typescript@https://registry.npmjs.org/eslint-import-resolver-typescript/-/eslint-import-resolver-typescript-2.7.1.tgz. Extracting by manifest.
362 silly tarball no local data for @clerk/types@https://registry.npmjs.org/@clerk/types/-/types-4.0.0-beta.21.tgz. Extracting by manifest.
363 http fetch GET 200 https://registry.npmjs.org/object.hasown/-/object.hasown-1.1.4.tgz 131ms (cache miss)
364 http fetch GET 200 https://registry.npmjs.org/eslint-config-prettier/-/eslint-config-prettier-8.10.0.tgz 130ms (cache miss)
365 http fetch GET 200 https://registry.npmjs.org/eslint-config-custom/-/eslint-config-custom-0.0.0.tgz 131ms (cache miss)
366 http fetch GET 200 https://registry.npmjs.org/eslint-config-next/-/eslint-config-next-12.3.7.tgz 143ms (cache miss)
367 warn deprecated glob@7.2.3: Glob versions prior to v9 are no longer supported
368 http fetch POST 200 https://registry.npmjs.org/-/npm/v1/security/advisories/bulk 188ms
369 silly audit report {
369 silly audit report   cookie: [
369 silly audit report     {
369 silly audit report       id: 1103907,
369 silly audit report       url: 'https://github.com/advisories/GHSA-pxg6-pf52-xh8x',
369 silly audit report       title: 'cookie accepts cookie name, path, and domain with out of bounds characters',
369 silly audit report       severity: 'low',
369 silly audit report       vulnerable_versions: '<0.7.0',
369 silly audit report       cwe: [Array],
369 silly audit report       cvss: [Object]
369 silly audit report     }
369 silly audit report   ],
369 silly audit report   'path-to-regexp': [
369 silly audit report     {
369 silly audit report       id: 1101846,
369 silly audit report       url: 'https://github.com/advisories/GHSA-9wv6-86v2-598j',
369 silly audit report       title: 'path-to-regexp outputs backtracking regular expressions',
369 silly audit report       severity: 'high',
369 silly audit report       vulnerable_versions: '>=4.0.0 <6.3.0',
369 silly audit report       cwe: [Array],
369 silly audit report       cvss: [Object]
369 silly audit report     }
369 silly audit report   ]
369 silly audit report }
370 silly packumentCache corgi:https://registry.npmjs.org/cookie cache-miss
371 silly packumentCache corgi:https://registry.npmjs.org/path-to-regexp cache-miss
372 http fetch GET 200 https://registry.npmjs.org/eslint-plugin-react-hooks/-/eslint-plugin-react-hooks-4.6.2.tgz 187ms (cache miss)
373 http fetch GET 200 https://registry.npmjs.org/eslint-import-resolver-typescript/-/eslint-import-resolver-typescript-2.7.1.tgz 221ms (cache miss)
374 http fetch GET 200 https://registry.npmjs.org/tslib/-/tslib-1.14.1.tgz 250ms (cache miss)
375 http fetch GET 200 https://registry.npmjs.org/@typescript-eslint/parser/-/parser-5.62.0.tgz 261ms (cache miss)
376 http fetch GET 200 https://registry.npmjs.org/cookie 96ms (cache updated)
377 silly packumentCache corgi:https://registry.npmjs.org/cookie set size:undefined disposed:false
378 http fetch GET 200 https://registry.npmjs.org/path-to-regexp 96ms (cache miss)
379 silly packumentCache corgi:https://registry.npmjs.org/path-to-regexp set size:undefined disposed:false
380 silly packumentCache corgi:https://registry.npmjs.org/@clerk%2fbackend cache-miss
381 http fetch GET 200 https://registry.npmjs.org/@typescript-eslint/visitor-keys/-/visitor-keys-5.62.0.tgz 290ms (cache miss)
382 http fetch GET 200 https://registry.npmjs.org/@typescript-eslint/types/-/types-5.62.0.tgz 348ms (cache miss)
383 http fetch GET 200 https://registry.npmjs.org/tsutils/-/tsutils-3.21.0.tgz 444ms (cache miss)
384 http fetch GET 200 https://registry.npmjs.org/eslint-plugin-react/-/eslint-plugin-react-7.28.0.tgz 524ms (cache miss)
385 http fetch GET 200 https://registry.npmjs.org/@typescript-eslint/typescript-estree/-/typescript-estree-5.62.0.tgz 587ms (cache miss)
386 http fetch GET 200 https://registry.npmjs.org/@next/eslint-plugin-next/-/eslint-plugin-next-12.3.7.tgz 589ms (cache miss)
387 http fetch GET 200 https://registry.npmjs.org/@clerk/clerk-react/-/clerk-react-5.0.0-beta.31.tgz 932ms (cache miss)
388 http fetch GET 200 https://registry.npmjs.org/@clerk/types/-/types-4.0.0-beta.21.tgz 973ms (cache miss)
389 http fetch GET 200 https://registry.npmjs.org/@typescript-eslint/scope-manager/-/scope-manager-5.62.0.tgz 992ms (cache miss)
390 http fetch GET 200 https://registry.npmjs.org/@clerk/shared/-/shared-2.0.0-beta.19.tgz 1195ms (cache miss)
391 http fetch GET 200 https://registry.npmjs.org/@clerk/backend/-/backend-1.0.0-beta.29.tgz 1214ms (cache miss)
392 http fetch GET 200 https://registry.npmjs.org/@clerk/nextjs/-/nextjs-5.0.0-beta.35.tgz 1258ms (cache miss)
393 info run @clerk/shared@2.0.0-beta.19 postinstall node_modules/@clerk/shared node ./scripts/postinstall.mjs
394 info run @clerk/shared@2.0.0-beta.19 postinstall { code: 0, signal: null }
395 http fetch GET 200 https://registry.npmjs.org/@clerk%2fbackend 1462ms (cache updated)
396 silly packumentCache corgi:https://registry.npmjs.org/@clerk%2fbackend set size:undefined disposed:false
397 silly packumentCache corgi:https://registry.npmjs.org/@clerk%2fnextjs cache-miss
398 http cache https://registry.npmjs.org/@clerk%2fnextjs 12ms (cache hit)
399 silly packumentCache corgi:https://registry.npmjs.org/@clerk%2fnextjs set size:5021088 disposed:false
400 silly ADD node_modules/object.hasown
401 silly ADD node_modules/tsutils
402 silly ADD node_modules/tsutils/node_modules/tslib
403 silly ADD node_modules/eslint-config-prettier
404 silly ADD node_modules/eslint-config-custom
405 silly ADD node_modules/eslint-config-custom/node_modules/doctrine
406 silly ADD node_modules/eslint-config-custom/node_modules/@typescript-eslint/visitor-keys
407 silly ADD node_modules/eslint-config-custom/node_modules/@typescript-eslint/typescript-estree
408 silly ADD node_modules/eslint-config-custom/node_modules/@typescript-eslint/types
409 silly ADD node_modules/eslint-config-custom/node_modules/@typescript-eslint/scope-manager
410 silly ADD node_modules/eslint-config-custom/node_modules/eslint-plugin-react-hooks
411 silly ADD node_modules/eslint-config-custom/node_modules/eslint-import-resolver-typescript
412 silly ADD node_modules/eslint-config-custom/node_modules/eslint-import-resolver-typescript/node_modules/glob
413 silly ADD node_modules/eslint-config-custom/node_modules/@typescript-eslint/parser
414 silly ADD node_modules/eslint-config-custom/node_modules/@next/eslint-plugin-next
415 silly ADD node_modules/eslint-config-custom/node_modules/eslint-plugin-react
416 silly ADD node_modules/eslint-config-custom/node_modules/eslint-plugin-react/node_modules/semver
417 silly ADD node_modules/eslint-config-custom/node_modules/eslint-plugin-react/node_modules/resolve
418 silly ADD node_modules/eslint-config-custom/node_modules/eslint-config-next
419 silly ADD node_modules/eslint-config-custom/node_modules/eslint-config-next/node_modules/semver
420 silly ADD node_modules/eslint-config-custom/node_modules/eslint-config-next/node_modules/resolve
421 silly ADD node_modules/eslint-config-custom/node_modules/eslint-config-next/node_modules/eslint-plugin-react
422 silly ADD node_modules/path-to-regexp
423 silly ADD
424 silly ADD
425 silly ADD
426 silly ADD
427 silly ADD
428 silly ADD
429 silly ADD
430 silly ADD
431 silly ADD
432 silly ADD
433 silly ADD
434 silly ADD
435 silly ADD
436 silly ADD
437 silly ADD
438 silly ADD
439 silly ADD
440 silly ADD
441 silly ADD
442 silly ADD
443 silly ADD
444 silly ADD
445 silly ADD
446 silly ADD
447 silly ADD
448 silly ADD
449 silly ADD
450 silly ADD
451 silly ADD
452 silly ADD
453 silly CHANGE node_modules/swr
454 silly CHANGE node_modules/snakecase-keys
455 silly CHANGE node_modules/snakecase-keys/node_modules/type-fest
456 silly REMOVE node_modules/server-only
457 silly CHANGE node_modules/js-cookie
458 silly REMOVE node_modules/dequal
459 silly CHANGE node_modules/@clerk/shared
460 silly REMOVE node_modules/@clerk/shared/node_modules/csstype
461 silly REMOVE node_modules/@clerk/shared/node_modules/@clerk/types
462 silly CHANGE node_modules/@clerk/nextjs
463 silly ADD node_modules/@clerk/nextjs/node_modules/tslib
464 silly REMOVE node_modules/@clerk/nextjs/node_modules/csstype
465 silly REMOVE node_modules/@clerk/nextjs/node_modules/@clerk/types
466 silly CHANGE node_modules/@clerk/clerk-react
467 silly ADD node_modules/@clerk/clerk-react/node_modules/tslib
468 silly REMOVE node_modules/@clerk/clerk-react/node_modules/csstype
469 silly CHANGE node_modules/@clerk/clerk-react/node_modules/@clerk/types
470 silly CHANGE node_modules/@clerk/backend
471 silly ADD node_modules/@clerk/backend/node_modules/tslib
472 silly ADD node_modules/@clerk/backend/node_modules/cookie
473 silly REMOVE node_modules/@clerk/backend/node_modules/csstype
474 silly REMOVE node_modules/@clerk/backend/node_modules/@clerk/types
475 verbose cwd C:\Users\akito\git\calculator
476 verbose os Windows_NT 10.0.26100
477 verbose node v22.14.0
478 verbose npm  v10.9.2
479 verbose exit 0
480 info ok
