0 verbose cli C:\Program Files\nodejs\node.exe C:\Users\akito\AppData\Roaming\npm\node_modules\npm\bin\npm-cli.js
1 info using npm@11.3.0
2 info using node@v20.19.1
3 silly config load:file:C:\Users\akito\AppData\Roaming\npm\node_modules\npm\npmrc
4 silly config load:file:C:\Users\akito\git\calculator\.npmrc
5 silly config load:file:C:\Users\akito\.npmrc
6 silly config load:file:C:\Users\akito\AppData\Roaming\npm\etc\npmrc
7 verbose title npm run de
8 verbose argv "run" "de"
9 verbose logfile logs-max:10 dir:C:\Users\akito\git\calculator\%APPDATA%\npm-cache\_logs\2025-05-08T04_51_05_158Z-
10 verbose logfile C:\Users\akito\git\calculator\%APPDATA%\npm-cache\_logs\2025-05-08T04_51_05_158Z-debug-0.log
11 silly logfile start cleaning logs, removing 1 files
12 silly logfile done cleaning log files
13 verbose stack Error: Missing script: "de"
13 verbose stack
13 verbose stack To see a list of scripts, run:
13 verbose stack   npm run
13 verbose stack     at #run (C:\Users\akito\AppData\Roaming\npm\node_modules\npm\lib\commands\run-script.js:115:13)
13 verbose stack     at async RunScript.exec (C:\Users\akito\AppData\Roaming\npm\node_modules\npm\lib\commands\run-script.js:44:7)
13 verbose stack     at async Npm.exec (C:\Users\akito\AppData\Roaming\npm\node_modules\npm\lib\npm.js:208:9)
13 verbose stack     at async module.exports (C:\Users\akito\AppData\Roaming\npm\node_modules\npm\lib\cli\entry.js:67:5)
14 error Missing script: "de"
14 error
14 error To see a list of scripts, run:
14 error   npm run
15 verbose cwd C:\Users\akito\git\calculator
16 verbose os Windows_NT 10.0.26100
17 verbose node v20.19.1
18 verbose npm  v11.3.0
19 verbose exit 1
20 verbose code 1
21 error A complete log of this run can be found in: C:\Users\akito\git\calculator\%APPDATA%\npm-cache\_logs\2025-05-08T04_51_05_158Z-debug-0.log
