0 verbose cli C:\Program Files\nodejs\node.exe C:\Users\akito\AppData\Roaming\npm\node_modules\npm\bin\npm-cli.js
1 info using npm@11.3.0
2 info using node@v20.19.1
3 silly config load:file:C:\Users\akito\AppData\Roaming\npm\node_modules\npm\npmrc
4 silly config load:file:C:\Users\akito\git\calculator\.npmrc
5 silly config load:file:C:\Users\akito\.npmrc
6 silly config load:file:C:\Users\akito\AppData\Roaming\npm\etc\npmrc
7 verbose title npm install sharp-cli
8 verbose argv "install" "--save-dev" "sharp-cli"
9 verbose logfile logs-max:10 dir:C:\Users\akito\git\calculator\%APPDATA%\npm-cache\_logs\2025-05-07T03_22_34_324Z-
10 verbose logfile C:\Users\akito\git\calculator\%APPDATA%\npm-cache\_logs\2025-05-07T03_22_34_324Z-debug-0.log
11 silly logfile start cleaning logs, removing 1 files
12 silly packumentCache heap:4345298944 maxSize:1086324736 maxEntrySize:543162368
13 silly logfile done cleaning log files
14 silly idealTree buildDeps
15 silly fetch manifest sharp-cli@*
16 silly packumentCache full:https://registry.npmjs.org/sharp-cli cache-miss
17 http fetch GET 200 https://registry.npmjs.org/sharp-cli 672ms (cache updated)
18 silly packumentCache full:https://registry.npmjs.org/sharp-cli set size:undefined disposed:false
19 silly placeDep ROOT sharp-cli@5.1.0 OK for: calculator@0.1.0 want: *
20 silly fetch manifest bubble-stream-error@1.0.x
21 silly packumentCache full:https://registry.npmjs.org/bubble-stream-error cache-miss
22 silly fetch manifest glob@11.0.x
23 silly packumentCache full:https://registry.npmjs.org/glob cache-miss
24 silly fetch manifest is-directory@0.3.x
25 silly packumentCache full:https://registry.npmjs.org/is-directory cache-miss
26 silly fetch manifest lodash.pick@3.1.x
27 silly packumentCache full:https://registry.npmjs.org/lodash.pick cache-miss
28 silly fetch manifest sharp@0.33.5
29 silly packumentCache full:https://registry.npmjs.org/sharp cache-miss
30 silly fetch manifest yargs@^17.6.2
31 silly packumentCache full:https://registry.npmjs.org/yargs cache-miss
32 http fetch GET 200 https://registry.npmjs.org/glob 63ms (cache updated)
33 silly packumentCache full:https://registry.npmjs.org/glob set size:undefined disposed:false
34 http fetch GET 200 https://registry.npmjs.org/is-directory 93ms (cache updated)
35 silly packumentCache full:https://registry.npmjs.org/is-directory set size:undefined disposed:false
36 http fetch GET 200 https://registry.npmjs.org/lodash.pick 109ms (cache updated)
37 silly packumentCache full:https://registry.npmjs.org/lodash.pick set size:undefined disposed:false
38 http fetch GET 200 https://registry.npmjs.org/sharp 111ms (cache updated)
39 silly packumentCache full:https://registry.npmjs.org/sharp set size:undefined disposed:false
40 http fetch GET 200 https://registry.npmjs.org/yargs 125ms (cache updated)
41 silly packumentCache full:https://registry.npmjs.org/yargs set size:undefined disposed:false
42 http fetch GET 200 https://registry.npmjs.org/bubble-stream-error 512ms (cache updated)
43 silly packumentCache full:https://registry.npmjs.org/bubble-stream-error set size:undefined disposed:false
44 silly placeDep ROOT bubble-stream-error@1.0.0 OK for: sharp-cli@5.1.0 want: 1.0.x
45 silly placeDep node_modules/sharp-cli glob@11.0.2 OK for: sharp-cli@5.1.0 want: 11.0.x
46 silly placeDep ROOT is-directory@0.3.1 OK for: sharp-cli@5.1.0 want: 0.3.x
47 silly placeDep ROOT lodash.pick@3.1.0 OK for: sharp-cli@5.1.0 want: 3.1.x
48 silly placeDep ROOT sharp@0.33.5 OK for: sharp-cli@5.1.0 want: 0.33.5
49 silly placeDep ROOT yargs@17.7.2 OK for: sharp-cli@5.1.0 want: ^17.6.2
50 silly fetch manifest sliced@^1.0.1
51 silly packumentCache full:https://registry.npmjs.org/sliced cache-miss
52 silly fetch manifest jackspeak@^4.0.1
53 silly packumentCache full:https://registry.npmjs.org/jackspeak cache-miss
54 silly fetch manifest minimatch@^10.0.0
55 silly packumentCache full:https://registry.npmjs.org/minimatch cache-miss
56 silly fetch manifest package-json-from-dist@^1.0.0
57 silly packumentCache full:https://registry.npmjs.org/package-json-from-dist cache-miss
58 silly fetch manifest path-scurry@^2.0.0
59 silly packumentCache full:https://registry.npmjs.org/path-scurry cache-miss
60 silly fetch manifest lodash.restparam@^3.0.0
61 silly packumentCache full:https://registry.npmjs.org/lodash.restparam cache-miss
62 silly fetch manifest lodash._baseflatten@^3.0.0
63 silly packumentCache full:https://registry.npmjs.org/lodash._baseflatten cache-miss
64 silly fetch manifest lodash._pickbyarray@^3.0.0
65 silly packumentCache full:https://registry.npmjs.org/lodash._pickbyarray cache-miss
66 silly fetch manifest lodash._bindcallback@^3.0.0
67 silly packumentCache full:https://registry.npmjs.org/lodash._bindcallback cache-miss
68 silly fetch manifest lodash._pickbycallback@^3.0.0
69 silly packumentCache full:https://registry.npmjs.org/lodash._pickbycallback cache-miss
70 silly fetch manifest color@^4.2.3
71 silly packumentCache full:https://registry.npmjs.org/color cache-miss
72 http fetch GET 200 https://registry.npmjs.org/path-scurry 54ms (cache updated)
73 silly packumentCache full:https://registry.npmjs.org/path-scurry set size:undefined disposed:false
74 silly fetch manifest detect-libc@^2.0.3
75 silly packumentCache full:https://registry.npmjs.org/detect-libc cache-miss
76 http fetch GET 200 https://registry.npmjs.org/package-json-from-dist 66ms (cache updated)
77 silly packumentCache full:https://registry.npmjs.org/package-json-from-dist set size:undefined disposed:false
78 silly fetch manifest @img/sharp-wasm32@0.33.5
79 silly packumentCache full:https://registry.npmjs.org/@img%2fsharp-wasm32 cache-miss
80 http fetch GET 200 https://registry.npmjs.org/lodash.restparam 77ms (cache updated)
81 silly packumentCache full:https://registry.npmjs.org/lodash.restparam set size:undefined disposed:false
82 silly fetch manifest @img/sharp-linux-arm@0.33.5
83 silly packumentCache full:https://registry.npmjs.org/@img%2fsharp-linux-arm cache-miss
84 http fetch GET 200 https://registry.npmjs.org/jackspeak 86ms (cache updated)
85 silly packumentCache full:https://registry.npmjs.org/jackspeak set size:undefined disposed:false
86 silly fetch manifest @img/sharp-linux-x64@0.33.5
87 silly packumentCache full:https://registry.npmjs.org/@img%2fsharp-linux-x64 cache-miss
88 http fetch GET 200 https://registry.npmjs.org/minimatch 94ms (cache updated)
89 silly packumentCache full:https://registry.npmjs.org/minimatch set size:undefined disposed:false
90 silly fetch manifest @img/sharp-win32-x64@0.33.5
91 silly packumentCache full:https://registry.npmjs.org/@img%2fsharp-win32-x64 cache-miss
92 http fetch GET 200 https://registry.npmjs.org/color 108ms (cache updated)
93 silly packumentCache full:https://registry.npmjs.org/color set size:undefined disposed:false
94 silly fetch manifest @img/sharp-darwin-x64@0.33.5
95 silly packumentCache full:https://registry.npmjs.org/@img%2fsharp-darwin-x64 cache-miss
96 http fetch GET 200 https://registry.npmjs.org/lodash._bindcallback 111ms (cache updated)
97 silly packumentCache full:https://registry.npmjs.org/lodash._bindcallback set size:undefined disposed:false
98 silly fetch manifest @img/sharp-win32-ia32@0.33.5
99 silly packumentCache full:https://registry.npmjs.org/@img%2fsharp-win32-ia32 cache-miss
100 http fetch GET 200 https://registry.npmjs.org/detect-libc 58ms (cache updated)
101 silly packumentCache full:https://registry.npmjs.org/detect-libc set size:undefined disposed:false
102 silly fetch manifest @img/sharp-linux-arm64@0.33.5
103 silly packumentCache full:https://registry.npmjs.org/@img%2fsharp-linux-arm64 cache-miss
104 http fetch GET 200 https://registry.npmjs.org/@img%2fsharp-linux-x64 51ms (cache updated)
105 silly packumentCache full:https://registry.npmjs.org/@img%2fsharp-linux-x64 set size:undefined disposed:false
106 silly fetch manifest @img/sharp-linux-s390x@0.33.5
107 silly packumentCache full:https://registry.npmjs.org/@img%2fsharp-linux-s390x cache-miss
108 http fetch GET 200 https://registry.npmjs.org/@img%2fsharp-linux-arm 73ms (cache updated)
109 silly packumentCache full:https://registry.npmjs.org/@img%2fsharp-linux-arm set size:undefined disposed:false
110 silly fetch manifest @img/sharp-darwin-arm64@0.33.5
111 silly packumentCache full:https://registry.npmjs.org/@img%2fsharp-darwin-arm64 cache-miss
112 http fetch GET 200 https://registry.npmjs.org/@img%2fsharp-win32-x64 66ms (cache updated)
113 silly packumentCache full:https://registry.npmjs.org/@img%2fsharp-win32-x64 set size:undefined disposed:false
114 silly fetch manifest @img/sharp-linuxmusl-x64@0.33.5
115 silly packumentCache full:https://registry.npmjs.org/@img%2fsharp-linuxmusl-x64 cache-miss
116 http fetch GET 200 https://registry.npmjs.org/@img%2fsharp-darwin-arm64 57ms (cache updated)
117 silly packumentCache full:https://registry.npmjs.org/@img%2fsharp-darwin-arm64 set size:undefined disposed:false
118 silly fetch manifest @img/sharp-linuxmusl-arm64@0.33.5
119 silly packumentCache full:https://registry.npmjs.org/@img%2fsharp-linuxmusl-arm64 cache-miss
120 http fetch GET 200 https://registry.npmjs.org/@img%2fsharp-linuxmusl-x64 47ms (cache updated)
121 silly packumentCache full:https://registry.npmjs.org/@img%2fsharp-linuxmusl-x64 set size:undefined disposed:false
122 silly fetch manifest @img/sharp-libvips-linux-arm@1.0.5
123 silly packumentCache full:https://registry.npmjs.org/@img%2fsharp-libvips-linux-arm cache-miss
124 http fetch GET 200 https://registry.npmjs.org/@img%2fsharp-libvips-linux-arm 52ms (cache updated)
125 silly packumentCache full:https://registry.npmjs.org/@img%2fsharp-libvips-linux-arm set size:undefined disposed:false
126 silly fetch manifest @img/sharp-libvips-linux-x64@1.0.4
127 silly packumentCache full:https://registry.npmjs.org/@img%2fsharp-libvips-linux-x64 cache-miss
128 http fetch GET 200 https://registry.npmjs.org/@img%2fsharp-libvips-linux-x64 46ms (cache updated)
129 silly packumentCache full:https://registry.npmjs.org/@img%2fsharp-libvips-linux-x64 set size:undefined disposed:false
130 silly fetch manifest @img/sharp-libvips-darwin-x64@1.0.4
131 silly packumentCache full:https://registry.npmjs.org/@img%2fsharp-libvips-darwin-x64 cache-miss
132 http fetch GET 200 https://registry.npmjs.org/@img%2fsharp-darwin-x64 295ms (cache updated)
133 silly packumentCache full:https://registry.npmjs.org/@img%2fsharp-darwin-x64 set size:undefined disposed:false
134 silly fetch manifest @img/sharp-libvips-linux-arm64@1.0.4
135 silly packumentCache full:https://registry.npmjs.org/@img%2fsharp-libvips-linux-arm64 cache-miss
136 http fetch GET 200 https://registry.npmjs.org/@img%2fsharp-win32-ia32 296ms (cache updated)
137 silly packumentCache full:https://registry.npmjs.org/@img%2fsharp-win32-ia32 set size:undefined disposed:false
138 silly fetch manifest @img/sharp-libvips-linux-s390x@1.0.4
139 silly packumentCache full:https://registry.npmjs.org/@img%2fsharp-libvips-linux-s390x cache-miss
140 http fetch GET 200 https://registry.npmjs.org/sliced 478ms (cache updated)
141 silly packumentCache full:https://registry.npmjs.org/sliced set size:undefined disposed:false
142 silly fetch manifest @img/sharp-libvips-darwin-arm64@1.0.4
143 silly packumentCache full:https://registry.npmjs.org/@img%2fsharp-libvips-darwin-arm64 cache-miss
144 http fetch GET 200 https://registry.npmjs.org/@img%2fsharp-linuxmusl-arm64 289ms (cache updated)
145 silly packumentCache full:https://registry.npmjs.org/@img%2fsharp-linuxmusl-arm64 set size:undefined disposed:false
146 silly fetch manifest @img/sharp-libvips-linuxmusl-x64@1.0.4
147 silly packumentCache full:https://registry.npmjs.org/@img%2fsharp-libvips-linuxmusl-x64 cache-miss
148 http fetch GET 200 https://registry.npmjs.org/lodash._baseflatten 515ms (cache updated)
149 silly packumentCache full:https://registry.npmjs.org/lodash._baseflatten set size:undefined disposed:false
150 silly fetch manifest @img/sharp-libvips-linuxmusl-arm64@1.0.4
151 silly packumentCache full:https://registry.npmjs.org/@img%2fsharp-libvips-linuxmusl-arm64 cache-miss
152 http fetch GET 200 https://registry.npmjs.org/@img%2fsharp-libvips-darwin-arm64 45ms (cache updated)
153 silly packumentCache full:https://registry.npmjs.org/@img%2fsharp-libvips-darwin-arm64 set size:undefined disposed:false
154 silly fetch manifest y18n@^5.0.5
155 silly packumentCache full:https://registry.npmjs.org/y18n cache-miss
156 http fetch GET 200 https://registry.npmjs.org/lodash._pickbycallback 534ms (cache updated)
157 silly packumentCache full:https://registry.npmjs.org/lodash._pickbycallback set size:undefined disposed:false
158 silly fetch manifest cliui@^8.0.1
159 silly packumentCache full:https://registry.npmjs.org/cliui cache-miss
160 http fetch GET 200 https://registry.npmjs.org/lodash._pickbyarray 544ms (cache updated)
161 silly packumentCache full:https://registry.npmjs.org/lodash._pickbyarray set size:undefined disposed:false
162 silly fetch manifest string-width@^4.2.3
163 silly packumentCache full:https://registry.npmjs.org/string-width cache-miss
164 http fetch GET 200 https://registry.npmjs.org/@img%2fsharp-libvips-linuxmusl-x64 47ms (cache updated)
165 silly packumentCache full:https://registry.npmjs.org/@img%2fsharp-libvips-linuxmusl-x64 set size:undefined disposed:false
166 silly fetch manifest yargs-parser@^21.1.1
167 silly packumentCache full:https://registry.npmjs.org/yargs-parser cache-miss
168 http fetch GET 200 https://registry.npmjs.org/y18n 39ms (cache updated)
169 silly packumentCache full:https://registry.npmjs.org/y18n set size:undefined disposed:false
170 silly fetch manifest get-caller-file@^2.0.5
171 silly packumentCache full:https://registry.npmjs.org/get-caller-file cache-miss
172 http fetch GET 200 https://registry.npmjs.org/cliui 42ms (cache updated)
173 silly packumentCache full:https://registry.npmjs.org/cliui set size:undefined disposed:false
174 silly fetch manifest require-directory@^2.1.1
175 silly packumentCache full:https://registry.npmjs.org/require-directory cache-miss
176 http fetch GET 200 https://registry.npmjs.org/string-width 35ms (cache updated)
177 silly packumentCache full:https://registry.npmjs.org/string-width set size:undefined disposed:false
178 http fetch GET 200 https://registry.npmjs.org/yargs-parser 42ms (cache updated)
179 silly packumentCache full:https://registry.npmjs.org/yargs-parser set size:undefined disposed:false
180 http fetch GET 200 https://registry.npmjs.org/get-caller-file 31ms (cache updated)
181 silly packumentCache full:https://registry.npmjs.org/get-caller-file set size:undefined disposed:false
182 http fetch GET 200 https://registry.npmjs.org/@img%2fsharp-libvips-darwin-x64 306ms (cache updated)
183 silly packumentCache full:https://registry.npmjs.org/@img%2fsharp-libvips-darwin-x64 set size:undefined disposed:false
184 http fetch GET 200 https://registry.npmjs.org/require-directory 133ms (cache updated)
185 silly packumentCache full:https://registry.npmjs.org/require-directory set size:undefined disposed:false
186 http fetch GET 200 https://registry.npmjs.org/@img%2fsharp-libvips-linux-s390x 304ms (cache updated)
187 silly packumentCache full:https://registry.npmjs.org/@img%2fsharp-libvips-linux-s390x set size:undefined disposed:false
188 http fetch GET 200 https://registry.npmjs.org/@img%2fsharp-wasm32 763ms (cache updated)
189 silly packumentCache full:https://registry.npmjs.org/@img%2fsharp-wasm32 set size:undefined disposed:false
190 http fetch GET 200 https://registry.npmjs.org/@img%2fsharp-linux-arm64 751ms (cache updated)
191 silly packumentCache full:https://registry.npmjs.org/@img%2fsharp-linux-arm64 set size:undefined disposed:false
192 http fetch GET 200 https://registry.npmjs.org/@img%2fsharp-linux-s390x 757ms (cache updated)
193 silly packumentCache full:https://registry.npmjs.org/@img%2fsharp-linux-s390x set size:undefined disposed:false
194 http fetch GET 200 https://registry.npmjs.org/@img%2fsharp-libvips-linux-arm64 755ms (cache updated)
195 silly packumentCache full:https://registry.npmjs.org/@img%2fsharp-libvips-linux-arm64 set size:undefined disposed:false
196 http fetch GET 200 https://registry.npmjs.org/@img%2fsharp-libvips-linuxmusl-arm64 754ms (cache updated)
197 silly packumentCache full:https://registry.npmjs.org/@img%2fsharp-libvips-linuxmusl-arm64 set size:undefined disposed:false
198 silly placeDep ROOT sliced@1.0.1 OK for: bubble-stream-error@1.0.0 want: ^1.0.1
199 silly placeDep ROOT lodash._baseflatten@3.1.4 OK for: lodash.pick@3.1.0 want: ^3.0.0
200 silly placeDep ROOT lodash._bindcallback@3.0.1 OK for: lodash.pick@3.1.0 want: ^3.0.0
201 silly placeDep ROOT lodash._pickbyarray@3.0.2 OK for: lodash.pick@3.1.0 want: ^3.0.0
202 silly placeDep ROOT lodash._pickbycallback@3.0.0 OK for: lodash.pick@3.1.0 want: ^3.0.0
203 silly placeDep ROOT lodash.restparam@3.6.1 OK for: lodash.pick@3.1.0 want: ^3.0.0
204 silly fetch manifest lodash.isarguments@^3.0.0
205 silly packumentCache full:https://registry.npmjs.org/lodash.isarguments cache-miss
206 silly fetch manifest lodash.isarray@^3.0.0
207 silly packumentCache full:https://registry.npmjs.org/lodash.isarray cache-miss
208 silly fetch manifest lodash._basefor@^3.0.0
209 silly packumentCache full:https://registry.npmjs.org/lodash._basefor cache-miss
210 silly fetch manifest lodash.keysin@^3.0.0
211 silly packumentCache full:https://registry.npmjs.org/lodash.keysin cache-miss
212 http fetch GET 200 https://registry.npmjs.org/lodash.isarguments 38ms (cache updated)
213 silly packumentCache full:https://registry.npmjs.org/lodash.isarguments set size:undefined disposed:false
214 http fetch GET 200 https://registry.npmjs.org/lodash.isarray 60ms (cache updated)
215 silly packumentCache full:https://registry.npmjs.org/lodash.isarray set size:undefined disposed:false
216 http fetch GET 200 https://registry.npmjs.org/lodash._basefor 454ms (cache updated)
217 silly packumentCache full:https://registry.npmjs.org/lodash._basefor set size:undefined disposed:false
218 http fetch GET 200 https://registry.npmjs.org/lodash.keysin 455ms (cache updated)
219 silly packumentCache full:https://registry.npmjs.org/lodash.keysin set size:undefined disposed:false
220 silly placeDep ROOT lodash.isarguments@3.1.0 OK for: lodash._baseflatten@3.1.4 want: ^3.0.0
221 silly placeDep ROOT lodash.isarray@3.0.4 OK for: lodash._baseflatten@3.1.4 want: ^3.0.0
222 silly placeDep ROOT lodash._basefor@3.0.3 OK for: lodash._pickbycallback@3.0.0 want: ^3.0.0
223 silly placeDep ROOT lodash.keysin@3.0.8 OK for: lodash._pickbycallback@3.0.0 want: ^3.0.0
224 silly placeDep ROOT @img/sharp-darwin-arm64@0.33.5 OK for: sharp@0.33.5 want: 0.33.5
225 silly placeDep ROOT @img/sharp-darwin-x64@0.33.5 OK for: sharp@0.33.5 want: 0.33.5
226 silly placeDep ROOT @img/sharp-libvips-darwin-arm64@1.0.4 OK for: sharp@0.33.5 want: 1.0.4
227 silly placeDep ROOT @img/sharp-libvips-darwin-x64@1.0.4 OK for: sharp@0.33.5 want: 1.0.4
228 silly placeDep ROOT @img/sharp-libvips-linux-arm@1.0.5 OK for: sharp@0.33.5 want: 1.0.5
229 silly placeDep ROOT @img/sharp-libvips-linux-arm64@1.0.4 OK for: sharp@0.33.5 want: 1.0.4
230 silly placeDep ROOT @img/sharp-libvips-linux-s390x@1.0.4 OK for: sharp@0.33.5 want: 1.0.4
231 silly placeDep ROOT @img/sharp-libvips-linux-x64@1.0.4 OK for: sharp@0.33.5 want: 1.0.4
232 silly placeDep ROOT @img/sharp-libvips-linuxmusl-arm64@1.0.4 OK for: sharp@0.33.5 want: 1.0.4
233 silly placeDep ROOT @img/sharp-libvips-linuxmusl-x64@1.0.4 OK for: sharp@0.33.5 want: 1.0.4
234 silly placeDep ROOT @img/sharp-linux-arm@0.33.5 OK for: sharp@0.33.5 want: 0.33.5
235 silly placeDep ROOT @img/sharp-linux-arm64@0.33.5 OK for: sharp@0.33.5 want: 0.33.5
236 silly placeDep ROOT @img/sharp-linux-s390x@0.33.5 OK for: sharp@0.33.5 want: 0.33.5
237 silly placeDep ROOT @img/sharp-linux-x64@0.33.5 OK for: sharp@0.33.5 want: 0.33.5
238 silly placeDep ROOT @img/sharp-linuxmusl-arm64@0.33.5 OK for: sharp@0.33.5 want: 0.33.5
239 silly placeDep ROOT @img/sharp-linuxmusl-x64@0.33.5 OK for: sharp@0.33.5 want: 0.33.5
240 silly placeDep ROOT @img/sharp-wasm32@0.33.5 OK for: sharp@0.33.5 want: 0.33.5
241 silly placeDep ROOT @img/sharp-win32-ia32@0.33.5 OK for: sharp@0.33.5 want: 0.33.5
242 silly placeDep ROOT @img/sharp-win32-x64@0.33.5 OK for: sharp@0.33.5 want: 0.33.5
243 silly placeDep ROOT color@4.2.3 OK for: sharp@0.33.5 want: ^4.2.3
244 silly placeDep ROOT detect-libc@2.0.4 OK for: sharp@0.33.5 want: ^2.0.3
245 silly fetch manifest color-string@^1.9.0
246 silly packumentCache full:https://registry.npmjs.org/color-string cache-miss
247 http fetch GET 200 https://registry.npmjs.org/color-string 41ms (cache updated)
248 silly packumentCache full:https://registry.npmjs.org/color-string set size:undefined disposed:false
249 silly placeDep ROOT color-string@1.9.1 OK for: color@4.2.3 want: ^1.9.0
250 silly fetch manifest simple-swizzle@^0.2.2
251 silly packumentCache full:https://registry.npmjs.org/simple-swizzle cache-miss
252 http fetch GET 200 https://registry.npmjs.org/simple-swizzle 36ms (cache updated)
253 silly packumentCache full:https://registry.npmjs.org/simple-swizzle set size:undefined disposed:false
254 silly placeDep ROOT simple-swizzle@0.2.2 OK for: color-string@1.9.1 want: ^0.2.2
255 silly fetch manifest is-arrayish@^0.3.1
256 silly packumentCache full:https://registry.npmjs.org/is-arrayish cache-miss
257 http fetch GET 200 https://registry.npmjs.org/is-arrayish 46ms (cache updated)
258 silly packumentCache full:https://registry.npmjs.org/is-arrayish set size:undefined disposed:false
259 silly placeDep ROOT is-arrayish@0.3.2 OK for: simple-swizzle@0.2.2 want: ^0.3.1
260 silly placeDep ROOT cliui@8.0.1 OK for: yargs@17.7.2 want: ^8.0.1
261 silly placeDep ROOT get-caller-file@2.0.5 OK for: yargs@17.7.2 want: ^2.0.5
262 silly placeDep ROOT require-directory@2.1.1 OK for: yargs@17.7.2 want: ^2.1.1
263 silly placeDep node_modules/yargs string-width@4.2.3 OK for: yargs@17.7.2 want: ^4.2.3
264 silly placeDep ROOT y18n@5.0.8 OK for: yargs@17.7.2 want: ^5.0.5
265 silly placeDep ROOT yargs-parser@21.1.1 OK for: yargs@17.7.2 want: ^21.1.1
266 silly fetch manifest wrap-ansi@^7.0.0
267 silly packumentCache full:https://registry.npmjs.org/wrap-ansi cache-miss
268 silly fetch manifest string-width@^4.2.0
269 silly packumentCache full:https://registry.npmjs.org/string-width cache-miss
270 silly fetch manifest emoji-regex@^8.0.0
271 silly packumentCache full:https://registry.npmjs.org/emoji-regex cache-miss
272 http cache https://registry.npmjs.org/string-width 9ms (cache hit)
273 silly packumentCache full:https://registry.npmjs.org/string-width set size:61460 disposed:false
274 http fetch GET 200 https://registry.npmjs.org/emoji-regex 41ms (cache updated)
275 silly packumentCache full:https://registry.npmjs.org/emoji-regex set size:undefined disposed:false
276 http fetch GET 200 https://registry.npmjs.org/wrap-ansi 56ms (cache updated)
277 silly packumentCache full:https://registry.npmjs.org/wrap-ansi set size:undefined disposed:false
278 silly placeDep node_modules/cliui string-width@4.2.3 OK for: cliui@8.0.1 want: ^4.2.0
279 silly placeDep node_modules/cliui wrap-ansi@7.0.0 OK for: cliui@8.0.1 want: ^7.0.0
280 silly placeDep node_modules/cliui emoji-regex@8.0.0 OK for: string-width@4.2.3 want: ^8.0.0
281 silly placeDep node_modules/sharp-cli jackspeak@4.1.0 OK for: glob@11.0.2 want: ^4.0.1
282 silly placeDep node_modules/sharp-cli minimatch@10.0.1 OK for: glob@11.0.2 want: ^10.0.0
283 silly placeDep ROOT package-json-from-dist@1.0.1 OK for: glob@11.0.2 want: ^1.0.0
284 silly placeDep node_modules/sharp-cli path-scurry@2.0.0 OK for: glob@11.0.2 want: ^2.0.0
285 silly fetch manifest brace-expansion@^2.0.1
286 silly packumentCache full:https://registry.npmjs.org/brace-expansion cache-miss
287 silly fetch manifest lru-cache@^11.0.0
288 silly packumentCache full:https://registry.npmjs.org/lru-cache cache-miss
289 http fetch GET 200 https://registry.npmjs.org/brace-expansion 37ms (cache updated)
290 silly packumentCache full:https://registry.npmjs.org/brace-expansion set size:undefined disposed:false
291 http fetch GET 200 https://registry.npmjs.org/lru-cache 57ms (cache updated)
292 silly packumentCache full:https://registry.npmjs.org/lru-cache set size:undefined disposed:false
293 silly placeDep node_modules/sharp-cli brace-expansion@2.0.1 OK for: minimatch@10.0.1 want: ^2.0.1
294 silly placeDep node_modules/sharp-cli lru-cache@11.1.0 OK for: path-scurry@2.0.0 want: ^11.0.0
295 silly placeDep node_modules/yargs emoji-regex@8.0.0 OK for: string-width@4.2.3 want: ^8.0.0
296 silly reify mark retired [
296 silly reify   'C:\\Users\\akito\\git\\calculator\\node_modules\\@eslint\\eslintrc\\node_modules\\globals'
296 silly reify ]
297 silly reify mark retired [
297 silly reify   'C:\\Users\\akito\\git\\calculator\\node_modules\\@eslint\\eslintrc\\node_modules\\type-fest'
297 silly reify ]
298 silly reify mark retired [
298 silly reify   'C:\\Users\\akito\\git\\calculator\\node_modules\\@isaacs\\fs-minipass\\node_modules\\minipass'
298 silly reify ]
299 silly reify mark retired [
299 silly reify   'C:\\Users\\akito\\git\\calculator\\node_modules\\@next\\eslint-plugin-next\\node_modules\\brace-expansion'
299 silly reify ]
300 silly reify mark retired [
300 silly reify   'C:\\Users\\akito\\git\\calculator\\node_modules\\@next\\eslint-plugin-next\\node_modules\\glob',
300 silly reify   'C:\\Users\\akito\\git\\calculator\\node_modules\\@next\\eslint-plugin-next\\node_modules\\.bin\\glob',
300 silly reify   'C:\\Users\\akito\\git\\calculator\\node_modules\\@next\\eslint-plugin-next\\node_modules\\.bin\\glob.cmd',
300 silly reify   'C:\\Users\\akito\\git\\calculator\\node_modules\\@next\\eslint-plugin-next\\node_modules\\.bin\\glob.ps1'
300 silly reify ]
301 silly reify mark retired [
301 silly reify   'C:\\Users\\akito\\git\\calculator\\node_modules\\@next\\eslint-plugin-next\\node_modules\\minimatch'
301 silly reify ]
302 silly reify mark retired [
302 silly reify   'C:\\Users\\akito\\git\\calculator\\node_modules\\@next\\eslint-plugin-next\\node_modules\\minipass'
302 silly reify ]
303 silly reify mark retired [
303 silly reify   'C:\\Users\\akito\\git\\calculator\\node_modules\\@next\\swc-win32-x64-msvc'
303 silly reify ]
304 silly reify mark retired [ 'C:\\Users\\akito\\git\\calculator\\node_modules\\agent-base' ]
305 silly reify mark retired [
305 silly reify   'C:\\Users\\akito\\git\\calculator\\node_modules\\anymatch\\node_modules\\picomatch'
305 silly reify ]
306 silly reify mark retired [ 'C:\\Users\\akito\\git\\calculator\\node_modules\\caniuse-lite' ]
307 silly reify mark retired [ 'C:\\Users\\akito\\git\\calculator\\node_modules\\chalk' ]
308 silly reify mark retired [
308 silly reify   'C:\\Users\\akito\\git\\calculator\\node_modules\\eslint\\node_modules\\chalk'
308 silly reify ]
309 silly reify mark retired [
309 silly reify   'C:\\Users\\akito\\git\\calculator\\node_modules\\eslint\\node_modules\\globals'
309 silly reify ]
310 silly reify mark retired [
310 silly reify   'C:\\Users\\akito\\git\\calculator\\node_modules\\eslint\\node_modules\\type-fest'
310 silly reify ]
311 silly reify mark retired [ 'C:\\Users\\akito\\git\\calculator\\node_modules\\glob' ]
312 silly reify mark retired [ 'C:\\Users\\akito\\git\\calculator\\node_modules\\globals' ]
313 silly reify mark retired [
313 silly reify   'C:\\Users\\akito\\git\\calculator\\node_modules\\https-proxy-agent'
313 silly reify ]
314 silly reify mark retired [
314 silly reify   'C:\\Users\\akito\\git\\calculator\\node_modules\\json5',
314 silly reify   'C:\\Users\\akito\\git\\calculator\\node_modules\\.bin\\json5',
314 silly reify   'C:\\Users\\akito\\git\\calculator\\node_modules\\.bin\\json5.cmd',
314 silly reify   'C:\\Users\\akito\\git\\calculator\\node_modules\\.bin\\json5.ps1'
314 silly reify ]
315 silly reify mark retired [ 'C:\\Users\\akito\\git\\calculator\\node_modules\\lru-cache' ]
316 silly reify mark retired [
316 silly reify   'C:\\Users\\akito\\git\\calculator\\node_modules\\micromatch\\node_modules\\picomatch'
316 silly reify ]
317 silly reify mark retired [ 'C:\\Users\\akito\\git\\calculator\\node_modules\\minipass' ]
318 silly reify mark retired [
318 silly reify   'C:\\Users\\akito\\git\\calculator\\node_modules\\minizlib\\node_modules\\minipass'
318 silly reify ]
319 silly reify mark retired [
319 silly reify   'C:\\Users\\akito\\git\\calculator\\node_modules\\path-scurry\\node_modules\\lru-cache'
319 silly reify ]
320 silly reify mark retired [
320 silly reify   'C:\\Users\\akito\\git\\calculator\\node_modules\\path-scurry\\node_modules\\minipass'
320 silly reify ]
321 silly reify mark retired [ 'C:\\Users\\akito\\git\\calculator\\node_modules\\picomatch' ]
322 silly reify mark retired [
322 silly reify   'C:\\Users\\akito\\git\\calculator\\node_modules\\readdirp\\node_modules\\picomatch'
322 silly reify ]
323 silly reify mark retired [
323 silly reify   'C:\\Users\\akito\\git\\calculator\\node_modules\\resolve',
323 silly reify   'C:\\Users\\akito\\git\\calculator\\node_modules\\.bin\\resolve',
323 silly reify   'C:\\Users\\akito\\git\\calculator\\node_modules\\.bin\\resolve.cmd',
323 silly reify   'C:\\Users\\akito\\git\\calculator\\node_modules\\.bin\\resolve.ps1'
323 silly reify ]
324 silly reify mark retired [
324 silly reify   'C:\\Users\\akito\\git\\calculator\\node_modules\\sucrase\\node_modules\\brace-expansion'
324 silly reify ]
325 silly reify mark retired [
325 silly reify   'C:\\Users\\akito\\git\\calculator\\node_modules\\sucrase\\node_modules\\glob',
325 silly reify   'C:\\Users\\akito\\git\\calculator\\node_modules\\sucrase\\node_modules\\.bin\\glob',
325 silly reify   'C:\\Users\\akito\\git\\calculator\\node_modules\\sucrase\\node_modules\\.bin\\glob.cmd',
325 silly reify   'C:\\Users\\akito\\git\\calculator\\node_modules\\sucrase\\node_modules\\.bin\\glob.ps1'
325 silly reify ]
326 silly reify mark retired [
326 silly reify   'C:\\Users\\akito\\git\\calculator\\node_modules\\sucrase\\node_modules\\jackspeak'
326 silly reify ]
327 silly reify mark retired [
327 silly reify   'C:\\Users\\akito\\git\\calculator\\node_modules\\sucrase\\node_modules\\minimatch'
327 silly reify ]
328 silly reify mark retired [
328 silly reify   'C:\\Users\\akito\\git\\calculator\\node_modules\\sucrase\\node_modules\\minipass'
328 silly reify ]
329 silly reify mark retired [
329 silly reify   'C:\\Users\\akito\\git\\calculator\\node_modules\\supabase\\node_modules\\agent-base'
329 silly reify ]
330 silly reify mark retired [
330 silly reify   'C:\\Users\\akito\\git\\calculator\\node_modules\\supabase\\node_modules\\https-proxy-agent'
330 silly reify ]
331 silly reify mark retired [
331 silly reify   'C:\\Users\\akito\\git\\calculator\\node_modules\\tar\\node_modules\\minipass'
331 silly reify ]
332 silly reify mark retired [
332 silly reify   'C:\\Users\\akito\\git\\calculator\\node_modules\\tar\\node_modules\\yallist'
332 silly reify ]
333 silly reify mark retired [
333 silly reify   'C:\\Users\\akito\\git\\calculator\\node_modules\\tsconfig-paths\\node_modules\\json5',
333 silly reify   'C:\\Users\\akito\\git\\calculator\\node_modules\\tsconfig-paths\\node_modules\\.bin\\json5',
333 silly reify   'C:\\Users\\akito\\git\\calculator\\node_modules\\tsconfig-paths\\node_modules\\.bin\\json5.cmd',
333 silly reify   'C:\\Users\\akito\\git\\calculator\\node_modules\\tsconfig-paths\\node_modules\\.bin\\json5.ps1'
333 silly reify ]
334 silly reify mark retired [ 'C:\\Users\\akito\\git\\calculator\\node_modules\\type-fest' ]
335 silly reify mark retired [ 'C:\\Users\\akito\\git\\calculator\\node_modules\\yallist' ]
336 silly reify moves {
336 silly reify   'C:\\Users\\akito\\git\\calculator\\node_modules\\@eslint\\eslintrc\\node_modules\\globals': 'C:\\Users\\akito\\git\\calculator\\node_modules\\@eslint\\eslintrc\\node_modules\\.globals-M391z2qD',
336 silly reify   'C:\\Users\\akito\\git\\calculator\\node_modules\\@eslint\\eslintrc\\node_modules\\type-fest': 'C:\\Users\\akito\\git\\calculator\\node_modules\\@eslint\\eslintrc\\node_modules\\.type-fest-tknxc3jk',
336 silly reify   'C:\\Users\\akito\\git\\calculator\\node_modules\\@isaacs\\fs-minipass\\node_modules\\minipass': 'C:\\Users\\akito\\git\\calculator\\node_modules\\@isaacs\\fs-minipass\\node_modules\\.minipass-q0IyQu4X',
336 silly reify   'C:\\Users\\akito\\git\\calculator\\node_modules\\@next\\eslint-plugin-next\\node_modules\\brace-expansion': 'C:\\Users\\akito\\git\\calculator\\node_modules\\@next\\eslint-plugin-next\\node_modules\\.brace-expansion-Ktj2hqTx',
336 silly reify   'C:\\Users\\akito\\git\\calculator\\node_modules\\@next\\eslint-plugin-next\\node_modules\\glob': 'C:\\Users\\akito\\git\\calculator\\node_modules\\@next\\eslint-plugin-next\\node_modules\\.glob-YwA7htui',
336 silly reify   'C:\\Users\\akito\\git\\calculator\\node_modules\\@next\\eslint-plugin-next\\node_modules\\.bin\\glob': 'C:\\Users\\akito\\git\\calculator\\node_modules\\@next\\eslint-plugin-next\\node_modules\\.bin\\.glob-3llTqzzT',
336 silly reify   'C:\\Users\\akito\\git\\calculator\\node_modules\\@next\\eslint-plugin-next\\node_modules\\.bin\\glob.cmd': 'C:\\Users\\akito\\git\\calculator\\node_modules\\@next\\eslint-plugin-next\\node_modules\\.bin\\.glob.cmd-LRE2pput',
336 silly reify   'C:\\Users\\akito\\git\\calculator\\node_modules\\@next\\eslint-plugin-next\\node_modules\\.bin\\glob.ps1': 'C:\\Users\\akito\\git\\calculator\\node_modules\\@next\\eslint-plugin-next\\node_modules\\.bin\\.glob.ps1-DFKcL6FC',
336 silly reify   'C:\\Users\\akito\\git\\calculator\\node_modules\\@next\\eslint-plugin-next\\node_modules\\minimatch': 'C:\\Users\\akito\\git\\calculator\\node_modules\\@next\\eslint-plugin-next\\node_modules\\.minimatch-RN4J0d76',
336 silly reify   'C:\\Users\\akito\\git\\calculator\\node_modules\\@next\\eslint-plugin-next\\node_modules\\minipass': 'C:\\Users\\akito\\git\\calculator\\node_modules\\@next\\eslint-plugin-next\\node_modules\\.minipass-MmxttkAa',
336 silly reify   'C:\\Users\\akito\\git\\calculator\\node_modules\\@next\\swc-win32-x64-msvc': 'C:\\Users\\akito\\git\\calculator\\node_modules\\@next\\.swc-win32-x64-msvc-YREotHlZ',
336 silly reify   'C:\\Users\\akito\\git\\calculator\\node_modules\\agent-base': 'C:\\Users\\akito\\git\\calculator\\node_modules\\.agent-base-AgDv0t3p',
336 silly reify   'C:\\Users\\akito\\git\\calculator\\node_modules\\anymatch\\node_modules\\picomatch': 'C:\\Users\\akito\\git\\calculator\\node_modules\\anymatch\\node_modules\\.picomatch-z5yhdECj',
336 silly reify   'C:\\Users\\akito\\git\\calculator\\node_modules\\caniuse-lite': 'C:\\Users\\akito\\git\\calculator\\node_modules\\.caniuse-lite-QC9L3Tad',
336 silly reify   'C:\\Users\\akito\\git\\calculator\\node_modules\\chalk': 'C:\\Users\\akito\\git\\calculator\\node_modules\\.chalk-0wJQe4XF',
336 silly reify   'C:\\Users\\akito\\git\\calculator\\node_modules\\eslint\\node_modules\\chalk': 'C:\\Users\\akito\\git\\calculator\\node_modules\\eslint\\node_modules\\.chalk-kzAaJWTi',
336 silly reify   'C:\\Users\\akito\\git\\calculator\\node_modules\\eslint\\node_modules\\globals': 'C:\\Users\\akito\\git\\calculator\\node_modules\\eslint\\node_modules\\.globals-gZVtGuGU',
336 silly reify   'C:\\Users\\akito\\git\\calculator\\node_modules\\eslint\\node_modules\\type-fest': 'C:\\Users\\akito\\git\\calculator\\node_modules\\eslint\\node_modules\\.type-fest-oxhsuukC',
336 silly reify   'C:\\Users\\akito\\git\\calculator\\node_modules\\glob': 'C:\\Users\\akito\\git\\calculator\\node_modules\\.glob-cJvbs3OD',
336 silly reify   'C:\\Users\\akito\\git\\calculator\\node_modules\\globals': 'C:\\Users\\akito\\git\\calculator\\node_modules\\.globals-UgdS0bAC',
336 silly reify   'C:\\Users\\akito\\git\\calculator\\node_modules\\https-proxy-agent': 'C:\\Users\\akito\\git\\calculator\\node_modules\\.https-proxy-agent-LvBelm8n',
336 silly reify   'C:\\Users\\akito\\git\\calculator\\node_modules\\json5': 'C:\\Users\\akito\\git\\calculator\\node_modules\\.json5-np3X4oly',
336 silly reify   'C:\\Users\\akito\\git\\calculator\\node_modules\\.bin\\json5': 'C:\\Users\\akito\\git\\calculator\\node_modules\\.bin\\.json5-gqVt0uU5',
336 silly reify   'C:\\Users\\akito\\git\\calculator\\node_modules\\.bin\\json5.cmd': 'C:\\Users\\akito\\git\\calculator\\node_modules\\.bin\\.json5.cmd-OWD3GtUk',
336 silly reify   'C:\\Users\\akito\\git\\calculator\\node_modules\\.bin\\json5.ps1': 'C:\\Users\\akito\\git\\calculator\\node_modules\\.bin\\.json5.ps1-HiXhYGV3',
336 silly reify   'C:\\Users\\akito\\git\\calculator\\node_modules\\lru-cache': 'C:\\Users\\akito\\git\\calculator\\node_modules\\.lru-cache-N9KdyXQK',
336 silly reify   'C:\\Users\\akito\\git\\calculator\\node_modules\\micromatch\\node_modules\\picomatch': 'C:\\Users\\akito\\git\\calculator\\node_modules\\micromatch\\node_modules\\.picomatch-nSVaaWV2',
336 silly reify   'C:\\Users\\akito\\git\\calculator\\node_modules\\minipass': 'C:\\Users\\akito\\git\\calculator\\node_modules\\.minipass-BB7WXKmF',
336 silly reify   'C:\\Users\\akito\\git\\calculator\\node_modules\\minizlib\\node_modules\\minipass': 'C:\\Users\\akito\\git\\calculator\\node_modules\\minizlib\\node_modules\\.minipass-NH5uz7Nz',
336 silly reify   'C:\\Users\\akito\\git\\calculator\\node_modules\\path-scurry\\node_modules\\lru-cache': 'C:\\Users\\akito\\git\\calculator\\node_modules\\path-scurry\\node_modules\\.lru-cache-3mMpYjEh',
336 silly reify   'C:\\Users\\akito\\git\\calculator\\node_modules\\path-scurry\\node_modules\\minipass': 'C:\\Users\\akito\\git\\calculator\\node_modules\\path-scurry\\node_modules\\.minipass-j9Q1MPRK',
336 silly reify   'C:\\Users\\akito\\git\\calculator\\node_modules\\picomatch': 'C:\\Users\\akito\\git\\calculator\\node_modules\\.picomatch-crU4yWYc',
336 silly reify   'C:\\Users\\akito\\git\\calculator\\node_modules\\readdirp\\node_modules\\picomatch': 'C:\\Users\\akito\\git\\calculator\\node_modules\\readdirp\\node_modules\\.picomatch-k8XaB2Bl',
336 silly reify   'C:\\Users\\akito\\git\\calculator\\node_modules\\resolve': 'C:\\Users\\akito\\git\\calculator\\node_modules\\.resolve-38Yvczd8',
336 silly reify   'C:\\Users\\akito\\git\\calculator\\node_modules\\.bin\\resolve': 'C:\\Users\\akito\\git\\calculator\\node_modules\\.bin\\.resolve-NxLqMTCC',
336 silly reify   'C:\\Users\\akito\\git\\calculator\\node_modules\\.bin\\resolve.cmd': 'C:\\Users\\akito\\git\\calculator\\node_modules\\.bin\\.resolve.cmd-ieMytwkd',
336 silly reify   'C:\\Users\\akito\\git\\calculator\\node_modules\\.bin\\resolve.ps1': 'C:\\Users\\akito\\git\\calculator\\node_modules\\.bin\\.resolve.ps1-pLRRkUd7',
336 silly reify   'C:\\Users\\akito\\git\\calculator\\node_modules\\sucrase\\node_modules\\brace-expansion': 'C:\\Users\\akito\\git\\calculator\\node_modules\\sucrase\\node_modules\\.brace-expansion-erxTodnP',
336 silly reify   'C:\\Users\\akito\\git\\calculator\\node_modules\\sucrase\\node_modules\\glob': 'C:\\Users\\akito\\git\\calculator\\node_modules\\sucrase\\node_modules\\.glob-CRnQESDJ',
336 silly reify   'C:\\Users\\akito\\git\\calculator\\node_modules\\sucrase\\node_modules\\.bin\\glob': 'C:\\Users\\akito\\git\\calculator\\node_modules\\sucrase\\node_modules\\.bin\\.glob-mVjUxfCJ',
336 silly reify   'C:\\Users\\akito\\git\\calculator\\node_modules\\sucrase\\node_modules\\.bin\\glob.cmd': 'C:\\Users\\akito\\git\\calculator\\node_modules\\sucrase\\node_modules\\.bin\\.glob.cmd-xfRu5nQ2',
336 silly reify   'C:\\Users\\akito\\git\\calculator\\node_modules\\sucrase\\node_modules\\.bin\\glob.ps1': 'C:\\Users\\akito\\git\\calculator\\node_modules\\sucrase\\node_modules\\.bin\\.glob.ps1-zZSxgYxn',
336 silly reify   'C:\\Users\\akito\\git\\calculator\\node_modules\\sucrase\\node_modules\\jackspeak': 'C:\\Users\\akito\\git\\calculator\\node_modules\\sucrase\\node_modules\\.jackspeak-9lzXkl6y',
336 silly reify   'C:\\Users\\akito\\git\\calculator\\node_modules\\sucrase\\node_modules\\minimatch': 'C:\\Users\\akito\\git\\calculator\\node_modules\\sucrase\\node_modules\\.minimatch-tWdqwq2u',
336 silly reify   'C:\\Users\\akito\\git\\calculator\\node_modules\\sucrase\\node_modules\\minipass': 'C:\\Users\\akito\\git\\calculator\\node_modules\\sucrase\\node_modules\\.minipass-IVYStgbq',
336 silly reify   'C:\\Users\\akito\\git\\calculator\\node_modules\\supabase\\node_modules\\agent-base': 'C:\\Users\\akito\\git\\calculator\\node_modules\\supabase\\node_modules\\.agent-base-LXnKJCRW',
336 silly reify   'C:\\Users\\akito\\git\\calculator\\node_modules\\supabase\\node_modules\\https-proxy-agent': 'C:\\Users\\akito\\git\\calculator\\node_modules\\supabase\\node_modules\\.https-proxy-agent-ekFklrqH',
336 silly reify   'C:\\Users\\akito\\git\\calculator\\node_modules\\tar\\node_modules\\minipass': 'C:\\Users\\akito\\git\\calculator\\node_modules\\tar\\node_modules\\.minipass-OoyL30cn',
336 silly reify   'C:\\Users\\akito\\git\\calculator\\node_modules\\tar\\node_modules\\yallist': 'C:\\Users\\akito\\git\\calculator\\node_modules\\tar\\node_modules\\.yallist-pyubF1Gl',
336 silly reify   'C:\\Users\\akito\\git\\calculator\\node_modules\\tsconfig-paths\\node_modules\\json5': 'C:\\Users\\akito\\git\\calculator\\node_modules\\tsconfig-paths\\node_modules\\.json5-jLbcAXzK',
336 silly reify   'C:\\Users\\akito\\git\\calculator\\node_modules\\tsconfig-paths\\node_modules\\.bin\\json5': 'C:\\Users\\akito\\git\\calculator\\node_modules\\tsconfig-paths\\node_modules\\.bin\\.json5-W8deoBYR',
336 silly reify   'C:\\Users\\akito\\git\\calculator\\node_modules\\tsconfig-paths\\node_modules\\.bin\\json5.cmd': 'C:\\Users\\akito\\git\\calculator\\node_modules\\tsconfig-paths\\node_modules\\.bin\\.json5.cmd-KqDZI5WZ',
336 silly reify   'C:\\Users\\akito\\git\\calculator\\node_modules\\tsconfig-paths\\node_modules\\.bin\\json5.ps1': 'C:\\Users\\akito\\git\\calculator\\node_modules\\tsconfig-paths\\node_modules\\.bin\\.json5.ps1-axspK6rW',
336 silly reify   'C:\\Users\\akito\\git\\calculator\\node_modules\\type-fest': 'C:\\Users\\akito\\git\\calculator\\node_modules\\.type-fest-UXYbPA2P',
336 silly reify   'C:\\Users\\akito\\git\\calculator\\node_modules\\yallist': 'C:\\Users\\akito\\git\\calculator\\node_modules\\.yallist-ZApccz26'
336 silly reify }
337 silly audit bulk request {
337 silly audit   '@alloc/quick-lru': [ '5.2.0' ],
337 silly audit   '@ampproject/remapping': [ '2.3.0' ],
337 silly audit   '@babel/code-frame': [ '7.27.1' ],
337 silly audit   '@babel/compat-data': [ '7.27.1' ],
337 silly audit   '@babel/core': [ '7.27.1' ],
337 silly audit   json5: [ '2.2.3', '1.0.2' ],
337 silly audit   semver: [ '6.3.1', '7.7.1' ],
337 silly audit   '@babel/generator': [ '7.27.1' ],
337 silly audit   '@babel/helper-compilation-targets': [ '7.27.1' ],
337 silly audit   'lru-cache': [ '5.1.1', '10.4.3', '11.1.0' ],
337 silly audit   yallist: [ '3.1.1', '5.0.0' ],
337 silly audit   '@babel/helper-module-imports': [ '7.27.1' ],
337 silly audit   '@babel/helper-module-transforms': [ '7.27.1' ],
337 silly audit   '@babel/helper-string-parser': [ '7.27.1' ],
337 silly audit   '@babel/helper-validator-identifier': [ '7.27.1' ],
337 silly audit   '@babel/helper-validator-option': [ '7.27.1' ],
337 silly audit   '@babel/helpers': [ '7.27.1' ],
337 silly audit   '@babel/parser': [ '7.27.1' ],
337 silly audit   '@babel/runtime': [ '7.27.1' ],
337 silly audit   '@babel/template': [ '7.27.1' ],
337 silly audit   '@babel/traverse': [ '7.27.1' ],
337 silly audit   globals: [ '11.12.0', '13.24.0' ],
337 silly audit   '@babel/types': [ '7.27.1' ],
337 silly audit   '@clerk/backend': [ '1.31.2' ],
337 silly audit   '@clerk/types': [ '4.56.3', '3.65.5' ],
337 silly audit   csstype: [ '3.1.3', '3.1.1' ],
337 silly audit   '@clerk/clerk-react': [ '5.30.4' ],
337 silly audit   '@clerk/localizations': [ '1.22.0' ],
337 silly audit   '@clerk/nextjs': [ '6.18.5' ],
337 silly audit   '@clerk/shared': [ '3.7.8' ],
337 silly audit   '@emnapi/core': [ '1.4.3' ],
337 silly audit   '@emnapi/runtime': [ '1.4.3' ],
337 silly audit   '@emnapi/wasi-threads': [ '1.0.2' ],
337 silly audit   '@eslint-community/eslint-utils': [ '4.7.0' ],
337 silly audit   '@eslint-community/regexpp': [ '4.12.1' ],
337 silly audit   '@eslint/eslintrc': [ '2.1.4' ],
337 silly audit   '@eslint/js': [ '8.57.1' ],
337 silly audit   '@humanwhocodes/config-array': [ '0.11.14' ],
337 silly audit   '@humanwhocodes/module-importer': [ '1.0.1' ],
337 silly audit   '@humanwhocodes/object-schema': [ '2.0.3' ],
337 silly audit   '@isaacs/cliui': [ '8.0.2' ],
337 silly audit   'ansi-regex': [ '6.1.0', '5.0.1' ],
337 silly audit   'strip-ansi': [ '7.1.0', '6.0.1' ],
337 silly audit   '@isaacs/fs-minipass': [ '4.0.1' ],
337 silly audit   '@jridgewell/gen-mapping': [ '0.3.8' ],
337 silly audit   '@jridgewell/resolve-uri': [ '3.1.2' ],
337 silly audit   '@jridgewell/set-array': [ '1.2.1' ],
337 silly audit   '@jridgewell/sourcemap-codec': [ '1.5.0' ],
337 silly audit   '@jridgewell/trace-mapping': [ '0.3.25' ],
337 silly audit   '@kurkle/color': [ '0.3.4' ],
337 silly audit   '@napi-rs/wasm-runtime': [ '0.2.9' ],
337 silly audit   '@next/env': [ '14.2.28' ],
337 silly audit   '@next/eslint-plugin-next': [ '14.2.28' ],
337 silly audit   '@next/swc-darwin-arm64': [ '14.2.28' ],
337 silly audit   '@next/swc-darwin-x64': [ '14.2.28' ],
337 silly audit   '@next/swc-linux-arm64-gnu': [ '14.2.28' ],
337 silly audit   '@next/swc-linux-arm64-musl': [ '14.2.28' ],
337 silly audit   '@next/swc-linux-x64-gnu': [ '14.2.28' ],
337 silly audit   '@next/swc-linux-x64-musl': [ '14.2.28' ],
337 silly audit   '@next/swc-win32-arm64-msvc': [ '14.2.28' ],
337 silly audit   '@next/swc-win32-ia32-msvc': [ '14.2.28' ],
337 silly audit   '@nodelib/fs.scandir': [ '2.1.5' ],
337 silly audit   '@nodelib/fs.stat': [ '2.0.5' ],
337 silly audit   '@nodelib/fs.walk': [ '1.2.8' ],
337 silly audit   '@nolyfill/is-core-module': [ '1.0.39' ],
337 silly audit   '@opentelemetry/api': [ '1.9.0' ],
337 silly audit   '@opentelemetry/api-logs': [ '0.57.2' ],
337 silly audit   '@opentelemetry/context-async-hooks': [ '1.30.1' ],
337 silly audit   '@opentelemetry/core': [ '1.30.1' ],
337 silly audit   '@opentelemetry/semantic-conventions': [ '1.28.0', '1.32.0' ],
337 silly audit   '@opentelemetry/instrumentation': [ '0.57.2' ],
337 silly audit   '@opentelemetry/instrumentation-amqplib': [ '0.46.1' ],
337 silly audit   '@opentelemetry/instrumentation-connect': [ '0.43.1' ],
337 silly audit   '@opentelemetry/instrumentation-dataloader': [ '0.16.1' ],
337 silly audit   '@opentelemetry/instrumentation-express': [ '0.47.1' ],
337 silly audit   '@opentelemetry/instrumentation-fastify': [ '0.44.2' ],
337 silly audit   '@opentelemetry/instrumentation-fs': [ '0.19.1' ],
337 silly audit   '@opentelemetry/instrumentation-generic-pool': [ '0.43.1' ],
337 silly audit   '@opentelemetry/instrumentation-graphql': [ '0.47.1' ],
337 silly audit   '@opentelemetry/instrumentation-hapi': [ '0.45.2' ],
337 silly audit   '@opentelemetry/instrumentation-http': [ '0.57.2' ],
337 silly audit   '@opentelemetry/instrumentation-ioredis': [ '0.47.1' ],
337 silly audit   '@opentelemetry/instrumentation-kafkajs': [ '0.7.1' ],
337 silly audit   '@opentelemetry/instrumentation-knex': [ '0.44.1' ],
337 silly audit   '@opentelemetry/instrumentation-koa': [ '0.47.1' ],
337 silly audit   '@opentelemetry/instrumentation-lru-memoizer': [ '0.44.1' ],
337 silly audit   '@opentelemetry/instrumentation-mongodb': [ '0.52.0' ],
337 silly audit   '@opentelemetry/instrumentation-mongoose': [ '0.46.1' ],
337 silly audit   '@opentelemetry/instrumentation-mysql': [ '0.45.1' ],
337 silly audit   '@opentelemetry/instrumentation-mysql2': [ '0.45.2' ],
337 silly audit   '@opentelemetry/instrumentation-pg': [ '0.51.1' ],
337 silly audit   '@opentelemetry/instrumentation-redis-4': [ '0.46.1' ],
337 silly audit   '@opentelemetry/instrumentation-tedious': [ '0.18.1' ],
337 silly audit   '@opentelemetry/instrumentation-undici': [ '0.10.1' ],
337 silly audit   '@opentelemetry/redis-common': [ '0.36.2' ],
337 silly audit   '@opentelemetry/resources': [ '1.30.1' ],
337 silly audit   '@opentelemetry/sdk-trace-base': [ '1.30.1' ],
337 silly audit   '@opentelemetry/sql-common': [ '0.40.1' ],
337 silly audit   '@pkgjs/parseargs': [ '0.11.0' ],
337 silly audit   '@prisma/instrumentation': [ '6.6.0' ],
337 silly audit   '@rollup/plugin-commonjs': [ '28.0.1' ],
337 silly audit   picomatch: [ '4.0.2', '2.3.1' ],
337 silly audit   '@rollup/pluginutils': [ '5.1.4' ],
337 silly audit   '@rollup/rollup-android-arm-eabi': [ '4.35.0' ],
337 silly audit   '@rollup/rollup-android-arm64': [ '4.35.0' ],
337 silly audit   '@rollup/rollup-darwin-arm64': [ '4.35.0' ],
337 silly audit   '@rollup/rollup-darwin-x64': [ '4.35.0' ],
337 silly audit   '@rollup/rollup-freebsd-arm64': [ '4.35.0' ],
337 silly audit   '@rollup/rollup-freebsd-x64': [ '4.35.0' ],
337 silly audit   '@rollup/rollup-linux-arm-gnueabihf': [ '4.35.0' ],
337 silly audit   '@rollup/rollup-linux-arm-musleabihf': [ '4.35.0' ],
337 silly audit   '@rollup/rollup-linux-arm64-gnu': [ '4.35.0' ],
337 silly audit   '@rollup/rollup-linux-arm64-musl': [ '4.35.0' ],
337 silly audit   '@rollup/rollup-linux-loongarch64-gnu': [ '4.35.0' ],
337 silly audit   '@rollup/rollup-linux-powerpc64le-gnu': [ '4.35.0' ],
337 silly audit   '@rollup/rollup-linux-riscv64-gnu': [ '4.35.0' ],
337 silly audit   '@rollup/rollup-linux-s390x-gnu': [ '4.35.0' ],
337 silly audit   '@rollup/rollup-linux-x64-gnu': [ '4.35.0' ],
337 silly audit   '@rollup/rollup-linux-x64-musl': [ '4.35.0' ],
337 silly audit   '@rollup/rollup-win32-arm64-msvc': [ '4.35.0' ],
337 silly audit   '@rollup/rollup-win32-ia32-msvc': [ '4.35.0' ],
337 silly audit   '@rollup/rollup-win32-x64-msvc': [ '4.35.0' ],
337 silly audit   '@rtsao/scc': [ '1.1.0' ],
337 silly audit   '@rushstack/eslint-patch': [ '1.11.0' ],
337 silly audit   '@sentry-internal/browser-utils': [ '9.15.0' ],
337 silly audit   '@sentry-internal/feedback': [ '9.15.0' ],
337 silly audit   '@sentry-internal/replay': [ '9.15.0' ],
337 silly audit   '@sentry-internal/replay-canvas': [ '9.15.0' ],
337 silly audit   '@sentry/babel-plugin-component-annotate': [ '3.3.1' ],
337 silly audit   '@sentry/browser': [ '9.15.0' ],
337 silly audit   '@sentry/bundler-plugin-core': [ '3.3.1' ],
337 silly audit   'brace-expansion': [ '2.0.1', '1.1.11' ],
337 silly audit   glob: [ '9.3.5', '10.3.10', '7.2.3', '11.0.2' ],
337 silly audit   'magic-string': [ '0.30.8', '0.30.17' ],
337 silly audit   minimatch: [ '8.0.4', '9.0.5', '3.1.2', '10.0.1' ],
337 silly audit   minipass: [ '4.2.8', '7.1.2' ],
337 silly audit   '@sentry/cli': [ '2.42.2' ],
337 silly audit   '@sentry/cli-darwin': [ '2.42.2' ],
337 silly audit   '@sentry/cli-linux-arm': [ '2.42.2' ],
337 silly audit   '@sentry/cli-linux-arm64': [ '2.42.2' ],
337 silly audit   '@sentry/cli-linux-i686': [ '2.42.2' ],
337 silly audit   '@sentry/cli-linux-x64': [ '2.42.2' ],
337 silly audit   '@sentry/cli-win32-i686': [ '2.42.2' ],
337 silly audit   '@sentry/cli-win32-x64': [ '2.42.2' ],
337 silly audit   'agent-base': [ '6.0.2', '7.1.3' ],
337 silly audit   'https-proxy-agent': [ '5.0.1', '7.0.6' ],
337 silly audit   '@sentry/core': [ '9.15.0' ],
337 silly audit   '@sentry/nextjs': [ '9.15.0' ],
337 silly audit   chalk: [ '3.0.0', '4.1.2' ],
337 silly audit   resolve: [ '1.22.8', '2.0.0-next.5', '1.22.10' ],
337 silly audit   '@sentry/node': [ '9.15.0' ],
337 silly audit   '@sentry/opentelemetry': [ '9.15.0' ],
337 silly audit   '@sentry/react': [ '9.15.0' ],
337 silly audit   '@sentry/vercel-edge': [ '9.15.0' ],
337 silly audit   '@sentry/webpack-plugin': [ '3.3.1' ],
337 silly audit   uuid: [ '9.0.1', '11.1.0' ],
337 silly audit   '@supabase/auth-helpers-nextjs': [ '0.7.4' ],
337 silly audit   '@supabase/auth-helpers-shared': [ '0.4.1' ],
337 silly audit   '@supabase/functions-js': [ '2.4.4' ],
337 silly audit   '@supabase/gotrue-js': [ '2.69.1' ],
337 silly audit   '@supabase/node-fetch': [ '2.6.15' ],
337 silly audit   '@supabase/postgrest-js': [ '1.19.4' ],
337 silly audit   '@supabase/realtime-js': [ '2.11.7' ],
337 silly audit   '@supabase/ssr': [ '0.6.1' ],
337 silly audit   '@supabase/storage-js': [ '2.7.2' ],
337 silly audit   '@supabase/supabase-js': [ '2.32.0' ],
337 silly audit   '@swc/counter': [ '0.1.3' ],
337 silly audit   '@swc/helpers': [ '0.5.5' ],
337 silly audit   '@tybys/wasm-util': [ '0.9.0' ],
337 silly audit   '@types/chart.js': [ '2.9.37' ],
337 silly audit   '@types/connect': [ '3.4.38' ],
337 silly audit   '@types/estree': [ '1.0.7', '1.0.6' ],
337 silly audit   '@types/json5': [ '0.0.29' ],
337 silly audit   '@types/mysql': [ '2.15.26' ],
337 silly audit   '@types/node': [ '20.5.0' ],
337 silly audit   '@types/pg': [ '8.6.1' ],
337 silly audit   '@types/pg-pool': [ '2.0.6' ],
337 silly audit   '@types/phoenix': [ '1.6.6' ],
337 silly audit   '@types/prop-types': [ '15.7.14' ],
337 silly audit   '@types/react': [ '18.2.20' ],
337 silly audit   '@types/react-dom': [ '18.2.7' ],
337 silly audit   '@types/scheduler': [ '0.26.0' ],
337 silly audit   '@types/shimmer': [ '1.2.0' ],
337 silly audit   '@types/tedious': [ '4.0.14' ],
337 silly audit   '@types/uuid': [ '10.0.0' ],
337 silly audit   '@types/ws': [ '8.18.1' ],
337 silly audit   '@typescript-eslint/eslint-plugin': [ '8.31.1' ],
337 silly audit   '@typescript-eslint/parser': [ '8.31.1' ],
337 silly audit   '@typescript-eslint/scope-manager': [ '8.31.1' ],
337 silly audit   '@typescript-eslint/type-utils': [ '8.31.1' ],
337 silly audit   '@typescript-eslint/types': [ '8.31.1' ],
337 silly audit   '@typescript-eslint/typescript-estree': [ '8.31.1' ],
337 silly audit   '@typescript-eslint/utils': [ '8.31.1' ],
337 silly audit   '@typescript-eslint/visitor-keys': [ '8.31.1' ],
337 silly audit   'eslint-visitor-keys': [ '4.2.0', '3.4.3' ],
337 silly audit   '@unrs/resolver-binding-darwin-arm64': [ '1.7.2' ],
337 silly audit   '@unrs/resolver-binding-darwin-x64': [ '1.7.2' ],
337 silly audit   '@unrs/resolver-binding-freebsd-x64': [ '1.7.2' ],
337 silly audit   '@unrs/resolver-binding-linux-arm-gnueabihf': [ '1.7.2' ],
337 silly audit   '@unrs/resolver-binding-linux-arm-musleabihf': [ '1.7.2' ],
337 silly audit   '@unrs/resolver-binding-linux-arm64-gnu': [ '1.7.2' ],
337 silly audit   '@unrs/resolver-binding-linux-arm64-musl': [ '1.7.2' ],
337 silly audit   '@unrs/resolver-binding-linux-ppc64-gnu': [ '1.7.2' ],
337 silly audit   '@unrs/resolver-binding-linux-riscv64-gnu': [ '1.7.2' ],
337 silly audit   '@unrs/resolver-binding-linux-riscv64-musl': [ '1.7.2' ],
337 silly audit   '@unrs/resolver-binding-linux-s390x-gnu': [ '1.7.2' ],
337 silly audit   '@unrs/resolver-binding-linux-x64-gnu': [ '1.7.2' ],
337 silly audit   '@unrs/resolver-binding-linux-x64-musl': [ '1.7.2' ],
337 silly audit   '@unrs/resolver-binding-wasm32-wasi': [ '1.7.2' ],
337 silly audit   '@unrs/resolver-binding-win32-arm64-msvc': [ '1.7.2' ],
337 silly audit   '@unrs/resolver-binding-win32-ia32-msvc': [ '1.7.2' ],
337 silly audit   '@unrs/resolver-binding-win32-x64-msvc': [ '1.7.2' ],
337 silly audit   acorn: [ '8.14.1' ],
337 silly audit   'acorn-import-attributes': [ '1.9.5' ],
337 silly audit   'acorn-jsx': [ '5.3.2' ],
337 silly audit   ajv: [ '6.12.6' ],
337 silly audit   'ansi-styles': [ '4.3.0', '6.2.1' ],
337 silly audit   'any-promise': [ '1.3.0' ],
337 silly audit   anymatch: [ '3.1.3' ],
337 silly audit   arg: [ '5.0.2' ],
337 silly audit   argparse: [ '2.0.1' ],
337 silly audit   'aria-query': [ '5.3.2' ],
337 silly audit   'array-buffer-byte-length': [ '1.0.2' ],
337 silly audit   'array-includes': [ '3.1.8' ],
337 silly audit   'array.prototype.findlast': [ '1.2.5' ],
337 silly audit   'array.prototype.findlastindex': [ '1.2.6' ],
337 silly audit   'array.prototype.flat': [ '1.3.3' ],
337 silly audit   'array.prototype.flatmap': [ '1.3.3' ],
337 silly audit   'array.prototype.tosorted': [ '1.1.4' ],
337 silly audit   'arraybuffer.prototype.slice': [ '1.0.4' ],
337 silly audit   'ast-types-flow': [ '0.0.8' ],
337 silly audit   'async-function': [ '1.0.0' ],
337 silly audit   autoprefixer: [ '10.4.15' ],
337 silly audit   'available-typed-arrays': [ '1.0.7' ],
337 silly audit   'axe-core': [ '4.10.3' ],
337 silly audit   'axobject-query': [ '4.1.0' ],
337 silly audit   'balanced-match': [ '1.0.2' ],
337 silly audit   'bin-links': [ '5.0.0' ],
337 silly audit   'binary-extensions': [ '2.3.0' ],
337 silly audit   braces: [ '3.0.3' ],
337 silly audit   browserslist: [ '4.24.5' ],
337 silly audit   busboy: [ '1.6.0' ],
337 silly audit   'call-bind': [ '1.0.8' ],
337 silly audit   'call-bind-apply-helpers': [ '1.0.2' ],
337 silly audit   'call-bound': [ '1.0.4' ],
337 silly audit   callsites: [ '3.1.0' ],
337 silly audit   'camelcase-css': [ '2.0.1' ],
337 silly audit   'caniuse-lite': [ '1.0.30001716' ],
337 silly audit   'chart.js': [ '4.4.0' ],
337 silly audit   chokidar: [ '3.6.0' ],
337 silly audit   'glob-parent': [ '5.1.2', '6.0.2' ],
337 silly audit   chownr: [ '3.0.0' ],
337 silly audit   'cjs-module-lexer': [ '1.4.3' ],
337 silly audit   'client-only': [ '0.0.1' ],
337 silly audit   'cmd-shim': [ '7.0.0' ],
337 silly audit   'color-convert': [ '2.0.1' ],
337 silly audit   'color-name': [ '1.1.4' ],
337 silly audit   commander: [ '4.1.1' ],
337 silly audit   commondir: [ '1.0.1' ],
337 silly audit   'concat-map': [ '0.0.1' ],
337 silly audit   'convert-source-map': [ '2.0.0' ],
337 silly audit   cookie: [ '1.0.2' ],
337 silly audit   'cross-fetch': [ '3.2.0' ],
337 silly audit   'cross-spawn': [ '7.0.6' ],
337 silly audit   cssesc: [ '3.0.0' ],
337 silly audit   'damerau-levenshtein': [ '1.0.8' ],
337 silly audit   'data-uri-to-buffer': [ '4.0.1' ],
337 silly audit   'data-view-buffer': [ '1.0.2' ],
337 silly audit   'data-view-byte-length': [ '1.0.2' ],
337 silly audit   'data-view-byte-offset': [ '1.0.1' ],
337 silly audit   'date-fns': [ '2.30.0' ],
337 silly audit   debug: [ '4.4.0', '3.2.7' ],
337 silly audit   'deep-is': [ '0.1.4' ],
337 silly audit   'define-data-property': [ '1.1.4' ],
337 silly audit   'define-properties': [ '1.2.1' ],
337 silly audit   dequal: [ '2.0.3' ],
337 silly audit   didyoumean: [ '1.2.2' ],
337 silly audit   dlv: [ '1.1.3' ],
337 silly audit   doctrine: [ '3.0.0', '2.1.0' ],
337 silly audit   'dot-case': [ '3.0.4' ],
337 silly audit   dotenv: [ '16.5.0' ],
337 silly audit   'dunder-proto': [ '1.0.1' ],
337 silly audit   eastasianwidth: [ '0.2.0' ],
337 silly audit   'electron-to-chromium': [ '1.5.149' ],
337 silly audit   'emoji-regex': [ '9.2.2', '8.0.0' ],
337 silly audit   'es-abstract': [ '1.23.9' ],
337 silly audit   'es-define-property': [ '1.0.1' ],
337 silly audit   'es-errors': [ '1.3.0' ],
337 silly audit   'es-iterator-helpers': [ '1.2.1' ],
337 silly audit   'es-object-atoms': [ '1.1.1' ],
337 silly audit   'es-set-tostringtag': [ '2.1.0' ],
337 silly audit   'es-shim-unscopables': [ '1.1.0' ],
337 silly audit   'es-to-primitive': [ '1.3.0' ],
337 silly audit   escalade: [ '3.2.0' ],
337 silly audit   'escape-string-regexp': [ '4.0.0' ],
337 silly audit   eslint: [ '8.47.0' ],
337 silly audit   'eslint-config-next': [ '14.2.28' ],
337 silly audit   'eslint-import-resolver-node': [ '0.3.9' ],
337 silly audit   'eslint-import-resolver-typescript': [ '3.10.1' ],
337 silly audit   'eslint-module-utils': [ '2.12.0' ],
337 silly audit   'eslint-plugin-import': [ '2.31.0' ],
337 silly audit   'eslint-plugin-jsx-a11y': [ '6.10.2' ],
337 silly audit   'eslint-plugin-react': [ '7.37.5' ],
337 silly audit   'eslint-plugin-react-hooks': [ '5.0.0-canary-7118f5dd7-20230705' ],
337 silly audit   'eslint-scope': [ '7.2.2' ],
337 silly audit   espree: [ '9.6.1' ],
337 silly audit   esquery: [ '1.6.0' ],
337 silly audit   esrecurse: [ '4.3.0' ],
337 silly audit   estraverse: [ '5.3.0' ],
337 silly audit   'estree-walker': [ '2.0.2' ],
337 silly audit   esutils: [ '2.0.3' ],
337 silly audit   'fast-deep-equal': [ '3.1.3' ],
337 silly audit   'fast-glob': [ '3.3.3' ],
337 silly audit   'fast-json-stable-stringify': [ '2.1.0' ],
337 silly audit   'fast-levenshtein': [ '2.0.6' ],
337 silly audit   fastq: [ '1.19.1' ],
337 silly audit   fdir: [ '6.4.4' ],
337 silly audit   'fetch-blob': [ '3.2.0' ],
337 silly audit   'file-entry-cache': [ '6.0.1' ],
337 silly audit   'fill-range': [ '7.1.1' ],
337 silly audit   'find-up': [ '5.0.0' ],
337 silly audit   'flat-cache': [ '3.2.0' ],
337 silly audit   flatted: [ '3.3.3' ],
337 silly audit   'for-each': [ '0.3.5' ],
337 silly audit   'foreground-child': [ '3.3.1' ],
337 silly audit   'formdata-polyfill': [ '4.0.10' ],
337 silly audit   'forwarded-parse': [ '2.1.2' ],
337 silly audit   'fraction.js': [ '4.3.7' ],
337 silly audit   'fs.realpath': [ '1.0.0' ],
337 silly audit   fsevents: [ '2.3.3' ],
337 silly audit   'function-bind': [ '1.1.2' ],
337 silly audit   'function.prototype.name': [ '1.1.8' ],
337 silly audit   'functions-have-names': [ '1.2.3' ],
337 silly audit   gensync: [ '1.0.0-beta.2' ],
337 silly audit   'get-intrinsic': [ '1.3.0' ],
337 silly audit   'get-proto': [ '1.0.1' ],
337 silly audit   'get-symbol-description': [ '1.1.0' ],
337 silly audit   'get-tsconfig': [ '4.10.0' ],
337 silly audit   'glob-to-regexp': [ '0.4.1' ],
337 silly audit   globalthis: [ '1.0.4' ],
337 silly audit   gopd: [ '1.2.0' ],
337 silly audit   'graceful-fs': [ '4.2.11' ],
337 silly audit   graphemer: [ '1.4.0' ],
337 silly audit   'has-bigints': [ '1.1.0' ],
337 silly audit   'has-flag': [ '4.0.0' ],
337 silly audit   'has-property-descriptors': [ '1.0.2' ],
337 silly audit   'has-proto': [ '1.2.0' ],
337 silly audit   'has-symbols': [ '1.1.0' ],
337 silly audit   'has-tostringtag': [ '1.0.2' ],
337 silly audit   hasown: [ '2.0.2' ],
337 silly audit   'hoist-non-react-statics': [ '3.3.2' ],
337 silly audit   ignore: [ '5.3.2' ],
337 silly audit   'import-fresh': [ '3.3.1' ],
337 silly audit   'import-in-the-middle': [ '1.13.1' ],
337 silly audit   imurmurhash: [ '0.1.4' ],
337 silly audit   inflight: [ '1.0.6' ],
337 silly audit   inherits: [ '2.0.4' ],
337 silly audit   'internal-slot': [ '1.1.0' ],
337 silly audit   'is-array-buffer': [ '3.0.5' ],
337 silly audit   'is-async-function': [ '2.1.1' ],
337 silly audit   'is-bigint': [ '1.1.0' ],
337 silly audit   'is-binary-path': [ '2.1.0' ],
337 silly audit   'is-boolean-object': [ '1.2.2' ],
337 silly audit   'is-bun-module': [ '2.0.0' ],
337 silly audit   'is-callable': [ '1.2.7' ],
337 silly audit   'is-core-module': [ '2.16.1' ],
337 silly audit   'is-data-view': [ '1.0.2' ],
337 silly audit   'is-date-object': [ '1.1.0' ],
337 silly audit   'is-extglob': [ '2.1.1' ],
337 silly audit   'is-finalizationregistry': [ '1.1.1' ],
337 silly audit   'is-fullwidth-code-point': [ '3.0.0' ],
337 silly audit   'is-generator-function': [ '1.1.0' ],
337 silly audit   'is-glob': [ '4.0.3' ],
337 silly audit   'is-map': [ '2.0.3' ],
337 silly audit   'is-number': [ '7.0.0' ],
337 silly audit   'is-number-object': [ '1.1.1' ],
337 silly audit   'is-path-inside': [ '3.0.3' ],
337 silly audit   'is-reference': [ '1.2.1' ],
337 silly audit   'is-regex': [ '1.2.1' ],
337 silly audit   'is-set': [ '2.0.3' ],
337 silly audit   'is-shared-array-buffer': [ '1.0.4' ],
337 silly audit   'is-string': [ '1.1.1' ],
337 silly audit   'is-symbol': [ '1.1.1' ],
337 silly audit   'is-typed-array': [ '1.1.15' ],
337 silly audit   'is-weakmap': [ '2.0.2' ],
337 silly audit   'is-weakref': [ '1.1.1' ],
337 silly audit   'is-weakset': [ '2.0.4' ],
337 silly audit   isarray: [ '2.0.5' ],
337 silly audit   isexe: [ '2.0.0' ],
337 silly audit   'iterator.prototype': [ '1.1.5' ],
337 silly audit   jackspeak: [ '2.3.6', '4.1.0' ],
337 silly audit   jiti: [ '1.21.7' ],
337 silly audit   jose: [ '4.15.9' ],
337 silly audit   'js-cookie': [ '3.0.5' ],
337 silly audit   'js-tokens': [ '4.0.0' ],
337 silly audit   'js-yaml': [ '4.1.0' ],
337 silly audit   jsesc: [ '3.1.0' ],
337 silly audit   'json-buffer': [ '3.0.1' ],
337 silly audit   'json-schema-traverse': [ '0.4.1' ],
337 silly audit   'json-stable-stringify-without-jsonify': [ '1.0.1' ],
337 silly audit   'jsx-ast-utils': [ '3.3.5' ],
337 silly audit   keyv: [ '4.5.4' ],
337 silly audit   'language-subtag-registry': [ '0.3.23' ],
337 silly audit   'language-tags': [ '1.0.9' ],
337 silly audit   levn: [ '0.4.1' ],
337 silly audit   lilconfig: [ '2.1.0', '3.1.3' ],
337 silly audit   'lines-and-columns': [ '1.2.4' ],
337 silly audit   'locate-path': [ '6.0.0' ],
337 silly audit   'lodash.merge': [ '4.6.2' ],
337 silly audit   'loose-envify': [ '1.4.0' ],
337 silly audit   'lower-case': [ '2.0.2' ],
337 silly audit   'map-obj': [ '4.3.0' ],
337 silly audit   'math-intrinsics': [ '1.1.0' ],
337 silly audit   merge2: [ '1.4.1' ],
337 silly audit   micromatch: [ '4.0.8' ],
337 silly audit   minimist: [ '1.2.8' ],
337 silly audit   minizlib: [ '3.0.2' ],
337 silly audit   mkdirp: [ '3.0.1' ],
337 silly audit   'module-details-from-path': [ '1.0.4' ],
337 silly audit   moment: [ '2.30.1' ],
337 silly audit   ms: [ '2.1.3' ],
337 silly audit   mz: [ '2.7.0' ],
337 silly audit   nanoid: [ '3.3.11' ],
337 silly audit   'napi-postinstall': [ '0.2.3' ],
337 silly audit   'natural-compare': [ '1.4.0' ],
337 silly audit   next: [ '14.2.28' ],
337 silly audit   '@next/swc-win32-x64-msvc': [ '14.2.28' ],
337 silly audit   postcss: [ '8.4.31', '8.5.3' ],
337 silly audit   'no-case': [ '3.0.4' ],
337 silly audit   'node-domexception': [ '1.0.0' ],
337 silly audit   'node-fetch': [ '2.7.0', '3.3.2' ],
337 silly audit   'node-releases': [ '2.0.19' ],
337 silly audit   'normalize-path': [ '3.0.0' ],
337 silly audit   'normalize-range': [ '0.1.2' ],
337 silly audit   'npm-normalize-package-bin': [ '4.0.0' ],
337 silly audit   'object-assign': [ '4.1.1' ],
337 silly audit   'object-hash': [ '3.0.0' ],
337 silly audit   'object-inspect': [ '1.13.4' ],
337 silly audit   'object-keys': [ '1.1.1' ],
337 silly audit   'object.assign': [ '4.1.7' ],
337 silly audit   'object.entries': [ '1.1.9' ],
337 silly audit   'object.fromentries': [ '2.0.8' ],
337 silly audit   'object.groupby': [ '1.0.3' ],
337 silly audit   'object.values': [ '1.2.1' ],
337 silly audit   once: [ '1.4.0' ],
337 silly audit   optionator: [ '0.9.4' ],
337 silly audit   'own-keys': [ '1.0.1' ],
337 silly audit   'p-limit': [ '3.1.0' ],
337 silly audit   'p-locate': [ '5.0.0' ],
337 silly audit   'parent-module': [ '1.0.1' ],
337 silly audit   'path-exists': [ '4.0.0' ],
337 silly audit   'path-is-absolute': [ '1.0.1' ],
337 silly audit   'path-key': [ '3.1.1' ],
337 silly audit   'path-parse': [ '1.0.7' ],
337 silly audit   'path-scurry': [ '1.11.1', '2.0.0' ],
337 silly audit   'pg-int8': [ '1.0.1' ],
337 silly audit   'pg-protocol': [ '1.9.5' ],
337 silly audit   'pg-types': [ '2.2.0' ],
337 silly audit   picocolors: [ '1.1.1' ],
337 silly audit   pify: [ '2.3.0' ],
337 silly audit   pirates: [ '4.0.7' ],
337 silly audit   'possible-typed-array-names': [ '1.1.0' ],
337 silly audit   'postcss-import': [ '15.1.0' ],
337 silly audit   'postcss-js': [ '4.0.1' ],
337 silly audit   'postcss-load-config': [ '4.0.2' ],
337 silly audit   'postcss-nested': [ '6.2.0' ],
337 silly audit   'postcss-selector-parser': [ '6.1.2' ],
337 silly audit   'postcss-value-parser': [ '4.2.0' ],
337 silly audit   'postgres-array': [ '2.0.0' ],
337 silly audit   'postgres-bytea': [ '1.0.0' ],
337 silly audit   'postgres-date': [ '1.0.7' ],
337 silly audit   'postgres-interval': [ '1.2.0' ],
337 silly audit   'prelude-ls': [ '1.2.1' ],
337 silly audit   'proc-log': [ '5.0.0' ],
337 silly audit   progress: [ '2.0.3' ],
337 silly audit   'prop-types': [ '15.8.1' ],
337 silly audit   'proxy-from-env': [ '1.1.0' ],
337 silly audit   punycode: [ '2.3.1' ],
337 silly audit   'queue-microtask': [ '1.2.3' ],
337 silly audit   react: [ '18.2.0' ],
337 silly audit   'react-chartjs-2': [ '5.2.0' ],
337 silly audit   'react-dom': [ '18.2.0' ],
337 silly audit   'react-is': [ '16.13.1' ],
337 silly audit   'read-cache': [ '1.0.0' ],
337 silly audit   'read-cmd-shim': [ '5.0.0' ],
337 silly audit   readdirp: [ '3.6.0' ],
337 silly audit   'reflect.getprototypeof': [ '1.0.10' ],
337 silly audit   'regexp.prototype.flags': [ '1.5.4' ],
337 silly audit   'require-in-the-middle': [ '7.5.2' ],
337 silly audit   'resolve-from': [ '4.0.0' ],
337 silly audit   'resolve-pkg-maps': [ '1.0.0' ],
337 silly audit   reusify: [ '1.1.0' ],
337 silly audit   rimraf: [ '3.0.2' ],
337 silly audit   rollup: [ '4.35.0' ],
337 silly audit   'run-parallel': [ '1.2.0' ],
337 silly audit   'safe-array-concat': [ '1.1.3' ],
337 silly audit   'safe-push-apply': [ '1.0.0' ],
337 silly audit   'safe-regex-test': [ '1.1.0' ],
337 silly audit   scheduler: [ '0.23.2' ],
337 silly audit   'server-only': [ '0.0.1' ],
337 silly audit   'set-cookie-parser': [ '2.7.1' ],
337 silly audit   'set-function-length': [ '1.2.2' ],
337 silly audit   'set-function-name': [ '2.0.2' ],
337 silly audit   'set-proto': [ '1.0.0' ],
337 silly audit   'shebang-command': [ '2.0.0' ],
337 silly audit   'shebang-regex': [ '3.0.0' ],
337 silly audit   shimmer: [ '1.2.1' ],
337 silly audit   'side-channel': [ '1.1.0' ],
337 silly audit   'side-channel-list': [ '1.0.0' ],
337 silly audit   'side-channel-map': [ '1.0.1' ],
337 silly audit   'side-channel-weakmap': [ '1.0.2' ],
337 silly audit   'signal-exit': [ '4.1.0' ],
337 silly audit   'snake-case': [ '3.0.4' ],
337 silly audit   'snakecase-keys': [ '8.0.1' ],
337 silly audit   'type-fest': [ '4.40.1', '0.7.1', '0.20.2' ],
337 silly audit   'source-map-js': [ '1.2.1' ],
337 silly audit   'stable-hash': [ '0.0.5' ],
337 silly audit   'stacktrace-parser': [ '0.1.11' ],
337 silly audit   'std-env': [ '3.9.0' ],
337 silly audit   streamsearch: [ '1.1.0' ],
337 silly audit   'string-width': [ '5.1.2', '4.2.3' ],
337 silly audit   'string.prototype.includes': [ '2.0.1' ],
337 silly audit   'string.prototype.matchall': [ '4.0.12' ],
337 silly audit   'string.prototype.repeat': [ '1.0.0' ],
337 silly audit   'string.prototype.trim': [ '1.2.10' ],
337 silly audit   'string.prototype.trimend': [ '1.0.9' ],
337 silly audit   'string.prototype.trimstart': [ '1.0.8' ],
337 silly audit   'strip-bom': [ '3.0.0' ],
337 silly audit   'strip-json-comments': [ '3.1.1' ],
337 silly audit   'styled-jsx': [ '5.1.1' ],
337 silly audit   sucrase: [ '3.35.0' ],
337 silly audit   supabase: [ '1.226.4' ],
337 silly audit   'supports-color': [ '7.2.0' ],
337 silly audit   'supports-preserve-symlinks-flag': [ '1.0.0' ],
337 silly audit   swr: [ '2.3.3' ],
337 silly audit   tailwindcss: [ '3.3.3' ],
337 silly audit   tar: [ '7.4.3' ],
337 silly audit   'text-table': [ '0.2.0' ],
337 silly audit   thenify: [ '3.3.1' ],
337 silly audit   'thenify-all': [ '1.6.0' ],
337 silly audit   tinyglobby: [ '0.2.13' ],
337 silly audit   'to-regex-range': [ '5.0.1' ],
337 silly audit   tr46: [ '0.0.3' ],
337 silly audit   'ts-api-utils': [ '2.1.0' ],
337 silly audit   'ts-interface-checker': [ '0.1.13' ],
337 silly audit   'tsconfig-paths': [ '3.15.0' ],
337 silly audit   tslib: [ '2.8.1' ],
337 silly audit   'type-check': [ '0.4.0' ],
337 silly audit   'typed-array-buffer': [ '1.0.3' ],
337 silly audit   'typed-array-byte-length': [ '1.0.3' ],
337 silly audit   'typed-array-byte-offset': [ '1.0.4' ],
337 silly audit   'typed-array-length': [ '1.0.7' ],
337 silly audit   typescript: [ '5.1.6' ],
337 silly audit   'unbox-primitive': [ '1.1.0' ],
337 silly audit   unplugin: [ '1.0.1' ],
337 silly audit   'unrs-resolver': [ '1.7.2' ],
337 silly audit   'update-browserslist-db': [ '1.1.3' ],
337 silly audit   'uri-js': [ '4.4.1' ],
337 silly audit   'use-sync-external-store': [ '1.5.0' ],
337 silly audit   'util-deprecate': [ '1.0.2' ],
337 silly audit   'web-streams-polyfill': [ '3.3.3' ],
337 silly audit   'webidl-conversions': [ '3.0.1' ],
337 silly audit   'webpack-sources': [ '3.2.3' ],
337 silly audit   'webpack-virtual-modules': [ '0.5.0' ],
337 silly audit   'whatwg-url': [ '5.0.0' ],
337 silly audit   which: [ '2.0.2' ],
337 silly audit   'which-boxed-primitive': [ '1.1.1' ],
337 silly audit   'which-builtin-type': [ '1.2.1' ],
337 silly audit   'which-collection': [ '1.0.2' ],
337 silly audit   'which-typed-array': [ '1.1.19' ],
337 silly audit   'word-wrap': [ '1.2.5' ],
337 silly audit   'wrap-ansi': [ '8.1.0', '7.0.0' ],
337 silly audit   wrappy: [ '1.0.2' ],
337 silly audit   'write-file-atomic': [ '6.0.0' ],
337 silly audit   ws: [ '8.18.2' ],
337 silly audit   xtend: [ '4.0.2' ],
337 silly audit   yaml: [ '2.7.1' ],
337 silly audit   'yocto-queue': [ '0.1.0' ],
337 silly audit   'sharp-cli': [ '5.1.0' ],
337 silly audit   'bubble-stream-error': [ '1.0.0' ],
337 silly audit   'is-directory': [ '0.3.1' ],
337 silly audit   'lodash.pick': [ '3.1.0' ],
337 silly audit   sharp: [ '0.33.5' ],
337 silly audit   yargs: [ '17.7.2' ],
337 silly audit   sliced: [ '1.0.1' ],
337 silly audit   'lodash._baseflatten': [ '3.1.4' ],
337 silly audit   'lodash._bindcallback': [ '3.0.1' ],
337 silly audit   'lodash._pickbyarray': [ '3.0.2' ],
337 silly audit   'lodash._pickbycallback': [ '3.0.0' ],
337 silly audit   'lodash.restparam': [ '3.6.1' ],
337 silly audit   'lodash.isarguments': [ '3.1.0' ],
337 silly audit   'lodash.isarray': [ '3.0.4' ],
337 silly audit   'lodash._basefor': [ '3.0.3' ],
337 silly audit   'lodash.keysin': [ '3.0.8' ],
337 silly audit   '@img/sharp-darwin-arm64': [ '0.33.5' ],
337 silly audit   '@img/sharp-darwin-x64': [ '0.33.5' ],
337 silly audit   '@img/sharp-libvips-darwin-arm64': [ '1.0.4' ],
337 silly audit   '@img/sharp-libvips-darwin-x64': [ '1.0.4' ],
337 silly audit   '@img/sharp-libvips-linux-arm': [ '1.0.5' ],
337 silly audit   '@img/sharp-libvips-linux-arm64': [ '1.0.4' ],
337 silly audit   '@img/sharp-libvips-linux-s390x': [ '1.0.4' ],
337 silly audit   '@img/sharp-libvips-linux-x64': [ '1.0.4' ],
337 silly audit   '@img/sharp-libvips-linuxmusl-arm64': [ '1.0.4' ],
337 silly audit   '@img/sharp-libvips-linuxmusl-x64': [ '1.0.4' ],
337 silly audit   '@img/sharp-linux-arm': [ '0.33.5' ],
337 silly audit   '@img/sharp-linux-arm64': [ '0.33.5' ],
337 silly audit   '@img/sharp-linux-s390x': [ '0.33.5' ],
337 silly audit   '@img/sharp-linux-x64': [ '0.33.5' ],
337 silly audit   '@img/sharp-linuxmusl-arm64': [ '0.33.5' ],
337 silly audit   '@img/sharp-linuxmusl-x64': [ '0.33.5' ],
337 silly audit   '@img/sharp-wasm32': [ '0.33.5' ],
337 silly audit   '@img/sharp-win32-ia32': [ '0.33.5' ],
337 silly audit   '@img/sharp-win32-x64': [ '0.33.5' ],
337 silly audit   color: [ '4.2.3' ],
337 silly audit   'detect-libc': [ '2.0.4' ],
337 silly audit   'color-string': [ '1.9.1' ],
337 silly audit   'simple-swizzle': [ '0.2.2' ],
337 silly audit   'is-arrayish': [ '0.3.2' ],
337 silly audit   cliui: [ '8.0.1' ],
337 silly audit   'get-caller-file': [ '2.0.5' ],
337 silly audit   'require-directory': [ '2.1.1' ],
337 silly audit   y18n: [ '5.0.8' ],
337 silly audit   'yargs-parser': [ '21.1.1' ],
337 silly audit   'package-json-from-dist': [ '1.0.1' ]
337 silly audit }
338 verbose reify failed optional dependency C:\Users\akito\git\calculator\node_modules\@img\sharp-win32-ia32
339 silly reify mark deleted [
339 silly reify   'C:\\Users\\akito\\git\\calculator\\node_modules\\@img\\sharp-win32-ia32'
339 silly reify ]
340 verbose reify failed optional dependency C:\Users\akito\git\calculator\node_modules\@img\sharp-wasm32
341 silly reify mark deleted [
341 silly reify   'C:\\Users\\akito\\git\\calculator\\node_modules\\@img\\sharp-wasm32'
341 silly reify ]
342 verbose reify failed optional dependency C:\Users\akito\git\calculator\node_modules\@img\sharp-linuxmusl-x64
343 silly reify mark deleted [
343 silly reify   'C:\\Users\\akito\\git\\calculator\\node_modules\\@img\\sharp-linuxmusl-x64'
343 silly reify ]
344 verbose reify failed optional dependency C:\Users\akito\git\calculator\node_modules\@img\sharp-linuxmusl-arm64
345 silly reify mark deleted [
345 silly reify   'C:\\Users\\akito\\git\\calculator\\node_modules\\@img\\sharp-linuxmusl-arm64'
345 silly reify ]
346 verbose reify failed optional dependency C:\Users\akito\git\calculator\node_modules\@img\sharp-linux-x64
347 silly reify mark deleted [
347 silly reify   'C:\\Users\\akito\\git\\calculator\\node_modules\\@img\\sharp-linux-x64'
347 silly reify ]
348 verbose reify failed optional dependency C:\Users\akito\git\calculator\node_modules\@img\sharp-linux-s390x
349 silly reify mark deleted [
349 silly reify   'C:\\Users\\akito\\git\\calculator\\node_modules\\@img\\sharp-linux-s390x'
349 silly reify ]
350 verbose reify failed optional dependency C:\Users\akito\git\calculator\node_modules\@img\sharp-linux-arm64
351 silly reify mark deleted [
351 silly reify   'C:\\Users\\akito\\git\\calculator\\node_modules\\@img\\sharp-linux-arm64'
351 silly reify ]
352 verbose reify failed optional dependency C:\Users\akito\git\calculator\node_modules\@img\sharp-linux-arm
353 silly reify mark deleted [
353 silly reify   'C:\\Users\\akito\\git\\calculator\\node_modules\\@img\\sharp-linux-arm'
353 silly reify ]
354 verbose reify failed optional dependency C:\Users\akito\git\calculator\node_modules\@img\sharp-libvips-linuxmusl-x64
355 silly reify mark deleted [
355 silly reify   'C:\\Users\\akito\\git\\calculator\\node_modules\\@img\\sharp-libvips-linuxmusl-x64'
355 silly reify ]
356 verbose reify failed optional dependency C:\Users\akito\git\calculator\node_modules\@img\sharp-libvips-linuxmusl-arm64
357 silly reify mark deleted [
357 silly reify   'C:\\Users\\akito\\git\\calculator\\node_modules\\@img\\sharp-libvips-linuxmusl-arm64'
357 silly reify ]
358 verbose reify failed optional dependency C:\Users\akito\git\calculator\node_modules\@img\sharp-libvips-linux-x64
359 silly reify mark deleted [
359 silly reify   'C:\\Users\\akito\\git\\calculator\\node_modules\\@img\\sharp-libvips-linux-x64'
359 silly reify ]
360 verbose reify failed optional dependency C:\Users\akito\git\calculator\node_modules\@img\sharp-libvips-linux-s390x
361 silly reify mark deleted [
361 silly reify   'C:\\Users\\akito\\git\\calculator\\node_modules\\@img\\sharp-libvips-linux-s390x'
361 silly reify ]
362 verbose reify failed optional dependency C:\Users\akito\git\calculator\node_modules\@img\sharp-libvips-linux-arm64
363 silly reify mark deleted [
363 silly reify   'C:\\Users\\akito\\git\\calculator\\node_modules\\@img\\sharp-libvips-linux-arm64'
363 silly reify ]
364 verbose reify failed optional dependency C:\Users\akito\git\calculator\node_modules\@img\sharp-libvips-linux-arm
365 silly reify mark deleted [
365 silly reify   'C:\\Users\\akito\\git\\calculator\\node_modules\\@img\\sharp-libvips-linux-arm'
365 silly reify ]
366 verbose reify failed optional dependency C:\Users\akito\git\calculator\node_modules\@img\sharp-libvips-darwin-x64
367 silly reify mark deleted [
367 silly reify   'C:\\Users\\akito\\git\\calculator\\node_modules\\@img\\sharp-libvips-darwin-x64'
367 silly reify ]
368 verbose reify failed optional dependency C:\Users\akito\git\calculator\node_modules\@img\sharp-libvips-darwin-arm64
369 silly reify mark deleted [
369 silly reify   'C:\\Users\\akito\\git\\calculator\\node_modules\\@img\\sharp-libvips-darwin-arm64'
369 silly reify ]
370 verbose reify failed optional dependency C:\Users\akito\git\calculator\node_modules\@img\sharp-darwin-x64
371 silly reify mark deleted [
371 silly reify   'C:\\Users\\akito\\git\\calculator\\node_modules\\@img\\sharp-darwin-x64'
371 silly reify ]
372 verbose reify failed optional dependency C:\Users\akito\git\calculator\node_modules\@img\sharp-darwin-arm64
373 silly reify mark deleted [
373 silly reify   'C:\\Users\\akito\\git\\calculator\\node_modules\\@img\\sharp-darwin-arm64'
373 silly reify ]
374 http cache yargs-parser@https://registry.npmjs.org/yargs-parser/-/yargs-parser-21.1.1.tgz 0ms (cache hit)
375 http cache y18n@https://registry.npmjs.org/y18n/-/y18n-5.0.8.tgz 0ms (cache hit)
376 http cache get-caller-file@https://registry.npmjs.org/get-caller-file/-/get-caller-file-2.0.5.tgz 0ms (cache hit)
377 http cache require-directory@https://registry.npmjs.org/require-directory/-/require-directory-2.1.1.tgz 0ms (cache hit)
378 http cache cliui@https://registry.npmjs.org/cliui/-/cliui-8.0.1.tgz 0ms (cache hit)
379 http cache is-arrayish@https://registry.npmjs.org/is-arrayish/-/is-arrayish-0.3.2.tgz 0ms (cache hit)
380 http cache simple-swizzle@https://registry.npmjs.org/simple-swizzle/-/simple-swizzle-0.2.2.tgz 0ms (cache hit)
381 http cache color-string@https://registry.npmjs.org/color-string/-/color-string-1.9.1.tgz 0ms (cache hit)
382 http cache @img/sharp-win32-x64@https://registry.npmjs.org/@img/sharp-win32-x64/-/sharp-win32-x64-0.33.5.tgz 0ms (cache hit)
383 http cache color@https://registry.npmjs.org/color/-/color-4.2.3.tgz 0ms (cache hit)
384 http cache detect-libc@https://registry.npmjs.org/detect-libc/-/detect-libc-2.0.4.tgz 0ms (cache hit)
385 http cache lodash._basefor@https://registry.npmjs.org/lodash._basefor/-/lodash._basefor-3.0.3.tgz 0ms (cache hit)
386 http cache lodash.isarray@https://registry.npmjs.org/lodash.isarray/-/lodash.isarray-3.0.4.tgz 0ms (cache hit)
387 http cache lodash.keysin@https://registry.npmjs.org/lodash.keysin/-/lodash.keysin-3.0.8.tgz 0ms (cache hit)
388 http cache lodash.isarguments@https://registry.npmjs.org/lodash.isarguments/-/lodash.isarguments-3.1.0.tgz 0ms (cache hit)
389 http cache lodash.restparam@https://registry.npmjs.org/lodash.restparam/-/lodash.restparam-3.6.1.tgz 0ms (cache hit)
390 http cache lodash._pickbyarray@https://registry.npmjs.org/lodash._pickbyarray/-/lodash._pickbyarray-3.0.2.tgz 0ms (cache hit)
391 http cache lodash._pickbycallback@https://registry.npmjs.org/lodash._pickbycallback/-/lodash._pickbycallback-3.0.0.tgz 0ms (cache hit)
392 http cache lodash._bindcallback@https://registry.npmjs.org/lodash._bindcallback/-/lodash._bindcallback-3.0.1.tgz 0ms (cache hit)
393 http cache sliced@https://registry.npmjs.org/sliced/-/sliced-1.0.1.tgz 0ms (cache hit)
394 http cache yargs@https://registry.npmjs.org/yargs/-/yargs-17.7.2.tgz 0ms (cache hit)
395 http cache lodash._baseflatten@https://registry.npmjs.org/lodash._baseflatten/-/lodash._baseflatten-3.1.4.tgz 0ms (cache hit)
396 http cache lodash.pick@https://registry.npmjs.org/lodash.pick/-/lodash.pick-3.1.0.tgz 0ms (cache hit)
397 http cache sharp@https://registry.npmjs.org/sharp/-/sharp-0.33.5.tgz 0ms (cache hit)
398 http cache is-directory@https://registry.npmjs.org/is-directory/-/is-directory-0.3.1.tgz 0ms (cache hit)
399 http cache bubble-stream-error@https://registry.npmjs.org/bubble-stream-error/-/bubble-stream-error-1.0.0.tgz 0ms (cache hit)
400 http cache sharp-cli@https://registry.npmjs.org/sharp-cli/-/sharp-cli-5.1.0.tgz 0ms (cache hit)
401 http cache yallist@https://registry.npmjs.org/yallist/-/yallist-5.0.0.tgz 0ms (cache hit)
402 http cache resolve@https://registry.npmjs.org/resolve/-/resolve-1.22.10.tgz 0ms (cache hit)
403 http cache picomatch@https://registry.npmjs.org/picomatch/-/picomatch-2.3.1.tgz 0ms (cache hit)
404 http cache type-fest@https://registry.npmjs.org/type-fest/-/type-fest-0.20.2.tgz 0ms (cache hit)
405 http cache minipass@https://registry.npmjs.org/minipass/-/minipass-7.1.2.tgz 0ms (cache hit)
406 http cache lru-cache@https://registry.npmjs.org/lru-cache/-/lru-cache-10.4.3.tgz 0ms (cache hit)
407 http cache json5@https://registry.npmjs.org/json5/-/json5-1.0.2.tgz 0ms (cache hit)
408 http cache globals@https://registry.npmjs.org/globals/-/globals-13.24.0.tgz 0ms (cache hit)
409 http cache https-proxy-agent@https://registry.npmjs.org/https-proxy-agent/-/https-proxy-agent-7.0.6.tgz 0ms (cache hit)
410 http cache glob@https://registry.npmjs.org/glob/-/glob-10.3.10.tgz 0ms (cache hit)
411 http cache chalk@https://registry.npmjs.org/chalk/-/chalk-4.1.2.tgz 0ms (cache hit)
412 http cache caniuse-lite@https://registry.npmjs.org/caniuse-lite/-/caniuse-lite-1.0.30001716.tgz 0ms (cache hit)
413 http cache emoji-regex@https://registry.npmjs.org/emoji-regex/-/emoji-regex-8.0.0.tgz 0ms (cache hit)
414 http cache agent-base@https://registry.npmjs.org/agent-base/-/agent-base-7.1.3.tgz 0ms (cache hit)
415 http cache wrap-ansi@https://registry.npmjs.org/wrap-ansi/-/wrap-ansi-7.0.0.tgz 0ms (cache hit)
416 http cache string-width@https://registry.npmjs.org/string-width/-/string-width-4.2.3.tgz 0ms (cache hit)
417 http cache string-width@https://registry.npmjs.org/string-width/-/string-width-4.2.3.tgz 0ms (cache hit)
418 http cache emoji-regex@https://registry.npmjs.org/emoji-regex/-/emoji-regex-8.0.0.tgz 0ms (cache hit)
419 http cache lru-cache@https://registry.npmjs.org/lru-cache/-/lru-cache-11.1.0.tgz 0ms (cache hit)
420 http cache minimatch@https://registry.npmjs.org/minimatch/-/minimatch-10.0.1.tgz 0ms (cache hit)
421 http cache brace-expansion@https://registry.npmjs.org/brace-expansion/-/brace-expansion-2.0.1.tgz 0ms (cache hit)
422 http cache path-scurry@https://registry.npmjs.org/path-scurry/-/path-scurry-2.0.0.tgz 0ms (cache hit)
423 http cache picomatch@https://registry.npmjs.org/picomatch/-/picomatch-4.0.2.tgz 0ms (cache hit)
424 http cache minimatch@https://registry.npmjs.org/minimatch/-/minimatch-9.0.5.tgz 0ms (cache hit)
425 http cache jackspeak@https://registry.npmjs.org/jackspeak/-/jackspeak-4.1.0.tgz 0ms (cache hit)
426 http cache glob@https://registry.npmjs.org/glob/-/glob-11.0.2.tgz 0ms (cache hit)
427 http cache type-fest@https://registry.npmjs.org/type-fest/-/type-fest-4.40.1.tgz 0ms (cache hit)
428 http cache @next/swc-win32-x64-msvc@https://registry.npmjs.org/@next/swc-win32-x64-msvc/-/swc-win32-x64-msvc-14.2.28.tgz 0ms (cache hit)
429 http cache https-proxy-agent@https://registry.npmjs.org/https-proxy-agent/-/https-proxy-agent-5.0.1.tgz 0ms (cache hit)
430 http cache resolve@https://registry.npmjs.org/resolve/-/resolve-1.22.8.tgz 0ms (cache hit)
431 http cache chalk@https://registry.npmjs.org/chalk/-/chalk-3.0.0.tgz 0ms (cache hit)
432 http cache agent-base@https://registry.npmjs.org/agent-base/-/agent-base-6.0.2.tgz 0ms (cache hit)
433 http cache glob@https://registry.npmjs.org/glob/-/glob-9.3.5.tgz 0ms (cache hit)
434 http cache minipass@https://registry.npmjs.org/minipass/-/minipass-4.2.8.tgz 0ms (cache hit)
435 http cache minimatch@https://registry.npmjs.org/minimatch/-/minimatch-8.0.4.tgz 0ms (cache hit)
436 http cache globals@https://registry.npmjs.org/globals/-/globals-11.12.0.tgz 0ms (cache hit)
437 http cache brace-expansion@https://registry.npmjs.org/brace-expansion/-/brace-expansion-2.0.1.tgz 0ms (cache hit)
438 http cache picomatch@https://registry.npmjs.org/picomatch/-/picomatch-4.0.2.tgz 0ms (cache hit)
439 http cache picomatch@https://registry.npmjs.org/picomatch/-/picomatch-4.0.2.tgz 0ms (cache hit)
440 http cache json5@https://registry.npmjs.org/json5/-/json5-2.2.3.tgz 0ms (cache hit)
441 http cache lru-cache@https://registry.npmjs.org/lru-cache/-/lru-cache-5.1.1.tgz 0ms (cache hit)
442 http cache yallist@https://registry.npmjs.org/yallist/-/yallist-3.1.1.tgz 0ms (cache hit)
443 http fetch POST 200 https://registry.npmjs.org/-/npm/v1/security/advisories/bulk 551ms
444 silly audit report {}
445 warn deprecated lodash.pick@3.1.0: This package is deprecated. Use destructuring assignment syntax instead.
446 info run sharp@0.33.5 install node_modules/sharp node install/check
447 info run sharp@0.33.5 install { code: 0, signal: null }
448 silly ADD node_modules/yargs-parser
449 silly ADD node_modules/y18n
450 silly ADD node_modules/require-directory
451 silly ADD node_modules/get-caller-file
452 silly ADD node_modules/cliui
453 silly ADD node_modules/cliui/node_modules/emoji-regex
454 silly ADD node_modules/cliui/node_modules/wrap-ansi
455 silly ADD node_modules/cliui/node_modules/string-width
456 silly ADD node_modules/is-arrayish
457 silly ADD node_modules/simple-swizzle
458 silly ADD node_modules/color-string
459 silly ADD node_modules/detect-libc
460 silly ADD node_modules/color
461 silly ADD node_modules/@img/sharp-win32-x64
462 silly ADD node_modules/@img/sharp-win32-ia32
463 silly ADD node_modules/@img/sharp-wasm32
464 silly ADD node_modules/@img/sharp-linuxmusl-x64
465 silly ADD node_modules/@img/sharp-linuxmusl-arm64
466 silly ADD node_modules/@img/sharp-linux-x64
467 silly ADD node_modules/@img/sharp-linux-s390x
468 silly ADD node_modules/@img/sharp-linux-arm64
469 silly ADD node_modules/@img/sharp-linux-arm
470 silly ADD node_modules/@img/sharp-libvips-linuxmusl-x64
471 silly ADD node_modules/@img/sharp-libvips-linuxmusl-arm64
472 silly ADD node_modules/@img/sharp-libvips-linux-x64
473 silly ADD node_modules/@img/sharp-libvips-linux-s390x
474 silly ADD node_modules/@img/sharp-libvips-linux-arm64
475 silly ADD node_modules/@img/sharp-libvips-linux-arm
476 silly ADD node_modules/@img/sharp-libvips-darwin-x64
477 silly ADD node_modules/@img/sharp-libvips-darwin-arm64
478 silly ADD node_modules/@img/sharp-darwin-x64
479 silly ADD node_modules/@img/sharp-darwin-arm64
480 silly ADD node_modules/lodash.keysin
481 silly ADD node_modules/lodash._basefor
482 silly ADD node_modules/lodash.isarray
483 silly ADD node_modules/lodash.isarguments
484 silly ADD node_modules/lodash.restparam
485 silly ADD node_modules/lodash._pickbycallback
486 silly ADD node_modules/lodash._pickbyarray
487 silly ADD node_modules/lodash._bindcallback
488 silly ADD node_modules/lodash._baseflatten
489 silly ADD node_modules/sliced
490 silly ADD node_modules/yargs
491 silly ADD node_modules/yargs/node_modules/emoji-regex
492 silly ADD node_modules/yargs/node_modules/string-width
493 silly ADD node_modules/sharp
494 silly ADD node_modules/lodash.pick
495 silly ADD node_modules/is-directory
496 silly ADD node_modules/bubble-stream-error
497 silly ADD node_modules/sharp-cli
498 silly ADD node_modules/sharp-cli/node_modules/lru-cache
499 silly ADD node_modules/sharp-cli/node_modules/brace-expansion
500 silly ADD node_modules/sharp-cli/node_modules/path-scurry
501 silly ADD node_modules/sharp-cli/node_modules/minimatch
502 silly ADD node_modules/sharp-cli/node_modules/jackspeak
503 silly ADD node_modules/sharp-cli/node_modules/glob
504 silly CHANGE node_modules/yallist
505 silly CHANGE node_modules/type-fest
506 silly REMOVE node_modules/tsconfig-paths/node_modules/json5
507 silly ADD node_modules/tinyglobby/node_modules/picomatch
508 silly REMOVE node_modules/tar/node_modules/yallist
509 silly REMOVE node_modules/tar/node_modules/minipass
510 silly REMOVE node_modules/supabase/node_modules/https-proxy-agent
511 silly REMOVE node_modules/supabase/node_modules/agent-base
512 silly REMOVE node_modules/sucrase/node_modules/minipass
513 silly REMOVE node_modules/sucrase/node_modules/minimatch
514 silly REMOVE node_modules/sucrase/node_modules/jackspeak
515 silly REMOVE node_modules/sucrase/node_modules/glob
516 silly REMOVE node_modules/sucrase/node_modules/brace-expansion
517 silly ADD node_modules/snakecase-keys/node_modules/type-fest
518 silly CHANGE node_modules/resolve
519 silly REMOVE node_modules/readdirp/node_modules/picomatch
520 silly CHANGE node_modules/picomatch
521 silly REMOVE node_modules/path-scurry/node_modules/minipass
522 silly REMOVE node_modules/path-scurry/node_modules/lru-cache
523 silly ADD node_modules/next/node_modules/@next/swc-win32-x64-msvc
524 silly REMOVE node_modules/minizlib/node_modules/minipass
525 silly CHANGE node_modules/minipass
526 silly REMOVE node_modules/micromatch/node_modules/picomatch
527 silly CHANGE node_modules/lru-cache
528 silly CHANGE node_modules/json5
529 silly CHANGE node_modules/https-proxy-agent
530 silly CHANGE node_modules/globals
531 silly CHANGE node_modules/glob
532 silly CHANGE node_modules/glob/node_modules/minimatch
533 silly REMOVE node_modules/eslint/node_modules/type-fest
534 silly REMOVE node_modules/eslint/node_modules/globals
535 silly REMOVE node_modules/eslint/node_modules/chalk
536 silly CHANGE node_modules/chalk
537 silly CHANGE node_modules/caniuse-lite
538 silly REMOVE node_modules/anymatch/node_modules/picomatch
539 silly CHANGE node_modules/agent-base
540 silly ADD node_modules/@sentry/nextjs/node_modules/resolve
541 silly ADD node_modules/@sentry/nextjs/node_modules/chalk
542 silly ADD node_modules/@sentry/cli/node_modules/https-proxy-agent
543 silly ADD node_modules/@sentry/cli/node_modules/agent-base
544 silly ADD node_modules/@sentry/bundler-plugin-core/node_modules/minipass
545 silly ADD node_modules/@sentry/bundler-plugin-core/node_modules/minimatch
546 silly ADD node_modules/@sentry/bundler-plugin-core/node_modules/glob
547 silly ADD node_modules/@sentry/bundler-plugin-core/node_modules/brace-expansion
548 silly ADD node_modules/@rollup/pluginutils/node_modules/picomatch
549 silly ADD node_modules/@rollup/plugin-commonjs/node_modules/picomatch
550 silly REMOVE node_modules/@next/swc-win32-x64-msvc
551 silly REMOVE node_modules/@next/eslint-plugin-next/node_modules/minipass
552 silly REMOVE node_modules/@next/eslint-plugin-next/node_modules/minimatch
553 silly REMOVE node_modules/@next/eslint-plugin-next/node_modules/glob
554 silly REMOVE node_modules/@next/eslint-plugin-next/node_modules/brace-expansion
555 silly REMOVE node_modules/@isaacs/fs-minipass/node_modules/minipass
556 silly REMOVE node_modules/@eslint/eslintrc/node_modules/type-fest
557 silly REMOVE node_modules/@eslint/eslintrc/node_modules/globals
558 silly ADD node_modules/@babel/traverse/node_modules/globals
559 silly ADD node_modules/@babel/helper-compilation-targets/node_modules/yallist
560 silly ADD node_modules/@babel/helper-compilation-targets/node_modules/lru-cache
561 silly ADD node_modules/@babel/core/node_modules/json5
562 verbose cwd C:\Users\akito\git\calculator
563 verbose os Windows_NT 10.0.26100
564 verbose node v20.19.1
565 verbose npm  v11.3.0
566 verbose exit 0
567 info ok
