0 verbose cli C:\Program Files\nodejs\node.exe C:\Program Files\nodejs\node_modules\npm\bin\npm-cli.js
1 info using npm@10.9.2
2 info using node@v22.14.0
3 silly config load:file:C:\Program Files\nodejs\node_modules\npm\npmrc
4 silly config load:file:C:\Users\akito\git\calculator\.npmrc
5 silly config load:file:C:\Users\akito\.npmrc
6 silly config load:file:C:\Users\akito\git\calculator\%APPDATA%\npm\etc\npmrc
7 verbose title npm init next-app@latest .
8 verbose argv "init" "next-app@latest" "." "--ts" "--tailwind" "--eslint" "--all" "--parseable" "--parseable" "--src-dir" "--import-alias" "--use-npm"
9 verbose logfile logs-max:10 dir:C:\Users\akito\git\calculator\%APPDATA%\npm-cache\_logs\2025-05-01T09_00_41_406Z-
10 verbose logfile C:\Users\akito\git\calculator\%APPDATA%\npm-cache\_logs\2025-05-01T09_00_41_406Z-debug-0.log
11 silly logfile start cleaning logs, removing 1 files
12 silly logfile done cleaning log files
13 silly packumentCache heap:4345298944 maxSize:1086324736 maxEntrySize:543162368
14 http fetch GET 200 https://registry.npmjs.org/create-next-app 236ms (cache miss)
15 silly packumentCache heap:4345298944 maxSize:1086324736 maxEntrySize:543162368
16 verbose stack Error: command failed
16 verbose stack     at promiseSpawn (C:\Program Files\nodejs\node_modules\npm\node_modules\@npmcli\promise-spawn\lib\index.js:22:22)
16 verbose stack     at spawnWithShell (C:\Program Files\nodejs\node_modules\npm\node_modules\@npmcli\promise-spawn\lib\index.js:124:10)
16 verbose stack     at promiseSpawn (C:\Program Files\nodejs\node_modules\npm\node_modules\@npmcli\promise-spawn\lib\index.js:12:12)
16 verbose stack     at runScriptPkg (C:\Program Files\nodejs\node_modules\npm\node_modules\@npmcli\run-script\lib\run-script-pkg.js:77:13)
16 verbose stack     at runScript (C:\Program Files\nodejs\node_modules\npm\node_modules\@npmcli\run-script\lib\run-script.js:9:12)
16 verbose stack     at run (C:\Program Files\nodejs\node_modules\npm\node_modules\libnpmexec\lib\run-script.js:48:10)
16 verbose stack     at async exec (C:\Program Files\nodejs\node_modules\npm\node_modules\libnpmexec\lib\index.js:298:10)
16 verbose stack     at async Init.execCreate (C:\Program Files\nodejs\node_modules\npm\lib\commands\init.js:135:5)
16 verbose stack     at async Init.exec (C:\Program Files\nodejs\node_modules\npm\lib\commands\init.js:44:14)
16 verbose stack     at async Npm.exec (C:\Program Files\nodejs\node_modules\npm\lib\npm.js:207:9)
17 verbose pkgid bestpcfinder@0.1.0
18 error code 1
19 error path C:\Users\akito\git\calculator
20 error command failed
21 error command C:\windows\system32\cmd.exe /d /s /c create-next-app .
22 verbose cwd C:\Users\akito\git\calculator
23 verbose os Windows_NT 10.0.26100
24 verbose node v22.14.0
25 verbose npm  v10.9.2
26 verbose exit 1
27 verbose code 1
28 error A complete log of this run can be found in: C:\Users\akito\git\calculator\%APPDATA%\npm-cache\_logs\2025-05-01T09_00_41_406Z-debug-0.log
