0 verbose cli C:\Program Files\nodejs\node.exe C:\Program Files\nodejs\node_modules\npm\bin\npm-cli.js
1 info using npm@10.9.2
2 info using node@v22.14.0
3 silly config load:file:C:\Program Files\nodejs\node_modules\npm\npmrc
4 silly config load:file:C:\Users\akito\git\calculator\.npmrc
5 silly config load:file:C:\Users\akito\.npmrc
6 silly config load:file:C:\Users\akito\git\calculator\%APPDATA%\npm\etc\npmrc
7 verbose title npm list @clerk/nextjs
8 verbose argv "list" "@clerk/nextjs"
9 verbose logfile logs-max:10 dir:C:\Users\akito\git\calculator\%APPDATA%\npm-cache\_logs\2025-05-02T03_26_00_910Z-
10 verbose logfile C:\Users\akito\git\calculator\%APPDATA%\npm-cache\_logs\2025-05-02T03_26_00_910Z-debug-0.log
11 silly logfile start cleaning logs, removing 1 files
12 silly packumentCache heap:4345298944 maxSize:1086324736 maxEntrySize:543162368
13 silly logfile done cleaning log files
14 verbose cwd C:\Users\akito\git\calculator
15 verbose os Windows_NT 10.0.26100
16 verbose node v22.14.0
17 verbose npm  v10.9.2
18 verbose exit 0
19 info ok
