0 verbose cli C:\Program Files\nodejs\node.exe C:\Program Files\nodejs\node_modules\npm\bin\npm-cli.js
1 info using npm@10.9.2
2 info using node@v22.14.0
3 silly config load:file:C:\Program Files\nodejs\node_modules\npm\npmrc
4 silly config load:file:C:\Users\akito\git\calculator\.npmrc
5 silly config load:file:C:\Users\akito\.npmrc
6 silly config load:file:C:\Users\akito\git\calculator\%APPDATA%\npm\etc\npmrc
7 verbose title npm install
8 verbose argv "install"
9 verbose logfile logs-max:10 dir:C:\Users\akito\git\calculator\%APPDATA%\npm-cache\_logs\2025-05-02T06_58_55_573Z-
10 verbose logfile C:\Users\akito\git\calculator\%APPDATA%\npm-cache\_logs\2025-05-02T06_58_55_573Z-debug-0.log
11 silly logfile start cleaning logs, removing 1 files
12 silly packumentCache heap:4345298944 maxSize:1086324736 maxEntrySize:543162368
13 silly logfile done cleaning log files
14 silly idealTree buildDeps
15 silly fetch manifest eslint-config-next@14.2.28
16 silly packumentCache full:https://registry.npmjs.org/eslint-config-next cache-miss
17 http fetch GET 200 https://registry.npmjs.org/eslint-config-next 247ms (cache updated)
18 silly packumentCache full:https://registry.npmjs.org/eslint-config-next set size:undefined disposed:false
19 silly placeDep ROOT eslint-config-next@14.2.28 REPLACE for: calculator@0.1.0 want: 14.2.28
20 silly fetch manifest @next/eslint-plugin-next@14.2.28
21 silly packumentCache full:https://registry.npmjs.org/@next%2feslint-plugin-next cache-miss
22 silly fetch manifest @typescript-eslint/eslint-plugin@^5.4.2 || ^6.0.0 || ^7.0.0 || ^8.0.0
23 silly packumentCache full:https://registry.npmjs.org/@typescript-eslint%2feslint-plugin cache-miss
24 http fetch GET 200 https://registry.npmjs.org/@next%2feslint-plugin-next 148ms (cache updated)
25 silly packumentCache full:https://registry.npmjs.org/@next%2feslint-plugin-next set size:undefined disposed:false
26 http fetch GET 200 https://registry.npmjs.org/@typescript-eslint%2feslint-plugin 325ms (cache updated)
27 silly packumentCache full:https://registry.npmjs.org/@typescript-eslint%2feslint-plugin set size:undefined disposed:false
28 silly placeDep ROOT @next/eslint-plugin-next@14.2.28 OK for: eslint-config-next@14.2.28 want: 14.2.28
29 silly placeDep ROOT @typescript-eslint/eslint-plugin@8.31.1 OK for: eslint-config-next@14.2.28 want: ^5.4.2 || ^6.0.0 || ^7.0.0 || ^8.0.0
30 silly fetch manifest glob@10.3.10
31 silly packumentCache full:https://registry.npmjs.org/glob cache-miss
32 silly fetch manifest ts-api-utils@^2.0.1
33 silly packumentCache full:https://registry.npmjs.org/ts-api-utils cache-miss
34 silly fetch manifest @typescript-eslint/utils@8.31.1
35 silly packumentCache full:https://registry.npmjs.org/@typescript-eslint%2futils cache-miss
36 silly fetch manifest @typescript-eslint/type-utils@8.31.1
37 silly packumentCache full:https://registry.npmjs.org/@typescript-eslint%2ftype-utils cache-miss
38 silly fetch manifest @typescript-eslint/visitor-keys@8.31.1
39 silly packumentCache full:https://registry.npmjs.org/@typescript-eslint%2fvisitor-keys cache-miss
40 silly fetch manifest @typescript-eslint/scope-manager@8.31.1
41 silly packumentCache full:https://registry.npmjs.org/@typescript-eslint%2fscope-manager cache-miss
42 http fetch GET 200 https://registry.npmjs.org/ts-api-utils 56ms (cache updated)
43 silly packumentCache full:https://registry.npmjs.org/ts-api-utils set size:undefined disposed:false
44 http fetch GET 200 https://registry.npmjs.org/glob 63ms (cache updated)
45 silly packumentCache full:https://registry.npmjs.org/glob set size:undefined disposed:false
46 http fetch GET 200 https://registry.npmjs.org/@typescript-eslint%2ftype-utils 310ms (cache updated)
47 silly packumentCache full:https://registry.npmjs.org/@typescript-eslint%2ftype-utils set size:undefined disposed:false
48 http fetch GET 200 https://registry.npmjs.org/@typescript-eslint%2futils 351ms (cache updated)
49 silly packumentCache full:https://registry.npmjs.org/@typescript-eslint%2futils set size:undefined disposed:false
50 http fetch GET 200 https://registry.npmjs.org/@typescript-eslint%2fscope-manager 395ms (cache updated)
51 silly packumentCache full:https://registry.npmjs.org/@typescript-eslint%2fscope-manager set size:undefined disposed:false
52 http fetch GET 200 https://registry.npmjs.org/@typescript-eslint%2fvisitor-keys 473ms (cache updated)
53 silly packumentCache full:https://registry.npmjs.org/@typescript-eslint%2fvisitor-keys set size:undefined disposed:false
54 silly placeDep node_modules/@next/eslint-plugin-next glob@10.3.10 OK for: @next/eslint-plugin-next@14.2.28 want: 10.3.10
55 silly fetch manifest jackspeak@^2.3.5
56 silly packumentCache full:https://registry.npmjs.org/jackspeak cache-miss
57 silly fetch manifest minimatch@^9.0.1
58 silly packumentCache full:https://registry.npmjs.org/minimatch cache-miss
59 http fetch GET 200 https://registry.npmjs.org/jackspeak 43ms (cache updated)
60 silly packumentCache full:https://registry.npmjs.org/jackspeak set size:undefined disposed:false
61 http fetch GET 200 https://registry.npmjs.org/minimatch 68ms (cache updated)
62 silly packumentCache full:https://registry.npmjs.org/minimatch set size:undefined disposed:false
63 silly placeDep node_modules/@typescript-eslint/eslint-plugin @typescript-eslint/scope-manager@8.31.1 OK for: @typescript-eslint/eslint-plugin@8.31.1 want: 8.31.1
64 silly placeDep ROOT @typescript-eslint/type-utils@8.31.1 OK for: @typescript-eslint/eslint-plugin@8.31.1 want: 8.31.1
65 silly placeDep ROOT @typescript-eslint/utils@8.31.1 OK for: @typescript-eslint/eslint-plugin@8.31.1 want: 8.31.1
66 silly placeDep node_modules/@typescript-eslint/eslint-plugin @typescript-eslint/visitor-keys@8.31.1 OK for: @typescript-eslint/eslint-plugin@8.31.1 want: 8.31.1
67 silly placeDep node_modules/@typescript-eslint/eslint-plugin ts-api-utils@2.1.0 OK for: @typescript-eslint/eslint-plugin@8.31.1 want: ^2.0.1
68 silly fetch manifest @typescript-eslint/types@8.31.1
69 silly packumentCache full:https://registry.npmjs.org/@typescript-eslint%2ftypes cache-miss
70 silly fetch manifest @typescript-eslint/typescript-estree@8.31.1
71 silly packumentCache full:https://registry.npmjs.org/@typescript-eslint%2ftypescript-estree cache-miss
72 silly fetch manifest @typescript-eslint/types@8.31.1
73 silly packumentCache full:https://registry.npmjs.org/@typescript-eslint%2ftypes cache-miss
74 silly fetch manifest @typescript-eslint/typescript-estree@8.31.1
75 silly packumentCache full:https://registry.npmjs.org/@typescript-eslint%2ftypescript-estree cache-miss
76 silly fetch manifest eslint-visitor-keys@^4.2.0
77 silly packumentCache full:https://registry.npmjs.org/eslint-visitor-keys cache-miss
78 silly fetch manifest @typescript-eslint/types@8.31.1
79 silly packumentCache full:https://registry.npmjs.org/@typescript-eslint%2ftypes cache-miss
80 http fetch GET 200 https://registry.npmjs.org/eslint-visitor-keys 32ms (cache updated)
81 silly packumentCache full:https://registry.npmjs.org/eslint-visitor-keys set size:undefined disposed:false
82 http fetch GET 200 https://registry.npmjs.org/@typescript-eslint%2ftypes 354ms (cache updated)
83 silly packumentCache full:https://registry.npmjs.org/@typescript-eslint%2ftypes set size:undefined disposed:false
84 http fetch GET 200 https://registry.npmjs.org/@typescript-eslint%2ftypes 423ms (cache updated)
85 silly packumentCache full:https://registry.npmjs.org/@typescript-eslint%2ftypes set size:undefined disposed:false
86 http fetch GET 200 https://registry.npmjs.org/@typescript-eslint%2ftypescript-estree 502ms (cache updated)
87 silly packumentCache full:https://registry.npmjs.org/@typescript-eslint%2ftypescript-estree set size:undefined disposed:false
88 http fetch GET 200 https://registry.npmjs.org/@typescript-eslint%2ftypes 605ms (cache updated)
89 silly packumentCache full:https://registry.npmjs.org/@typescript-eslint%2ftypes set size:undefined disposed:false
90 http fetch GET 200 https://registry.npmjs.org/@typescript-eslint%2ftypescript-estree 674ms (cache updated)
91 silly packumentCache full:https://registry.npmjs.org/@typescript-eslint%2ftypescript-estree set size:undefined disposed:false
92 silly placeDep node_modules/@typescript-eslint/type-utils @typescript-eslint/typescript-estree@8.31.1 OK for: @typescript-eslint/type-utils@8.31.1 want: 8.31.1
93 silly placeDep node_modules/@typescript-eslint/type-utils ts-api-utils@2.1.0 OK for: @typescript-eslint/type-utils@8.31.1 want: ^2.0.1
94 silly fetch manifest minimatch@^9.0.4
95 silly packumentCache full:https://registry.npmjs.org/minimatch cache-miss
96 http cache https://registry.npmjs.org/minimatch 8ms (cache hit)
97 silly packumentCache full:https://registry.npmjs.org/minimatch set size:398328 disposed:false
98 silly placeDep node_modules/@typescript-eslint/utils @typescript-eslint/scope-manager@8.31.1 OK for: @typescript-eslint/utils@8.31.1 want: 8.31.1
99 silly placeDep node_modules/@typescript-eslint/utils @typescript-eslint/types@8.31.1 OK for: @typescript-eslint/utils@8.31.1 want: 8.31.1
100 silly placeDep node_modules/@typescript-eslint/utils @typescript-eslint/typescript-estree@8.31.1 OK for: @typescript-eslint/utils@8.31.1 want: 8.31.1
101 silly placeDep node_modules/@next/eslint-plugin-next jackspeak@2.3.6 OK for: glob@10.3.10 want: ^2.3.5
102 silly placeDep node_modules/@next/eslint-plugin-next minimatch@9.0.5 OK for: glob@10.3.10 want: ^9.0.1
103 silly fetch manifest brace-expansion@^2.0.1
104 silly packumentCache full:https://registry.npmjs.org/brace-expansion cache-miss
105 http fetch GET 200 https://registry.npmjs.org/brace-expansion 45ms (cache updated)
106 silly packumentCache full:https://registry.npmjs.org/brace-expansion set size:undefined disposed:false
107 silly placeDep node_modules/@next/eslint-plugin-next brace-expansion@2.0.1 OK for: minimatch@9.0.5 want: ^2.0.1
108 silly placeDep node_modules/@typescript-eslint/eslint-plugin @typescript-eslint/types@8.31.1 OK for: @typescript-eslint/scope-manager@8.31.1 want: 8.31.1
109 silly placeDep node_modules/@typescript-eslint/eslint-plugin eslint-visitor-keys@4.2.0 OK for: @typescript-eslint/visitor-keys@8.31.1 want: ^4.2.0
110 silly placeDep node_modules/@typescript-eslint/type-utils @typescript-eslint/types@8.31.1 OK for: @typescript-eslint/typescript-estree@8.31.1 want: 8.31.1
111 silly placeDep node_modules/@typescript-eslint/type-utils @typescript-eslint/visitor-keys@8.31.1 OK for: @typescript-eslint/typescript-estree@8.31.1 want: 8.31.1
112 silly placeDep node_modules/@typescript-eslint/type-utils minimatch@9.0.5 OK for: @typescript-eslint/typescript-estree@8.31.1 want: ^9.0.4
113 silly placeDep node_modules/@typescript-eslint/type-utils eslint-visitor-keys@4.2.0 OK for: @typescript-eslint/visitor-keys@8.31.1 want: ^4.2.0
114 silly placeDep node_modules/@typescript-eslint/type-utils brace-expansion@2.0.1 OK for: minimatch@9.0.5 want: ^2.0.1
115 silly placeDep node_modules/@typescript-eslint/utils @typescript-eslint/visitor-keys@8.31.1 OK for: @typescript-eslint/scope-manager@8.31.1 want: 8.31.1
116 silly placeDep node_modules/@typescript-eslint/utils minimatch@9.0.5 OK for: @typescript-eslint/typescript-estree@8.31.1 want: ^9.0.4
117 silly placeDep node_modules/@typescript-eslint/utils ts-api-utils@2.1.0 OK for: @typescript-eslint/typescript-estree@8.31.1 want: ^2.0.1
118 silly placeDep node_modules/@typescript-eslint/utils eslint-visitor-keys@4.2.0 OK for: @typescript-eslint/visitor-keys@8.31.1 want: ^4.2.0
119 silly placeDep node_modules/@typescript-eslint/utils brace-expansion@2.0.1 OK for: minimatch@9.0.5 want: ^2.0.1
120 silly reify mark retired [
120 silly reify   'C:\\Users\\akito\\git\\calculator\\node_modules\\@next\\eslint-plugin-next'
120 silly reify ]
121 silly reify mark retired [
121 silly reify   'C:\\Users\\akito\\git\\calculator\\node_modules\\eslint-config-next'
121 silly reify ]
122 silly reify moves {
122 silly reify   'C:\\Users\\akito\\git\\calculator\\node_modules\\@next\\eslint-plugin-next': 'C:\\Users\\akito\\git\\calculator\\node_modules\\@next\\.eslint-plugin-next-ldw6ElXH',
122 silly reify   'C:\\Users\\akito\\git\\calculator\\node_modules\\eslint-config-next': 'C:\\Users\\akito\\git\\calculator\\node_modules\\.eslint-config-next-bulkKpQM'
122 silly reify }
123 silly audit bulk request {
123 silly audit   '@alloc/quick-lru': [ '5.2.0' ],
123 silly audit   '@babel/runtime': [ '7.27.1' ],
123 silly audit   '@clerk/backend': [ '1.31.1' ],
123 silly audit   '@clerk/types': [ '4.56.2', '3.65.5' ],
123 silly audit   csstype: [ '3.1.3', '3.1.1' ],
123 silly audit   '@clerk/clerk-react': [ '5.30.3' ],
123 silly audit   '@clerk/localizations': [ '1.22.0' ],
123 silly audit   '@clerk/nextjs': [ '6.18.4' ],
123 silly audit   '@clerk/shared': [ '3.7.7' ],
123 silly audit   '@eslint-community/eslint-utils': [ '4.6.1' ],
123 silly audit   '@eslint-community/regexpp': [ '4.12.1' ],
123 silly audit   '@eslint/eslintrc': [ '2.1.4' ],
123 silly audit   '@eslint/js': [ '8.57.1' ],
123 silly audit   '@humanwhocodes/config-array': [ '0.11.14' ],
123 silly audit   '@humanwhocodes/module-importer': [ '1.0.1' ],
123 silly audit   '@humanwhocodes/object-schema': [ '2.0.3' ],
123 silly audit   '@isaacs/cliui': [ '8.0.2' ],
123 silly audit   'ansi-regex': [ '6.1.0', '5.0.1' ],
123 silly audit   'strip-ansi': [ '7.1.0', '6.0.1' ],
123 silly audit   '@isaacs/fs-minipass': [ '4.0.1' ],
123 silly audit   '@jridgewell/gen-mapping': [ '0.3.8' ],
123 silly audit   '@jridgewell/resolve-uri': [ '3.1.2' ],
123 silly audit   '@jridgewell/set-array': [ '1.2.1' ],
123 silly audit   '@jridgewell/sourcemap-codec': [ '1.5.0' ],
123 silly audit   '@jridgewell/trace-mapping': [ '0.3.25' ],
123 silly audit   '@kurkle/color': [ '0.3.4' ],
123 silly audit   '@next/env': [ '14.2.28' ],
123 silly audit   '@next/swc-win32-x64-msvc': [ '14.2.28' ],
123 silly audit   '@nodelib/fs.scandir': [ '2.1.5' ],
123 silly audit   '@nodelib/fs.stat': [ '2.0.5' ],
123 silly audit   '@nodelib/fs.walk': [ '1.2.8' ],
123 silly audit   '@nolyfill/is-core-module': [ '1.0.39' ],
123 silly audit   '@pkgjs/parseargs': [ '0.11.0' ],
123 silly audit   '@rtsao/scc': [ '1.1.0' ],
123 silly audit   '@rushstack/eslint-patch': [ '1.11.0' ],
123 silly audit   '@supabase/auth-helpers-nextjs': [ '0.7.4' ],
123 silly audit   '@supabase/auth-helpers-shared': [ '0.4.1' ],
123 silly audit   '@supabase/functions-js': [ '2.4.4' ],
123 silly audit   '@supabase/gotrue-js': [ '2.69.1' ],
123 silly audit   '@supabase/node-fetch': [ '2.6.15' ],
123 silly audit   '@supabase/postgrest-js': [ '1.19.4' ],
123 silly audit   '@supabase/realtime-js': [ '2.11.7' ],
123 silly audit   '@supabase/ssr': [ '0.6.1' ],
123 silly audit   '@supabase/storage-js': [ '2.7.2' ],
123 silly audit   '@supabase/supabase-js': [ '2.32.0' ],
123 silly audit   '@swc/counter': [ '0.1.3' ],
123 silly audit   '@swc/helpers': [ '0.5.5' ],
123 silly audit   '@types/chart.js': [ '2.9.37' ],
123 silly audit   '@types/json5': [ '0.0.29' ],
123 silly audit   '@types/node': [ '20.5.0' ],
123 silly audit   '@types/phoenix': [ '1.6.6' ],
123 silly audit   '@types/prop-types': [ '15.7.14' ],
123 silly audit   '@types/react': [ '18.2.20' ],
123 silly audit   '@types/react-dom': [ '18.2.7' ],
123 silly audit   '@types/scheduler': [ '0.26.0' ],
123 silly audit   '@types/ws': [ '8.18.1' ],
123 silly audit   '@typescript-eslint/parser': [ '6.21.0' ],
123 silly audit   '@typescript-eslint/scope-manager': [ '6.21.0', '8.31.1' ],
123 silly audit   '@typescript-eslint/types': [ '6.21.0', '8.31.1' ],
123 silly audit   '@typescript-eslint/typescript-estree': [ '6.21.0', '8.31.1' ],
123 silly audit   'brace-expansion': [ '2.0.1', '1.1.11' ],
123 silly audit   minimatch: [ '9.0.3', '3.1.2', '9.0.5' ],
123 silly audit   '@typescript-eslint/visitor-keys': [ '6.21.0', '8.31.1' ],
123 silly audit   '@unrs/resolver-binding-win32-x64-msvc': [ '1.7.2' ],
123 silly audit   acorn: [ '8.14.1' ],
123 silly audit   'acorn-jsx': [ '5.3.2' ],
123 silly audit   'agent-base': [ '7.1.3' ],
123 silly audit   ajv: [ '6.12.6' ],
123 silly audit   'ansi-styles': [ '4.3.0', '6.2.1' ],
123 silly audit   'any-promise': [ '1.3.0' ],
123 silly audit   anymatch: [ '3.1.3' ],
123 silly audit   arg: [ '5.0.2' ],
123 silly audit   argparse: [ '2.0.1' ],
123 silly audit   'aria-query': [ '5.3.2' ],
123 silly audit   'array-buffer-byte-length': [ '1.0.2' ],
123 silly audit   'array-includes': [ '3.1.8' ],
123 silly audit   'array-union': [ '2.1.0' ],
123 silly audit   'array.prototype.findlast': [ '1.2.5' ],
123 silly audit   'array.prototype.findlastindex': [ '1.2.6' ],
123 silly audit   'array.prototype.flat': [ '1.3.3' ],
123 silly audit   'array.prototype.flatmap': [ '1.3.3' ],
123 silly audit   'array.prototype.tosorted': [ '1.1.4' ],
123 silly audit   'arraybuffer.prototype.slice': [ '1.0.4' ],
123 silly audit   'ast-types-flow': [ '0.0.8' ],
123 silly audit   'async-function': [ '1.0.0' ],
123 silly audit   autoprefixer: [ '10.4.15' ],
123 silly audit   'available-typed-arrays': [ '1.0.7' ],
123 silly audit   'axe-core': [ '4.10.3' ],
123 silly audit   'axobject-query': [ '4.1.0' ],
123 silly audit   'balanced-match': [ '1.0.2' ],
123 silly audit   'bin-links': [ '5.0.0' ],
123 silly audit   'binary-extensions': [ '2.3.0' ],
123 silly audit   braces: [ '3.0.3' ],
123 silly audit   browserslist: [ '4.24.4' ],
123 silly audit   busboy: [ '1.6.0' ],
123 silly audit   'call-bind': [ '1.0.8' ],
123 silly audit   'call-bind-apply-helpers': [ '1.0.2' ],
123 silly audit   'call-bound': [ '1.0.4' ],
123 silly audit   callsites: [ '3.1.0' ],
123 silly audit   'camelcase-css': [ '2.0.1' ],
123 silly audit   'caniuse-lite': [ '1.0.30001716' ],
123 silly audit   chalk: [ '4.1.2' ],
123 silly audit   'chart.js': [ '4.4.0' ],
123 silly audit   chokidar: [ '3.6.0' ],
123 silly audit   'glob-parent': [ '5.1.2', '6.0.2' ],
123 silly audit   chownr: [ '3.0.0' ],
123 silly audit   'client-only': [ '0.0.1' ],
123 silly audit   'cmd-shim': [ '7.0.0' ],
123 silly audit   'color-convert': [ '2.0.1' ],
123 silly audit   'color-name': [ '1.1.4' ],
123 silly audit   commander: [ '4.1.1' ],
123 silly audit   'concat-map': [ '0.0.1' ],
123 silly audit   cookie: [ '1.0.2' ],
123 silly audit   'cross-fetch': [ '3.2.0' ],
123 silly audit   'cross-spawn': [ '7.0.6' ],
123 silly audit   cssesc: [ '3.0.0' ],
123 silly audit   'damerau-levenshtein': [ '1.0.8' ],
123 silly audit   'data-uri-to-buffer': [ '4.0.1' ],
123 silly audit   'data-view-buffer': [ '1.0.2' ],
123 silly audit   'data-view-byte-length': [ '1.0.2' ],
123 silly audit   'data-view-byte-offset': [ '1.0.1' ],
123 silly audit   'date-fns': [ '2.30.0' ],
123 silly audit   debug: [ '4.4.0', '3.2.7' ],
123 silly audit   'deep-is': [ '0.1.4' ],
123 silly audit   'define-data-property': [ '1.1.4' ],
123 silly audit   'define-properties': [ '1.2.1' ],
123 silly audit   dequal: [ '2.0.3' ],
123 silly audit   didyoumean: [ '1.2.2' ],
123 silly audit   'dir-glob': [ '3.0.1' ],
123 silly audit   dlv: [ '1.1.3' ],
123 silly audit   doctrine: [ '3.0.0', '2.1.0' ],
123 silly audit   'dot-case': [ '3.0.4' ],
123 silly audit   'dunder-proto': [ '1.0.1' ],
123 silly audit   eastasianwidth: [ '0.2.0' ],
123 silly audit   'electron-to-chromium': [ '1.5.148' ],
123 silly audit   'emoji-regex': [ '9.2.2', '8.0.0' ],
123 silly audit   'es-abstract': [ '1.23.9' ],
123 silly audit   'es-define-property': [ '1.0.1' ],
123 silly audit   'es-errors': [ '1.3.0' ],
123 silly audit   'es-iterator-helpers': [ '1.2.1' ],
123 silly audit   'es-object-atoms': [ '1.1.1' ],
123 silly audit   'es-set-tostringtag': [ '2.1.0' ],
123 silly audit   'es-shim-unscopables': [ '1.1.0' ],
123 silly audit   'es-to-primitive': [ '1.3.0' ],
123 silly audit   escalade: [ '3.2.0' ],
123 silly audit   'escape-string-regexp': [ '4.0.0' ],
123 silly audit   eslint: [ '8.47.0' ],
123 silly audit   'eslint-import-resolver-node': [ '0.3.9' ],
123 silly audit   'eslint-import-resolver-typescript': [ '3.10.1' ],
123 silly audit   'eslint-module-utils': [ '2.12.0' ],
123 silly audit   'eslint-plugin-import': [ '2.31.0' ],
123 silly audit   semver: [ '6.3.1', '7.7.1' ],
123 silly audit   'eslint-plugin-jsx-a11y': [ '6.10.2' ],
123 silly audit   'eslint-plugin-react': [ '7.37.5' ],
123 silly audit   resolve: [ '2.0.0-next.5', '1.22.10' ],
123 silly audit   'eslint-plugin-react-hooks': [ '5.0.0-canary-7118f5dd7-20230705' ],
123 silly audit   'eslint-scope': [ '7.2.2' ],
123 silly audit   'eslint-visitor-keys': [ '3.4.3', '4.2.0' ],
123 silly audit   espree: [ '9.6.1' ],
123 silly audit   esquery: [ '1.6.0' ],
123 silly audit   esrecurse: [ '4.3.0' ],
123 silly audit   estraverse: [ '5.3.0' ],
123 silly audit   esutils: [ '2.0.3' ],
123 silly audit   'fast-deep-equal': [ '3.1.3' ],
123 silly audit   'fast-glob': [ '3.3.3' ],
123 silly audit   'fast-json-stable-stringify': [ '2.1.0' ],
123 silly audit   'fast-levenshtein': [ '2.0.6' ],
123 silly audit   fastq: [ '1.19.1' ],
123 silly audit   fdir: [ '6.4.4' ],
123 silly audit   'fetch-blob': [ '3.2.0' ],
123 silly audit   'file-entry-cache': [ '6.0.1' ],
123 silly audit   'fill-range': [ '7.1.1' ],
123 silly audit   'find-up': [ '5.0.0' ],
123 silly audit   'flat-cache': [ '3.2.0' ],
123 silly audit   flatted: [ '3.3.3' ],
123 silly audit   'for-each': [ '0.3.5' ],
123 silly audit   'foreground-child': [ '3.3.1' ],
123 silly audit   'formdata-polyfill': [ '4.0.10' ],
123 silly audit   'fraction.js': [ '4.3.7' ],
123 silly audit   'fs.realpath': [ '1.0.0' ],
123 silly audit   'function-bind': [ '1.1.2' ],
123 silly audit   'function.prototype.name': [ '1.1.8' ],
123 silly audit   'functions-have-names': [ '1.2.3' ],
123 silly audit   'get-intrinsic': [ '1.3.0' ],
123 silly audit   'get-proto': [ '1.0.1' ],
123 silly audit   'get-symbol-description': [ '1.1.0' ],
123 silly audit   'get-tsconfig': [ '4.10.0' ],
123 silly audit   glob: [ '7.1.7', '10.4.5', '10.3.10' ],
123 silly audit   'glob-to-regexp': [ '0.4.1' ],
123 silly audit   globals: [ '13.24.0' ],
123 silly audit   globalthis: [ '1.0.4' ],
123 silly audit   globby: [ '11.1.0' ],
123 silly audit   gopd: [ '1.2.0' ],
123 silly audit   'graceful-fs': [ '4.2.11' ],
123 silly audit   graphemer: [ '1.4.0' ],
123 silly audit   'has-bigints': [ '1.1.0' ],
123 silly audit   'has-flag': [ '4.0.0' ],
123 silly audit   'has-property-descriptors': [ '1.0.2' ],
123 silly audit   'has-proto': [ '1.2.0' ],
123 silly audit   'has-symbols': [ '1.1.0' ],
123 silly audit   'has-tostringtag': [ '1.0.2' ],
123 silly audit   hasown: [ '2.0.2' ],
123 silly audit   'https-proxy-agent': [ '7.0.6' ],
123 silly audit   ignore: [ '5.3.2' ],
123 silly audit   'import-fresh': [ '3.3.1' ],
123 silly audit   imurmurhash: [ '0.1.4' ],
123 silly audit   inflight: [ '1.0.6' ],
123 silly audit   inherits: [ '2.0.4' ],
123 silly audit   'internal-slot': [ '1.1.0' ],
123 silly audit   'is-array-buffer': [ '3.0.5' ],
123 silly audit   'is-async-function': [ '2.1.1' ],
123 silly audit   'is-bigint': [ '1.1.0' ],
123 silly audit   'is-binary-path': [ '2.1.0' ],
123 silly audit   'is-boolean-object': [ '1.2.2' ],
123 silly audit   'is-bun-module': [ '2.0.0' ],
123 silly audit   'is-callable': [ '1.2.7' ],
123 silly audit   'is-core-module': [ '2.16.1' ],
123 silly audit   'is-data-view': [ '1.0.2' ],
123 silly audit   'is-date-object': [ '1.1.0' ],
123 silly audit   'is-extglob': [ '2.1.1' ],
123 silly audit   'is-finalizationregistry': [ '1.1.1' ],
123 silly audit   'is-fullwidth-code-point': [ '3.0.0' ],
123 silly audit   'is-generator-function': [ '1.1.0' ],
123 silly audit   'is-glob': [ '4.0.3' ],
123 silly audit   'is-map': [ '2.0.3' ],
123 silly audit   'is-number': [ '7.0.0' ],
123 silly audit   'is-number-object': [ '1.1.1' ],
123 silly audit   'is-path-inside': [ '3.0.3' ],
123 silly audit   'is-regex': [ '1.2.1' ],
123 silly audit   'is-set': [ '2.0.3' ],
123 silly audit   'is-shared-array-buffer': [ '1.0.4' ],
123 silly audit   'is-string': [ '1.1.1' ],
123 silly audit   'is-symbol': [ '1.1.1' ],
123 silly audit   'is-typed-array': [ '1.1.15' ],
123 silly audit   'is-weakmap': [ '2.0.2' ],
123 silly audit   'is-weakref': [ '1.1.1' ],
123 silly audit   'is-weakset': [ '2.0.4' ],
123 silly audit   isarray: [ '2.0.5' ],
123 silly audit   isexe: [ '2.0.0' ],
123 silly audit   'iterator.prototype': [ '1.1.5' ],
123 silly audit   jackspeak: [ '3.4.3', '2.3.6' ],
123 silly audit   jiti: [ '1.21.7' ],
123 silly audit   jose: [ '4.15.9' ],
123 silly audit   'js-cookie': [ '3.0.5' ],
123 silly audit   'js-tokens': [ '4.0.0' ],
123 silly audit   'js-yaml': [ '4.1.0' ],
123 silly audit   'json-buffer': [ '3.0.1' ],
123 silly audit   'json-schema-traverse': [ '0.4.1' ],
123 silly audit   'json-stable-stringify-without-jsonify': [ '1.0.1' ],
123 silly audit   json5: [ '1.0.2' ],
123 silly audit   'jsx-ast-utils': [ '3.3.5' ],
123 silly audit   keyv: [ '4.5.4' ],
123 silly audit   'language-subtag-registry': [ '0.3.23' ],
123 silly audit   'language-tags': [ '1.0.9' ],
123 silly audit   levn: [ '0.4.1' ],
123 silly audit   lilconfig: [ '2.1.0', '3.1.3' ],
123 silly audit   'lines-and-columns': [ '1.2.4' ],
123 silly audit   'locate-path': [ '6.0.0' ],
123 silly audit   'lodash.merge': [ '4.6.2' ],
123 silly audit   'loose-envify': [ '1.4.0' ],
123 silly audit   'lower-case': [ '2.0.2' ],
123 silly audit   'lru-cache': [ '10.4.3' ],
123 silly audit   'map-obj': [ '4.3.0' ],
123 silly audit   'math-intrinsics': [ '1.1.0' ],
123 silly audit   merge2: [ '1.4.1' ],
123 silly audit   micromatch: [ '4.0.8' ],
123 silly audit   minimist: [ '1.2.8' ],
123 silly audit   minipass: [ '7.1.2' ],
123 silly audit   minizlib: [ '3.0.2' ],
123 silly audit   mkdirp: [ '3.0.1' ],
123 silly audit   moment: [ '2.30.1' ],
123 silly audit   ms: [ '2.1.3' ],
123 silly audit   mz: [ '2.7.0' ],
123 silly audit   nanoid: [ '3.3.11' ],
123 silly audit   'napi-postinstall': [ '0.2.3' ],
123 silly audit   'natural-compare': [ '1.4.0' ],
123 silly audit   next: [ '14.2.28' ],
123 silly audit   postcss: [ '8.4.31', '8.5.3' ],
123 silly audit   'no-case': [ '3.0.4' ],
123 silly audit   'node-domexception': [ '1.0.0' ],
123 silly audit   'node-fetch': [ '2.7.0', '3.3.2' ],
123 silly audit   'node-releases': [ '2.0.19' ],
123 silly audit   'normalize-path': [ '3.0.0' ],
123 silly audit   'normalize-range': [ '0.1.2' ],
123 silly audit   'npm-normalize-package-bin': [ '4.0.0' ],
123 silly audit   'object-assign': [ '4.1.1' ],
123 silly audit   'object-hash': [ '3.0.0' ],
123 silly audit   'object-inspect': [ '1.13.4' ],
123 silly audit   'object-keys': [ '1.1.1' ],
123 silly audit   'object.assign': [ '4.1.7' ],
123 silly audit   'object.entries': [ '1.1.9' ],
123 silly audit   'object.fromentries': [ '2.0.8' ],
123 silly audit   'object.groupby': [ '1.0.3' ],
123 silly audit   'object.values': [ '1.2.1' ],
123 silly audit   once: [ '1.4.0' ],
123 silly audit   optionator: [ '0.9.4' ],
123 silly audit   'own-keys': [ '1.0.1' ],
123 silly audit   'p-limit': [ '3.1.0' ],
123 silly audit   'p-locate': [ '5.0.0' ],
123 silly audit   'package-json-from-dist': [ '1.0.1' ],
123 silly audit   'parent-module': [ '1.0.1' ],
123 silly audit   'path-exists': [ '4.0.0' ],
123 silly audit   'path-is-absolute': [ '1.0.1' ],
123 silly audit   'path-key': [ '3.1.1' ],
123 silly audit   'path-parse': [ '1.0.7' ],
123 silly audit   'path-scurry': [ '1.11.1' ],
123 silly audit   'path-type': [ '4.0.0' ],
123 silly audit   picocolors: [ '1.1.1' ],
123 silly audit   picomatch: [ '2.3.1', '4.0.2' ],
123 silly audit   pify: [ '2.3.0' ],
123 silly audit   pirates: [ '4.0.7' ],
123 silly audit   'possible-typed-array-names': [ '1.1.0' ],
123 silly audit   'postcss-import': [ '15.1.0' ],
123 silly audit   'postcss-js': [ '4.0.1' ],
123 silly audit   'postcss-load-config': [ '4.0.2' ],
123 silly audit   'postcss-nested': [ '6.2.0' ],
123 silly audit   'postcss-selector-parser': [ '6.1.2' ],
123 silly audit   'postcss-value-parser': [ '4.2.0' ],
123 silly audit   'prelude-ls': [ '1.2.1' ],
123 silly audit   'proc-log': [ '5.0.0' ],
123 silly audit   'prop-types': [ '15.8.1' ],
123 silly audit   punycode: [ '2.3.1' ],
123 silly audit   'queue-microtask': [ '1.2.3' ],
123 silly audit   react: [ '18.2.0' ],
123 silly audit   'react-chartjs-2': [ '5.2.0' ],
123 silly audit   'react-dom': [ '18.2.0' ],
123 silly audit   'react-is': [ '16.13.1' ],
123 silly audit   'read-cache': [ '1.0.0' ],
123 silly audit   'read-cmd-shim': [ '5.0.0' ],
123 silly audit   readdirp: [ '3.6.0' ],
123 silly audit   'reflect.getprototypeof': [ '1.0.10' ],
123 silly audit   'regexp.prototype.flags': [ '1.5.4' ],
123 silly audit   'resolve-from': [ '4.0.0' ],
123 silly audit   'resolve-pkg-maps': [ '1.0.0' ],
123 silly audit   reusify: [ '1.1.0' ],
123 silly audit   rimraf: [ '3.0.2' ],
123 silly audit   'run-parallel': [ '1.2.0' ],
123 silly audit   'safe-array-concat': [ '1.1.3' ],
123 silly audit   'safe-push-apply': [ '1.0.0' ],
123 silly audit   'safe-regex-test': [ '1.1.0' ],
123 silly audit   scheduler: [ '0.23.2' ],
123 silly audit   'server-only': [ '0.0.1' ],
123 silly audit   'set-cookie-parser': [ '2.7.1' ],
123 silly audit   'set-function-length': [ '1.2.2' ],
123 silly audit   'set-function-name': [ '2.0.2' ],
123 silly audit   'set-proto': [ '1.0.0' ],
123 silly audit   'shebang-command': [ '2.0.0' ],
123 silly audit   'shebang-regex': [ '3.0.0' ],
123 silly audit   'side-channel': [ '1.1.0' ],
123 silly audit   'side-channel-list': [ '1.0.0' ],
123 silly audit   'side-channel-map': [ '1.0.1' ],
123 silly audit   'side-channel-weakmap': [ '1.0.2' ],
123 silly audit   'signal-exit': [ '4.1.0' ],
123 silly audit   slash: [ '3.0.0' ],
123 silly audit   'snake-case': [ '3.0.4' ],
123 silly audit   'snakecase-keys': [ '8.0.1' ],
123 silly audit   'type-fest': [ '4.40.1', '0.20.2' ],
123 silly audit   'source-map-js': [ '1.2.1' ],
123 silly audit   'stable-hash': [ '0.0.5' ],
123 silly audit   'std-env': [ '3.9.0' ],
123 silly audit   streamsearch: [ '1.1.0' ],
123 silly audit   'string-width': [ '5.1.2', '4.2.3' ],
123 silly audit   'string.prototype.includes': [ '2.0.1' ],
123 silly audit   'string.prototype.matchall': [ '4.0.12' ],
123 silly audit   'string.prototype.repeat': [ '1.0.0' ],
123 silly audit   'string.prototype.trim': [ '1.2.10' ],
123 silly audit   'string.prototype.trimend': [ '1.0.9' ],
123 silly audit   'string.prototype.trimstart': [ '1.0.8' ],
123 silly audit   'strip-bom': [ '3.0.0' ],
123 silly audit   'strip-json-comments': [ '3.1.1' ],
123 silly audit   'styled-jsx': [ '5.1.1' ],
123 silly audit   sucrase: [ '3.35.0' ],
123 silly audit   supabase: [ '1.226.4' ],
123 silly audit   'supports-color': [ '7.2.0' ],
123 silly audit   'supports-preserve-symlinks-flag': [ '1.0.0' ],
123 silly audit   swr: [ '2.3.3' ],
123 silly audit   tailwindcss: [ '3.3.3' ],
123 silly audit   tar: [ '7.4.3' ],
123 silly audit   'text-table': [ '0.2.0' ],
123 silly audit   thenify: [ '3.3.1' ],
123 silly audit   'thenify-all': [ '1.6.0' ],
123 silly audit   tinyglobby: [ '0.2.13' ],
123 silly audit   'to-regex-range': [ '5.0.1' ],
123 silly audit   tr46: [ '0.0.3' ],
123 silly audit   'ts-api-utils': [ '1.4.3', '2.1.0' ],
123 silly audit   'ts-interface-checker': [ '0.1.13' ],
123 silly audit   'tsconfig-paths': [ '3.15.0' ],
123 silly audit   tslib: [ '2.8.1' ],
123 silly audit   'type-check': [ '0.4.0' ],
123 silly audit   'typed-array-buffer': [ '1.0.3' ],
123 silly audit   'typed-array-byte-length': [ '1.0.3' ],
123 silly audit   'typed-array-byte-offset': [ '1.0.4' ],
123 silly audit   'typed-array-length': [ '1.0.7' ],
123 silly audit   typescript: [ '5.1.6' ],
123 silly audit   'unbox-primitive': [ '1.1.0' ],
123 silly audit   'unrs-resolver': [ '1.7.2' ],
123 silly audit   'update-browserslist-db': [ '1.1.3' ],
123 silly audit   'uri-js': [ '4.4.1' ],
123 silly audit   'use-sync-external-store': [ '1.5.0' ],
123 silly audit   'util-deprecate': [ '1.0.2' ],
123 silly audit   'web-streams-polyfill': [ '3.3.3' ],
123 silly audit   'webidl-conversions': [ '3.0.1' ],
123 silly audit   'whatwg-url': [ '5.0.0' ],
123 silly audit   which: [ '2.0.2' ],
123 silly audit   'which-boxed-primitive': [ '1.1.1' ],
123 silly audit   'which-builtin-type': [ '1.2.1' ],
123 silly audit   'which-collection': [ '1.0.2' ],
123 silly audit   'which-typed-array': [ '1.1.19' ],
123 silly audit   'word-wrap': [ '1.2.5' ],
123 silly audit   'wrap-ansi': [ '8.1.0', '7.0.0' ],
123 silly audit   wrappy: [ '1.0.2' ],
123 silly audit   'write-file-atomic': [ '6.0.0' ],
123 silly audit   ws: [ '8.18.1' ],
123 silly audit   yallist: [ '5.0.0' ],
123 silly audit   yaml: [ '2.7.1' ],
123 silly audit   'yocto-queue': [ '0.1.0' ],
123 silly audit   'eslint-config-next': [ '14.2.28' ],
123 silly audit   '@next/eslint-plugin-next': [ '14.2.28' ],
123 silly audit   '@typescript-eslint/eslint-plugin': [ '8.31.1' ],
123 silly audit   '@typescript-eslint/type-utils': [ '8.31.1' ],
123 silly audit   '@typescript-eslint/utils': [ '8.31.1' ]
123 silly audit }
124 http cache @typescript-eslint/utils@https://registry.npmjs.org/@typescript-eslint/utils/-/utils-8.31.1.tgz 0ms (cache hit)
125 http cache @typescript-eslint/type-utils@https://registry.npmjs.org/@typescript-eslint/type-utils/-/type-utils-8.31.1.tgz 0ms (cache hit)
126 http cache @typescript-eslint/eslint-plugin@https://registry.npmjs.org/@typescript-eslint/eslint-plugin/-/eslint-plugin-8.31.1.tgz 0ms (cache hit)
127 http cache @next/eslint-plugin-next@https://registry.npmjs.org/@next/eslint-plugin-next/-/eslint-plugin-next-14.2.28.tgz 0ms (cache hit)
128 http cache brace-expansion@https://registry.npmjs.org/brace-expansion/-/brace-expansion-2.0.1.tgz 0ms (cache hit)
129 http cache eslint-config-next@https://registry.npmjs.org/eslint-config-next/-/eslint-config-next-14.2.28.tgz 0ms (cache hit)
130 http cache @typescript-eslint/visitor-keys@https://registry.npmjs.org/@typescript-eslint/visitor-keys/-/visitor-keys-8.31.1.tgz 0ms (cache hit)
131 http cache eslint-visitor-keys@https://registry.npmjs.org/eslint-visitor-keys/-/eslint-visitor-keys-4.2.0.tgz 0ms (cache hit)
132 http cache ts-api-utils@https://registry.npmjs.org/ts-api-utils/-/ts-api-utils-2.1.0.tgz 0ms (cache hit)
133 http cache @typescript-eslint/typescript-estree@https://registry.npmjs.org/@typescript-eslint/typescript-estree/-/typescript-estree-8.31.1.tgz 0ms (cache hit)
134 http cache minimatch@https://registry.npmjs.org/minimatch/-/minimatch-9.0.5.tgz 0ms (cache hit)
135 http cache brace-expansion@https://registry.npmjs.org/brace-expansion/-/brace-expansion-2.0.1.tgz 0ms (cache hit)
136 http cache @typescript-eslint/scope-manager@https://registry.npmjs.org/@typescript-eslint/scope-manager/-/scope-manager-8.31.1.tgz 0ms (cache hit)
137 http cache @typescript-eslint/types@https://registry.npmjs.org/@typescript-eslint/types/-/types-8.31.1.tgz 0ms (cache hit)
138 http cache @typescript-eslint/types@https://registry.npmjs.org/@typescript-eslint/types/-/types-8.31.1.tgz 0ms (cache hit)
139 http cache @typescript-eslint/visitor-keys@https://registry.npmjs.org/@typescript-eslint/visitor-keys/-/visitor-keys-8.31.1.tgz 0ms (cache hit)
140 http cache eslint-visitor-keys@https://registry.npmjs.org/eslint-visitor-keys/-/eslint-visitor-keys-4.2.0.tgz 0ms (cache hit)
141 http cache minimatch@https://registry.npmjs.org/minimatch/-/minimatch-9.0.5.tgz 0ms (cache hit)
142 http cache ts-api-utils@https://registry.npmjs.org/ts-api-utils/-/ts-api-utils-2.1.0.tgz 0ms (cache hit)
143 http cache @typescript-eslint/typescript-estree@https://registry.npmjs.org/@typescript-eslint/typescript-estree/-/typescript-estree-8.31.1.tgz 0ms (cache hit)
144 http cache @typescript-eslint/types@https://registry.npmjs.org/@typescript-eslint/types/-/types-8.31.1.tgz 0ms (cache hit)
145 http cache ts-api-utils@https://registry.npmjs.org/ts-api-utils/-/ts-api-utils-2.1.0.tgz 0ms (cache hit)
146 http cache @typescript-eslint/visitor-keys@https://registry.npmjs.org/@typescript-eslint/visitor-keys/-/visitor-keys-8.31.1.tgz 0ms (cache hit)
147 http cache brace-expansion@https://registry.npmjs.org/brace-expansion/-/brace-expansion-2.0.1.tgz 0ms (cache hit)
148 http cache @typescript-eslint/scope-manager@https://registry.npmjs.org/@typescript-eslint/scope-manager/-/scope-manager-8.31.1.tgz 0ms (cache hit)
149 http cache minimatch@https://registry.npmjs.org/minimatch/-/minimatch-9.0.5.tgz 0ms (cache hit)
150 http cache eslint-visitor-keys@https://registry.npmjs.org/eslint-visitor-keys/-/eslint-visitor-keys-4.2.0.tgz 0ms (cache hit)
151 http cache glob@https://registry.npmjs.org/glob/-/glob-10.3.10.tgz 0ms (cache hit)
152 http cache jackspeak@https://registry.npmjs.org/jackspeak/-/jackspeak-2.3.6.tgz 0ms (cache hit)
153 http fetch POST 200 https://registry.npmjs.org/-/npm/v1/security/advisories/bulk 188ms
154 silly audit report {}
155 silly ADD node_modules/@typescript-eslint/utils
156 silly ADD node_modules/@typescript-eslint/utils/node_modules/brace-expansion
157 silly ADD node_modules/@typescript-eslint/utils/node_modules/eslint-visitor-keys
158 silly ADD node_modules/@typescript-eslint/utils/node_modules/ts-api-utils
159 silly ADD node_modules/@typescript-eslint/utils/node_modules/minimatch
160 silly ADD node_modules/@typescript-eslint/utils/node_modules/@typescript-eslint/visitor-keys
161 silly ADD node_modules/@typescript-eslint/utils/node_modules/@typescript-eslint/typescript-estree
162 silly ADD node_modules/@typescript-eslint/utils/node_modules/@typescript-eslint/types
163 silly ADD node_modules/@typescript-eslint/utils/node_modules/@typescript-eslint/scope-manager
164 silly ADD node_modules/@typescript-eslint/type-utils
165 silly ADD node_modules/@typescript-eslint/type-utils/node_modules/brace-expansion
166 silly ADD node_modules/@typescript-eslint/type-utils/node_modules/eslint-visitor-keys
167 silly ADD node_modules/@typescript-eslint/type-utils/node_modules/minimatch
168 silly ADD node_modules/@typescript-eslint/type-utils/node_modules/@typescript-eslint/visitor-keys
169 silly ADD node_modules/@typescript-eslint/type-utils/node_modules/@typescript-eslint/types
170 silly ADD node_modules/@typescript-eslint/type-utils/node_modules/ts-api-utils
171 silly ADD node_modules/@typescript-eslint/type-utils/node_modules/@typescript-eslint/typescript-estree
172 silly ADD node_modules/@typescript-eslint/eslint-plugin
173 silly ADD node_modules/@typescript-eslint/eslint-plugin/node_modules/eslint-visitor-keys
174 silly ADD node_modules/@typescript-eslint/eslint-plugin/node_modules/@typescript-eslint/types
175 silly ADD node_modules/@typescript-eslint/eslint-plugin/node_modules/ts-api-utils
176 silly ADD node_modules/@typescript-eslint/eslint-plugin/node_modules/@typescript-eslint/visitor-keys
177 silly ADD node_modules/@typescript-eslint/eslint-plugin/node_modules/@typescript-eslint/scope-manager
178 silly CHANGE node_modules/eslint-config-next
179 silly CHANGE node_modules/@next/eslint-plugin-next
180 silly ADD node_modules/@next/eslint-plugin-next/node_modules/brace-expansion
181 silly ADD node_modules/@next/eslint-plugin-next/node_modules/minimatch
182 silly ADD node_modules/@next/eslint-plugin-next/node_modules/jackspeak
183 silly ADD node_modules/@next/eslint-plugin-next/node_modules/glob
184 verbose cwd C:\Users\akito\git\calculator
185 verbose os Windows_NT 10.0.26100
186 verbose node v22.14.0
187 verbose npm  v10.9.2
188 verbose exit 0
189 info ok
