0 verbose cli C:\Program Files\nodejs\node.exe C:\Program Files\nodejs\node_modules\npm\bin\npm-cli.js
1 info using npm@10.9.2
2 info using node@v22.14.0
3 silly config load:file:C:\Program Files\nodejs\node_modules\npm\npmrc
4 silly config load:file:C:\Users\akito\git\calculator\.npmrc
5 silly config load:file:C:\Users\akito\.npmrc
6 silly config load:file:C:\Users\akito\git\calculator\%APPDATA%\npm\etc\npmrc
7 verbose title npm audit fix
8 verbose argv "audit" "fix" "--force"
9 verbose logfile logs-max:10 dir:C:\Users\akito\git\calculator\%APPDATA%\npm-cache\_logs\2025-05-02T04_37_13_422Z-
10 verbose logfile C:\Users\akito\git\calculator\%APPDATA%\npm-cache\_logs\2025-05-02T04_37_13_422Z-debug-0.log
11 warn using --force Recommended protections disabled.
12 silly logfile start cleaning logs, removing 1 files
13 silly packumentCache heap:4345298944 maxSize:1086324736 maxEntrySize:543162368
14 silly logfile done cleaning log files
15 silly audit bulk request {
15 silly audit   '@alloc/quick-lru': [ '5.2.0' ],
15 silly audit   '@babel/runtime': [ '7.27.1' ],
15 silly audit   '@clerk/backend': [ '0.38.15' ],
15 silly audit   '@types/node': [ '16.18.6', '20.5.0' ],
15 silly audit   cookie: [ '0.5.0', '1.0.2' ],
15 silly audit   tslib: [ '2.4.1', '2.8.1' ],
15 silly audit   '@clerk/clerk-react': [ '4.32.5' ],
15 silly audit   '@clerk/clerk-sdk-node': [ '4.13.23' ],
15 silly audit   'snakecase-keys': [ '3.2.1', '5.4.4' ],
15 silly audit   '@clerk/localizations': [ '1.22.0' ],
15 silly audit   '@clerk/nextjs': [ '4.31.8' ],
15 silly audit   '@clerk/shared': [ '1.4.2' ],
15 silly audit   '@clerk/types': [ '3.65.5' ],
15 silly audit   '@emnapi/core': [ '1.4.3' ],
15 silly audit   '@emnapi/runtime': [ '1.4.3' ],
15 silly audit   '@emnapi/wasi-threads': [ '1.0.2' ],
15 silly audit   '@eslint-community/eslint-utils': [ '4.6.1' ],
15 silly audit   '@eslint-community/regexpp': [ '4.12.1' ],
15 silly audit   '@eslint/eslintrc': [ '2.1.4' ],
15 silly audit   '@eslint/js': [ '8.57.1' ],
15 silly audit   '@humanwhocodes/config-array': [ '0.11.14' ],
15 silly audit   '@humanwhocodes/module-importer': [ '1.0.1' ],
15 silly audit   '@humanwhocodes/object-schema': [ '2.0.3' ],
15 silly audit   '@isaacs/cliui': [ '8.0.2' ],
15 silly audit   'ansi-regex': [ '6.1.0', '5.0.1' ],
15 silly audit   'strip-ansi': [ '7.1.0', '6.0.1' ],
15 silly audit   '@isaacs/fs-minipass': [ '4.0.1' ],
15 silly audit   '@jridgewell/gen-mapping': [ '0.3.8' ],
15 silly audit   '@jridgewell/resolve-uri': [ '3.1.2' ],
15 silly audit   '@jridgewell/set-array': [ '1.2.1' ],
15 silly audit   '@jridgewell/sourcemap-codec': [ '1.5.0' ],
15 silly audit   '@jridgewell/trace-mapping': [ '0.3.25' ],
15 silly audit   '@kurkle/color': [ '0.3.4' ],
15 silly audit   '@napi-rs/wasm-runtime': [ '0.2.9' ],
15 silly audit   '@next/env': [ '14.2.28' ],
15 silly audit   '@next/eslint-plugin-next': [ '13.4.19' ],
15 silly audit   '@next/swc-darwin-arm64': [ '14.2.28' ],
15 silly audit   '@next/swc-darwin-x64': [ '14.2.28' ],
15 silly audit   '@next/swc-linux-arm64-gnu': [ '14.2.28' ],
15 silly audit   '@next/swc-linux-arm64-musl': [ '14.2.28' ],
15 silly audit   '@next/swc-linux-x64-gnu': [ '14.2.28' ],
15 silly audit   '@next/swc-linux-x64-musl': [ '14.2.28' ],
15 silly audit   '@next/swc-win32-arm64-msvc': [ '14.2.28' ],
15 silly audit   '@next/swc-win32-ia32-msvc': [ '14.2.28' ],
15 silly audit   '@next/swc-win32-x64-msvc': [ '14.2.28' ],
15 silly audit   '@nodelib/fs.scandir': [ '2.1.5' ],
15 silly audit   '@nodelib/fs.stat': [ '2.0.5' ],
15 silly audit   '@nodelib/fs.walk': [ '1.2.8' ],
15 silly audit   '@nolyfill/is-core-module': [ '1.0.39' ],
15 silly audit   '@peculiar/asn1-schema': [ '2.3.15' ],
15 silly audit   '@peculiar/json-schema': [ '1.1.12' ],
15 silly audit   '@peculiar/webcrypto': [ '1.4.1' ],
15 silly audit   '@pkgjs/parseargs': [ '0.11.0' ],
15 silly audit   '@rtsao/scc': [ '1.1.0' ],
15 silly audit   '@rushstack/eslint-patch': [ '1.11.0' ],
15 silly audit   '@supabase/auth-helpers-nextjs': [ '0.7.4' ],
15 silly audit   '@supabase/auth-helpers-shared': [ '0.4.1' ],
15 silly audit   '@supabase/functions-js': [ '2.4.4' ],
15 silly audit   '@supabase/gotrue-js': [ '2.69.1' ],
15 silly audit   '@supabase/node-fetch': [ '2.6.15' ],
15 silly audit   '@supabase/postgrest-js': [ '1.19.4' ],
15 silly audit   '@supabase/realtime-js': [ '2.11.7' ],
15 silly audit   '@supabase/ssr': [ '0.6.1' ],
15 silly audit   '@supabase/storage-js': [ '2.7.2' ],
15 silly audit   '@supabase/supabase-js': [ '2.32.0' ],
15 silly audit   '@swc/counter': [ '0.1.3' ],
15 silly audit   '@swc/helpers': [ '0.5.5' ],
15 silly audit   '@tybys/wasm-util': [ '0.9.0' ],
15 silly audit   '@types/body-parser': [ '1.19.5' ],
15 silly audit   '@types/chart.js': [ '2.9.37' ],
15 silly audit   '@types/connect': [ '3.4.38' ],
15 silly audit   '@types/cookies': [ '0.7.7' ],
15 silly audit   '@types/express': [ '4.17.14' ],
15 silly audit   '@types/express-serve-static-core': [ '4.19.6' ],
15 silly audit   '@types/http-errors': [ '2.0.4' ],
15 silly audit   '@types/json5': [ '0.0.29' ],
15 silly audit   '@types/keygrip': [ '1.0.6' ],
15 silly audit   '@types/mime': [ '1.3.5' ],
15 silly audit   '@types/node-fetch': [ '2.6.2' ],
15 silly audit   '@types/phoenix': [ '1.6.6' ],
15 silly audit   '@types/prop-types': [ '15.7.14' ],
15 silly audit   '@types/qs': [ '6.9.18' ],
15 silly audit   '@types/range-parser': [ '1.2.7' ],
15 silly audit   '@types/react': [ '18.2.20' ],
15 silly audit   '@types/react-dom': [ '18.2.7' ],
15 silly audit   '@types/scheduler': [ '0.26.0' ],
15 silly audit   '@types/send': [ '0.17.4' ],
15 silly audit   '@types/serve-static': [ '1.15.7' ],
15 silly audit   '@types/ws': [ '8.18.1' ],
15 silly audit   '@typescript-eslint/parser': [ '6.21.0' ],
15 silly audit   '@typescript-eslint/scope-manager': [ '6.21.0' ],
15 silly audit   '@typescript-eslint/types': [ '6.21.0' ],
15 silly audit   '@typescript-eslint/typescript-estree': [ '6.21.0' ],
15 silly audit   'brace-expansion': [ '2.0.1', '1.1.11' ],
15 silly audit   minimatch: [ '9.0.3', '3.1.2', '9.0.5' ],
15 silly audit   '@typescript-eslint/visitor-keys': [ '6.21.0' ],
15 silly audit   '@unrs/resolver-binding-darwin-arm64': [ '1.7.2' ],
15 silly audit   '@unrs/resolver-binding-darwin-x64': [ '1.7.2' ],
15 silly audit   '@unrs/resolver-binding-freebsd-x64': [ '1.7.2' ],
15 silly audit   '@unrs/resolver-binding-linux-arm-gnueabihf': [ '1.7.2' ],
15 silly audit   '@unrs/resolver-binding-linux-arm-musleabihf': [ '1.7.2' ],
15 silly audit   '@unrs/resolver-binding-linux-arm64-gnu': [ '1.7.2' ],
15 silly audit   '@unrs/resolver-binding-linux-arm64-musl': [ '1.7.2' ],
15 silly audit   '@unrs/resolver-binding-linux-ppc64-gnu': [ '1.7.2' ],
15 silly audit   '@unrs/resolver-binding-linux-riscv64-gnu': [ '1.7.2' ],
15 silly audit   '@unrs/resolver-binding-linux-riscv64-musl': [ '1.7.2' ],
15 silly audit   '@unrs/resolver-binding-linux-s390x-gnu': [ '1.7.2' ],
15 silly audit   '@unrs/resolver-binding-linux-x64-gnu': [ '1.7.2' ],
15 silly audit   '@unrs/resolver-binding-linux-x64-musl': [ '1.7.2' ],
15 silly audit   '@unrs/resolver-binding-wasm32-wasi': [ '1.7.2' ],
15 silly audit   '@unrs/resolver-binding-win32-arm64-msvc': [ '1.7.2' ],
15 silly audit   '@unrs/resolver-binding-win32-ia32-msvc': [ '1.7.2' ],
15 silly audit   '@unrs/resolver-binding-win32-x64-msvc': [ '1.7.2' ],
15 silly audit   acorn: [ '8.14.1' ],
15 silly audit   'acorn-jsx': [ '5.3.2' ],
15 silly audit   'agent-base': [ '7.1.3' ],
15 silly audit   ajv: [ '6.12.6' ],
15 silly audit   'ansi-styles': [ '4.3.0', '6.2.1' ],
15 silly audit   'any-promise': [ '1.3.0' ],
15 silly audit   anymatch: [ '3.1.3' ],
15 silly audit   arg: [ '5.0.2' ],
15 silly audit   argparse: [ '2.0.1' ],
15 silly audit   'aria-query': [ '5.3.2' ],
15 silly audit   'array-buffer-byte-length': [ '1.0.2' ],
15 silly audit   'array-includes': [ '3.1.8' ],
15 silly audit   'array-union': [ '2.1.0' ],
15 silly audit   'array.prototype.findlast': [ '1.2.5' ],
15 silly audit   'array.prototype.findlastindex': [ '1.2.6' ],
15 silly audit   'array.prototype.flat': [ '1.3.3' ],
15 silly audit   'array.prototype.flatmap': [ '1.3.3' ],
15 silly audit   'array.prototype.tosorted': [ '1.1.4' ],
15 silly audit   'arraybuffer.prototype.slice': [ '1.0.4' ],
15 silly audit   asn1js: [ '3.0.6' ],
15 silly audit   'ast-types-flow': [ '0.0.8' ],
15 silly audit   'async-function': [ '1.0.0' ],
15 silly audit   asynckit: [ '0.4.0' ],
15 silly audit   autoprefixer: [ '10.4.15' ],
15 silly audit   'available-typed-arrays': [ '1.0.7' ],
15 silly audit   'axe-core': [ '4.10.3' ],
15 silly audit   'axobject-query': [ '4.1.0' ],
15 silly audit   'balanced-match': [ '1.0.2' ],
15 silly audit   'bin-links': [ '5.0.0' ],
15 silly audit   'binary-extensions': [ '2.3.0' ],
15 silly audit   braces: [ '3.0.3' ],
15 silly audit   browserslist: [ '4.24.4' ],
15 silly audit   busboy: [ '1.6.0' ],
15 silly audit   'call-bind': [ '1.0.8' ],
15 silly audit   'call-bind-apply-helpers': [ '1.0.2' ],
15 silly audit   'call-bound': [ '1.0.4' ],
15 silly audit   callsites: [ '3.1.0' ],
15 silly audit   camelcase: [ '5.3.1' ],
15 silly audit   'camelcase-css': [ '2.0.1' ],
15 silly audit   'camelcase-keys': [ '6.2.2' ],
15 silly audit   'caniuse-lite': [ '1.0.30001716' ],
15 silly audit   chalk: [ '4.1.2' ],
15 silly audit   'chart.js': [ '4.4.0' ],
15 silly audit   chokidar: [ '3.6.0' ],
15 silly audit   'glob-parent': [ '5.1.2', '6.0.2' ],
15 silly audit   chownr: [ '3.0.0' ],
15 silly audit   'client-only': [ '0.0.1' ],
15 silly audit   'cmd-shim': [ '7.0.0' ],
15 silly audit   'color-convert': [ '2.0.1' ],
15 silly audit   'color-name': [ '1.1.4' ],
15 silly audit   'combined-stream': [ '1.0.8' ],
15 silly audit   commander: [ '4.1.1' ],
15 silly audit   'concat-map': [ '0.0.1' ],
15 silly audit   'cross-fetch': [ '3.2.0' ],
15 silly audit   'cross-spawn': [ '7.0.6' ],
15 silly audit   cssesc: [ '3.0.0' ],
15 silly audit   csstype: [ '3.1.1' ],
15 silly audit   'damerau-levenshtein': [ '1.0.8' ],
15 silly audit   'data-uri-to-buffer': [ '4.0.1' ],
15 silly audit   'data-view-buffer': [ '1.0.2' ],
15 silly audit   'data-view-byte-length': [ '1.0.2' ],
15 silly audit   'data-view-byte-offset': [ '1.0.1' ],
15 silly audit   'date-fns': [ '2.30.0' ],
15 silly audit   debug: [ '4.4.0', '3.2.7' ],
15 silly audit   'deep-is': [ '0.1.4' ],
15 silly audit   deepmerge: [ '4.2.2' ],
15 silly audit   'define-data-property': [ '1.1.4' ],
15 silly audit   'define-properties': [ '1.2.1' ],
15 silly audit   'delayed-stream': [ '1.0.0' ],
15 silly audit   didyoumean: [ '1.2.2' ],
15 silly audit   'dir-glob': [ '3.0.1' ],
15 silly audit   dlv: [ '1.1.3' ],
15 silly audit   doctrine: [ '3.0.0', '2.1.0' ],
15 silly audit   'dot-case': [ '3.0.4' ],
15 silly audit   'dunder-proto': [ '1.0.1' ],
15 silly audit   eastasianwidth: [ '0.2.0' ],
15 silly audit   'electron-to-chromium': [ '1.5.148' ],
15 silly audit   'emoji-regex': [ '9.2.2', '8.0.0' ],
15 silly audit   'es-abstract': [ '1.23.9' ],
15 silly audit   'es-define-property': [ '1.0.1' ],
15 silly audit   'es-errors': [ '1.3.0' ],
15 silly audit   'es-iterator-helpers': [ '1.2.1' ],
15 silly audit   'es-object-atoms': [ '1.1.1' ],
15 silly audit   'es-set-tostringtag': [ '2.1.0' ],
15 silly audit   'es-shim-unscopables': [ '1.1.0' ],
15 silly audit   'es-to-primitive': [ '1.3.0' ],
15 silly audit   escalade: [ '3.2.0' ],
15 silly audit   'escape-string-regexp': [ '4.0.0' ],
15 silly audit   eslint: [ '8.47.0' ],
15 silly audit   'eslint-config-next': [ '13.4.19' ],
15 silly audit   'eslint-import-resolver-node': [ '0.3.9' ],
15 silly audit   'eslint-import-resolver-typescript': [ '3.10.1' ],
15 silly audit   'eslint-module-utils': [ '2.12.0' ],
15 silly audit   'eslint-plugin-import': [ '2.31.0' ],
15 silly audit   semver: [ '6.3.1', '7.7.1' ],
15 silly audit   'eslint-plugin-jsx-a11y': [ '6.10.2' ],
15 silly audit   'eslint-plugin-react': [ '7.37.5' ],
15 silly audit   'eslint-plugin-react-hooks': [ '5.0.0-canary-7118f5dd7-20230705' ],
15 silly audit   resolve: [ '2.0.0-next.5', '1.22.10' ],
15 silly audit   'eslint-scope': [ '7.2.2' ],
15 silly audit   'eslint-visitor-keys': [ '3.4.3' ],
15 silly audit   espree: [ '9.6.1' ],
15 silly audit   esquery: [ '1.6.0' ],
15 silly audit   esrecurse: [ '4.3.0' ],
15 silly audit   estraverse: [ '5.3.0' ],
15 silly audit   esutils: [ '2.0.3' ],
15 silly audit   'fast-deep-equal': [ '3.1.3' ],
15 silly audit   'fast-glob': [ '3.3.3' ],
15 silly audit   'fast-json-stable-stringify': [ '2.1.0' ],
15 silly audit   'fast-levenshtein': [ '2.0.6' ],
15 silly audit   fastq: [ '1.19.1' ],
15 silly audit   fdir: [ '6.4.4' ],
15 silly audit   'fetch-blob': [ '3.2.0' ],
15 silly audit   'file-entry-cache': [ '6.0.1' ],
15 silly audit   'fill-range': [ '7.1.1' ],
15 silly audit   'find-up': [ '5.0.0' ],
15 silly audit   'flat-cache': [ '3.2.0' ],
15 silly audit   flatted: [ '3.3.3' ],
15 silly audit   'for-each': [ '0.3.5' ],
15 silly audit   'foreground-child': [ '3.3.1' ],
15 silly audit   'form-data': [ '3.0.3' ],
15 silly audit   'formdata-polyfill': [ '4.0.10' ],
15 silly audit   'fraction.js': [ '4.3.7' ],
15 silly audit   'fs.realpath': [ '1.0.0' ],
15 silly audit   fsevents: [ '2.3.3' ],
15 silly audit   'function-bind': [ '1.1.2' ],
15 silly audit   'function.prototype.name': [ '1.1.8' ],
15 silly audit   'functions-have-names': [ '1.2.3' ],
15 silly audit   'get-intrinsic': [ '1.3.0' ],
15 silly audit   'get-proto': [ '1.0.1' ],
15 silly audit   'get-symbol-description': [ '1.1.0' ],
15 silly audit   'get-tsconfig': [ '4.10.0' ],
15 silly audit   glob: [ '7.1.7', '10.4.5' ],
15 silly audit   'glob-to-regexp': [ '0.4.1' ],
15 silly audit   globals: [ '13.24.0' ],
15 silly audit   globalthis: [ '1.0.4' ],
15 silly audit   globby: [ '11.1.0' ],
15 silly audit   gopd: [ '1.2.0' ],
15 silly audit   'graceful-fs': [ '4.2.11' ],
15 silly audit   graphemer: [ '1.4.0' ],
15 silly audit   'has-bigints': [ '1.1.0' ],
15 silly audit   'has-flag': [ '4.0.0' ],
15 silly audit   'has-property-descriptors': [ '1.0.2' ],
15 silly audit   'has-proto': [ '1.2.0' ],
15 silly audit   'has-symbols': [ '1.1.0' ],
15 silly audit   'has-tostringtag': [ '1.0.2' ],
15 silly audit   hasown: [ '2.0.2' ],
15 silly audit   'https-proxy-agent': [ '7.0.6' ],
15 silly audit   ignore: [ '5.3.2' ],
15 silly audit   'import-fresh': [ '3.3.1' ],
15 silly audit   imurmurhash: [ '0.1.4' ],
15 silly audit   inflight: [ '1.0.6' ],
15 silly audit   inherits: [ '2.0.4' ],
15 silly audit   'internal-slot': [ '1.1.0' ],
15 silly audit   'is-array-buffer': [ '3.0.5' ],
15 silly audit   'is-async-function': [ '2.1.1' ],
15 silly audit   'is-bigint': [ '1.1.0' ],
15 silly audit   'is-binary-path': [ '2.1.0' ],
15 silly audit   'is-boolean-object': [ '1.2.2' ],
15 silly audit   'is-bun-module': [ '2.0.0' ],
15 silly audit   'is-callable': [ '1.2.7' ],
15 silly audit   'is-core-module': [ '2.16.1' ],
15 silly audit   'is-data-view': [ '1.0.2' ],
15 silly audit   'is-date-object': [ '1.1.0' ],
15 silly audit   'is-extglob': [ '2.1.1' ],
15 silly audit   'is-finalizationregistry': [ '1.1.1' ],
15 silly audit   'is-fullwidth-code-point': [ '3.0.0' ],
15 silly audit   'is-generator-function': [ '1.1.0' ],
15 silly audit   'is-glob': [ '4.0.3' ],
15 silly audit   'is-map': [ '2.0.3' ],
15 silly audit   'is-number': [ '7.0.0' ],
15 silly audit   'is-number-object': [ '1.1.1' ],
15 silly audit   'is-path-inside': [ '3.0.3' ],
15 silly audit   'is-regex': [ '1.2.1' ],
15 silly audit   'is-set': [ '2.0.3' ],
15 silly audit   'is-shared-array-buffer': [ '1.0.4' ],
15 silly audit   'is-string': [ '1.1.1' ],
15 silly audit   'is-symbol': [ '1.1.1' ],
15 silly audit   'is-typed-array': [ '1.1.15' ],
15 silly audit   'is-weakmap': [ '2.0.2' ],
15 silly audit   'is-weakref': [ '1.1.1' ],
15 silly audit   'is-weakset': [ '2.0.4' ],
15 silly audit   isarray: [ '2.0.5' ],
15 silly audit   isexe: [ '2.0.0' ],
15 silly audit   'iterator.prototype': [ '1.1.5' ],
15 silly audit   jackspeak: [ '3.4.3' ],
15 silly audit   jiti: [ '1.21.7' ],
15 silly audit   jose: [ '4.15.9' ],
15 silly audit   'js-cookie': [ '3.0.1' ],
15 silly audit   'js-tokens': [ '4.0.0' ],
15 silly audit   'js-yaml': [ '4.1.0' ],
15 silly audit   'json-buffer': [ '3.0.1' ],
15 silly audit   'json-schema-traverse': [ '0.4.1' ],
15 silly audit   'json-stable-stringify-without-jsonify': [ '1.0.1' ],
15 silly audit   json5: [ '1.0.2' ],
15 silly audit   'jsx-ast-utils': [ '3.3.5' ],
15 silly audit   keyv: [ '4.5.4' ],
15 silly audit   'language-subtag-registry': [ '0.3.23' ],
15 silly audit   'language-tags': [ '1.0.9' ],
15 silly audit   levn: [ '0.4.1' ],
15 silly audit   lilconfig: [ '2.1.0', '3.1.3' ],
15 silly audit   'lines-and-columns': [ '1.2.4' ],
15 silly audit   'locate-path': [ '6.0.0' ],
15 silly audit   'lodash.merge': [ '4.6.2' ],
15 silly audit   'loose-envify': [ '1.4.0' ],
15 silly audit   'lower-case': [ '2.0.2' ],
15 silly audit   'lru-cache': [ '10.4.3' ],
15 silly audit   'map-obj': [ '4.3.0' ],
15 silly audit   'math-intrinsics': [ '1.1.0' ],
15 silly audit   merge2: [ '1.4.1' ],
15 silly audit   micromatch: [ '4.0.8' ],
15 silly audit   'mime-db': [ '1.52.0' ],
15 silly audit   'mime-types': [ '2.1.35' ],
15 silly audit   minimist: [ '1.2.8' ],
15 silly audit   minipass: [ '7.1.2' ],
15 silly audit   minizlib: [ '3.0.2' ],
15 silly audit   mkdirp: [ '3.0.1' ],
15 silly audit   moment: [ '2.30.1' ],
15 silly audit   ms: [ '2.1.3' ],
15 silly audit   mz: [ '2.7.0' ],
15 silly audit   nanoid: [ '3.3.11' ],
15 silly audit   'napi-postinstall': [ '0.2.3' ],
15 silly audit   'natural-compare': [ '1.4.0' ],
15 silly audit   next: [ '14.2.28' ],
15 silly audit   postcss: [ '8.4.31', '8.5.3' ],
15 silly audit   'no-case': [ '3.0.4' ],
15 silly audit   'node-domexception': [ '1.0.0' ],
15 silly audit   'node-fetch': [ '2.7.0', '3.3.2' ],
15 silly audit   'node-fetch-native': [ '1.0.1' ],
15 silly audit   'node-releases': [ '2.0.19' ],
15 silly audit   'normalize-path': [ '3.0.0' ],
15 silly audit   'normalize-range': [ '0.1.2' ],
15 silly audit   'npm-normalize-package-bin': [ '4.0.0' ],
15 silly audit   'object-assign': [ '4.1.1' ],
15 silly audit   'object-hash': [ '3.0.0' ],
15 silly audit   'object-inspect': [ '1.13.4' ],
15 silly audit   'object-keys': [ '1.1.1' ],
15 silly audit   'object.assign': [ '4.1.7' ],
15 silly audit   'object.entries': [ '1.1.9' ],
15 silly audit   'object.fromentries': [ '2.0.8' ],
15 silly audit   'object.groupby': [ '1.0.3' ],
15 silly audit   'object.values': [ '1.2.1' ],
15 silly audit   once: [ '1.4.0' ],
15 silly audit   optionator: [ '0.9.4' ],
15 silly audit   'own-keys': [ '1.0.1' ],
15 silly audit   'p-limit': [ '3.1.0' ],
15 silly audit   'p-locate': [ '5.0.0' ],
15 silly audit   'package-json-from-dist': [ '1.0.1' ],
15 silly audit   'parent-module': [ '1.0.1' ],
15 silly audit   'path-exists': [ '4.0.0' ],
15 silly audit   'path-is-absolute': [ '1.0.1' ],
15 silly audit   'path-key': [ '3.1.1' ],
15 silly audit   'path-parse': [ '1.0.7' ],
15 silly audit   'path-scurry': [ '1.11.1' ],
15 silly audit   'path-type': [ '4.0.0' ],
15 silly audit   picocolors: [ '1.1.1' ],
15 silly audit   picomatch: [ '2.3.1', '4.0.2' ],
15 silly audit   pify: [ '2.3.0' ],
15 silly audit   pirates: [ '4.0.7' ],
15 silly audit   'possible-typed-array-names': [ '1.1.0' ],
15 silly audit   'postcss-import': [ '15.1.0' ],
15 silly audit   'postcss-js': [ '4.0.1' ],
15 silly audit   'postcss-load-config': [ '4.0.2' ],
15 silly audit   'postcss-nested': [ '6.2.0' ],
15 silly audit   'postcss-selector-parser': [ '6.1.2' ],
15 silly audit   'postcss-value-parser': [ '4.2.0' ],
15 silly audit   'prelude-ls': [ '1.2.1' ],
15 silly audit   'proc-log': [ '5.0.0' ],
15 silly audit   'prop-types': [ '15.8.1' ],
15 silly audit   punycode: [ '2.3.1' ],
15 silly audit   pvtsutils: [ '1.3.6' ],
15 silly audit   pvutils: [ '1.1.3' ],
15 silly audit   'queue-microtask': [ '1.2.3' ],
15 silly audit   'quick-lru': [ '4.0.1' ],
15 silly audit   react: [ '18.2.0' ],
15 silly audit   'react-chartjs-2': [ '5.2.0' ],
15 silly audit   'react-dom': [ '18.2.0' ],
15 silly audit   'react-is': [ '16.13.1' ],
15 silly audit   'read-cache': [ '1.0.0' ],
15 silly audit   'read-cmd-shim': [ '5.0.0' ],
15 silly audit   readdirp: [ '3.6.0' ],
15 silly audit   'reflect.getprototypeof': [ '1.0.10' ],
15 silly audit   'regexp.prototype.flags': [ '1.5.4' ],
15 silly audit   'resolve-from': [ '4.0.0' ],
15 silly audit   'resolve-pkg-maps': [ '1.0.0' ],
15 silly audit   reusify: [ '1.1.0' ],
15 silly audit   rimraf: [ '3.0.2' ],
15 silly audit   'run-parallel': [ '1.2.0' ],
15 silly audit   'safe-array-concat': [ '1.1.3' ],
15 silly audit   'safe-push-apply': [ '1.0.0' ],
15 silly audit   'safe-regex-test': [ '1.1.0' ],
15 silly audit   scheduler: [ '0.23.2' ],
15 silly audit   'set-cookie-parser': [ '2.7.1' ],
15 silly audit   'set-function-length': [ '1.2.2' ],
15 silly audit   'set-function-name': [ '2.0.2' ],
15 silly audit   'set-proto': [ '1.0.0' ],
15 silly audit   'shebang-command': [ '2.0.0' ],
15 silly audit   'shebang-regex': [ '3.0.0' ],
15 silly audit   'side-channel': [ '1.1.0' ],
15 silly audit   'side-channel-list': [ '1.0.0' ],
15 silly audit   'side-channel-map': [ '1.0.1' ],
15 silly audit   'side-channel-weakmap': [ '1.0.2' ],
15 silly audit   'signal-exit': [ '4.1.0' ],
15 silly audit   slash: [ '3.0.0' ],
15 silly audit   'snake-case': [ '3.0.4' ],
15 silly audit   'type-fest': [ '2.19.0', '0.20.2' ],
15 silly audit   'source-map-js': [ '1.2.1' ],
15 silly audit   'stable-hash': [ '0.0.5' ],
15 silly audit   streamsearch: [ '1.1.0' ],
15 silly audit   'string-width': [ '5.1.2', '4.2.3' ],
15 silly audit   'string.prototype.includes': [ '2.0.1' ],
15 silly audit   'string.prototype.matchall': [ '4.0.12' ],
15 silly audit   'string.prototype.repeat': [ '1.0.0' ],
15 silly audit   'string.prototype.trim': [ '1.2.10' ],
15 silly audit   'string.prototype.trimend': [ '1.0.9' ],
15 silly audit   'string.prototype.trimstart': [ '1.0.8' ],
15 silly audit   'strip-bom': [ '3.0.0' ],
15 silly audit   'strip-json-comments': [ '3.1.1' ],
15 silly audit   'styled-jsx': [ '5.1.1' ],
15 silly audit   sucrase: [ '3.35.0' ],
15 silly audit   supabase: [ '1.226.4' ],
15 silly audit   'supports-color': [ '7.2.0' ],
15 silly audit   'supports-preserve-symlinks-flag': [ '1.0.0' ],
15 silly audit   swr: [ '2.2.0' ],
15 silly audit   tailwindcss: [ '3.3.3' ],
15 silly audit   tar: [ '7.4.3' ],
15 silly audit   'text-table': [ '0.2.0' ],
15 silly audit   thenify: [ '3.3.1' ],
15 silly audit   'thenify-all': [ '1.6.0' ],
15 silly audit   tinyglobby: [ '0.2.13' ],
15 silly audit   'to-no-case': [ '1.0.2' ],
15 silly audit   'to-regex-range': [ '5.0.1' ],
15 silly audit   'to-snake-case': [ '1.0.0' ],
15 silly audit   'to-space-case': [ '1.0.0' ],
15 silly audit   tr46: [ '0.0.3' ],
15 silly audit   'ts-api-utils': [ '1.4.3' ],
15 silly audit   'ts-interface-checker': [ '0.1.13' ],
15 silly audit   'tsconfig-paths': [ '3.15.0' ],
15 silly audit   'type-check': [ '0.4.0' ],
15 silly audit   'typed-array-buffer': [ '1.0.3' ],
15 silly audit   'typed-array-byte-length': [ '1.0.3' ],
15 silly audit   'typed-array-byte-offset': [ '1.0.4' ],
15 silly audit   'typed-array-length': [ '1.0.7' ],
15 silly audit   typescript: [ '5.1.6' ],
15 silly audit   'unbox-primitive': [ '1.1.0' ],
15 silly audit   'unrs-resolver': [ '1.7.2' ],
15 silly audit   'update-browserslist-db': [ '1.1.3' ],
15 silly audit   'uri-js': [ '4.4.1' ],
15 silly audit   'use-sync-external-store': [ '1.5.0' ],
15 silly audit   'util-deprecate': [ '1.0.2' ],
15 silly audit   'web-streams-polyfill': [ '3.3.3' ],
15 silly audit   'webcrypto-core': [ '1.8.1' ],
15 silly audit   'webidl-conversions': [ '3.0.1' ],
15 silly audit   'whatwg-url': [ '5.0.0' ],
15 silly audit   which: [ '2.0.2' ],
15 silly audit   'which-boxed-primitive': [ '1.1.1' ],
15 silly audit   'which-builtin-type': [ '1.2.1' ],
15 silly audit   'which-collection': [ '1.0.2' ],
15 silly audit   'which-typed-array': [ '1.1.19' ],
15 silly audit   'word-wrap': [ '1.2.5' ],
15 silly audit   'wrap-ansi': [ '8.1.0', '7.0.0' ],
15 silly audit   wrappy: [ '1.0.2' ],
15 silly audit   'write-file-atomic': [ '6.0.0' ],
15 silly audit   ws: [ '8.18.1' ],
15 silly audit   yallist: [ '5.0.0' ],
15 silly audit   yaml: [ '2.7.1' ],
15 silly audit   'yocto-queue': [ '0.1.0' ]
15 silly audit }
16 http fetch POST 200 https://registry.npmjs.org/-/npm/v1/security/advisories/bulk 451ms
17 silly audit report {
17 silly audit report   cookie: [
17 silly audit report     {
17 silly audit report       id: 1103907,
17 silly audit report       url: 'https://github.com/advisories/GHSA-pxg6-pf52-xh8x',
17 silly audit report       title: 'cookie accepts cookie name, path, and domain with out of bounds characters',
17 silly audit report       severity: 'low',
17 silly audit report       vulnerable_versions: '<0.7.0',
17 silly audit report       cwe: [Array],
17 silly audit report       cvss: [Object]
17 silly audit report     }
17 silly audit report   ]
17 silly audit report }
18 silly packumentCache corgi:https://registry.npmjs.org/cookie cache-miss
19 http fetch GET 200 https://registry.npmjs.org/cookie 109ms (cache updated)
20 silly packumentCache corgi:https://registry.npmjs.org/cookie set size:undefined disposed:false
21 silly packumentCache corgi:https://registry.npmjs.org/@clerk%2fbackend cache-miss
22 http fetch GET 200 https://registry.npmjs.org/@clerk%2fbackend 545ms (cache updated)
23 silly packumentCache corgi:https://registry.npmjs.org/@clerk%2fbackend set size:undefined disposed:false
24 silly packumentCache corgi:https://registry.npmjs.org/@clerk%2fclerk-sdk-node cache-miss
25 silly packumentCache corgi:https://registry.npmjs.org/@clerk%2fnextjs cache-miss
26 http fetch GET 200 https://registry.npmjs.org/@clerk%2fnextjs 485ms (cache updated)
27 silly packumentCache corgi:https://registry.npmjs.org/@clerk%2fnextjs set size:undefined disposed:false
28 http fetch GET 200 https://registry.npmjs.org/@clerk%2fclerk-sdk-node 1383ms (cache updated)
29 silly packumentCache corgi:https://registry.npmjs.org/@clerk%2fclerk-sdk-node set size:undefined disposed:false
30 warn audit Updating @clerk/nextjs to 6.18.4, which is a SemVer major change.
31 silly idealTree buildDeps
32 silly fetch manifest @clerk/nextjs@6.18.4
33 silly packumentCache full:https://registry.npmjs.org/@clerk%2fnextjs cache-miss
34 http fetch GET 200 https://registry.npmjs.org/@clerk%2fnextjs 1159ms (cache updated)
35 silly packumentCache full:https://registry.npmjs.org/@clerk%2fnextjs set size:undefined disposed:false
36 silly placeDep ROOT @clerk/nextjs@6.18.4 REPLACE for: calculator@0.1.0 want: 6.18.4
37 silly fetch manifest server-only@0.0.1
38 silly packumentCache full:https://registry.npmjs.org/server-only cache-miss
39 silly fetch manifest @clerk/types@^4.56.2
40 silly packumentCache full:https://registry.npmjs.org/@clerk%2ftypes cache-miss
41 silly fetch manifest @clerk/shared@^3.7.7
42 silly packumentCache full:https://registry.npmjs.org/@clerk%2fshared cache-miss
43 silly fetch manifest @clerk/backend@^1.31.1
44 silly packumentCache full:https://registry.npmjs.org/@clerk%2fbackend cache-miss
45 silly fetch manifest @clerk/clerk-react@^5.30.3
46 silly packumentCache full:https://registry.npmjs.org/@clerk%2fclerk-react cache-miss
47 http fetch GET 200 https://registry.npmjs.org/server-only 99ms (cache updated)
48 silly packumentCache full:https://registry.npmjs.org/server-only set size:undefined disposed:false
49 http fetch GET 200 https://registry.npmjs.org/@clerk%2fbackend 1023ms (cache updated)
50 silly packumentCache full:https://registry.npmjs.org/@clerk%2fbackend set size:undefined disposed:false
51 http fetch GET 200 https://registry.npmjs.org/@clerk%2fclerk-react 1228ms (cache updated)
52 silly packumentCache full:https://registry.npmjs.org/@clerk%2fclerk-react set size:undefined disposed:false
53 http fetch GET 200 https://registry.npmjs.org/@clerk%2ftypes 1345ms (cache updated)
54 silly packumentCache full:https://registry.npmjs.org/@clerk%2ftypes set size:undefined disposed:false
55 http fetch GET 200 https://registry.npmjs.org/@clerk%2fshared 1417ms (cache updated)
56 silly packumentCache full:https://registry.npmjs.org/@clerk%2fshared set size:undefined disposed:false
57 silly placeDep ROOT @clerk/backend@1.31.1 OK for: @clerk/nextjs@6.18.4 want: ^1.31.1
58 silly placeDep ROOT @clerk/clerk-react@5.30.3 OK for: @clerk/nextjs@6.18.4 want: ^5.30.3
59 silly placeDep ROOT @clerk/shared@3.7.7 OK for: @clerk/nextjs@6.18.4 want: ^3.7.7
60 silly placeDep node_modules/@clerk/nextjs @clerk/types@4.56.2 OK for: @clerk/nextjs@6.18.4 want: ^4.56.2
61 silly placeDep ROOT server-only@0.0.1 OK for: @clerk/nextjs@6.18.4 want: 0.0.1
62 silly fetch manifest snakecase-keys@8.0.1
63 silly packumentCache full:https://registry.npmjs.org/snakecase-keys cache-miss
64 silly fetch manifest dequal@2.0.3
65 silly packumentCache full:https://registry.npmjs.org/dequal cache-miss
66 silly fetch manifest glob-to-regexp@0.4.1
67 silly packumentCache full:https://registry.npmjs.org/glob-to-regexp cache-miss
68 silly fetch manifest js-cookie@3.0.5
69 silly packumentCache full:https://registry.npmjs.org/js-cookie cache-miss
70 silly fetch manifest std-env@^3.9.0
71 silly packumentCache full:https://registry.npmjs.org/std-env cache-miss
72 silly fetch manifest swr@^2.3.3
73 silly packumentCache full:https://registry.npmjs.org/swr cache-miss
74 silly fetch manifest csstype@3.1.3
75 silly packumentCache full:https://registry.npmjs.org/csstype cache-miss
76 http fetch GET 200 https://registry.npmjs.org/glob-to-regexp 60ms (cache updated)
77 silly packumentCache full:https://registry.npmjs.org/glob-to-regexp set size:undefined disposed:false
78 http fetch GET 200 https://registry.npmjs.org/snakecase-keys 63ms (cache updated)
79 silly packumentCache full:https://registry.npmjs.org/snakecase-keys set size:undefined disposed:false
80 http fetch GET 200 https://registry.npmjs.org/csstype 63ms (cache updated)
81 silly packumentCache full:https://registry.npmjs.org/csstype set size:undefined disposed:false
82 http fetch GET 200 https://registry.npmjs.org/swr 72ms (cache updated)
83 silly packumentCache full:https://registry.npmjs.org/swr set size:undefined disposed:false
84 http fetch GET 200 https://registry.npmjs.org/dequal 107ms (cache updated)
85 silly packumentCache full:https://registry.npmjs.org/dequal set size:undefined disposed:false
86 http fetch GET 200 https://registry.npmjs.org/std-env 109ms (cache updated)
87 silly packumentCache full:https://registry.npmjs.org/std-env set size:undefined disposed:false
88 http fetch GET 200 https://registry.npmjs.org/js-cookie 620ms (cache updated)
89 silly packumentCache full:https://registry.npmjs.org/js-cookie set size:undefined disposed:false
90 silly placeDep node_modules/@clerk/backend @clerk/types@4.56.2 OK for: @clerk/backend@1.31.1 want: ^4.56.2
91 silly placeDep ROOT snakecase-keys@8.0.1 OK for: @clerk/backend@1.31.1 want: 8.0.1
92 silly fetch manifest map-obj@^4.1.0
93 silly packumentCache full:https://registry.npmjs.org/map-obj cache-miss
94 silly fetch manifest snake-case@^3.0.4
95 silly packumentCache full:https://registry.npmjs.org/snake-case cache-miss
96 silly fetch manifest type-fest@^4.15.0
97 silly packumentCache full:https://registry.npmjs.org/type-fest cache-miss
98 http fetch GET 200 https://registry.npmjs.org/map-obj 37ms (cache updated)
99 silly packumentCache full:https://registry.npmjs.org/map-obj set size:undefined disposed:false
100 http fetch GET 200 https://registry.npmjs.org/snake-case 42ms (cache updated)
101 silly packumentCache full:https://registry.npmjs.org/snake-case set size:undefined disposed:false
102 http fetch GET 200 https://registry.npmjs.org/type-fest 44ms (cache updated)
103 silly packumentCache full:https://registry.npmjs.org/type-fest set size:undefined disposed:false
104 silly placeDep node_modules/@clerk/clerk-react @clerk/types@4.56.2 OK for: @clerk/clerk-react@5.30.3 want: ^4.56.2
105 silly placeDep node_modules/@clerk/shared @clerk/types@4.56.2 OK for: @clerk/shared@3.7.7 want: ^4.56.2
106 silly placeDep ROOT dequal@2.0.3 OK for: @clerk/shared@3.7.7 want: 2.0.3
107 silly placeDep ROOT glob-to-regexp@0.4.1 OK for: @clerk/shared@3.7.7 want: 0.4.1
108 silly placeDep ROOT js-cookie@3.0.5 OK for: @clerk/shared@3.7.7 want: 3.0.5
109 silly placeDep ROOT std-env@3.9.0 OK for: @clerk/shared@3.7.7 want: ^3.9.0
110 silly placeDep ROOT swr@2.3.3 OK for: @clerk/shared@3.7.7 want: ^2.3.3
111 silly fetch manifest use-sync-external-store@^1.4.0
112 silly packumentCache full:https://registry.npmjs.org/use-sync-external-store cache-miss
113 http fetch GET 200 https://registry.npmjs.org/use-sync-external-store 101ms (cache updated)
114 silly packumentCache full:https://registry.npmjs.org/use-sync-external-store set size:undefined disposed:false
115 silly placeDep ROOT map-obj@4.3.0 OK for: snakecase-keys@8.0.1 want: ^4.1.0
116 silly placeDep ROOT snake-case@3.0.4 OK for: snakecase-keys@8.0.1 want: ^3.0.4
117 silly placeDep node_modules/snakecase-keys type-fest@4.40.1 OK for: snakecase-keys@8.0.1 want: ^4.15.0
118 silly fetch manifest dot-case@^3.0.4
119 silly packumentCache full:https://registry.npmjs.org/dot-case cache-miss
120 http fetch GET 200 https://registry.npmjs.org/dot-case 46ms (cache updated)
121 silly packumentCache full:https://registry.npmjs.org/dot-case set size:undefined disposed:false
122 silly placeDep ROOT dot-case@3.0.4 OK for: snake-case@3.0.4 want: ^3.0.4
123 silly fetch manifest no-case@^3.0.4
124 silly packumentCache full:https://registry.npmjs.org/no-case cache-miss
125 http fetch GET 200 https://registry.npmjs.org/no-case 39ms (cache updated)
126 silly packumentCache full:https://registry.npmjs.org/no-case set size:undefined disposed:false
127 silly placeDep ROOT no-case@3.0.4 OK for: dot-case@3.0.4 want: ^3.0.4
128 silly fetch manifest lower-case@^2.0.2
129 silly packumentCache full:https://registry.npmjs.org/lower-case cache-miss
130 http fetch GET 200 https://registry.npmjs.org/lower-case 38ms (cache updated)
131 silly packumentCache full:https://registry.npmjs.org/lower-case set size:undefined disposed:false
132 silly placeDep ROOT lower-case@2.0.2 OK for: no-case@3.0.4 want: ^2.0.2
133 silly placeDep ROOT use-sync-external-store@1.5.0 OK for: swr@2.3.3 want: ^1.4.0
134 silly placeDep node_modules/@clerk/backend csstype@3.1.3 OK for: @clerk/types@4.56.2 want: 3.1.3
135 silly placeDep node_modules/@clerk/clerk-react csstype@3.1.3 OK for: @clerk/types@4.56.2 want: 3.1.3
136 silly placeDep node_modules/@clerk/nextjs csstype@3.1.3 OK for: @clerk/types@4.56.2 want: 3.1.3
137 silly placeDep node_modules/@clerk/shared csstype@3.1.3 OK for: @clerk/types@4.56.2 want: 3.1.3
138 silly reify mark retired [ 'C:\\Users\\akito\\git\\calculator\\node_modules\\@clerk\\backend' ]
139 silly reify mark retired [
139 silly reify   'C:\\Users\\akito\\git\\calculator\\node_modules\\@clerk\\clerk-react'
139 silly reify ]
140 silly reify mark retired [
140 silly reify   'C:\\Users\\akito\\git\\calculator\\node_modules\\@clerk\\clerk-sdk-node'
140 silly reify ]
141 silly reify mark retired [ 'C:\\Users\\akito\\git\\calculator\\node_modules\\@clerk\\nextjs' ]
142 silly reify mark retired [ 'C:\\Users\\akito\\git\\calculator\\node_modules\\@clerk\\shared' ]
143 silly reify mark retired [
143 silly reify   'C:\\Users\\akito\\git\\calculator\\node_modules\\@peculiar\\asn1-schema'
143 silly reify ]
144 silly reify mark retired [
144 silly reify   'C:\\Users\\akito\\git\\calculator\\node_modules\\@peculiar\\json-schema'
144 silly reify ]
145 silly reify mark retired [
145 silly reify   'C:\\Users\\akito\\git\\calculator\\node_modules\\@peculiar\\webcrypto'
145 silly reify ]
146 silly reify mark retired [
146 silly reify   'C:\\Users\\akito\\git\\calculator\\node_modules\\@types\\body-parser'
146 silly reify ]
147 silly reify mark retired [ 'C:\\Users\\akito\\git\\calculator\\node_modules\\@types\\connect' ]
148 silly reify mark retired [ 'C:\\Users\\akito\\git\\calculator\\node_modules\\@types\\cookies' ]
149 silly reify mark retired [ 'C:\\Users\\akito\\git\\calculator\\node_modules\\@types\\express' ]
150 silly reify mark retired [
150 silly reify   'C:\\Users\\akito\\git\\calculator\\node_modules\\@types\\express-serve-static-core'
150 silly reify ]
151 silly reify mark retired [
151 silly reify   'C:\\Users\\akito\\git\\calculator\\node_modules\\@types\\http-errors'
151 silly reify ]
152 silly reify mark retired [ 'C:\\Users\\akito\\git\\calculator\\node_modules\\@types\\keygrip' ]
153 silly reify mark retired [ 'C:\\Users\\akito\\git\\calculator\\node_modules\\@types\\mime' ]
154 silly reify mark retired [
154 silly reify   'C:\\Users\\akito\\git\\calculator\\node_modules\\@types\\node-fetch'
154 silly reify ]
155 silly reify mark retired [ 'C:\\Users\\akito\\git\\calculator\\node_modules\\@types\\qs' ]
156 silly reify mark retired [
156 silly reify   'C:\\Users\\akito\\git\\calculator\\node_modules\\@types\\range-parser'
156 silly reify ]
157 silly reify mark retired [ 'C:\\Users\\akito\\git\\calculator\\node_modules\\@types\\send' ]
158 silly reify mark retired [
158 silly reify   'C:\\Users\\akito\\git\\calculator\\node_modules\\@types\\serve-static'
158 silly reify ]
159 silly reify mark retired [ 'C:\\Users\\akito\\git\\calculator\\node_modules\\asn1js' ]
160 silly reify mark retired [ 'C:\\Users\\akito\\git\\calculator\\node_modules\\asynckit' ]
161 silly reify mark retired [ 'C:\\Users\\akito\\git\\calculator\\node_modules\\camelcase' ]
162 silly reify mark retired [ 'C:\\Users\\akito\\git\\calculator\\node_modules\\camelcase-keys' ]
163 silly reify mark retired [ 'C:\\Users\\akito\\git\\calculator\\node_modules\\combined-stream' ]
164 silly reify mark retired [ 'C:\\Users\\akito\\git\\calculator\\node_modules\\deepmerge' ]
165 silly reify mark retired [ 'C:\\Users\\akito\\git\\calculator\\node_modules\\delayed-stream' ]
166 silly reify mark retired [ 'C:\\Users\\akito\\git\\calculator\\node_modules\\form-data' ]
167 silly reify mark retired [ 'C:\\Users\\akito\\git\\calculator\\node_modules\\js-cookie' ]
168 silly reify mark retired [ 'C:\\Users\\akito\\git\\calculator\\node_modules\\mime-db' ]
169 silly reify mark retired [ 'C:\\Users\\akito\\git\\calculator\\node_modules\\mime-types' ]
170 silly reify mark retired [
170 silly reify   'C:\\Users\\akito\\git\\calculator\\node_modules\\node-fetch-native'
170 silly reify ]
171 silly reify mark retired [ 'C:\\Users\\akito\\git\\calculator\\node_modules\\pvtsutils' ]
172 silly reify mark retired [ 'C:\\Users\\akito\\git\\calculator\\node_modules\\pvutils' ]
173 silly reify mark retired [ 'C:\\Users\\akito\\git\\calculator\\node_modules\\quick-lru' ]
174 silly reify mark retired [ 'C:\\Users\\akito\\git\\calculator\\node_modules\\snakecase-keys' ]
175 silly reify mark retired [ 'C:\\Users\\akito\\git\\calculator\\node_modules\\swr' ]
176 silly reify mark retired [ 'C:\\Users\\akito\\git\\calculator\\node_modules\\to-no-case' ]
177 silly reify mark retired [ 'C:\\Users\\akito\\git\\calculator\\node_modules\\to-snake-case' ]
178 silly reify mark retired [ 'C:\\Users\\akito\\git\\calculator\\node_modules\\to-space-case' ]
179 silly reify mark retired [ 'C:\\Users\\akito\\git\\calculator\\node_modules\\webcrypto-core' ]
180 silly reify moves {
180 silly reify   'C:\\Users\\akito\\git\\calculator\\node_modules\\@clerk\\backend': 'C:\\Users\\akito\\git\\calculator\\node_modules\\@clerk\\.backend-TZiQMONc',
180 silly reify   'C:\\Users\\akito\\git\\calculator\\node_modules\\@clerk\\clerk-react': 'C:\\Users\\akito\\git\\calculator\\node_modules\\@clerk\\.clerk-react-mqIhXGUU',
180 silly reify   'C:\\Users\\akito\\git\\calculator\\node_modules\\@clerk\\clerk-sdk-node': 'C:\\Users\\akito\\git\\calculator\\node_modules\\@clerk\\.clerk-sdk-node-nRVp1Ce3',
180 silly reify   'C:\\Users\\akito\\git\\calculator\\node_modules\\@clerk\\nextjs': 'C:\\Users\\akito\\git\\calculator\\node_modules\\@clerk\\.nextjs-kXF9atIa',
180 silly reify   'C:\\Users\\akito\\git\\calculator\\node_modules\\@clerk\\shared': 'C:\\Users\\akito\\git\\calculator\\node_modules\\@clerk\\.shared-Ox719iYy',
180 silly reify   'C:\\Users\\akito\\git\\calculator\\node_modules\\@peculiar\\asn1-schema': 'C:\\Users\\akito\\git\\calculator\\node_modules\\@peculiar\\.asn1-schema-iKRRcf0E',
180 silly reify   'C:\\Users\\akito\\git\\calculator\\node_modules\\@peculiar\\json-schema': 'C:\\Users\\akito\\git\\calculator\\node_modules\\@peculiar\\.json-schema-2U1X9OJy',
180 silly reify   'C:\\Users\\akito\\git\\calculator\\node_modules\\@peculiar\\webcrypto': 'C:\\Users\\akito\\git\\calculator\\node_modules\\@peculiar\\.webcrypto-Xcv8lWCX',
180 silly reify   'C:\\Users\\akito\\git\\calculator\\node_modules\\@types\\body-parser': 'C:\\Users\\akito\\git\\calculator\\node_modules\\@types\\.body-parser-rIJE9Hbc',
180 silly reify   'C:\\Users\\akito\\git\\calculator\\node_modules\\@types\\connect': 'C:\\Users\\akito\\git\\calculator\\node_modules\\@types\\.connect-NN4oQoR8',
180 silly reify   'C:\\Users\\akito\\git\\calculator\\node_modules\\@types\\cookies': 'C:\\Users\\akito\\git\\calculator\\node_modules\\@types\\.cookies-yXesDmJC',
180 silly reify   'C:\\Users\\akito\\git\\calculator\\node_modules\\@types\\express': 'C:\\Users\\akito\\git\\calculator\\node_modules\\@types\\.express-kSHDWl78',
180 silly reify   'C:\\Users\\akito\\git\\calculator\\node_modules\\@types\\express-serve-static-core': 'C:\\Users\\akito\\git\\calculator\\node_modules\\@types\\.express-serve-static-core-IiXWYk33',
180 silly reify   'C:\\Users\\akito\\git\\calculator\\node_modules\\@types\\http-errors': 'C:\\Users\\akito\\git\\calculator\\node_modules\\@types\\.http-errors-W1m4E6Et',
180 silly reify   'C:\\Users\\akito\\git\\calculator\\node_modules\\@types\\keygrip': 'C:\\Users\\akito\\git\\calculator\\node_modules\\@types\\.keygrip-l20wSgG3',
180 silly reify   'C:\\Users\\akito\\git\\calculator\\node_modules\\@types\\mime': 'C:\\Users\\akito\\git\\calculator\\node_modules\\@types\\.mime-qPE9fYiB',
180 silly reify   'C:\\Users\\akito\\git\\calculator\\node_modules\\@types\\node-fetch': 'C:\\Users\\akito\\git\\calculator\\node_modules\\@types\\.node-fetch-d6iljXfO',
180 silly reify   'C:\\Users\\akito\\git\\calculator\\node_modules\\@types\\qs': 'C:\\Users\\akito\\git\\calculator\\node_modules\\@types\\.qs-HsIZuxyx',
180 silly reify   'C:\\Users\\akito\\git\\calculator\\node_modules\\@types\\range-parser': 'C:\\Users\\akito\\git\\calculator\\node_modules\\@types\\.range-parser-Lao0blAI',
180 silly reify   'C:\\Users\\akito\\git\\calculator\\node_modules\\@types\\send': 'C:\\Users\\akito\\git\\calculator\\node_modules\\@types\\.send-PV7T5qOE',
180 silly reify   'C:\\Users\\akito\\git\\calculator\\node_modules\\@types\\serve-static': 'C:\\Users\\akito\\git\\calculator\\node_modules\\@types\\.serve-static-CLxdALWi',
180 silly reify   'C:\\Users\\akito\\git\\calculator\\node_modules\\asn1js': 'C:\\Users\\akito\\git\\calculator\\node_modules\\.asn1js-y9VsL8zV',
180 silly reify   'C:\\Users\\akito\\git\\calculator\\node_modules\\asynckit': 'C:\\Users\\akito\\git\\calculator\\node_modules\\.asynckit-sQlHBERR',
180 silly reify   'C:\\Users\\akito\\git\\calculator\\node_modules\\camelcase': 'C:\\Users\\akito\\git\\calculator\\node_modules\\.camelcase-p6Tncqbc',
180 silly reify   'C:\\Users\\akito\\git\\calculator\\node_modules\\camelcase-keys': 'C:\\Users\\akito\\git\\calculator\\node_modules\\.camelcase-keys-8RyxCfJW',
180 silly reify   'C:\\Users\\akito\\git\\calculator\\node_modules\\combined-stream': 'C:\\Users\\akito\\git\\calculator\\node_modules\\.combined-stream-XXt5aBVA',
180 silly reify   'C:\\Users\\akito\\git\\calculator\\node_modules\\deepmerge': 'C:\\Users\\akito\\git\\calculator\\node_modules\\.deepmerge-MTurVAEH',
180 silly reify   'C:\\Users\\akito\\git\\calculator\\node_modules\\delayed-stream': 'C:\\Users\\akito\\git\\calculator\\node_modules\\.delayed-stream-TrbiAWki',
180 silly reify   'C:\\Users\\akito\\git\\calculator\\node_modules\\form-data': 'C:\\Users\\akito\\git\\calculator\\node_modules\\.form-data-tdVwf9FL',
180 silly reify   'C:\\Users\\akito\\git\\calculator\\node_modules\\js-cookie': 'C:\\Users\\akito\\git\\calculator\\node_modules\\.js-cookie-2y7WTvuJ',
180 silly reify   'C:\\Users\\akito\\git\\calculator\\node_modules\\mime-db': 'C:\\Users\\akito\\git\\calculator\\node_modules\\.mime-db-Ko8fDltP',
180 silly reify   'C:\\Users\\akito\\git\\calculator\\node_modules\\mime-types': 'C:\\Users\\akito\\git\\calculator\\node_modules\\.mime-types-7ELP25cF',
180 silly reify   'C:\\Users\\akito\\git\\calculator\\node_modules\\node-fetch-native': 'C:\\Users\\akito\\git\\calculator\\node_modules\\.node-fetch-native-iPFiFg0w',
180 silly reify   'C:\\Users\\akito\\git\\calculator\\node_modules\\pvtsutils': 'C:\\Users\\akito\\git\\calculator\\node_modules\\.pvtsutils-Pqhg45Nf',
180 silly reify   'C:\\Users\\akito\\git\\calculator\\node_modules\\pvutils': 'C:\\Users\\akito\\git\\calculator\\node_modules\\.pvutils-jGCsRbtc',
180 silly reify   'C:\\Users\\akito\\git\\calculator\\node_modules\\quick-lru': 'C:\\Users\\akito\\git\\calculator\\node_modules\\.quick-lru-8cCFi9db',
180 silly reify   'C:\\Users\\akito\\git\\calculator\\node_modules\\snakecase-keys': 'C:\\Users\\akito\\git\\calculator\\node_modules\\.snakecase-keys-3FqQPkih',
180 silly reify   'C:\\Users\\akito\\git\\calculator\\node_modules\\swr': 'C:\\Users\\akito\\git\\calculator\\node_modules\\.swr-bd4UdGuS',
180 silly reify   'C:\\Users\\akito\\git\\calculator\\node_modules\\to-no-case': 'C:\\Users\\akito\\git\\calculator\\node_modules\\.to-no-case-Og6DN84m',
180 silly reify   'C:\\Users\\akito\\git\\calculator\\node_modules\\to-snake-case': 'C:\\Users\\akito\\git\\calculator\\node_modules\\.to-snake-case-Das0OyHY',
180 silly reify   'C:\\Users\\akito\\git\\calculator\\node_modules\\to-space-case': 'C:\\Users\\akito\\git\\calculator\\node_modules\\.to-space-case-nwTOYoAl',
180 silly reify   'C:\\Users\\akito\\git\\calculator\\node_modules\\webcrypto-core': 'C:\\Users\\akito\\git\\calculator\\node_modules\\.webcrypto-core-kfsWZZcN'
180 silly reify }
181 silly audit bulk request {
181 silly audit   '@alloc/quick-lru': [ '5.2.0' ],
181 silly audit   '@babel/runtime': [ '7.27.1' ],
181 silly audit   '@types/node': [ '20.5.0' ],
181 silly audit   cookie: [ '1.0.2' ],
181 silly audit   tslib: [ '2.8.1' ],
181 silly audit   '@clerk/localizations': [ '1.22.0' ],
181 silly audit   '@clerk/types': [ '3.65.5', '4.56.2' ],
181 silly audit   '@emnapi/core': [ '1.4.3' ],
181 silly audit   '@emnapi/runtime': [ '1.4.3' ],
181 silly audit   '@emnapi/wasi-threads': [ '1.0.2' ],
181 silly audit   '@eslint-community/eslint-utils': [ '4.6.1' ],
181 silly audit   '@eslint-community/regexpp': [ '4.12.1' ],
181 silly audit   '@eslint/eslintrc': [ '2.1.4' ],
181 silly audit   '@eslint/js': [ '8.57.1' ],
181 silly audit   '@humanwhocodes/config-array': [ '0.11.14' ],
181 silly audit   '@humanwhocodes/module-importer': [ '1.0.1' ],
181 silly audit   '@humanwhocodes/object-schema': [ '2.0.3' ],
181 silly audit   '@isaacs/cliui': [ '8.0.2' ],
181 silly audit   'ansi-regex': [ '6.1.0', '5.0.1' ],
181 silly audit   'strip-ansi': [ '7.1.0', '6.0.1' ],
181 silly audit   '@isaacs/fs-minipass': [ '4.0.1' ],
181 silly audit   '@jridgewell/gen-mapping': [ '0.3.8' ],
181 silly audit   '@jridgewell/resolve-uri': [ '3.1.2' ],
181 silly audit   '@jridgewell/set-array': [ '1.2.1' ],
181 silly audit   '@jridgewell/sourcemap-codec': [ '1.5.0' ],
181 silly audit   '@jridgewell/trace-mapping': [ '0.3.25' ],
181 silly audit   '@kurkle/color': [ '0.3.4' ],
181 silly audit   '@napi-rs/wasm-runtime': [ '0.2.9' ],
181 silly audit   '@next/env': [ '14.2.28' ],
181 silly audit   '@next/eslint-plugin-next': [ '13.4.19' ],
181 silly audit   '@next/swc-darwin-arm64': [ '14.2.28' ],
181 silly audit   '@next/swc-darwin-x64': [ '14.2.28' ],
181 silly audit   '@next/swc-linux-arm64-gnu': [ '14.2.28' ],
181 silly audit   '@next/swc-linux-arm64-musl': [ '14.2.28' ],
181 silly audit   '@next/swc-linux-x64-gnu': [ '14.2.28' ],
181 silly audit   '@next/swc-linux-x64-musl': [ '14.2.28' ],
181 silly audit   '@next/swc-win32-arm64-msvc': [ '14.2.28' ],
181 silly audit   '@next/swc-win32-ia32-msvc': [ '14.2.28' ],
181 silly audit   '@next/swc-win32-x64-msvc': [ '14.2.28' ],
181 silly audit   '@nodelib/fs.scandir': [ '2.1.5' ],
181 silly audit   '@nodelib/fs.stat': [ '2.0.5' ],
181 silly audit   '@nodelib/fs.walk': [ '1.2.8' ],
181 silly audit   '@nolyfill/is-core-module': [ '1.0.39' ],
181 silly audit   '@pkgjs/parseargs': [ '0.11.0' ],
181 silly audit   '@rtsao/scc': [ '1.1.0' ],
181 silly audit   '@rushstack/eslint-patch': [ '1.11.0' ],
181 silly audit   '@supabase/auth-helpers-nextjs': [ '0.7.4' ],
181 silly audit   '@supabase/auth-helpers-shared': [ '0.4.1' ],
181 silly audit   '@supabase/functions-js': [ '2.4.4' ],
181 silly audit   '@supabase/gotrue-js': [ '2.69.1' ],
181 silly audit   '@supabase/node-fetch': [ '2.6.15' ],
181 silly audit   '@supabase/postgrest-js': [ '1.19.4' ],
181 silly audit   '@supabase/realtime-js': [ '2.11.7' ],
181 silly audit   '@supabase/ssr': [ '0.6.1' ],
181 silly audit   '@supabase/storage-js': [ '2.7.2' ],
181 silly audit   '@supabase/supabase-js': [ '2.32.0' ],
181 silly audit   '@swc/counter': [ '0.1.3' ],
181 silly audit   '@swc/helpers': [ '0.5.5' ],
181 silly audit   '@tybys/wasm-util': [ '0.9.0' ],
181 silly audit   '@types/chart.js': [ '2.9.37' ],
181 silly audit   '@types/json5': [ '0.0.29' ],
181 silly audit   '@types/phoenix': [ '1.6.6' ],
181 silly audit   '@types/prop-types': [ '15.7.14' ],
181 silly audit   '@types/react': [ '18.2.20' ],
181 silly audit   '@types/react-dom': [ '18.2.7' ],
181 silly audit   '@types/scheduler': [ '0.26.0' ],
181 silly audit   '@types/ws': [ '8.18.1' ],
181 silly audit   '@typescript-eslint/parser': [ '6.21.0' ],
181 silly audit   '@typescript-eslint/scope-manager': [ '6.21.0' ],
181 silly audit   '@typescript-eslint/types': [ '6.21.0' ],
181 silly audit   '@typescript-eslint/typescript-estree': [ '6.21.0' ],
181 silly audit   'brace-expansion': [ '2.0.1', '1.1.11' ],
181 silly audit   minimatch: [ '9.0.3', '3.1.2', '9.0.5' ],
181 silly audit   '@typescript-eslint/visitor-keys': [ '6.21.0' ],
181 silly audit   '@unrs/resolver-binding-darwin-arm64': [ '1.7.2' ],
181 silly audit   '@unrs/resolver-binding-darwin-x64': [ '1.7.2' ],
181 silly audit   '@unrs/resolver-binding-freebsd-x64': [ '1.7.2' ],
181 silly audit   '@unrs/resolver-binding-linux-arm-gnueabihf': [ '1.7.2' ],
181 silly audit   '@unrs/resolver-binding-linux-arm-musleabihf': [ '1.7.2' ],
181 silly audit   '@unrs/resolver-binding-linux-arm64-gnu': [ '1.7.2' ],
181 silly audit   '@unrs/resolver-binding-linux-arm64-musl': [ '1.7.2' ],
181 silly audit   '@unrs/resolver-binding-linux-ppc64-gnu': [ '1.7.2' ],
181 silly audit   '@unrs/resolver-binding-linux-riscv64-gnu': [ '1.7.2' ],
181 silly audit   '@unrs/resolver-binding-linux-riscv64-musl': [ '1.7.2' ],
181 silly audit   '@unrs/resolver-binding-linux-s390x-gnu': [ '1.7.2' ],
181 silly audit   '@unrs/resolver-binding-linux-x64-gnu': [ '1.7.2' ],
181 silly audit   '@unrs/resolver-binding-linux-x64-musl': [ '1.7.2' ],
181 silly audit   '@unrs/resolver-binding-wasm32-wasi': [ '1.7.2' ],
181 silly audit   '@unrs/resolver-binding-win32-arm64-msvc': [ '1.7.2' ],
181 silly audit   '@unrs/resolver-binding-win32-ia32-msvc': [ '1.7.2' ],
181 silly audit   '@unrs/resolver-binding-win32-x64-msvc': [ '1.7.2' ],
181 silly audit   acorn: [ '8.14.1' ],
181 silly audit   'acorn-jsx': [ '5.3.2' ],
181 silly audit   'agent-base': [ '7.1.3' ],
181 silly audit   ajv: [ '6.12.6' ],
181 silly audit   'ansi-styles': [ '4.3.0', '6.2.1' ],
181 silly audit   'any-promise': [ '1.3.0' ],
181 silly audit   anymatch: [ '3.1.3' ],
181 silly audit   arg: [ '5.0.2' ],
181 silly audit   argparse: [ '2.0.1' ],
181 silly audit   'aria-query': [ '5.3.2' ],
181 silly audit   'array-buffer-byte-length': [ '1.0.2' ],
181 silly audit   'array-includes': [ '3.1.8' ],
181 silly audit   'array-union': [ '2.1.0' ],
181 silly audit   'array.prototype.findlast': [ '1.2.5' ],
181 silly audit   'array.prototype.findlastindex': [ '1.2.6' ],
181 silly audit   'array.prototype.flat': [ '1.3.3' ],
181 silly audit   'array.prototype.flatmap': [ '1.3.3' ],
181 silly audit   'array.prototype.tosorted': [ '1.1.4' ],
181 silly audit   'arraybuffer.prototype.slice': [ '1.0.4' ],
181 silly audit   'ast-types-flow': [ '0.0.8' ],
181 silly audit   'async-function': [ '1.0.0' ],
181 silly audit   autoprefixer: [ '10.4.15' ],
181 silly audit   'available-typed-arrays': [ '1.0.7' ],
181 silly audit   'axe-core': [ '4.10.3' ],
181 silly audit   'axobject-query': [ '4.1.0' ],
181 silly audit   'balanced-match': [ '1.0.2' ],
181 silly audit   'bin-links': [ '5.0.0' ],
181 silly audit   'binary-extensions': [ '2.3.0' ],
181 silly audit   braces: [ '3.0.3' ],
181 silly audit   browserslist: [ '4.24.4' ],
181 silly audit   busboy: [ '1.6.0' ],
181 silly audit   'call-bind': [ '1.0.8' ],
181 silly audit   'call-bind-apply-helpers': [ '1.0.2' ],
181 silly audit   'call-bound': [ '1.0.4' ],
181 silly audit   callsites: [ '3.1.0' ],
181 silly audit   'camelcase-css': [ '2.0.1' ],
181 silly audit   'caniuse-lite': [ '1.0.30001716' ],
181 silly audit   chalk: [ '4.1.2' ],
181 silly audit   'chart.js': [ '4.4.0' ],
181 silly audit   chokidar: [ '3.6.0' ],
181 silly audit   'glob-parent': [ '5.1.2', '6.0.2' ],
181 silly audit   chownr: [ '3.0.0' ],
181 silly audit   'client-only': [ '0.0.1' ],
181 silly audit   'cmd-shim': [ '7.0.0' ],
181 silly audit   'color-convert': [ '2.0.1' ],
181 silly audit   'color-name': [ '1.1.4' ],
181 silly audit   commander: [ '4.1.1' ],
181 silly audit   'concat-map': [ '0.0.1' ],
181 silly audit   'cross-fetch': [ '3.2.0' ],
181 silly audit   'cross-spawn': [ '7.0.6' ],
181 silly audit   cssesc: [ '3.0.0' ],
181 silly audit   csstype: [ '3.1.1', '3.1.3' ],
181 silly audit   'damerau-levenshtein': [ '1.0.8' ],
181 silly audit   'data-uri-to-buffer': [ '4.0.1' ],
181 silly audit   'data-view-buffer': [ '1.0.2' ],
181 silly audit   'data-view-byte-length': [ '1.0.2' ],
181 silly audit   'data-view-byte-offset': [ '1.0.1' ],
181 silly audit   'date-fns': [ '2.30.0' ],
181 silly audit   debug: [ '4.4.0', '3.2.7' ],
181 silly audit   'deep-is': [ '0.1.4' ],
181 silly audit   'define-data-property': [ '1.1.4' ],
181 silly audit   'define-properties': [ '1.2.1' ],
181 silly audit   didyoumean: [ '1.2.2' ],
181 silly audit   'dir-glob': [ '3.0.1' ],
181 silly audit   dlv: [ '1.1.3' ],
181 silly audit   doctrine: [ '3.0.0', '2.1.0' ],
181 silly audit   'dunder-proto': [ '1.0.1' ],
181 silly audit   eastasianwidth: [ '0.2.0' ],
181 silly audit   'electron-to-chromium': [ '1.5.148' ],
181 silly audit   'emoji-regex': [ '9.2.2', '8.0.0' ],
181 silly audit   'es-abstract': [ '1.23.9' ],
181 silly audit   'es-define-property': [ '1.0.1' ],
181 silly audit   'es-errors': [ '1.3.0' ],
181 silly audit   'es-iterator-helpers': [ '1.2.1' ],
181 silly audit   'es-object-atoms': [ '1.1.1' ],
181 silly audit   'es-set-tostringtag': [ '2.1.0' ],
181 silly audit   'es-shim-unscopables': [ '1.1.0' ],
181 silly audit   'es-to-primitive': [ '1.3.0' ],
181 silly audit   escalade: [ '3.2.0' ],
181 silly audit   'escape-string-regexp': [ '4.0.0' ],
181 silly audit   eslint: [ '8.47.0' ],
181 silly audit   'eslint-config-next': [ '13.4.19' ],
181 silly audit   'eslint-import-resolver-node': [ '0.3.9' ],
181 silly audit   'eslint-import-resolver-typescript': [ '3.10.1' ],
181 silly audit   'eslint-module-utils': [ '2.12.0' ],
181 silly audit   'eslint-plugin-import': [ '2.31.0' ],
181 silly audit   semver: [ '6.3.1', '7.7.1' ],
181 silly audit   'eslint-plugin-jsx-a11y': [ '6.10.2' ],
181 silly audit   'eslint-plugin-react': [ '7.37.5' ],
181 silly audit   'eslint-plugin-react-hooks': [ '5.0.0-canary-7118f5dd7-20230705' ],
181 silly audit   resolve: [ '2.0.0-next.5', '1.22.10' ],
181 silly audit   'eslint-scope': [ '7.2.2' ],
181 silly audit   'eslint-visitor-keys': [ '3.4.3' ],
181 silly audit   espree: [ '9.6.1' ],
181 silly audit   esquery: [ '1.6.0' ],
181 silly audit   esrecurse: [ '4.3.0' ],
181 silly audit   estraverse: [ '5.3.0' ],
181 silly audit   esutils: [ '2.0.3' ],
181 silly audit   'fast-deep-equal': [ '3.1.3' ],
181 silly audit   'fast-glob': [ '3.3.3' ],
181 silly audit   'fast-json-stable-stringify': [ '2.1.0' ],
181 silly audit   'fast-levenshtein': [ '2.0.6' ],
181 silly audit   fastq: [ '1.19.1' ],
181 silly audit   fdir: [ '6.4.4' ],
181 silly audit   'fetch-blob': [ '3.2.0' ],
181 silly audit   'file-entry-cache': [ '6.0.1' ],
181 silly audit   'fill-range': [ '7.1.1' ],
181 silly audit   'find-up': [ '5.0.0' ],
181 silly audit   'flat-cache': [ '3.2.0' ],
181 silly audit   flatted: [ '3.3.3' ],
181 silly audit   'for-each': [ '0.3.5' ],
181 silly audit   'foreground-child': [ '3.3.1' ],
181 silly audit   'formdata-polyfill': [ '4.0.10' ],
181 silly audit   'fraction.js': [ '4.3.7' ],
181 silly audit   'fs.realpath': [ '1.0.0' ],
181 silly audit   fsevents: [ '2.3.3' ],
181 silly audit   'function-bind': [ '1.1.2' ],
181 silly audit   'function.prototype.name': [ '1.1.8' ],
181 silly audit   'functions-have-names': [ '1.2.3' ],
181 silly audit   'get-intrinsic': [ '1.3.0' ],
181 silly audit   'get-proto': [ '1.0.1' ],
181 silly audit   'get-symbol-description': [ '1.1.0' ],
181 silly audit   'get-tsconfig': [ '4.10.0' ],
181 silly audit   glob: [ '7.1.7', '10.4.5' ],
181 silly audit   globals: [ '13.24.0' ],
181 silly audit   globalthis: [ '1.0.4' ],
181 silly audit   globby: [ '11.1.0' ],
181 silly audit   gopd: [ '1.2.0' ],
181 silly audit   'graceful-fs': [ '4.2.11' ],
181 silly audit   graphemer: [ '1.4.0' ],
181 silly audit   'has-bigints': [ '1.1.0' ],
181 silly audit   'has-flag': [ '4.0.0' ],
181 silly audit   'has-property-descriptors': [ '1.0.2' ],
181 silly audit   'has-proto': [ '1.2.0' ],
181 silly audit   'has-symbols': [ '1.1.0' ],
181 silly audit   'has-tostringtag': [ '1.0.2' ],
181 silly audit   hasown: [ '2.0.2' ],
181 silly audit   'https-proxy-agent': [ '7.0.6' ],
181 silly audit   ignore: [ '5.3.2' ],
181 silly audit   'import-fresh': [ '3.3.1' ],
181 silly audit   imurmurhash: [ '0.1.4' ],
181 silly audit   inflight: [ '1.0.6' ],
181 silly audit   inherits: [ '2.0.4' ],
181 silly audit   'internal-slot': [ '1.1.0' ],
181 silly audit   'is-array-buffer': [ '3.0.5' ],
181 silly audit   'is-async-function': [ '2.1.1' ],
181 silly audit   'is-bigint': [ '1.1.0' ],
181 silly audit   'is-binary-path': [ '2.1.0' ],
181 silly audit   'is-boolean-object': [ '1.2.2' ],
181 silly audit   'is-bun-module': [ '2.0.0' ],
181 silly audit   'is-callable': [ '1.2.7' ],
181 silly audit   'is-core-module': [ '2.16.1' ],
181 silly audit   'is-data-view': [ '1.0.2' ],
181 silly audit   'is-date-object': [ '1.1.0' ],
181 silly audit   'is-extglob': [ '2.1.1' ],
181 silly audit   'is-finalizationregistry': [ '1.1.1' ],
181 silly audit   'is-fullwidth-code-point': [ '3.0.0' ],
181 silly audit   'is-generator-function': [ '1.1.0' ],
181 silly audit   'is-glob': [ '4.0.3' ],
181 silly audit   'is-map': [ '2.0.3' ],
181 silly audit   'is-number': [ '7.0.0' ],
181 silly audit   'is-number-object': [ '1.1.1' ],
181 silly audit   'is-path-inside': [ '3.0.3' ],
181 silly audit   'is-regex': [ '1.2.1' ],
181 silly audit   'is-set': [ '2.0.3' ],
181 silly audit   'is-shared-array-buffer': [ '1.0.4' ],
181 silly audit   'is-string': [ '1.1.1' ],
181 silly audit   'is-symbol': [ '1.1.1' ],
181 silly audit   'is-typed-array': [ '1.1.15' ],
181 silly audit   'is-weakmap': [ '2.0.2' ],
181 silly audit   'is-weakref': [ '1.1.1' ],
181 silly audit   'is-weakset': [ '2.0.4' ],
181 silly audit   isarray: [ '2.0.5' ],
181 silly audit   isexe: [ '2.0.0' ],
181 silly audit   'iterator.prototype': [ '1.1.5' ],
181 silly audit   jackspeak: [ '3.4.3' ],
181 silly audit   jiti: [ '1.21.7' ],
181 silly audit   jose: [ '4.15.9' ],
181 silly audit   'js-tokens': [ '4.0.0' ],
181 silly audit   'js-yaml': [ '4.1.0' ],
181 silly audit   'json-buffer': [ '3.0.1' ],
181 silly audit   'json-schema-traverse': [ '0.4.1' ],
181 silly audit   'json-stable-stringify-without-jsonify': [ '1.0.1' ],
181 silly audit   json5: [ '1.0.2' ],
181 silly audit   'jsx-ast-utils': [ '3.3.5' ],
181 silly audit   keyv: [ '4.5.4' ],
181 silly audit   'language-subtag-registry': [ '0.3.23' ],
181 silly audit   'language-tags': [ '1.0.9' ],
181 silly audit   levn: [ '0.4.1' ],
181 silly audit   lilconfig: [ '2.1.0', '3.1.3' ],
181 silly audit   'lines-and-columns': [ '1.2.4' ],
181 silly audit   'locate-path': [ '6.0.0' ],
181 silly audit   'lodash.merge': [ '4.6.2' ],
181 silly audit   'loose-envify': [ '1.4.0' ],
181 silly audit   'lru-cache': [ '10.4.3' ],
181 silly audit   'math-intrinsics': [ '1.1.0' ],
181 silly audit   merge2: [ '1.4.1' ],
181 silly audit   micromatch: [ '4.0.8' ],
181 silly audit   minimist: [ '1.2.8' ],
181 silly audit   minipass: [ '7.1.2' ],
181 silly audit   minizlib: [ '3.0.2' ],
181 silly audit   mkdirp: [ '3.0.1' ],
181 silly audit   moment: [ '2.30.1' ],
181 silly audit   ms: [ '2.1.3' ],
181 silly audit   mz: [ '2.7.0' ],
181 silly audit   nanoid: [ '3.3.11' ],
181 silly audit   'napi-postinstall': [ '0.2.3' ],
181 silly audit   'natural-compare': [ '1.4.0' ],
181 silly audit   next: [ '14.2.28' ],
181 silly audit   postcss: [ '8.4.31', '8.5.3' ],
181 silly audit   'node-domexception': [ '1.0.0' ],
181 silly audit   'node-fetch': [ '2.7.0', '3.3.2' ],
181 silly audit   'node-releases': [ '2.0.19' ],
181 silly audit   'normalize-path': [ '3.0.0' ],
181 silly audit   'normalize-range': [ '0.1.2' ],
181 silly audit   'npm-normalize-package-bin': [ '4.0.0' ],
181 silly audit   'object-assign': [ '4.1.1' ],
181 silly audit   'object-hash': [ '3.0.0' ],
181 silly audit   'object-inspect': [ '1.13.4' ],
181 silly audit   'object-keys': [ '1.1.1' ],
181 silly audit   'object.assign': [ '4.1.7' ],
181 silly audit   'object.entries': [ '1.1.9' ],
181 silly audit   'object.fromentries': [ '2.0.8' ],
181 silly audit   'object.groupby': [ '1.0.3' ],
181 silly audit   'object.values': [ '1.2.1' ],
181 silly audit   once: [ '1.4.0' ],
181 silly audit   optionator: [ '0.9.4' ],
181 silly audit   'own-keys': [ '1.0.1' ],
181 silly audit   'p-limit': [ '3.1.0' ],
181 silly audit   'p-locate': [ '5.0.0' ],
181 silly audit   'package-json-from-dist': [ '1.0.1' ],
181 silly audit   'parent-module': [ '1.0.1' ],
181 silly audit   'path-exists': [ '4.0.0' ],
181 silly audit   'path-is-absolute': [ '1.0.1' ],
181 silly audit   'path-key': [ '3.1.1' ],
181 silly audit   'path-parse': [ '1.0.7' ],
181 silly audit   'path-scurry': [ '1.11.1' ],
181 silly audit   'path-type': [ '4.0.0' ],
181 silly audit   picocolors: [ '1.1.1' ],
181 silly audit   picomatch: [ '2.3.1', '4.0.2' ],
181 silly audit   pify: [ '2.3.0' ],
181 silly audit   pirates: [ '4.0.7' ],
181 silly audit   'possible-typed-array-names': [ '1.1.0' ],
181 silly audit   'postcss-import': [ '15.1.0' ],
181 silly audit   'postcss-js': [ '4.0.1' ],
181 silly audit   'postcss-load-config': [ '4.0.2' ],
181 silly audit   'postcss-nested': [ '6.2.0' ],
181 silly audit   'postcss-selector-parser': [ '6.1.2' ],
181 silly audit   'postcss-value-parser': [ '4.2.0' ],
181 silly audit   'prelude-ls': [ '1.2.1' ],
181 silly audit   'proc-log': [ '5.0.0' ],
181 silly audit   'prop-types': [ '15.8.1' ],
181 silly audit   punycode: [ '2.3.1' ],
181 silly audit   'queue-microtask': [ '1.2.3' ],
181 silly audit   react: [ '18.2.0' ],
181 silly audit   'react-chartjs-2': [ '5.2.0' ],
181 silly audit   'react-dom': [ '18.2.0' ],
181 silly audit   'react-is': [ '16.13.1' ],
181 silly audit   'read-cache': [ '1.0.0' ],
181 silly audit   'read-cmd-shim': [ '5.0.0' ],
181 silly audit   readdirp: [ '3.6.0' ],
181 silly audit   'reflect.getprototypeof': [ '1.0.10' ],
181 silly audit   'regexp.prototype.flags': [ '1.5.4' ],
181 silly audit   'resolve-from': [ '4.0.0' ],
181 silly audit   'resolve-pkg-maps': [ '1.0.0' ],
181 silly audit   reusify: [ '1.1.0' ],
181 silly audit   rimraf: [ '3.0.2' ],
181 silly audit   'run-parallel': [ '1.2.0' ],
181 silly audit   'safe-array-concat': [ '1.1.3' ],
181 silly audit   'safe-push-apply': [ '1.0.0' ],
181 silly audit   'safe-regex-test': [ '1.1.0' ],
181 silly audit   scheduler: [ '0.23.2' ],
181 silly audit   'set-cookie-parser': [ '2.7.1' ],
181 silly audit   'set-function-length': [ '1.2.2' ],
181 silly audit   'set-function-name': [ '2.0.2' ],
181 silly audit   'set-proto': [ '1.0.0' ],
181 silly audit   'shebang-command': [ '2.0.0' ],
181 silly audit   'shebang-regex': [ '3.0.0' ],
181 silly audit   'side-channel': [ '1.1.0' ],
181 silly audit   'side-channel-list': [ '1.0.0' ],
181 silly audit   'side-channel-map': [ '1.0.1' ],
181 silly audit   'side-channel-weakmap': [ '1.0.2' ],
181 silly audit   'signal-exit': [ '4.1.0' ],
181 silly audit   slash: [ '3.0.0' ],
181 silly audit   'type-fest': [ '0.20.2', '4.40.1' ],
181 silly audit   'source-map-js': [ '1.2.1' ],
181 silly audit   'stable-hash': [ '0.0.5' ],
181 silly audit   streamsearch: [ '1.1.0' ],
181 silly audit   'string-width': [ '5.1.2', '4.2.3' ],
181 silly audit   'string.prototype.includes': [ '2.0.1' ],
181 silly audit   'string.prototype.matchall': [ '4.0.12' ],
181 silly audit   'string.prototype.repeat': [ '1.0.0' ],
181 silly audit   'string.prototype.trim': [ '1.2.10' ],
181 silly audit   'string.prototype.trimend': [ '1.0.9' ],
181 silly audit   'string.prototype.trimstart': [ '1.0.8' ],
181 silly audit   'strip-bom': [ '3.0.0' ],
181 silly audit   'strip-json-comments': [ '3.1.1' ],
181 silly audit   'styled-jsx': [ '5.1.1' ],
181 silly audit   sucrase: [ '3.35.0' ],
181 silly audit   supabase: [ '1.226.4' ],
181 silly audit   'supports-color': [ '7.2.0' ],
181 silly audit   'supports-preserve-symlinks-flag': [ '1.0.0' ],
181 silly audit   tailwindcss: [ '3.3.3' ],
181 silly audit   tar: [ '7.4.3' ],
181 silly audit   'text-table': [ '0.2.0' ],
181 silly audit   thenify: [ '3.3.1' ],
181 silly audit   'thenify-all': [ '1.6.0' ],
181 silly audit   tinyglobby: [ '0.2.13' ],
181 silly audit   'to-regex-range': [ '5.0.1' ],
181 silly audit   tr46: [ '0.0.3' ],
181 silly audit   'ts-api-utils': [ '1.4.3' ],
181 silly audit   'ts-interface-checker': [ '0.1.13' ],
181 silly audit   'tsconfig-paths': [ '3.15.0' ],
181 silly audit   'type-check': [ '0.4.0' ],
181 silly audit   'typed-array-buffer': [ '1.0.3' ],
181 silly audit   'typed-array-byte-length': [ '1.0.3' ],
181 silly audit   'typed-array-byte-offset': [ '1.0.4' ],
181 silly audit   'typed-array-length': [ '1.0.7' ],
181 silly audit   typescript: [ '5.1.6' ],
181 silly audit   'unbox-primitive': [ '1.1.0' ],
181 silly audit   'unrs-resolver': [ '1.7.2' ],
181 silly audit   'update-browserslist-db': [ '1.1.3' ],
181 silly audit   'uri-js': [ '4.4.1' ],
181 silly audit   'util-deprecate': [ '1.0.2' ],
181 silly audit   'web-streams-polyfill': [ '3.3.3' ],
181 silly audit   'webidl-conversions': [ '3.0.1' ],
181 silly audit   'whatwg-url': [ '5.0.0' ],
181 silly audit   which: [ '2.0.2' ],
181 silly audit   'which-boxed-primitive': [ '1.1.1' ],
181 silly audit   'which-builtin-type': [ '1.2.1' ],
181 silly audit   'which-collection': [ '1.0.2' ],
181 silly audit   'which-typed-array': [ '1.1.19' ],
181 silly audit   'word-wrap': [ '1.2.5' ],
181 silly audit   'wrap-ansi': [ '8.1.0', '7.0.0' ],
181 silly audit   wrappy: [ '1.0.2' ],
181 silly audit   'write-file-atomic': [ '6.0.0' ],
181 silly audit   ws: [ '8.18.1' ],
181 silly audit   yallist: [ '5.0.0' ],
181 silly audit   yaml: [ '2.7.1' ],
181 silly audit   'yocto-queue': [ '0.1.0' ],
181 silly audit   '@clerk/nextjs': [ '6.18.4' ],
181 silly audit   '@clerk/backend': [ '1.31.1' ],
181 silly audit   '@clerk/clerk-react': [ '5.30.3' ],
181 silly audit   '@clerk/shared': [ '3.7.7' ],
181 silly audit   'server-only': [ '0.0.1' ],
181 silly audit   'snakecase-keys': [ '8.0.1' ],
181 silly audit   dequal: [ '2.0.3' ],
181 silly audit   'glob-to-regexp': [ '0.4.1' ],
181 silly audit   'js-cookie': [ '3.0.5' ],
181 silly audit   'std-env': [ '3.9.0' ],
181 silly audit   swr: [ '2.3.3' ],
181 silly audit   'map-obj': [ '4.3.0' ],
181 silly audit   'snake-case': [ '3.0.4' ],
181 silly audit   'dot-case': [ '3.0.4' ],
181 silly audit   'no-case': [ '3.0.4' ],
181 silly audit   'lower-case': [ '2.0.2' ],
181 silly audit   'use-sync-external-store': [ '1.5.0' ]
181 silly audit }
182 verbose reify failed optional dependency C:\Users\akito\git\calculator\node_modules\fsevents
183 silly reify mark deleted [ 'C:\\Users\\akito\\git\\calculator\\node_modules\\fsevents' ]
184 verbose reify failed optional dependency C:\Users\akito\git\calculator\node_modules\@unrs\resolver-binding-win32-ia32-msvc
185 silly reify mark deleted [
185 silly reify   'C:\\Users\\akito\\git\\calculator\\node_modules\\@unrs\\resolver-binding-win32-ia32-msvc'
185 silly reify ]
186 verbose reify failed optional dependency C:\Users\akito\git\calculator\node_modules\@unrs\resolver-binding-win32-arm64-msvc
187 silly reify mark deleted [
187 silly reify   'C:\\Users\\akito\\git\\calculator\\node_modules\\@unrs\\resolver-binding-win32-arm64-msvc'
187 silly reify ]
188 verbose reify failed optional dependency C:\Users\akito\git\calculator\node_modules\@unrs\resolver-binding-wasm32-wasi
189 silly reify mark deleted [
189 silly reify   'C:\\Users\\akito\\git\\calculator\\node_modules\\@unrs\\resolver-binding-wasm32-wasi'
189 silly reify ]
190 verbose reify failed optional dependency C:\Users\akito\git\calculator\node_modules\@napi-rs\wasm-runtime
191 silly reify mark deleted [
191 silly reify   'C:\\Users\\akito\\git\\calculator\\node_modules\\@napi-rs\\wasm-runtime'
191 silly reify ]
192 verbose reify failed optional dependency C:\Users\akito\git\calculator\node_modules\@emnapi\core
193 silly reify mark deleted [ 'C:\\Users\\akito\\git\\calculator\\node_modules\\@emnapi\\core' ]
194 verbose reify failed optional dependency C:\Users\akito\git\calculator\node_modules\@emnapi\runtime
195 silly reify mark deleted [ 'C:\\Users\\akito\\git\\calculator\\node_modules\\@emnapi\\runtime' ]
196 verbose reify failed optional dependency C:\Users\akito\git\calculator\node_modules\@tybys\wasm-util
197 silly reify mark deleted [
197 silly reify   'C:\\Users\\akito\\git\\calculator\\node_modules\\@tybys\\wasm-util'
197 silly reify ]
198 verbose reify failed optional dependency C:\Users\akito\git\calculator\node_modules\@emnapi\wasi-threads
199 silly reify mark deleted [
199 silly reify   'C:\\Users\\akito\\git\\calculator\\node_modules\\@emnapi\\wasi-threads'
199 silly reify ]
200 verbose reify failed optional dependency C:\Users\akito\git\calculator\node_modules\@unrs\resolver-binding-linux-x64-musl
201 silly reify mark deleted [
201 silly reify   'C:\\Users\\akito\\git\\calculator\\node_modules\\@unrs\\resolver-binding-linux-x64-musl'
201 silly reify ]
202 verbose reify failed optional dependency C:\Users\akito\git\calculator\node_modules\@unrs\resolver-binding-linux-x64-gnu
203 silly reify mark deleted [
203 silly reify   'C:\\Users\\akito\\git\\calculator\\node_modules\\@unrs\\resolver-binding-linux-x64-gnu'
203 silly reify ]
204 verbose reify failed optional dependency C:\Users\akito\git\calculator\node_modules\@unrs\resolver-binding-linux-s390x-gnu
205 silly reify mark deleted [
205 silly reify   'C:\\Users\\akito\\git\\calculator\\node_modules\\@unrs\\resolver-binding-linux-s390x-gnu'
205 silly reify ]
206 verbose reify failed optional dependency C:\Users\akito\git\calculator\node_modules\@unrs\resolver-binding-linux-riscv64-musl
207 silly reify mark deleted [
207 silly reify   'C:\\Users\\akito\\git\\calculator\\node_modules\\@unrs\\resolver-binding-linux-riscv64-musl'
207 silly reify ]
208 verbose reify failed optional dependency C:\Users\akito\git\calculator\node_modules\@unrs\resolver-binding-linux-riscv64-gnu
209 silly reify mark deleted [
209 silly reify   'C:\\Users\\akito\\git\\calculator\\node_modules\\@unrs\\resolver-binding-linux-riscv64-gnu'
209 silly reify ]
210 verbose reify failed optional dependency C:\Users\akito\git\calculator\node_modules\@unrs\resolver-binding-linux-ppc64-gnu
211 silly reify mark deleted [
211 silly reify   'C:\\Users\\akito\\git\\calculator\\node_modules\\@unrs\\resolver-binding-linux-ppc64-gnu'
211 silly reify ]
212 verbose reify failed optional dependency C:\Users\akito\git\calculator\node_modules\@unrs\resolver-binding-linux-arm64-musl
213 silly reify mark deleted [
213 silly reify   'C:\\Users\\akito\\git\\calculator\\node_modules\\@unrs\\resolver-binding-linux-arm64-musl'
213 silly reify ]
214 verbose reify failed optional dependency C:\Users\akito\git\calculator\node_modules\@unrs\resolver-binding-linux-arm64-gnu
215 silly reify mark deleted [
215 silly reify   'C:\\Users\\akito\\git\\calculator\\node_modules\\@unrs\\resolver-binding-linux-arm64-gnu'
215 silly reify ]
216 verbose reify failed optional dependency C:\Users\akito\git\calculator\node_modules\@unrs\resolver-binding-linux-arm-musleabihf
217 silly reify mark deleted [
217 silly reify   'C:\\Users\\akito\\git\\calculator\\node_modules\\@unrs\\resolver-binding-linux-arm-musleabihf'
217 silly reify ]
218 verbose reify failed optional dependency C:\Users\akito\git\calculator\node_modules\@unrs\resolver-binding-linux-arm-gnueabihf
219 silly reify mark deleted [
219 silly reify   'C:\\Users\\akito\\git\\calculator\\node_modules\\@unrs\\resolver-binding-linux-arm-gnueabihf'
219 silly reify ]
220 verbose reify failed optional dependency C:\Users\akito\git\calculator\node_modules\@unrs\resolver-binding-freebsd-x64
221 silly reify mark deleted [
221 silly reify   'C:\\Users\\akito\\git\\calculator\\node_modules\\@unrs\\resolver-binding-freebsd-x64'
221 silly reify ]
222 verbose reify failed optional dependency C:\Users\akito\git\calculator\node_modules\@unrs\resolver-binding-darwin-x64
223 silly reify mark deleted [
223 silly reify   'C:\\Users\\akito\\git\\calculator\\node_modules\\@unrs\\resolver-binding-darwin-x64'
223 silly reify ]
224 verbose reify failed optional dependency C:\Users\akito\git\calculator\node_modules\@unrs\resolver-binding-darwin-arm64
225 silly reify mark deleted [
225 silly reify   'C:\\Users\\akito\\git\\calculator\\node_modules\\@unrs\\resolver-binding-darwin-arm64'
225 silly reify ]
226 verbose reify failed optional dependency C:\Users\akito\git\calculator\node_modules\@next\swc-win32-ia32-msvc
227 silly reify mark deleted [
227 silly reify   'C:\\Users\\akito\\git\\calculator\\node_modules\\@next\\swc-win32-ia32-msvc'
227 silly reify ]
228 verbose reify failed optional dependency C:\Users\akito\git\calculator\node_modules\@next\swc-win32-arm64-msvc
229 silly reify mark deleted [
229 silly reify   'C:\\Users\\akito\\git\\calculator\\node_modules\\@next\\swc-win32-arm64-msvc'
229 silly reify ]
230 verbose reify failed optional dependency C:\Users\akito\git\calculator\node_modules\@next\swc-linux-x64-musl
231 silly reify mark deleted [
231 silly reify   'C:\\Users\\akito\\git\\calculator\\node_modules\\@next\\swc-linux-x64-musl'
231 silly reify ]
232 verbose reify failed optional dependency C:\Users\akito\git\calculator\node_modules\@next\swc-linux-x64-gnu
233 silly reify mark deleted [
233 silly reify   'C:\\Users\\akito\\git\\calculator\\node_modules\\@next\\swc-linux-x64-gnu'
233 silly reify ]
234 verbose reify failed optional dependency C:\Users\akito\git\calculator\node_modules\@next\swc-linux-arm64-musl
235 silly reify mark deleted [
235 silly reify   'C:\\Users\\akito\\git\\calculator\\node_modules\\@next\\swc-linux-arm64-musl'
235 silly reify ]
236 verbose reify failed optional dependency C:\Users\akito\git\calculator\node_modules\@next\swc-linux-arm64-gnu
237 silly reify mark deleted [
237 silly reify   'C:\\Users\\akito\\git\\calculator\\node_modules\\@next\\swc-linux-arm64-gnu'
237 silly reify ]
238 verbose reify failed optional dependency C:\Users\akito\git\calculator\node_modules\@next\swc-darwin-x64
239 silly reify mark deleted [
239 silly reify   'C:\\Users\\akito\\git\\calculator\\node_modules\\@next\\swc-darwin-x64'
239 silly reify ]
240 verbose reify failed optional dependency C:\Users\akito\git\calculator\node_modules\@next\swc-darwin-arm64
241 silly reify mark deleted [
241 silly reify   'C:\\Users\\akito\\git\\calculator\\node_modules\\@next\\swc-darwin-arm64'
241 silly reify ]
242 http cache std-env@https://registry.npmjs.org/std-env/-/std-env-3.9.0.tgz 0ms (cache hit)
243 http cache @tybys/wasm-util@https://registry.npmjs.org/@tybys/wasm-util/-/wasm-util-0.9.0.tgz 0ms (cache hit)
244 http cache dequal@https://registry.npmjs.org/dequal/-/dequal-2.0.3.tgz 0ms (cache hit)
245 http cache server-only@https://registry.npmjs.org/server-only/-/server-only-0.0.1.tgz 0ms (cache hit)
246 http cache @napi-rs/wasm-runtime@https://registry.npmjs.org/@napi-rs/wasm-runtime/-/wasm-runtime-0.2.9.tgz 0ms (cache hit)
247 http cache snakecase-keys@https://registry.npmjs.org/snakecase-keys/-/snakecase-keys-8.0.1.tgz 0ms (cache hit)
248 http cache @emnapi/wasi-threads@https://registry.npmjs.org/@emnapi/wasi-threads/-/wasi-threads-1.0.2.tgz 0ms (cache hit)
249 http cache swr@https://registry.npmjs.org/swr/-/swr-2.3.3.tgz 0ms (cache hit)
250 http cache @emnapi/core@https://registry.npmjs.org/@emnapi/core/-/core-1.4.3.tgz 0ms (cache hit)
251 http cache type-fest@https://registry.npmjs.org/type-fest/-/type-fest-4.40.1.tgz 0ms (cache hit)
252 http cache @clerk/shared@https://registry.npmjs.org/@clerk/shared/-/shared-3.7.7.tgz 0ms (cache hit)
253 http cache js-cookie@https://registry.npmjs.org/js-cookie/-/js-cookie-3.0.5.tgz 0ms (cache hit)
254 http cache @clerk/nextjs@https://registry.npmjs.org/@clerk/nextjs/-/nextjs-6.18.4.tgz 0ms (cache hit)
255 http cache csstype@https://registry.npmjs.org/csstype/-/csstype-3.1.3.tgz 0ms (cache hit)
256 http cache @emnapi/runtime@https://registry.npmjs.org/@emnapi/runtime/-/runtime-1.4.3.tgz 0ms (cache hit)
257 http cache csstype@https://registry.npmjs.org/csstype/-/csstype-3.1.3.tgz 0ms (cache hit)
258 http cache @clerk/clerk-react@https://registry.npmjs.org/@clerk/clerk-react/-/clerk-react-5.30.3.tgz 0ms (cache hit)
259 http cache @clerk/types@https://registry.npmjs.org/@clerk/types/-/types-4.56.2.tgz 0ms (cache hit)
260 http cache @clerk/types@https://registry.npmjs.org/@clerk/types/-/types-4.56.2.tgz 0ms (cache hit)
261 http cache @clerk/types@https://registry.npmjs.org/@clerk/types/-/types-4.56.2.tgz 0ms (cache hit)
262 http cache @clerk/backend@https://registry.npmjs.org/@clerk/backend/-/backend-1.31.1.tgz 0ms (cache hit)
263 http cache csstype@https://registry.npmjs.org/csstype/-/csstype-3.1.3.tgz 0ms (cache hit)
264 http cache csstype@https://registry.npmjs.org/csstype/-/csstype-3.1.3.tgz 0ms (cache hit)
265 http cache @clerk/types@https://registry.npmjs.org/@clerk/types/-/types-4.56.2.tgz 0ms (cache hit)
266 http fetch POST 200 https://registry.npmjs.org/-/npm/v1/security/advisories/bulk 195ms
267 silly audit report {}
268 info run @clerk/shared@3.7.7 postinstall node_modules/@clerk/shared node ./scripts/postinstall.mjs
269 info run @clerk/shared@3.7.7 postinstall { code: 0, signal: null }
270 silly ADD node_modules/std-env
271 silly ADD node_modules/dequal
272 silly ADD node_modules/server-only
273 silly ADD
274 silly ADD
275 silly ADD
276 silly ADD
277 silly ADD
278 silly ADD
279 silly ADD
280 silly ADD
281 silly ADD
282 silly ADD
283 silly ADD
284 silly ADD
285 silly ADD
286 silly ADD
287 silly ADD
288 silly ADD
289 silly ADD
290 silly ADD
291 silly ADD
292 silly ADD
293 silly ADD
294 silly ADD
295 silly ADD
296 silly ADD
297 silly ADD
298 silly ADD
299 silly ADD
300 silly ADD
301 silly ADD
302 silly ADD
303 silly REMOVE node_modules/webcrypto-core
304 silly REMOVE node_modules/to-space-case
305 silly REMOVE node_modules/to-snake-case
306 silly REMOVE node_modules/to-no-case
307 silly CHANGE node_modules/swr
308 silly CHANGE node_modules/snakecase-keys
309 silly CHANGE node_modules/snakecase-keys/node_modules/type-fest
310 silly REMOVE node_modules/quick-lru
311 silly REMOVE node_modules/pvutils
312 silly REMOVE node_modules/pvtsutils
313 silly REMOVE node_modules/node-fetch-native
314 silly REMOVE node_modules/mime-types
315 silly REMOVE node_modules/mime-db
316 silly CHANGE node_modules/js-cookie
317 silly REMOVE node_modules/form-data
318 silly REMOVE node_modules/delayed-stream
319 silly REMOVE node_modules/deepmerge
320 silly REMOVE node_modules/combined-stream
321 silly REMOVE node_modules/camelcase-keys
322 silly REMOVE node_modules/camelcase
323 silly REMOVE node_modules/asynckit
324 silly REMOVE node_modules/asn1js
325 silly REMOVE node_modules/@types/serve-static
326 silly REMOVE node_modules/@types/send
327 silly REMOVE node_modules/@types/range-parser
328 silly REMOVE node_modules/@types/qs
329 silly REMOVE node_modules/@types/node-fetch
330 silly REMOVE node_modules/@types/mime
331 silly REMOVE node_modules/@types/keygrip
332 silly REMOVE node_modules/@types/http-errors
333 silly REMOVE node_modules/@types/express-serve-static-core
334 silly REMOVE node_modules/@types/express
335 silly REMOVE node_modules/@types/cookies
336 silly REMOVE node_modules/@types/connect
337 silly REMOVE node_modules/@types/body-parser
338 silly REMOVE node_modules/@peculiar/webcrypto
339 silly REMOVE node_modules/@peculiar/json-schema
340 silly REMOVE node_modules/@peculiar/asn1-schema
341 silly CHANGE node_modules/@clerk/shared
342 silly ADD node_modules/@clerk/shared/node_modules/csstype
343 silly ADD node_modules/@clerk/shared/node_modules/@clerk/types
344 silly CHANGE node_modules/@clerk/nextjs
345 silly ADD node_modules/@clerk/nextjs/node_modules/csstype
346 silly ADD node_modules/@clerk/nextjs/node_modules/@clerk/types
347 silly REMOVE node_modules/@clerk/nextjs/node_modules/tslib
348 silly REMOVE node_modules/@clerk/clerk-sdk-node
349 silly REMOVE node_modules/@clerk/clerk-sdk-node/node_modules/tslib
350 silly REMOVE node_modules/@clerk/clerk-sdk-node/node_modules/snakecase-keys
351 silly CHANGE node_modules/@clerk/clerk-react
352 silly ADD node_modules/@clerk/clerk-react/node_modules/csstype
353 silly ADD node_modules/@clerk/clerk-react/node_modules/@clerk/types
354 silly REMOVE node_modules/@clerk/clerk-react/node_modules/tslib
355 silly CHANGE node_modules/@clerk/backend
356 silly ADD node_modules/@clerk/backend/node_modules/csstype
357 silly ADD node_modules/@clerk/backend/node_modules/@clerk/types
358 silly REMOVE node_modules/@clerk/backend/node_modules/tslib
359 silly REMOVE node_modules/@clerk/backend/node_modules/cookie
360 silly REMOVE node_modules/@clerk/backend/node_modules/@types/node
361 verbose cwd C:\Users\akito\git\calculator
362 verbose os Windows_NT 10.0.26100
363 verbose node v22.14.0
364 verbose npm  v10.9.2
365 verbose exit 0
366 info ok
