0 verbose cli C:\Program Files\nodejs\node.exe C:\Program Files\nodejs\node_modules\npm\bin\npm-cli.js
1 info using npm@10.9.2
2 info using node@v22.14.0
3 silly config load:file:C:\Program Files\nodejs\node_modules\npm\npmrc
4 silly config load:file:C:\Users\akito\git\calculator\.npmrc
5 silly config load:file:C:\Users\akito\.npmrc
6 silly config load:file:C:\Users\akito\git\calculator\%APPDATA%\npm\etc\npmrc
7 verbose title npm install @clerk/nextjs@latest
8 verbose argv "install" "@clerk/nextjs@latest"
9 verbose logfile logs-max:10 dir:C:\Users\akito\git\calculator\%APPDATA%\npm-cache\_logs\2025-05-02T03_18_05_569Z-
10 verbose logfile C:\Users\akito\git\calculator\%APPDATA%\npm-cache\_logs\2025-05-02T03_18_05_569Z-debug-0.log
11 silly logfile start cleaning logs, removing 1 files
12 silly packumentCache heap:4345298944 maxSize:1086324736 maxEntrySize:543162368
13 silly logfile done cleaning log files
14 silly packumentCache corgi:https://registry.npmjs.org/@clerk%2fnextjs cache-miss
15 http fetch GET 200 https://registry.npmjs.org/@clerk%2fnextjs 1530ms (cache updated)
16 silly packumentCache corgi:https://registry.npmjs.org/@clerk%2fnextjs set size:undefined disposed:false
17 silly idealTree buildDeps
18 silly fetch manifest @clerk/nextjs@6.18.4
19 silly packumentCache full:https://registry.npmjs.org/@clerk%2fnextjs cache-miss
20 http fetch GET 200 https://registry.npmjs.org/@clerk%2fnextjs 1053ms (cache updated)
21 silly packumentCache full:https://registry.npmjs.org/@clerk%2fnextjs set size:undefined disposed:false
22 silly placeDep ROOT @clerk/nextjs@6.18.4 REPLACE for: calculator@0.1.0 want: 6.18.4
23 silly reify moves {}
24 silly audit bulk request {
24 silly audit   '@alloc/quick-lru': [ '5.2.0' ],
24 silly audit   '@babel/runtime': [ '7.27.1' ],
24 silly audit   '@clerk/backend': [ '1.31.1' ],
24 silly audit   '@clerk/types': [ '4.56.2', '3.65.5' ],
24 silly audit   csstype: [ '3.1.3', '3.1.1' ],
24 silly audit   '@clerk/clerk-react': [ '5.30.3' ],
24 silly audit   '@clerk/localizations': [ '1.22.0' ],
24 silly audit   '@clerk/shared': [ '3.7.7' ],
24 silly audit   '@emnapi/core': [ '1.4.3' ],
24 silly audit   '@emnapi/runtime': [ '1.4.3' ],
24 silly audit   '@emnapi/wasi-threads': [ '1.0.2' ],
24 silly audit   '@eslint-community/eslint-utils': [ '4.6.1' ],
24 silly audit   '@eslint-community/regexpp': [ '4.12.1' ],
24 silly audit   '@eslint/eslintrc': [ '2.1.4' ],
24 silly audit   '@eslint/js': [ '8.57.1' ],
24 silly audit   '@humanwhocodes/config-array': [ '0.11.14' ],
24 silly audit   '@humanwhocodes/module-importer': [ '1.0.1' ],
24 silly audit   '@humanwhocodes/object-schema': [ '2.0.3' ],
24 silly audit   '@isaacs/cliui': [ '8.0.2' ],
24 silly audit   'ansi-regex': [ '6.1.0', '5.0.1' ],
24 silly audit   'strip-ansi': [ '7.1.0', '6.0.1' ],
24 silly audit   '@isaacs/fs-minipass': [ '4.0.1' ],
24 silly audit   '@jridgewell/gen-mapping': [ '0.3.8' ],
24 silly audit   '@jridgewell/resolve-uri': [ '3.1.2' ],
24 silly audit   '@jridgewell/set-array': [ '1.2.1' ],
24 silly audit   '@jridgewell/sourcemap-codec': [ '1.5.0' ],
24 silly audit   '@jridgewell/trace-mapping': [ '0.3.25' ],
24 silly audit   '@kurkle/color': [ '0.3.4' ],
24 silly audit   '@napi-rs/wasm-runtime': [ '0.2.9' ],
24 silly audit   '@next/env': [ '14.2.28' ],
24 silly audit   '@next/eslint-plugin-next': [ '13.4.19' ],
24 silly audit   '@next/swc-darwin-arm64': [ '14.2.28' ],
24 silly audit   '@next/swc-darwin-x64': [ '14.2.28' ],
24 silly audit   '@next/swc-linux-arm64-gnu': [ '14.2.28' ],
24 silly audit   '@next/swc-linux-arm64-musl': [ '14.2.28' ],
24 silly audit   '@next/swc-linux-x64-gnu': [ '14.2.28' ],
24 silly audit   '@next/swc-linux-x64-musl': [ '14.2.28' ],
24 silly audit   '@next/swc-win32-arm64-msvc': [ '14.2.28' ],
24 silly audit   '@next/swc-win32-ia32-msvc': [ '14.2.28' ],
24 silly audit   '@next/swc-win32-x64-msvc': [ '14.2.28' ],
24 silly audit   '@nodelib/fs.scandir': [ '2.1.5' ],
24 silly audit   '@nodelib/fs.stat': [ '2.0.5' ],
24 silly audit   '@nodelib/fs.walk': [ '1.2.8' ],
24 silly audit   '@nolyfill/is-core-module': [ '1.0.39' ],
24 silly audit   '@pkgjs/parseargs': [ '0.11.0' ],
24 silly audit   '@rtsao/scc': [ '1.1.0' ],
24 silly audit   '@rushstack/eslint-patch': [ '1.11.0' ],
24 silly audit   '@supabase/auth-helpers-nextjs': [ '0.7.4' ],
24 silly audit   '@supabase/auth-helpers-shared': [ '0.4.1' ],
24 silly audit   '@supabase/functions-js': [ '2.4.4' ],
24 silly audit   '@supabase/gotrue-js': [ '2.69.1' ],
24 silly audit   '@supabase/node-fetch': [ '2.6.15' ],
24 silly audit   '@supabase/postgrest-js': [ '1.19.4' ],
24 silly audit   '@supabase/realtime-js': [ '2.11.7' ],
24 silly audit   '@supabase/ssr': [ '0.6.1' ],
24 silly audit   '@supabase/storage-js': [ '2.7.2' ],
24 silly audit   '@supabase/supabase-js': [ '2.32.0' ],
24 silly audit   '@swc/counter': [ '0.1.3' ],
24 silly audit   '@swc/helpers': [ '0.5.5' ],
24 silly audit   '@tybys/wasm-util': [ '0.9.0' ],
24 silly audit   '@types/chart.js': [ '2.9.37' ],
24 silly audit   '@types/json5': [ '0.0.29' ],
24 silly audit   '@types/node': [ '20.5.0' ],
24 silly audit   '@types/phoenix': [ '1.6.6' ],
24 silly audit   '@types/prop-types': [ '15.7.14' ],
24 silly audit   '@types/react': [ '18.2.20' ],
24 silly audit   '@types/react-dom': [ '18.2.7' ],
24 silly audit   '@types/scheduler': [ '0.26.0' ],
24 silly audit   '@types/ws': [ '8.18.1' ],
24 silly audit   '@typescript-eslint/parser': [ '6.21.0' ],
24 silly audit   '@typescript-eslint/scope-manager': [ '6.21.0' ],
24 silly audit   '@typescript-eslint/types': [ '6.21.0' ],
24 silly audit   '@typescript-eslint/typescript-estree': [ '6.21.0' ],
24 silly audit   'brace-expansion': [ '2.0.1', '1.1.11' ],
24 silly audit   minimatch: [ '9.0.3', '3.1.2', '9.0.5' ],
24 silly audit   '@typescript-eslint/visitor-keys': [ '6.21.0' ],
24 silly audit   '@unrs/resolver-binding-darwin-arm64': [ '1.7.2' ],
24 silly audit   '@unrs/resolver-binding-darwin-x64': [ '1.7.2' ],
24 silly audit   '@unrs/resolver-binding-freebsd-x64': [ '1.7.2' ],
24 silly audit   '@unrs/resolver-binding-linux-arm-gnueabihf': [ '1.7.2' ],
24 silly audit   '@unrs/resolver-binding-linux-arm-musleabihf': [ '1.7.2' ],
24 silly audit   '@unrs/resolver-binding-linux-arm64-gnu': [ '1.7.2' ],
24 silly audit   '@unrs/resolver-binding-linux-arm64-musl': [ '1.7.2' ],
24 silly audit   '@unrs/resolver-binding-linux-ppc64-gnu': [ '1.7.2' ],
24 silly audit   '@unrs/resolver-binding-linux-riscv64-gnu': [ '1.7.2' ],
24 silly audit   '@unrs/resolver-binding-linux-riscv64-musl': [ '1.7.2' ],
24 silly audit   '@unrs/resolver-binding-linux-s390x-gnu': [ '1.7.2' ],
24 silly audit   '@unrs/resolver-binding-linux-x64-gnu': [ '1.7.2' ],
24 silly audit   '@unrs/resolver-binding-linux-x64-musl': [ '1.7.2' ],
24 silly audit   '@unrs/resolver-binding-wasm32-wasi': [ '1.7.2' ],
24 silly audit   '@unrs/resolver-binding-win32-arm64-msvc': [ '1.7.2' ],
24 silly audit   '@unrs/resolver-binding-win32-ia32-msvc': [ '1.7.2' ],
24 silly audit   '@unrs/resolver-binding-win32-x64-msvc': [ '1.7.2' ],
24 silly audit   acorn: [ '8.14.1' ],
24 silly audit   'acorn-jsx': [ '5.3.2' ],
24 silly audit   'agent-base': [ '7.1.3' ],
24 silly audit   ajv: [ '6.12.6' ],
24 silly audit   'ansi-styles': [ '4.3.0', '6.2.1' ],
24 silly audit   'any-promise': [ '1.3.0' ],
24 silly audit   anymatch: [ '3.1.3' ],
24 silly audit   arg: [ '5.0.2' ],
24 silly audit   argparse: [ '2.0.1' ],
24 silly audit   'aria-query': [ '5.3.2' ],
24 silly audit   'array-buffer-byte-length': [ '1.0.2' ],
24 silly audit   'array-includes': [ '3.1.8' ],
24 silly audit   'array-union': [ '2.1.0' ],
24 silly audit   'array.prototype.findlast': [ '1.2.5' ],
24 silly audit   'array.prototype.findlastindex': [ '1.2.6' ],
24 silly audit   'array.prototype.flat': [ '1.3.3' ],
24 silly audit   'array.prototype.flatmap': [ '1.3.3' ],
24 silly audit   'array.prototype.tosorted': [ '1.1.4' ],
24 silly audit   'arraybuffer.prototype.slice': [ '1.0.4' ],
24 silly audit   'ast-types-flow': [ '0.0.8' ],
24 silly audit   'async-function': [ '1.0.0' ],
24 silly audit   autoprefixer: [ '10.4.15' ],
24 silly audit   'available-typed-arrays': [ '1.0.7' ],
24 silly audit   'axe-core': [ '4.10.3' ],
24 silly audit   'axobject-query': [ '4.1.0' ],
24 silly audit   'balanced-match': [ '1.0.2' ],
24 silly audit   'bin-links': [ '5.0.0' ],
24 silly audit   'binary-extensions': [ '2.3.0' ],
24 silly audit   braces: [ '3.0.3' ],
24 silly audit   browserslist: [ '4.24.4' ],
24 silly audit   busboy: [ '1.6.0' ],
24 silly audit   'call-bind': [ '1.0.8' ],
24 silly audit   'call-bind-apply-helpers': [ '1.0.2' ],
24 silly audit   'call-bound': [ '1.0.4' ],
24 silly audit   callsites: [ '3.1.0' ],
24 silly audit   'camelcase-css': [ '2.0.1' ],
24 silly audit   'caniuse-lite': [ '1.0.30001716' ],
24 silly audit   chalk: [ '4.1.2' ],
24 silly audit   'chart.js': [ '4.4.0' ],
24 silly audit   chokidar: [ '3.6.0' ],
24 silly audit   'glob-parent': [ '5.1.2', '6.0.2' ],
24 silly audit   chownr: [ '3.0.0' ],
24 silly audit   'client-only': [ '0.0.1' ],
24 silly audit   'cmd-shim': [ '7.0.0' ],
24 silly audit   'color-convert': [ '2.0.1' ],
24 silly audit   'color-name': [ '1.1.4' ],
24 silly audit   commander: [ '4.1.1' ],
24 silly audit   'concat-map': [ '0.0.1' ],
24 silly audit   cookie: [ '1.0.2' ],
24 silly audit   'cross-fetch': [ '3.2.0' ],
24 silly audit   'cross-spawn': [ '7.0.6' ],
24 silly audit   cssesc: [ '3.0.0' ],
24 silly audit   'damerau-levenshtein': [ '1.0.8' ],
24 silly audit   'data-uri-to-buffer': [ '4.0.1' ],
24 silly audit   'data-view-buffer': [ '1.0.2' ],
24 silly audit   'data-view-byte-length': [ '1.0.2' ],
24 silly audit   'data-view-byte-offset': [ '1.0.1' ],
24 silly audit   'date-fns': [ '2.30.0' ],
24 silly audit   debug: [ '4.4.0', '3.2.7' ],
24 silly audit   'deep-is': [ '0.1.4' ],
24 silly audit   'define-data-property': [ '1.1.4' ],
24 silly audit   'define-properties': [ '1.2.1' ],
24 silly audit   dequal: [ '2.0.3' ],
24 silly audit   didyoumean: [ '1.2.2' ],
24 silly audit   'dir-glob': [ '3.0.1' ],
24 silly audit   dlv: [ '1.1.3' ],
24 silly audit   doctrine: [ '3.0.0', '2.1.0' ],
24 silly audit   'dot-case': [ '3.0.4' ],
24 silly audit   'dunder-proto': [ '1.0.1' ],
24 silly audit   eastasianwidth: [ '0.2.0' ],
24 silly audit   'electron-to-chromium': [ '1.5.148' ],
24 silly audit   'emoji-regex': [ '9.2.2', '8.0.0' ],
24 silly audit   'es-abstract': [ '1.23.9' ],
24 silly audit   'es-define-property': [ '1.0.1' ],
24 silly audit   'es-errors': [ '1.3.0' ],
24 silly audit   'es-iterator-helpers': [ '1.2.1' ],
24 silly audit   'es-object-atoms': [ '1.1.1' ],
24 silly audit   'es-set-tostringtag': [ '2.1.0' ],
24 silly audit   'es-shim-unscopables': [ '1.1.0' ],
24 silly audit   'es-to-primitive': [ '1.3.0' ],
24 silly audit   escalade: [ '3.2.0' ],
24 silly audit   'escape-string-regexp': [ '4.0.0' ],
24 silly audit   eslint: [ '8.47.0' ],
24 silly audit   'eslint-config-next': [ '13.4.19' ],
24 silly audit   'eslint-import-resolver-node': [ '0.3.9' ],
24 silly audit   'eslint-import-resolver-typescript': [ '3.10.1' ],
24 silly audit   'eslint-module-utils': [ '2.12.0' ],
24 silly audit   'eslint-plugin-import': [ '2.31.0' ],
24 silly audit   semver: [ '6.3.1', '7.7.1' ],
24 silly audit   'eslint-plugin-jsx-a11y': [ '6.10.2' ],
24 silly audit   'eslint-plugin-react': [ '7.37.5' ],
24 silly audit   'eslint-plugin-react-hooks': [ '5.0.0-canary-7118f5dd7-20230705' ],
24 silly audit   resolve: [ '2.0.0-next.5', '1.22.10' ],
24 silly audit   'eslint-scope': [ '7.2.2' ],
24 silly audit   'eslint-visitor-keys': [ '3.4.3' ],
24 silly audit   espree: [ '9.6.1' ],
24 silly audit   esquery: [ '1.6.0' ],
24 silly audit   esrecurse: [ '4.3.0' ],
24 silly audit   estraverse: [ '5.3.0' ],
24 silly audit   esutils: [ '2.0.3' ],
24 silly audit   'fast-deep-equal': [ '3.1.3' ],
24 silly audit   'fast-glob': [ '3.3.3' ],
24 silly audit   'fast-json-stable-stringify': [ '2.1.0' ],
24 silly audit   'fast-levenshtein': [ '2.0.6' ],
24 silly audit   fastq: [ '1.19.1' ],
24 silly audit   fdir: [ '6.4.4' ],
24 silly audit   'fetch-blob': [ '3.2.0' ],
24 silly audit   'file-entry-cache': [ '6.0.1' ],
24 silly audit   'fill-range': [ '7.1.1' ],
24 silly audit   'find-up': [ '5.0.0' ],
24 silly audit   'flat-cache': [ '3.2.0' ],
24 silly audit   flatted: [ '3.3.3' ],
24 silly audit   'for-each': [ '0.3.5' ],
24 silly audit   'foreground-child': [ '3.3.1' ],
24 silly audit   'formdata-polyfill': [ '4.0.10' ],
24 silly audit   'fraction.js': [ '4.3.7' ],
24 silly audit   'fs.realpath': [ '1.0.0' ],
24 silly audit   fsevents: [ '2.3.3' ],
24 silly audit   'function-bind': [ '1.1.2' ],
24 silly audit   'function.prototype.name': [ '1.1.8' ],
24 silly audit   'functions-have-names': [ '1.2.3' ],
24 silly audit   'get-intrinsic': [ '1.3.0' ],
24 silly audit   'get-proto': [ '1.0.1' ],
24 silly audit   'get-symbol-description': [ '1.1.0' ],
24 silly audit   'get-tsconfig': [ '4.10.0' ],
24 silly audit   glob: [ '7.1.7', '10.4.5' ],
24 silly audit   'glob-to-regexp': [ '0.4.1' ],
24 silly audit   globals: [ '13.24.0' ],
24 silly audit   globalthis: [ '1.0.4' ],
24 silly audit   globby: [ '11.1.0' ],
24 silly audit   gopd: [ '1.2.0' ],
24 silly audit   'graceful-fs': [ '4.2.11' ],
24 silly audit   graphemer: [ '1.4.0' ],
24 silly audit   'has-bigints': [ '1.1.0' ],
24 silly audit   'has-flag': [ '4.0.0' ],
24 silly audit   'has-property-descriptors': [ '1.0.2' ],
24 silly audit   'has-proto': [ '1.2.0' ],
24 silly audit   'has-symbols': [ '1.1.0' ],
24 silly audit   'has-tostringtag': [ '1.0.2' ],
24 silly audit   hasown: [ '2.0.2' ],
24 silly audit   'https-proxy-agent': [ '7.0.6' ],
24 silly audit   ignore: [ '5.3.2' ],
24 silly audit   'import-fresh': [ '3.3.1' ],
24 silly audit   imurmurhash: [ '0.1.4' ],
24 silly audit   inflight: [ '1.0.6' ],
24 silly audit   inherits: [ '2.0.4' ],
24 silly audit   'internal-slot': [ '1.1.0' ],
24 silly audit   'is-array-buffer': [ '3.0.5' ],
24 silly audit   'is-async-function': [ '2.1.1' ],
24 silly audit   'is-bigint': [ '1.1.0' ],
24 silly audit   'is-binary-path': [ '2.1.0' ],
24 silly audit   'is-boolean-object': [ '1.2.2' ],
24 silly audit   'is-bun-module': [ '2.0.0' ],
24 silly audit   'is-callable': [ '1.2.7' ],
24 silly audit   'is-core-module': [ '2.16.1' ],
24 silly audit   'is-data-view': [ '1.0.2' ],
24 silly audit   'is-date-object': [ '1.1.0' ],
24 silly audit   'is-extglob': [ '2.1.1' ],
24 silly audit   'is-finalizationregistry': [ '1.1.1' ],
24 silly audit   'is-fullwidth-code-point': [ '3.0.0' ],
24 silly audit   'is-generator-function': [ '1.1.0' ],
24 silly audit   'is-glob': [ '4.0.3' ],
24 silly audit   'is-map': [ '2.0.3' ],
24 silly audit   'is-number': [ '7.0.0' ],
24 silly audit   'is-number-object': [ '1.1.1' ],
24 silly audit   'is-path-inside': [ '3.0.3' ],
24 silly audit   'is-regex': [ '1.2.1' ],
24 silly audit   'is-set': [ '2.0.3' ],
24 silly audit   'is-shared-array-buffer': [ '1.0.4' ],
24 silly audit   'is-string': [ '1.1.1' ],
24 silly audit   'is-symbol': [ '1.1.1' ],
24 silly audit   'is-typed-array': [ '1.1.15' ],
24 silly audit   'is-weakmap': [ '2.0.2' ],
24 silly audit   'is-weakref': [ '1.1.1' ],
24 silly audit   'is-weakset': [ '2.0.4' ],
24 silly audit   isarray: [ '2.0.5' ],
24 silly audit   isexe: [ '2.0.0' ],
24 silly audit   'iterator.prototype': [ '1.1.5' ],
24 silly audit   jackspeak: [ '3.4.3' ],
24 silly audit   jiti: [ '1.21.7' ],
24 silly audit   jose: [ '4.15.9' ],
24 silly audit   'js-cookie': [ '3.0.5' ],
24 silly audit   'js-tokens': [ '4.0.0' ],
24 silly audit   'js-yaml': [ '4.1.0' ],
24 silly audit   'json-buffer': [ '3.0.1' ],
24 silly audit   'json-schema-traverse': [ '0.4.1' ],
24 silly audit   'json-stable-stringify-without-jsonify': [ '1.0.1' ],
24 silly audit   json5: [ '1.0.2' ],
24 silly audit   'jsx-ast-utils': [ '3.3.5' ],
24 silly audit   keyv: [ '4.5.4' ],
24 silly audit   'language-subtag-registry': [ '0.3.23' ],
24 silly audit   'language-tags': [ '1.0.9' ],
24 silly audit   levn: [ '0.4.1' ],
24 silly audit   lilconfig: [ '2.1.0', '3.1.3' ],
24 silly audit   'lines-and-columns': [ '1.2.4' ],
24 silly audit   'locate-path': [ '6.0.0' ],
24 silly audit   'lodash.merge': [ '4.6.2' ],
24 silly audit   'loose-envify': [ '1.4.0' ],
24 silly audit   'lower-case': [ '2.0.2' ],
24 silly audit   'lru-cache': [ '10.4.3' ],
24 silly audit   'map-obj': [ '4.3.0' ],
24 silly audit   'math-intrinsics': [ '1.1.0' ],
24 silly audit   merge2: [ '1.4.1' ],
24 silly audit   micromatch: [ '4.0.8' ],
24 silly audit   minimist: [ '1.2.8' ],
24 silly audit   minipass: [ '7.1.2' ],
24 silly audit   minizlib: [ '3.0.2' ],
24 silly audit   mkdirp: [ '3.0.1' ],
24 silly audit   moment: [ '2.30.1' ],
24 silly audit   ms: [ '2.1.3' ],
24 silly audit   mz: [ '2.7.0' ],
24 silly audit   nanoid: [ '3.3.11' ],
24 silly audit   'napi-postinstall': [ '0.2.3' ],
24 silly audit   'natural-compare': [ '1.4.0' ],
24 silly audit   next: [ '14.2.28' ],
24 silly audit   postcss: [ '8.4.31', '8.5.3' ],
24 silly audit   'no-case': [ '3.0.4' ],
24 silly audit   'node-domexception': [ '1.0.0' ],
24 silly audit   'node-fetch': [ '2.7.0', '3.3.2' ],
24 silly audit   'node-releases': [ '2.0.19' ],
24 silly audit   'normalize-path': [ '3.0.0' ],
24 silly audit   'normalize-range': [ '0.1.2' ],
24 silly audit   'npm-normalize-package-bin': [ '4.0.0' ],
24 silly audit   'object-assign': [ '4.1.1' ],
24 silly audit   'object-hash': [ '3.0.0' ],
24 silly audit   'object-inspect': [ '1.13.4' ],
24 silly audit   'object-keys': [ '1.1.1' ],
24 silly audit   'object.assign': [ '4.1.7' ],
24 silly audit   'object.entries': [ '1.1.9' ],
24 silly audit   'object.fromentries': [ '2.0.8' ],
24 silly audit   'object.groupby': [ '1.0.3' ],
24 silly audit   'object.values': [ '1.2.1' ],
24 silly audit   once: [ '1.4.0' ],
24 silly audit   optionator: [ '0.9.4' ],
24 silly audit   'own-keys': [ '1.0.1' ],
24 silly audit   'p-limit': [ '3.1.0' ],
24 silly audit   'p-locate': [ '5.0.0' ],
24 silly audit   'package-json-from-dist': [ '1.0.1' ],
24 silly audit   'parent-module': [ '1.0.1' ],
24 silly audit   'path-exists': [ '4.0.0' ],
24 silly audit   'path-is-absolute': [ '1.0.1' ],
24 silly audit   'path-key': [ '3.1.1' ],
24 silly audit   'path-parse': [ '1.0.7' ],
24 silly audit   'path-scurry': [ '1.11.1' ],
24 silly audit   'path-type': [ '4.0.0' ],
24 silly audit   picocolors: [ '1.1.1' ],
24 silly audit   picomatch: [ '2.3.1', '4.0.2' ],
24 silly audit   pify: [ '2.3.0' ],
24 silly audit   pirates: [ '4.0.7' ],
24 silly audit   'possible-typed-array-names': [ '1.1.0' ],
24 silly audit   'postcss-import': [ '15.1.0' ],
24 silly audit   'postcss-js': [ '4.0.1' ],
24 silly audit   'postcss-load-config': [ '4.0.2' ],
24 silly audit   'postcss-nested': [ '6.2.0' ],
24 silly audit   'postcss-selector-parser': [ '6.1.2' ],
24 silly audit   'postcss-value-parser': [ '4.2.0' ],
24 silly audit   'prelude-ls': [ '1.2.1' ],
24 silly audit   'proc-log': [ '5.0.0' ],
24 silly audit   'prop-types': [ '15.8.1' ],
24 silly audit   punycode: [ '2.3.1' ],
24 silly audit   'queue-microtask': [ '1.2.3' ],
24 silly audit   react: [ '18.2.0' ],
24 silly audit   'react-chartjs-2': [ '5.2.0' ],
24 silly audit   'react-dom': [ '18.2.0' ],
24 silly audit   'react-is': [ '16.13.1' ],
24 silly audit   'read-cache': [ '1.0.0' ],
24 silly audit   'read-cmd-shim': [ '5.0.0' ],
24 silly audit   readdirp: [ '3.6.0' ],
24 silly audit   'reflect.getprototypeof': [ '1.0.10' ],
24 silly audit   'regexp.prototype.flags': [ '1.5.4' ],
24 silly audit   'resolve-from': [ '4.0.0' ],
24 silly audit   'resolve-pkg-maps': [ '1.0.0' ],
24 silly audit   reusify: [ '1.1.0' ],
24 silly audit   rimraf: [ '3.0.2' ],
24 silly audit   'run-parallel': [ '1.2.0' ],
24 silly audit   'safe-array-concat': [ '1.1.3' ],
24 silly audit   'safe-push-apply': [ '1.0.0' ],
24 silly audit   'safe-regex-test': [ '1.1.0' ],
24 silly audit   scheduler: [ '0.23.2' ],
24 silly audit   'server-only': [ '0.0.1' ],
24 silly audit   'set-cookie-parser': [ '2.7.1' ],
24 silly audit   'set-function-length': [ '1.2.2' ],
24 silly audit   'set-function-name': [ '2.0.2' ],
24 silly audit   'set-proto': [ '1.0.0' ],
24 silly audit   'shebang-command': [ '2.0.0' ],
24 silly audit   'shebang-regex': [ '3.0.0' ],
24 silly audit   'side-channel': [ '1.1.0' ],
24 silly audit   'side-channel-list': [ '1.0.0' ],
24 silly audit   'side-channel-map': [ '1.0.1' ],
24 silly audit   'side-channel-weakmap': [ '1.0.2' ],
24 silly audit   'signal-exit': [ '4.1.0' ],
24 silly audit   slash: [ '3.0.0' ],
24 silly audit   'snake-case': [ '3.0.4' ],
24 silly audit   'snakecase-keys': [ '8.0.1' ],
24 silly audit   'type-fest': [ '4.40.1', '0.20.2' ],
24 silly audit   'source-map-js': [ '1.2.1' ],
24 silly audit   'stable-hash': [ '0.0.5' ],
24 silly audit   'std-env': [ '3.9.0' ],
24 silly audit   streamsearch: [ '1.1.0' ],
24 silly audit   'string-width': [ '5.1.2', '4.2.3' ],
24 silly audit   'string.prototype.includes': [ '2.0.1' ],
24 silly audit   'string.prototype.matchall': [ '4.0.12' ],
24 silly audit   'string.prototype.repeat': [ '1.0.0' ],
24 silly audit   'string.prototype.trim': [ '1.2.10' ],
24 silly audit   'string.prototype.trimend': [ '1.0.9' ],
24 silly audit   'string.prototype.trimstart': [ '1.0.8' ],
24 silly audit   'strip-bom': [ '3.0.0' ],
24 silly audit   'strip-json-comments': [ '3.1.1' ],
24 silly audit   'styled-jsx': [ '5.1.1' ],
24 silly audit   sucrase: [ '3.35.0' ],
24 silly audit   supabase: [ '1.226.4' ],
24 silly audit   'supports-color': [ '7.2.0' ],
24 silly audit   'supports-preserve-symlinks-flag': [ '1.0.0' ],
24 silly audit   swr: [ '2.3.3' ],
24 silly audit   tailwindcss: [ '3.3.3' ],
24 silly audit   tar: [ '7.4.3' ],
24 silly audit   'text-table': [ '0.2.0' ],
24 silly audit   thenify: [ '3.3.1' ],
24 silly audit   'thenify-all': [ '1.6.0' ],
24 silly audit   tinyglobby: [ '0.2.13' ],
24 silly audit   'to-regex-range': [ '5.0.1' ],
24 silly audit   tr46: [ '0.0.3' ],
24 silly audit   'ts-api-utils': [ '1.4.3' ],
24 silly audit   'ts-interface-checker': [ '0.1.13' ],
24 silly audit   'tsconfig-paths': [ '3.15.0' ],
24 silly audit   tslib: [ '2.8.1' ],
24 silly audit   'type-check': [ '0.4.0' ],
24 silly audit   'typed-array-buffer': [ '1.0.3' ],
24 silly audit   'typed-array-byte-length': [ '1.0.3' ],
24 silly audit   'typed-array-byte-offset': [ '1.0.4' ],
24 silly audit   'typed-array-length': [ '1.0.7' ],
24 silly audit   typescript: [ '5.1.6' ],
24 silly audit   'unbox-primitive': [ '1.1.0' ],
24 silly audit   'unrs-resolver': [ '1.7.2' ],
24 silly audit   'update-browserslist-db': [ '1.1.3' ],
24 silly audit   'uri-js': [ '4.4.1' ],
24 silly audit   'use-sync-external-store': [ '1.5.0' ],
24 silly audit   'util-deprecate': [ '1.0.2' ],
24 silly audit   'web-streams-polyfill': [ '3.3.3' ],
24 silly audit   'webidl-conversions': [ '3.0.1' ],
24 silly audit   'whatwg-url': [ '5.0.0' ],
24 silly audit   which: [ '2.0.2' ],
24 silly audit   'which-boxed-primitive': [ '1.1.1' ],
24 silly audit   'which-builtin-type': [ '1.2.1' ],
24 silly audit   'which-collection': [ '1.0.2' ],
24 silly audit   'which-typed-array': [ '1.1.19' ],
24 silly audit   'word-wrap': [ '1.2.5' ],
24 silly audit   'wrap-ansi': [ '8.1.0', '7.0.0' ],
24 silly audit   wrappy: [ '1.0.2' ],
24 silly audit   'write-file-atomic': [ '6.0.0' ],
24 silly audit   ws: [ '8.18.1' ],
24 silly audit   yallist: [ '5.0.0' ],
24 silly audit   yaml: [ '2.7.1' ],
24 silly audit   'yocto-queue': [ '0.1.0' ],
24 silly audit   '@clerk/nextjs': [ '6.18.4' ]
24 silly audit }
25 verbose reify failed optional dependency C:\Users\akito\git\calculator\node_modules\fsevents
26 silly reify mark deleted [ 'C:\\Users\\akito\\git\\calculator\\node_modules\\fsevents' ]
27 verbose reify failed optional dependency C:\Users\akito\git\calculator\node_modules\@unrs\resolver-binding-win32-ia32-msvc
28 silly reify mark deleted [
28 silly reify   'C:\\Users\\akito\\git\\calculator\\node_modules\\@unrs\\resolver-binding-win32-ia32-msvc'
28 silly reify ]
29 verbose reify failed optional dependency C:\Users\akito\git\calculator\node_modules\@unrs\resolver-binding-win32-arm64-msvc
30 silly reify mark deleted [
30 silly reify   'C:\\Users\\akito\\git\\calculator\\node_modules\\@unrs\\resolver-binding-win32-arm64-msvc'
30 silly reify ]
31 verbose reify failed optional dependency C:\Users\akito\git\calculator\node_modules\@unrs\resolver-binding-wasm32-wasi
32 silly reify mark deleted [
32 silly reify   'C:\\Users\\akito\\git\\calculator\\node_modules\\@unrs\\resolver-binding-wasm32-wasi'
32 silly reify ]
33 verbose reify failed optional dependency C:\Users\akito\git\calculator\node_modules\@napi-rs\wasm-runtime
34 silly reify mark deleted [
34 silly reify   'C:\\Users\\akito\\git\\calculator\\node_modules\\@napi-rs\\wasm-runtime'
34 silly reify ]
35 verbose reify failed optional dependency C:\Users\akito\git\calculator\node_modules\@emnapi\core
36 silly reify mark deleted [ 'C:\\Users\\akito\\git\\calculator\\node_modules\\@emnapi\\core' ]
37 verbose reify failed optional dependency C:\Users\akito\git\calculator\node_modules\@emnapi\runtime
38 silly reify mark deleted [ 'C:\\Users\\akito\\git\\calculator\\node_modules\\@emnapi\\runtime' ]
39 verbose reify failed optional dependency C:\Users\akito\git\calculator\node_modules\@tybys\wasm-util
40 silly reify mark deleted [
40 silly reify   'C:\\Users\\akito\\git\\calculator\\node_modules\\@tybys\\wasm-util'
40 silly reify ]
41 verbose reify failed optional dependency C:\Users\akito\git\calculator\node_modules\@emnapi\wasi-threads
42 silly reify mark deleted [
42 silly reify   'C:\\Users\\akito\\git\\calculator\\node_modules\\@emnapi\\wasi-threads'
42 silly reify ]
43 verbose reify failed optional dependency C:\Users\akito\git\calculator\node_modules\@unrs\resolver-binding-linux-x64-musl
44 silly reify mark deleted [
44 silly reify   'C:\\Users\\akito\\git\\calculator\\node_modules\\@unrs\\resolver-binding-linux-x64-musl'
44 silly reify ]
45 verbose reify failed optional dependency C:\Users\akito\git\calculator\node_modules\@unrs\resolver-binding-linux-x64-gnu
46 silly reify mark deleted [
46 silly reify   'C:\\Users\\akito\\git\\calculator\\node_modules\\@unrs\\resolver-binding-linux-x64-gnu'
46 silly reify ]
47 verbose reify failed optional dependency C:\Users\akito\git\calculator\node_modules\@unrs\resolver-binding-linux-s390x-gnu
48 silly reify mark deleted [
48 silly reify   'C:\\Users\\akito\\git\\calculator\\node_modules\\@unrs\\resolver-binding-linux-s390x-gnu'
48 silly reify ]
49 verbose reify failed optional dependency C:\Users\akito\git\calculator\node_modules\@unrs\resolver-binding-linux-riscv64-musl
50 silly reify mark deleted [
50 silly reify   'C:\\Users\\akito\\git\\calculator\\node_modules\\@unrs\\resolver-binding-linux-riscv64-musl'
50 silly reify ]
51 verbose reify failed optional dependency C:\Users\akito\git\calculator\node_modules\@unrs\resolver-binding-linux-riscv64-gnu
52 silly reify mark deleted [
52 silly reify   'C:\\Users\\akito\\git\\calculator\\node_modules\\@unrs\\resolver-binding-linux-riscv64-gnu'
52 silly reify ]
53 verbose reify failed optional dependency C:\Users\akito\git\calculator\node_modules\@unrs\resolver-binding-linux-ppc64-gnu
54 silly reify mark deleted [
54 silly reify   'C:\\Users\\akito\\git\\calculator\\node_modules\\@unrs\\resolver-binding-linux-ppc64-gnu'
54 silly reify ]
55 verbose reify failed optional dependency C:\Users\akito\git\calculator\node_modules\@unrs\resolver-binding-linux-arm64-musl
56 silly reify mark deleted [
56 silly reify   'C:\\Users\\akito\\git\\calculator\\node_modules\\@unrs\\resolver-binding-linux-arm64-musl'
56 silly reify ]
57 verbose reify failed optional dependency C:\Users\akito\git\calculator\node_modules\@unrs\resolver-binding-linux-arm64-gnu
58 silly reify mark deleted [
58 silly reify   'C:\\Users\\akito\\git\\calculator\\node_modules\\@unrs\\resolver-binding-linux-arm64-gnu'
58 silly reify ]
59 verbose reify failed optional dependency C:\Users\akito\git\calculator\node_modules\@unrs\resolver-binding-linux-arm-musleabihf
60 silly reify mark deleted [
60 silly reify   'C:\\Users\\akito\\git\\calculator\\node_modules\\@unrs\\resolver-binding-linux-arm-musleabihf'
60 silly reify ]
61 verbose reify failed optional dependency C:\Users\akito\git\calculator\node_modules\@unrs\resolver-binding-linux-arm-gnueabihf
62 silly reify mark deleted [
62 silly reify   'C:\\Users\\akito\\git\\calculator\\node_modules\\@unrs\\resolver-binding-linux-arm-gnueabihf'
62 silly reify ]
63 verbose reify failed optional dependency C:\Users\akito\git\calculator\node_modules\@unrs\resolver-binding-freebsd-x64
64 silly reify mark deleted [
64 silly reify   'C:\\Users\\akito\\git\\calculator\\node_modules\\@unrs\\resolver-binding-freebsd-x64'
64 silly reify ]
65 verbose reify failed optional dependency C:\Users\akito\git\calculator\node_modules\@unrs\resolver-binding-darwin-x64
66 silly reify mark deleted [
66 silly reify   'C:\\Users\\akito\\git\\calculator\\node_modules\\@unrs\\resolver-binding-darwin-x64'
66 silly reify ]
67 verbose reify failed optional dependency C:\Users\akito\git\calculator\node_modules\@unrs\resolver-binding-darwin-arm64
68 silly reify mark deleted [
68 silly reify   'C:\\Users\\akito\\git\\calculator\\node_modules\\@unrs\\resolver-binding-darwin-arm64'
68 silly reify ]
69 verbose reify failed optional dependency C:\Users\akito\git\calculator\node_modules\@next\swc-win32-ia32-msvc
70 silly reify mark deleted [
70 silly reify   'C:\\Users\\akito\\git\\calculator\\node_modules\\@next\\swc-win32-ia32-msvc'
70 silly reify ]
71 verbose reify failed optional dependency C:\Users\akito\git\calculator\node_modules\@next\swc-win32-arm64-msvc
72 silly reify mark deleted [
72 silly reify   'C:\\Users\\akito\\git\\calculator\\node_modules\\@next\\swc-win32-arm64-msvc'
72 silly reify ]
73 verbose reify failed optional dependency C:\Users\akito\git\calculator\node_modules\@next\swc-linux-x64-musl
74 silly reify mark deleted [
74 silly reify   'C:\\Users\\akito\\git\\calculator\\node_modules\\@next\\swc-linux-x64-musl'
74 silly reify ]
75 verbose reify failed optional dependency C:\Users\akito\git\calculator\node_modules\@next\swc-linux-x64-gnu
76 silly reify mark deleted [
76 silly reify   'C:\\Users\\akito\\git\\calculator\\node_modules\\@next\\swc-linux-x64-gnu'
76 silly reify ]
77 verbose reify failed optional dependency C:\Users\akito\git\calculator\node_modules\@next\swc-linux-arm64-musl
78 silly reify mark deleted [
78 silly reify   'C:\\Users\\akito\\git\\calculator\\node_modules\\@next\\swc-linux-arm64-musl'
78 silly reify ]
79 verbose reify failed optional dependency C:\Users\akito\git\calculator\node_modules\@next\swc-linux-arm64-gnu
80 silly reify mark deleted [
80 silly reify   'C:\\Users\\akito\\git\\calculator\\node_modules\\@next\\swc-linux-arm64-gnu'
80 silly reify ]
81 verbose reify failed optional dependency C:\Users\akito\git\calculator\node_modules\@next\swc-darwin-x64
82 silly reify mark deleted [
82 silly reify   'C:\\Users\\akito\\git\\calculator\\node_modules\\@next\\swc-darwin-x64'
82 silly reify ]
83 verbose reify failed optional dependency C:\Users\akito\git\calculator\node_modules\@next\swc-darwin-arm64
84 silly reify mark deleted [
84 silly reify   'C:\\Users\\akito\\git\\calculator\\node_modules\\@next\\swc-darwin-arm64'
84 silly reify ]
85 http cache @tybys/wasm-util@https://registry.npmjs.org/@tybys/wasm-util/-/wasm-util-0.9.0.tgz 0ms (cache hit)
86 http cache @napi-rs/wasm-runtime@https://registry.npmjs.org/@napi-rs/wasm-runtime/-/wasm-runtime-0.2.9.tgz 0ms (cache hit)
87 http cache @emnapi/runtime@https://registry.npmjs.org/@emnapi/runtime/-/runtime-1.4.3.tgz 0ms (cache hit)
88 http cache @emnapi/wasi-threads@https://registry.npmjs.org/@emnapi/wasi-threads/-/wasi-threads-1.0.2.tgz 0ms (cache hit)
89 http cache @emnapi/core@https://registry.npmjs.org/@emnapi/core/-/core-1.4.3.tgz 0ms (cache hit)
90 http fetch POST 200 https://registry.npmjs.org/-/npm/v1/security/advisories/bulk 228ms
91 silly audit report {}
92 silly ADD
93 silly ADD
94 silly ADD
95 silly ADD
96 silly ADD
97 silly ADD
98 silly ADD
99 silly ADD
100 silly ADD
101 silly ADD
102 silly ADD
103 silly ADD
104 silly ADD
105 silly ADD
106 silly ADD
107 silly ADD
108 silly ADD
109 silly ADD
110 silly ADD
111 silly ADD
112 silly ADD
113 silly ADD
114 silly ADD
115 silly ADD
116 silly ADD
117 silly ADD
118 silly ADD
119 silly ADD
120 silly ADD
121 silly ADD
122 verbose cwd C:\Users\akito\git\calculator
123 verbose os Windows_NT 10.0.26100
124 verbose node v22.14.0
125 verbose npm  v10.9.2
126 verbose exit 0
127 info ok
