0 verbose cli C:\Program Files\nodejs\node.exe C:\Users\akito\AppData\Roaming\npm\node_modules\npm\bin\npm-cli.js
1 info using npm@11.3.0
2 info using node@v20.19.1
3 silly config load:file:C:\Users\akito\AppData\Roaming\npm\node_modules\npm\npmrc
4 silly config load:file:C:\Users\akito\git\calculator\.npmrc
5 silly config load:file:C:\Users\akito\.npmrc
6 silly config load:file:C:\Users\akito\AppData\Roaming\npm\etc\npmrc
7 verbose title npm install @clerk/clerk-sdk-node
8 verbose argv "install" "@clerk/clerk-sdk-node"
9 verbose logfile logs-max:10 dir:C:\Users\akito\git\calculator\%APPDATA%\npm-cache\_logs\2025-05-09T09_58_28_718Z-
10 verbose logfile C:\Users\akito\git\calculator\%APPDATA%\npm-cache\_logs\2025-05-09T09_58_28_718Z-debug-0.log
11 silly logfile start cleaning logs, removing 1 files
12 silly packumentCache heap:4345298944 maxSize:1086324736 maxEntrySize:543162368
13 silly logfile done cleaning log files
14 silly idealTree buildDeps
15 silly fetch manifest @clerk/clerk-sdk-node@*
16 silly packumentCache full:https://registry.npmjs.org/@clerk%2fclerk-sdk-node cache-miss
17 http fetch GET 200 https://registry.npmjs.org/@clerk%2fclerk-sdk-node 2178ms (cache updated)
18 silly packumentCache full:https://registry.npmjs.org/@clerk%2fclerk-sdk-node set size:undefined disposed:false
19 silly placeDep ROOT @clerk/clerk-sdk-node@4.13.23 OK for: calculator@0.1.0 want: *
20 silly fetch manifest tslib@2.4.1
21 silly packumentCache full:https://registry.npmjs.org/tslib cache-miss
22 silly fetch manifest @clerk/shared@1.4.2
23 silly packumentCache full:https://registry.npmjs.org/@clerk%2fshared cache-miss
24 silly fetch manifest @clerk/backend@0.38.15
25 silly packumentCache full:https://registry.npmjs.org/@clerk%2fbackend cache-miss
26 silly fetch manifest @types/cookies@0.7.7
27 silly packumentCache full:https://registry.npmjs.org/@types%2fcookies cache-miss
28 silly fetch manifest @types/express@4.17.14
29 silly packumentCache full:https://registry.npmjs.org/@types%2fexpress cache-miss
30 silly fetch manifest camelcase-keys@6.2.2
31 silly packumentCache full:https://registry.npmjs.org/camelcase-keys cache-miss
32 silly fetch manifest snakecase-keys@3.2.1
33 silly packumentCache full:https://registry.npmjs.org/snakecase-keys cache-miss
34 silly fetch manifest @types/node-fetch@2.6.2
35 silly packumentCache full:https://registry.npmjs.org/@types%2fnode-fetch cache-miss
36 http fetch GET 200 https://registry.npmjs.org/tslib 75ms (cache updated)
37 silly packumentCache full:https://registry.npmjs.org/tslib set size:undefined disposed:false
38 http fetch GET 200 https://registry.npmjs.org/snakecase-keys 133ms (cache updated)
39 silly packumentCache full:https://registry.npmjs.org/snakecase-keys set size:undefined disposed:false
40 http fetch GET 200 https://registry.npmjs.org/camelcase-keys 135ms (cache updated)
41 silly packumentCache full:https://registry.npmjs.org/camelcase-keys set size:undefined disposed:false
42 http fetch GET 200 https://registry.npmjs.org/@types%2fnode-fetch 214ms (cache updated)
43 silly packumentCache full:https://registry.npmjs.org/@types%2fnode-fetch set size:undefined disposed:false
44 http fetch GET 200 https://registry.npmjs.org/@types%2fexpress 224ms (cache updated)
45 silly packumentCache full:https://registry.npmjs.org/@types%2fexpress set size:undefined disposed:false
46 http fetch GET 200 https://registry.npmjs.org/@types%2fcookies 1110ms (cache updated)
47 silly packumentCache full:https://registry.npmjs.org/@types%2fcookies set size:undefined disposed:false
48 http fetch GET 200 https://registry.npmjs.org/@clerk%2fshared 1367ms (cache updated)
49 silly packumentCache full:https://registry.npmjs.org/@clerk%2fshared set size:undefined disposed:false
50 http fetch GET 200 https://registry.npmjs.org/@clerk%2fbackend 1451ms (cache updated)
51 silly packumentCache full:https://registry.npmjs.org/@clerk%2fbackend set size:undefined disposed:false
52 silly placeDep node_modules/@clerk/clerk-sdk-node @clerk/backend@0.38.15 OK for: @clerk/clerk-sdk-node@4.13.23 want: 0.38.15
53 silly placeDep node_modules/@clerk/clerk-sdk-node @clerk/shared@1.4.2 OK for: @clerk/clerk-sdk-node@4.13.23 want: 1.4.2
54 silly placeDep ROOT @types/cookies@0.7.7 OK for: @clerk/clerk-sdk-node@4.13.23 want: 0.7.7
55 silly placeDep ROOT @types/express@4.17.14 OK for: @clerk/clerk-sdk-node@4.13.23 want: 4.17.14
56 silly placeDep ROOT @types/node-fetch@2.6.2 OK for: @clerk/clerk-sdk-node@4.13.23 want: 2.6.2
57 silly placeDep ROOT camelcase-keys@6.2.2 OK for: @clerk/clerk-sdk-node@4.13.23 want: 6.2.2
58 silly placeDep node_modules/@clerk/clerk-sdk-node snakecase-keys@3.2.1 OK for: @clerk/clerk-sdk-node@4.13.23 want: 3.2.1
59 silly placeDep node_modules/@clerk/clerk-sdk-node tslib@2.4.1 OK for: @clerk/clerk-sdk-node@4.13.23 want: 2.4.1
60 silly fetch manifest cookie@0.5.0
61 silly packumentCache full:https://registry.npmjs.org/cookie cache-miss
62 silly fetch manifest deepmerge@4.2.2
63 silly packumentCache full:https://registry.npmjs.org/deepmerge cache-miss
64 silly fetch manifest @types/node@16.18.6
65 silly packumentCache full:https://registry.npmjs.org/@types%2fnode cache-miss
66 silly fetch manifest snakecase-keys@5.4.4
67 silly packumentCache full:https://registry.npmjs.org/snakecase-keys cache-miss
68 silly fetch manifest node-fetch-native@1.0.1
69 silly packumentCache full:https://registry.npmjs.org/node-fetch-native cache-miss
70 silly fetch manifest @peculiar/webcrypto@1.4.1
71 silly packumentCache full:https://registry.npmjs.org/@peculiar%2fwebcrypto cache-miss
72 silly fetch manifest swr@2.2.0
73 silly packumentCache full:https://registry.npmjs.org/swr cache-miss
74 silly fetch manifest js-cookie@3.0.1
75 silly packumentCache full:https://registry.npmjs.org/js-cookie cache-miss
76 silly fetch manifest @types/express@*
77 silly packumentCache full:https://registry.npmjs.org/@types%2fexpress cache-miss
78 silly fetch manifest @types/keygrip@*
79 silly packumentCache full:https://registry.npmjs.org/@types%2fkeygrip cache-miss
80 silly fetch manifest @types/qs@*
81 silly packumentCache full:https://registry.npmjs.org/@types%2fqs cache-miss
82 http cache https://registry.npmjs.org/snakecase-keys 38ms (cache hit)
83 silly packumentCache full:https://registry.npmjs.org/snakecase-keys set size:81142 disposed:false
84 silly fetch manifest @types/body-parser@*
85 silly packumentCache full:https://registry.npmjs.org/@types%2fbody-parser cache-miss
86 http cache https://registry.npmjs.org/@types%2fexpress 38ms (cache hit)
87 silly packumentCache full:https://registry.npmjs.org/@types%2fexpress set size:94694 disposed:false
88 silly fetch manifest @types/serve-static@*
89 silly packumentCache full:https://registry.npmjs.org/@types%2fserve-static cache-miss
90 http fetch GET 200 https://registry.npmjs.org/deepmerge 75ms (cache updated)
91 silly packumentCache full:https://registry.npmjs.org/deepmerge set size:undefined disposed:false
92 silly fetch manifest @types/express-serve-static-core@^4.17.18
93 silly packumentCache full:https://registry.npmjs.org/@types%2fexpress-serve-static-core cache-miss
94 http fetch GET 200 https://registry.npmjs.org/cookie 83ms (cache updated)
95 silly packumentCache full:https://registry.npmjs.org/cookie set size:undefined disposed:false
96 silly fetch manifest form-data@^3.0.0
97 silly packumentCache full:https://registry.npmjs.org/form-data cache-miss
98 http fetch GET 200 https://registry.npmjs.org/node-fetch-native 86ms (cache updated)
99 silly packumentCache full:https://registry.npmjs.org/node-fetch-native set size:undefined disposed:false
100 silly fetch manifest camelcase@^5.3.1
101 silly packumentCache full:https://registry.npmjs.org/camelcase cache-miss
102 http fetch GET 200 https://registry.npmjs.org/@types%2fkeygrip 103ms (cache updated)
103 silly packumentCache full:https://registry.npmjs.org/@types%2fkeygrip set size:undefined disposed:false
104 silly fetch manifest quick-lru@^4.0.1
105 silly packumentCache full:https://registry.npmjs.org/quick-lru cache-miss
106 http fetch GET 200 https://registry.npmjs.org/swr 114ms (cache updated)
107 silly packumentCache full:https://registry.npmjs.org/swr set size:undefined disposed:false
108 silly fetch manifest to-snake-case@^1.0.0
109 silly packumentCache full:https://registry.npmjs.org/to-snake-case cache-miss
110 http fetch GET 200 https://registry.npmjs.org/form-data 73ms (cache updated)
111 silly packumentCache full:https://registry.npmjs.org/form-data set size:undefined disposed:false
112 http fetch GET 200 https://registry.npmjs.org/@types%2fbody-parser 121ms (cache updated)
113 silly packumentCache full:https://registry.npmjs.org/@types%2fbody-parser set size:undefined disposed:false
114 http fetch GET 200 https://registry.npmjs.org/js-cookie 159ms (cache updated)
115 silly packumentCache full:https://registry.npmjs.org/js-cookie set size:undefined disposed:false
116 http fetch GET 200 https://registry.npmjs.org/camelcase 78ms (cache updated)
117 silly packumentCache full:https://registry.npmjs.org/camelcase set size:undefined disposed:false
118 http fetch GET 200 https://registry.npmjs.org/@types%2fexpress-serve-static-core 92ms (cache updated)
119 silly packumentCache full:https://registry.npmjs.org/@types%2fexpress-serve-static-core set size:undefined disposed:false
120 http fetch GET 200 https://registry.npmjs.org/@types%2fqs 163ms (cache updated)
121 silly packumentCache full:https://registry.npmjs.org/@types%2fqs set size:undefined disposed:false
122 http fetch GET 200 https://registry.npmjs.org/@types%2fserve-static 142ms (cache updated)
123 silly packumentCache full:https://registry.npmjs.org/@types%2fserve-static set size:undefined disposed:false
124 http fetch GET 200 https://registry.npmjs.org/quick-lru 86ms (cache updated)
125 silly packumentCache full:https://registry.npmjs.org/quick-lru set size:undefined disposed:false
126 http fetch GET 200 https://registry.npmjs.org/to-snake-case 92ms (cache updated)
127 silly packumentCache full:https://registry.npmjs.org/to-snake-case set size:undefined disposed:false
128 http fetch GET 200 https://registry.npmjs.org/@types%2fnode 239ms (cache updated)
129 silly packumentCache full:https://registry.npmjs.org/@types%2fnode set size:undefined disposed:false
130 http fetch GET 200 https://registry.npmjs.org/@peculiar%2fwebcrypto 796ms (cache updated)
131 silly packumentCache full:https://registry.npmjs.org/@peculiar%2fwebcrypto set size:undefined disposed:false
132 silly placeDep ROOT @types/keygrip@1.0.6 OK for: @types/cookies@0.7.7 want: *
133 silly placeDep ROOT @types/body-parser@1.19.5 OK for: @types/express@4.17.14 want: *
134 silly placeDep ROOT @types/express-serve-static-core@4.19.6 OK for: @types/express@4.17.14 want: ^4.17.18
135 silly placeDep ROOT @types/qs@6.9.18 OK for: @types/express@4.17.14 want: *
136 silly placeDep ROOT @types/serve-static@1.15.7 OK for: @types/express@4.17.14 want: *
137 silly fetch manifest @types/send@*
138 silly packumentCache full:https://registry.npmjs.org/@types%2fsend cache-miss
139 silly fetch manifest @types/range-parser@*
140 silly packumentCache full:https://registry.npmjs.org/@types%2frange-parser cache-miss
141 silly fetch manifest @types/send@*
142 silly packumentCache full:https://registry.npmjs.org/@types%2fsend cache-miss
143 silly fetch manifest @types/http-errors@*
144 silly packumentCache full:https://registry.npmjs.org/@types%2fhttp-errors cache-miss
145 http fetch GET 200 https://registry.npmjs.org/@types%2frange-parser 42ms (cache updated)
146 silly packumentCache full:https://registry.npmjs.org/@types%2frange-parser set size:undefined disposed:false
147 http fetch GET 200 https://registry.npmjs.org/@types%2fhttp-errors 52ms (cache updated)
148 silly packumentCache full:https://registry.npmjs.org/@types%2fhttp-errors set size:undefined disposed:false
149 http fetch GET 200 https://registry.npmjs.org/@types%2fsend 56ms (cache updated)
150 silly packumentCache full:https://registry.npmjs.org/@types%2fsend set size:undefined disposed:false
151 http fetch GET 200 https://registry.npmjs.org/@types%2fsend 58ms (cache updated)
152 silly packumentCache full:https://registry.npmjs.org/@types%2fsend set size:undefined disposed:false
153 silly placeDep ROOT @types/range-parser@1.2.7 OK for: @types/express-serve-static-core@4.19.6 want: *
154 silly placeDep ROOT @types/send@0.17.4 OK for: @types/express-serve-static-core@4.19.6 want: *
155 silly fetch manifest @types/mime@^1
156 silly packumentCache full:https://registry.npmjs.org/@types%2fmime cache-miss
157 http fetch GET 200 https://registry.npmjs.org/@types%2fmime 71ms (cache updated)
158 silly packumentCache full:https://registry.npmjs.org/@types%2fmime set size:undefined disposed:false
159 silly placeDep ROOT form-data@3.0.3 OK for: @types/node-fetch@2.6.2 want: ^3.0.0
160 silly fetch manifest asynckit@^0.4.0
161 silly packumentCache full:https://registry.npmjs.org/asynckit cache-miss
162 silly fetch manifest mime-types@^2.1.35
163 silly packumentCache full:https://registry.npmjs.org/mime-types cache-miss
164 silly fetch manifest combined-stream@^1.0.8
165 silly packumentCache full:https://registry.npmjs.org/combined-stream cache-miss
166 http fetch GET 200 https://registry.npmjs.org/asynckit 43ms (cache updated)
167 silly packumentCache full:https://registry.npmjs.org/asynckit set size:undefined disposed:false
168 http fetch GET 200 https://registry.npmjs.org/mime-types 44ms (cache updated)
169 silly packumentCache full:https://registry.npmjs.org/mime-types set size:undefined disposed:false
170 http fetch GET 200 https://registry.npmjs.org/combined-stream 47ms (cache updated)
171 silly packumentCache full:https://registry.npmjs.org/combined-stream set size:undefined disposed:false
172 silly placeDep ROOT @types/mime@1.3.5 OK for: @types/send@0.17.4 want: ^1
173 silly placeDep ROOT @types/http-errors@2.0.4 OK for: @types/serve-static@1.15.7 want: *
174 silly placeDep ROOT camelcase@5.3.1 OK for: camelcase-keys@6.2.2 want: ^5.3.1
175 silly placeDep ROOT quick-lru@4.0.1 OK for: camelcase-keys@6.2.2 want: ^4.0.1
176 silly placeDep ROOT asynckit@0.4.0 OK for: form-data@3.0.3 want: ^0.4.0
177 silly placeDep ROOT combined-stream@1.0.8 OK for: form-data@3.0.3 want: ^1.0.8
178 silly placeDep ROOT mime-types@2.1.35 OK for: form-data@3.0.3 want: ^2.1.35
179 silly fetch manifest delayed-stream@~1.0.0
180 silly packumentCache full:https://registry.npmjs.org/delayed-stream cache-miss
181 silly fetch manifest mime-db@1.52.0
182 silly packumentCache full:https://registry.npmjs.org/mime-db cache-miss
183 http fetch GET 200 https://registry.npmjs.org/delayed-stream 34ms (cache updated)
184 silly packumentCache full:https://registry.npmjs.org/delayed-stream set size:undefined disposed:false
185 http fetch GET 200 https://registry.npmjs.org/mime-db 42ms (cache updated)
186 silly packumentCache full:https://registry.npmjs.org/mime-db set size:undefined disposed:false
187 silly placeDep ROOT delayed-stream@1.0.0 OK for: combined-stream@1.0.8 want: ~1.0.0
188 silly placeDep ROOT mime-db@1.52.0 OK for: mime-types@2.1.35 want: 1.52.0
189 silly placeDep ROOT @peculiar/webcrypto@1.4.1 OK for: @clerk/backend@0.38.15 want: 1.4.1
190 silly placeDep node_modules/@clerk/clerk-sdk-node @types/node@16.18.6 OK for: @clerk/backend@0.38.15 want: 16.18.6
191 silly placeDep node_modules/@clerk/clerk-sdk-node cookie@0.5.0 OK for: @clerk/backend@0.38.15 want: 0.5.0
192 silly placeDep node_modules/@clerk/clerk-sdk-node deepmerge@4.2.2 OK for: @clerk/backend@0.38.15 want: 4.2.2
193 silly placeDep ROOT node-fetch-native@1.0.1 OK for: @clerk/backend@0.38.15 want: 1.0.1
194 silly placeDep node_modules/@clerk/clerk-sdk-node/node_modules/@clerk/backend snakecase-keys@5.4.4 OK for: @clerk/backend@0.38.15 want: 5.4.4
195 silly fetch manifest pvtsutils@^1.3.2
196 silly packumentCache full:https://registry.npmjs.org/pvtsutils cache-miss
197 silly fetch manifest webcrypto-core@^1.7.4
198 silly packumentCache full:https://registry.npmjs.org/webcrypto-core cache-miss
199 silly fetch manifest @peculiar/asn1-schema@^2.3.0
200 silly packumentCache full:https://registry.npmjs.org/@peculiar%2fasn1-schema cache-miss
201 silly fetch manifest @peculiar/json-schema@^1.1.12
202 silly packumentCache full:https://registry.npmjs.org/@peculiar%2fjson-schema cache-miss
203 silly fetch manifest type-fest@^2.5.2
204 silly packumentCache full:https://registry.npmjs.org/type-fest cache-miss
205 http fetch GET 200 https://registry.npmjs.org/pvtsutils 56ms (cache updated)
206 silly packumentCache full:https://registry.npmjs.org/pvtsutils set size:undefined disposed:false
207 http fetch GET 200 https://registry.npmjs.org/type-fest 69ms (cache updated)
208 silly packumentCache full:https://registry.npmjs.org/type-fest set size:undefined disposed:false
209 http fetch GET 200 https://registry.npmjs.org/webcrypto-core 78ms (cache updated)
210 silly packumentCache full:https://registry.npmjs.org/webcrypto-core set size:undefined disposed:false
211 http fetch GET 200 https://registry.npmjs.org/@peculiar%2fjson-schema 359ms (cache updated)
212 silly packumentCache full:https://registry.npmjs.org/@peculiar%2fjson-schema set size:undefined disposed:false
213 http fetch GET 200 https://registry.npmjs.org/@peculiar%2fasn1-schema 794ms (cache updated)
214 silly packumentCache full:https://registry.npmjs.org/@peculiar%2fasn1-schema set size:undefined disposed:false
215 silly placeDep ROOT @peculiar/asn1-schema@2.3.15 OK for: @peculiar/webcrypto@1.4.1 want: ^2.3.0
216 silly placeDep ROOT @peculiar/json-schema@1.1.12 OK for: @peculiar/webcrypto@1.4.1 want: ^1.1.12
217 silly placeDep ROOT pvtsutils@1.3.6 OK for: @peculiar/webcrypto@1.4.1 want: ^1.3.2
218 silly placeDep ROOT webcrypto-core@1.8.1 OK for: @peculiar/webcrypto@1.4.1 want: ^1.7.4
219 silly fetch manifest asn1js@^3.0.5
220 silly packumentCache full:https://registry.npmjs.org/asn1js cache-miss
221 silly fetch manifest pvtsutils@^1.3.6
222 silly packumentCache full:https://registry.npmjs.org/pvtsutils cache-miss
223 silly fetch manifest asn1js@^3.0.5
224 silly packumentCache full:https://registry.npmjs.org/asn1js cache-miss
225 http cache https://registry.npmjs.org/pvtsutils 7ms (cache hit)
226 silly packumentCache full:https://registry.npmjs.org/pvtsutils set size:111560 disposed:false
227 http fetch GET 200 https://registry.npmjs.org/asn1js 58ms (cache updated)
228 silly packumentCache full:https://registry.npmjs.org/asn1js set size:undefined disposed:false
229 http fetch GET 200 https://registry.npmjs.org/asn1js 61ms (cache updated)
230 silly packumentCache full:https://registry.npmjs.org/asn1js set size:undefined disposed:false
231 silly placeDep ROOT asn1js@3.0.6 OK for: @peculiar/asn1-schema@2.3.15 want: ^3.0.5
232 silly fetch manifest pvutils@^1.1.3
233 silly packumentCache full:https://registry.npmjs.org/pvutils cache-miss
234 http fetch GET 200 https://registry.npmjs.org/pvutils 34ms (cache updated)
235 silly packumentCache full:https://registry.npmjs.org/pvutils set size:undefined disposed:false
236 silly placeDep ROOT pvutils@1.1.3 OK for: asn1js@3.0.6 want: ^1.1.3
237 silly placeDep node_modules/@clerk/clerk-sdk-node js-cookie@3.0.1 OK for: @clerk/shared@1.4.2 want: 3.0.1
238 silly placeDep node_modules/@clerk/clerk-sdk-node swr@2.2.0 OK for: @clerk/shared@1.4.2 want: 2.2.0
239 silly placeDep ROOT to-snake-case@1.0.0 OK for: snakecase-keys@3.2.1 want: ^1.0.0
240 silly fetch manifest to-space-case@^1.0.0
241 silly packumentCache full:https://registry.npmjs.org/to-space-case cache-miss
242 http fetch GET 200 https://registry.npmjs.org/to-space-case 49ms (cache updated)
243 silly packumentCache full:https://registry.npmjs.org/to-space-case set size:undefined disposed:false
244 silly placeDep ROOT to-space-case@1.0.0 OK for: to-snake-case@1.0.0 want: ^1.0.0
245 silly fetch manifest to-no-case@^1.0.0
246 silly packumentCache full:https://registry.npmjs.org/to-no-case cache-miss
247 http fetch GET 200 https://registry.npmjs.org/to-no-case 86ms (cache updated)
248 silly packumentCache full:https://registry.npmjs.org/to-no-case set size:undefined disposed:false
249 silly placeDep ROOT to-no-case@1.0.2 OK for: to-space-case@1.0.0 want: ^1.0.0
250 silly placeDep node_modules/@clerk/clerk-sdk-node type-fest@2.19.0 OK for: snakecase-keys@5.4.4 want: ^2.5.2
251 silly reify moves {}
252 silly audit bulk request {
252 silly audit   '@alloc/quick-lru': [ '5.2.0' ],
252 silly audit   '@ampproject/remapping': [ '2.3.0' ],
252 silly audit   '@babel/code-frame': [ '7.27.1' ],
252 silly audit   '@babel/compat-data': [ '7.27.2' ],
252 silly audit   '@babel/core': [ '7.27.1' ],
252 silly audit   semver: [ '6.3.1', '7.7.1' ],
252 silly audit   '@babel/generator': [ '7.27.1' ],
252 silly audit   '@babel/helper-compilation-targets': [ '7.27.2' ],
252 silly audit   '@babel/helper-module-imports': [ '7.27.1' ],
252 silly audit   '@babel/helper-module-transforms': [ '7.27.1' ],
252 silly audit   '@babel/helper-string-parser': [ '7.27.1' ],
252 silly audit   '@babel/helper-validator-identifier': [ '7.27.1' ],
252 silly audit   '@babel/helper-validator-option': [ '7.27.1' ],
252 silly audit   '@babel/helpers': [ '7.27.1' ],
252 silly audit   '@babel/parser': [ '7.27.2' ],
252 silly audit   '@babel/runtime': [ '7.27.1' ],
252 silly audit   '@babel/template': [ '7.27.2' ],
252 silly audit   '@babel/traverse': [ '7.27.1' ],
252 silly audit   '@babel/types': [ '7.27.1' ],
252 silly audit   '@clerk/backend': [ '1.31.4', '0.38.15' ],
252 silly audit   '@clerk/types': [ '4.57.1', '3.65.5' ],
252 silly audit   csstype: [ '3.1.3', '3.1.1' ],
252 silly audit   '@clerk/clerk-react': [ '5.31.1' ],
252 silly audit   '@clerk/localizations': [ '1.22.0' ],
252 silly audit   '@clerk/nextjs': [ '6.19.1' ],
252 silly audit   '@clerk/shared': [ '3.8.1', '1.4.2' ],
252 silly audit   '@emnapi/core': [ '1.4.3' ],
252 silly audit   '@emnapi/runtime': [ '1.4.3' ],
252 silly audit   '@emnapi/wasi-threads': [ '1.0.2' ],
252 silly audit   '@eslint-community/eslint-utils': [ '4.7.0' ],
252 silly audit   '@eslint-community/regexpp': [ '4.12.1' ],
252 silly audit   '@eslint/eslintrc': [ '2.1.4' ],
252 silly audit   globals: [ '13.24.0', '11.12.0' ],
252 silly audit   'type-fest': [ '0.20.2', '0.7.1', '4.41.0', '2.19.0' ],
252 silly audit   '@eslint/js': [ '8.57.1' ],
252 silly audit   '@hookform/resolvers': [ '5.0.1' ],
252 silly audit   '@humanwhocodes/config-array': [ '0.11.14' ],
252 silly audit   '@humanwhocodes/module-importer': [ '1.0.1' ],
252 silly audit   '@humanwhocodes/object-schema': [ '2.0.3' ],
252 silly audit   '@img/sharp-darwin-arm64': [ '0.33.5' ],
252 silly audit   '@img/sharp-darwin-x64': [ '0.33.5' ],
252 silly audit   '@img/sharp-libvips-darwin-arm64': [ '1.0.4' ],
252 silly audit   '@img/sharp-libvips-darwin-x64': [ '1.0.4' ],
252 silly audit   '@img/sharp-libvips-linux-arm': [ '1.0.5' ],
252 silly audit   '@img/sharp-libvips-linux-arm64': [ '1.0.4' ],
252 silly audit   '@img/sharp-libvips-linux-s390x': [ '1.0.4' ],
252 silly audit   '@img/sharp-libvips-linux-x64': [ '1.0.4' ],
252 silly audit   '@img/sharp-libvips-linuxmusl-arm64': [ '1.0.4' ],
252 silly audit   '@img/sharp-libvips-linuxmusl-x64': [ '1.0.4' ],
252 silly audit   '@img/sharp-linux-arm': [ '0.33.5' ],
252 silly audit   '@img/sharp-linux-arm64': [ '0.33.5' ],
252 silly audit   '@img/sharp-linux-s390x': [ '0.33.5' ],
252 silly audit   '@img/sharp-linux-x64': [ '0.33.5' ],
252 silly audit   '@img/sharp-linuxmusl-arm64': [ '0.33.5' ],
252 silly audit   '@img/sharp-linuxmusl-x64': [ '0.33.5' ],
252 silly audit   '@img/sharp-wasm32': [ '0.33.5' ],
252 silly audit   '@img/sharp-win32-ia32': [ '0.33.5' ],
252 silly audit   '@img/sharp-win32-x64': [ '0.33.5' ],
252 silly audit   '@isaacs/cliui': [ '8.0.2' ],
252 silly audit   'ansi-regex': [ '6.1.0', '5.0.1' ],
252 silly audit   'ansi-styles': [ '6.2.1', '4.3.0' ],
252 silly audit   'string-width': [ '5.1.2', '4.2.3' ],
252 silly audit   'strip-ansi': [ '7.1.0', '6.0.1' ],
252 silly audit   'wrap-ansi': [ '8.1.0', '7.0.0' ],
252 silly audit   '@isaacs/fs-minipass': [ '4.0.1' ],
252 silly audit   minipass: [ '7.1.2', '4.2.8' ],
252 silly audit   '@jridgewell/gen-mapping': [ '0.3.8' ],
252 silly audit   '@jridgewell/resolve-uri': [ '3.1.2' ],
252 silly audit   '@jridgewell/set-array': [ '1.2.1' ],
252 silly audit   '@jridgewell/sourcemap-codec': [ '1.5.0' ],
252 silly audit   '@jridgewell/trace-mapping': [ '0.3.25' ],
252 silly audit   '@kurkle/color': [ '0.3.4' ],
252 silly audit   '@napi-rs/wasm-runtime': [ '0.2.9' ],
252 silly audit   '@next/env': [ '14.2.28' ],
252 silly audit   '@next/eslint-plugin-next': [ '14.2.28' ],
252 silly audit   'brace-expansion': [ '2.0.1', '1.1.11' ],
252 silly audit   glob: [ '10.3.10', '9.3.5', '7.2.3', '11.0.2', '10.4.5' ],
252 silly audit   minimatch: [ '9.0.5', '8.0.4', '3.1.2', '10.0.1' ],
252 silly audit   '@next/swc-darwin-arm64': [ '14.2.28' ],
252 silly audit   '@next/swc-darwin-x64': [ '14.2.28' ],
252 silly audit   '@next/swc-linux-arm64-gnu': [ '14.2.28' ],
252 silly audit   '@next/swc-linux-arm64-musl': [ '14.2.28' ],
252 silly audit   '@next/swc-linux-x64-gnu': [ '14.2.28' ],
252 silly audit   '@next/swc-linux-x64-musl': [ '14.2.28' ],
252 silly audit   '@next/swc-win32-arm64-msvc': [ '14.2.28' ],
252 silly audit   '@next/swc-win32-ia32-msvc': [ '14.2.28' ],
252 silly audit   '@next/swc-win32-x64-msvc': [ '14.2.28' ],
252 silly audit   '@nodelib/fs.scandir': [ '2.1.5' ],
252 silly audit   '@nodelib/fs.stat': [ '2.0.5' ],
252 silly audit   '@nodelib/fs.walk': [ '1.2.8' ],
252 silly audit   '@nolyfill/is-core-module': [ '1.0.39' ],
252 silly audit   '@opentelemetry/api': [ '1.9.0' ],
252 silly audit   '@opentelemetry/api-logs': [ '0.57.2' ],
252 silly audit   '@opentelemetry/context-async-hooks': [ '1.30.1' ],
252 silly audit   '@opentelemetry/core': [ '1.30.1' ],
252 silly audit   '@opentelemetry/semantic-conventions': [ '1.28.0', '1.32.0' ],
252 silly audit   '@opentelemetry/instrumentation': [ '0.57.2' ],
252 silly audit   '@opentelemetry/instrumentation-amqplib': [ '0.46.1' ],
252 silly audit   '@opentelemetry/instrumentation-connect': [ '0.43.1' ],
252 silly audit   '@opentelemetry/instrumentation-dataloader': [ '0.16.1' ],
252 silly audit   '@opentelemetry/instrumentation-express': [ '0.47.1' ],
252 silly audit   '@opentelemetry/instrumentation-fastify': [ '0.44.2' ],
252 silly audit   '@opentelemetry/instrumentation-fs': [ '0.19.1' ],
252 silly audit   '@opentelemetry/instrumentation-generic-pool': [ '0.43.1' ],
252 silly audit   '@opentelemetry/instrumentation-graphql': [ '0.47.1' ],
252 silly audit   '@opentelemetry/instrumentation-hapi': [ '0.45.2' ],
252 silly audit   '@opentelemetry/instrumentation-http': [ '0.57.2' ],
252 silly audit   '@opentelemetry/instrumentation-ioredis': [ '0.47.1' ],
252 silly audit   '@opentelemetry/instrumentation-kafkajs': [ '0.7.1' ],
252 silly audit   '@opentelemetry/instrumentation-knex': [ '0.44.1' ],
252 silly audit   '@opentelemetry/instrumentation-koa': [ '0.47.1' ],
252 silly audit   '@opentelemetry/instrumentation-lru-memoizer': [ '0.44.1' ],
252 silly audit   '@opentelemetry/instrumentation-mongodb': [ '0.52.0' ],
252 silly audit   '@opentelemetry/instrumentation-mongoose': [ '0.46.1' ],
252 silly audit   '@opentelemetry/instrumentation-mysql': [ '0.45.1' ],
252 silly audit   '@opentelemetry/instrumentation-mysql2': [ '0.45.2' ],
252 silly audit   '@opentelemetry/instrumentation-pg': [ '0.51.1' ],
252 silly audit   '@opentelemetry/instrumentation-redis-4': [ '0.46.1' ],
252 silly audit   '@opentelemetry/instrumentation-tedious': [ '0.18.1' ],
252 silly audit   '@opentelemetry/instrumentation-undici': [ '0.10.1' ],
252 silly audit   '@opentelemetry/redis-common': [ '0.36.2' ],
252 silly audit   '@opentelemetry/resources': [ '1.30.1' ],
252 silly audit   '@opentelemetry/sdk-trace-base': [ '1.30.1' ],
252 silly audit   '@opentelemetry/sql-common': [ '0.40.1' ],
252 silly audit   '@pkgjs/parseargs': [ '0.11.0' ],
252 silly audit   '@prisma/instrumentation': [ '6.6.0' ],
252 silly audit   '@react-email/render': [ '1.0.6' ],
252 silly audit   '@rollup/plugin-commonjs': [ '28.0.1' ],
252 silly audit   '@rollup/pluginutils': [ '5.1.4' ],
252 silly audit   '@rollup/rollup-android-arm-eabi': [ '4.35.0' ],
252 silly audit   '@rollup/rollup-android-arm64': [ '4.35.0' ],
252 silly audit   '@rollup/rollup-darwin-arm64': [ '4.35.0' ],
252 silly audit   '@rollup/rollup-darwin-x64': [ '4.35.0' ],
252 silly audit   '@rollup/rollup-freebsd-arm64': [ '4.35.0' ],
252 silly audit   '@rollup/rollup-freebsd-x64': [ '4.35.0' ],
252 silly audit   '@rollup/rollup-linux-arm-gnueabihf': [ '4.35.0' ],
252 silly audit   '@rollup/rollup-linux-arm-musleabihf': [ '4.35.0' ],
252 silly audit   '@rollup/rollup-linux-arm64-gnu': [ '4.35.0' ],
252 silly audit   '@rollup/rollup-linux-arm64-musl': [ '4.35.0' ],
252 silly audit   '@rollup/rollup-linux-loongarch64-gnu': [ '4.35.0' ],
252 silly audit   '@rollup/rollup-linux-powerpc64le-gnu': [ '4.35.0' ],
252 silly audit   '@rollup/rollup-linux-riscv64-gnu': [ '4.35.0' ],
252 silly audit   '@rollup/rollup-linux-s390x-gnu': [ '4.35.0' ],
252 silly audit   '@rollup/rollup-linux-x64-gnu': [ '4.35.0' ],
252 silly audit   '@rollup/rollup-linux-x64-musl': [ '4.35.0' ],
252 silly audit   '@rollup/rollup-win32-arm64-msvc': [ '4.35.0' ],
252 silly audit   '@rollup/rollup-win32-ia32-msvc': [ '4.35.0' ],
252 silly audit   '@rtsao/scc': [ '1.1.0' ],
252 silly audit   '@rushstack/eslint-patch': [ '1.11.0' ],
252 silly audit   '@selderee/plugin-htmlparser2': [ '0.11.0' ],
252 silly audit   '@sentry-internal/browser-utils': [ '9.15.0' ],
252 silly audit   '@sentry-internal/feedback': [ '9.15.0' ],
252 silly audit   '@sentry-internal/replay': [ '9.15.0' ],
252 silly audit   '@sentry-internal/replay-canvas': [ '9.15.0' ],
252 silly audit   '@sentry/babel-plugin-component-annotate': [ '3.3.1' ],
252 silly audit   '@sentry/browser': [ '9.15.0' ],
252 silly audit   '@sentry/bundler-plugin-core': [ '3.3.1' ],
252 silly audit   'magic-string': [ '0.30.8', '0.30.17' ],
252 silly audit   '@sentry/cli': [ '2.42.2' ],
252 silly audit   '@sentry/cli-darwin': [ '2.42.2' ],
252 silly audit   '@sentry/cli-linux-arm': [ '2.42.2' ],
252 silly audit   '@sentry/cli-linux-arm64': [ '2.42.2' ],
252 silly audit   '@sentry/cli-linux-i686': [ '2.42.2' ],
252 silly audit   '@sentry/cli-linux-x64': [ '2.42.2' ],
252 silly audit   '@sentry/cli-win32-i686': [ '2.42.2' ],
252 silly audit   '@sentry/cli-win32-x64': [ '2.42.2' ],
252 silly audit   '@sentry/core': [ '9.15.0' ],
252 silly audit   '@sentry/nextjs': [ '9.15.0' ],
252 silly audit   '@sentry/node': [ '9.15.0' ],
252 silly audit   '@sentry/opentelemetry': [ '9.15.0' ],
252 silly audit   '@sentry/react': [ '9.15.0' ],
252 silly audit   '@sentry/vercel-edge': [ '9.15.0' ],
252 silly audit   '@sentry/webpack-plugin': [ '3.3.1' ],
252 silly audit   uuid: [ '9.0.1', '11.1.0' ],
252 silly audit   '@standard-schema/utils': [ '0.3.0' ],
252 silly audit   '@supabase/auth-helpers-nextjs': [ '0.7.4' ],
252 silly audit   '@supabase/auth-helpers-shared': [ '0.4.1' ],
252 silly audit   '@supabase/functions-js': [ '2.4.4' ],
252 silly audit   '@supabase/gotrue-js': [ '2.69.1' ],
252 silly audit   '@supabase/node-fetch': [ '2.6.15' ],
252 silly audit   '@supabase/postgrest-js': [ '1.19.4' ],
252 silly audit   '@supabase/realtime-js': [ '2.11.7' ],
252 silly audit   '@supabase/ssr': [ '0.6.1' ],
252 silly audit   '@supabase/storage-js': [ '2.7.3' ],
252 silly audit   '@supabase/supabase-js': [ '2.32.0' ],
252 silly audit   '@swc/counter': [ '0.1.3' ],
252 silly audit   '@swc/helpers': [ '0.5.5' ],
252 silly audit   '@tybys/wasm-util': [ '0.9.0' ],
252 silly audit   '@types/chart.js': [ '2.9.37' ],
252 silly audit   '@types/connect': [ '3.4.38' ],
252 silly audit   '@types/estree': [ '1.0.7', '1.0.6' ],
252 silly audit   '@types/json5': [ '0.0.29' ],
252 silly audit   '@types/mysql': [ '2.15.26' ],
252 silly audit   '@types/node': [ '20.5.0', '16.18.6' ],
252 silly audit   '@types/pg': [ '8.6.1' ],
252 silly audit   '@types/pg-pool': [ '2.0.6' ],
252 silly audit   '@types/phoenix': [ '1.6.6' ],
252 silly audit   '@types/prop-types': [ '15.7.14' ],
252 silly audit   '@types/react': [ '18.2.20' ],
252 silly audit   '@types/react-dom': [ '18.2.7' ],
252 silly audit   '@types/scheduler': [ '0.26.0' ],
252 silly audit   '@types/shimmer': [ '1.2.0' ],
252 silly audit   '@types/tedious': [ '4.0.14' ],
252 silly audit   '@types/uuid': [ '10.0.0' ],
252 silly audit   '@types/ws': [ '8.18.1' ],
252 silly audit   '@typescript-eslint/eslint-plugin': [ '8.32.0' ],
252 silly audit   '@typescript-eslint/parser': [ '8.32.0' ],
252 silly audit   '@typescript-eslint/scope-manager': [ '8.32.0' ],
252 silly audit   '@typescript-eslint/type-utils': [ '8.32.0' ],
252 silly audit   '@typescript-eslint/types': [ '8.32.0' ],
252 silly audit   '@typescript-eslint/typescript-estree': [ '8.32.0' ],
252 silly audit   '@typescript-eslint/utils': [ '8.32.0' ],
252 silly audit   '@typescript-eslint/visitor-keys': [ '8.32.0' ],
252 silly audit   'eslint-visitor-keys': [ '4.2.0', '3.4.3' ],
252 silly audit   '@unrs/resolver-binding-darwin-arm64': [ '1.7.2' ],
252 silly audit   '@unrs/resolver-binding-darwin-x64': [ '1.7.2' ],
252 silly audit   '@unrs/resolver-binding-freebsd-x64': [ '1.7.2' ],
252 silly audit   '@unrs/resolver-binding-linux-arm-gnueabihf': [ '1.7.2' ],
252 silly audit   '@unrs/resolver-binding-linux-arm-musleabihf': [ '1.7.2' ],
252 silly audit   '@unrs/resolver-binding-linux-arm64-gnu': [ '1.7.2' ],
252 silly audit   '@unrs/resolver-binding-linux-arm64-musl': [ '1.7.2' ],
252 silly audit   '@unrs/resolver-binding-linux-ppc64-gnu': [ '1.7.2' ],
252 silly audit   '@unrs/resolver-binding-linux-riscv64-gnu': [ '1.7.2' ],
252 silly audit   '@unrs/resolver-binding-linux-riscv64-musl': [ '1.7.2' ],
252 silly audit   '@unrs/resolver-binding-linux-s390x-gnu': [ '1.7.2' ],
252 silly audit   '@unrs/resolver-binding-linux-x64-gnu': [ '1.7.2' ],
252 silly audit   '@unrs/resolver-binding-linux-x64-musl': [ '1.7.2' ],
252 silly audit   '@unrs/resolver-binding-wasm32-wasi': [ '1.7.2' ],
252 silly audit   '@unrs/resolver-binding-win32-arm64-msvc': [ '1.7.2' ],
252 silly audit   '@unrs/resolver-binding-win32-ia32-msvc': [ '1.7.2' ],
252 silly audit   '@unrs/resolver-binding-win32-x64-msvc': [ '1.7.2' ],
252 silly audit   acorn: [ '8.14.1' ],
252 silly audit   'acorn-import-attributes': [ '1.9.5' ],
252 silly audit   'acorn-jsx': [ '5.3.2' ],
252 silly audit   'agent-base': [ '6.0.2', '7.1.3' ],
252 silly audit   ajv: [ '6.12.6' ],
252 silly audit   'any-promise': [ '1.3.0' ],
252 silly audit   anymatch: [ '3.1.3' ],
252 silly audit   picomatch: [ '2.3.1', '4.0.2' ],
252 silly audit   arg: [ '5.0.2' ],
252 silly audit   argparse: [ '2.0.1' ],
252 silly audit   'aria-query': [ '5.3.2' ],
252 silly audit   'array-buffer-byte-length': [ '1.0.2' ],
252 silly audit   'array-includes': [ '3.1.8' ],
252 silly audit   'array.prototype.findlast': [ '1.2.5' ],
252 silly audit   'array.prototype.findlastindex': [ '1.2.6' ],
252 silly audit   'array.prototype.flat': [ '1.3.3' ],
252 silly audit   'array.prototype.flatmap': [ '1.3.3' ],
252 silly audit   'array.prototype.tosorted': [ '1.1.4' ],
252 silly audit   'arraybuffer.prototype.slice': [ '1.0.4' ],
252 silly audit   'ast-types-flow': [ '0.0.8' ],
252 silly audit   'async-function': [ '1.0.0' ],
252 silly audit   autoprefixer: [ '10.4.15' ],
252 silly audit   'available-typed-arrays': [ '1.0.7' ],
252 silly audit   'axe-core': [ '4.10.3' ],
252 silly audit   'axobject-query': [ '4.1.0' ],
252 silly audit   'balanced-match': [ '1.0.2' ],
252 silly audit   'bin-links': [ '5.0.0' ],
252 silly audit   'binary-extensions': [ '2.3.0' ],
252 silly audit   braces: [ '3.0.3' ],
252 silly audit   browserslist: [ '4.24.5' ],
252 silly audit   'bubble-stream-error': [ '1.0.0' ],
252 silly audit   busboy: [ '1.6.0' ],
252 silly audit   'call-bind': [ '1.0.8' ],
252 silly audit   'call-bind-apply-helpers': [ '1.0.2' ],
252 silly audit   'call-bound': [ '1.0.4' ],
252 silly audit   callsites: [ '3.1.0' ],
252 silly audit   'camelcase-css': [ '2.0.1' ],
252 silly audit   'caniuse-lite': [ '1.0.30001717' ],
252 silly audit   chalk: [ '3.0.0', '4.1.2' ],
252 silly audit   'chart.js': [ '4.4.0' ],
252 silly audit   chokidar: [ '3.6.0' ],
252 silly audit   'glob-parent': [ '5.1.2', '6.0.2' ],
252 silly audit   chownr: [ '3.0.0' ],
252 silly audit   'cjs-module-lexer': [ '1.4.3' ],
252 silly audit   'client-only': [ '0.0.1' ],
252 silly audit   cliui: [ '8.0.1' ],
252 silly audit   'cmd-shim': [ '7.0.0' ],
252 silly audit   color: [ '4.2.3' ],
252 silly audit   'color-convert': [ '2.0.1' ],
252 silly audit   'color-name': [ '1.1.4' ],
252 silly audit   'color-string': [ '1.9.1' ],
252 silly audit   commander: [ '4.1.1' ],
252 silly audit   commondir: [ '1.0.1' ],
252 silly audit   'concat-map': [ '0.0.1' ],
252 silly audit   'convert-source-map': [ '2.0.0' ],
252 silly audit   cookie: [ '1.0.2', '0.5.0' ],
252 silly audit   'cross-fetch': [ '3.2.0' ],
252 silly audit   'cross-spawn': [ '7.0.6' ],
252 silly audit   cssesc: [ '3.0.0' ],
252 silly audit   'damerau-levenshtein': [ '1.0.8' ],
252 silly audit   'data-uri-to-buffer': [ '4.0.1' ],
252 silly audit   'data-view-buffer': [ '1.0.2' ],
252 silly audit   'data-view-byte-length': [ '1.0.2' ],
252 silly audit   'data-view-byte-offset': [ '1.0.1' ],
252 silly audit   'date-fns': [ '2.30.0' ],
252 silly audit   debug: [ '4.4.0', '3.2.7' ],
252 silly audit   'deep-is': [ '0.1.4' ],
252 silly audit   deepmerge: [ '4.3.1', '4.2.2' ],
252 silly audit   'define-data-property': [ '1.1.4' ],
252 silly audit   'define-properties': [ '1.2.1' ],
252 silly audit   dequal: [ '2.0.3' ],
252 silly audit   'detect-libc': [ '2.0.4' ],
252 silly audit   didyoumean: [ '1.2.2' ],
252 silly audit   dlv: [ '1.1.3' ],
252 silly audit   doctrine: [ '3.0.0', '2.1.0' ],
252 silly audit   'dom-serializer': [ '2.0.0' ],
252 silly audit   domelementtype: [ '2.3.0' ],
252 silly audit   domhandler: [ '5.0.3' ],
252 silly audit   domutils: [ '3.2.2' ],
252 silly audit   'dot-case': [ '3.0.4' ],
252 silly audit   dotenv: [ '16.5.0' ],
252 silly audit   'dunder-proto': [ '1.0.1' ],
252 silly audit   eastasianwidth: [ '0.2.0' ],
252 silly audit   'electron-to-chromium': [ '1.5.150' ],
252 silly audit   'emoji-regex': [ '9.2.2', '8.0.0' ],
252 silly audit   entities: [ '4.5.0' ],
252 silly audit   'es-abstract': [ '1.23.9' ],
252 silly audit   'es-define-property': [ '1.0.1' ],
252 silly audit   'es-errors': [ '1.3.0' ],
252 silly audit   'es-iterator-helpers': [ '1.2.1' ],
252 silly audit   'es-object-atoms': [ '1.1.1' ],
252 silly audit   'es-set-tostringtag': [ '2.1.0' ],
252 silly audit   'es-shim-unscopables': [ '1.1.0' ],
252 silly audit   'es-to-primitive': [ '1.3.0' ],
252 silly audit   escalade: [ '3.2.0' ],
252 silly audit   'escape-string-regexp': [ '4.0.0' ],
252 silly audit   eslint: [ '8.47.0' ],
252 silly audit   'eslint-config-next': [ '14.2.28' ],
252 silly audit   'eslint-import-resolver-node': [ '0.3.9' ],
252 silly audit   'eslint-import-resolver-typescript': [ '3.10.1' ],
252 silly audit   'eslint-module-utils': [ '2.12.0' ],
252 silly audit   'eslint-plugin-import': [ '2.31.0' ],
252 silly audit   'eslint-plugin-jsx-a11y': [ '6.10.2' ],
252 silly audit   'eslint-plugin-react': [ '7.37.5' ],
252 silly audit   'eslint-plugin-react-hooks': [ '5.0.0-canary-7118f5dd7-20230705' ],
252 silly audit   resolve: [ '2.0.0-next.5', '1.22.8' ],
252 silly audit   'eslint-scope': [ '7.2.2' ],
252 silly audit   espree: [ '9.6.1' ],
252 silly audit   esquery: [ '1.6.0' ],
252 silly audit   esrecurse: [ '4.3.0' ],
252 silly audit   estraverse: [ '5.3.0' ],
252 silly audit   'estree-walker': [ '2.0.2' ],
252 silly audit   esutils: [ '2.0.3' ],
252 silly audit   'fast-deep-equal': [ '3.1.3', '2.0.1' ],
252 silly audit   'fast-glob': [ '3.3.3' ],
252 silly audit   'fast-json-stable-stringify': [ '2.1.0' ],
252 silly audit   'fast-levenshtein': [ '2.0.6' ],
252 silly audit   fastq: [ '1.19.1' ],
252 silly audit   fdir: [ '6.4.4' ],
252 silly audit   'fetch-blob': [ '3.2.0' ],
252 silly audit   'file-entry-cache': [ '6.0.1' ],
252 silly audit   'fill-range': [ '7.1.1' ],
252 silly audit   'find-up': [ '5.0.0' ],
252 silly audit   'flat-cache': [ '3.2.0' ],
252 silly audit   flatted: [ '3.3.3' ],
252 silly audit   'for-each': [ '0.3.5' ],
252 silly audit   'foreground-child': [ '3.3.1' ],
252 silly audit   'formdata-polyfill': [ '4.0.10' ],
252 silly audit   'forwarded-parse': [ '2.1.2' ],
252 silly audit   'fraction.js': [ '4.3.7' ],
252 silly audit   'fs.realpath': [ '1.0.0' ],
252 silly audit   fsevents: [ '2.3.3' ],
252 silly audit   'function-bind': [ '1.1.2' ],
252 silly audit   'function.prototype.name': [ '1.1.8' ],
252 silly audit   'functions-have-names': [ '1.2.3' ],
252 silly audit   gensync: [ '1.0.0-beta.2' ],
252 silly audit   'get-caller-file': [ '2.0.5' ],
252 silly audit   'get-intrinsic': [ '1.3.0' ],
252 silly audit   'get-proto': [ '1.0.1' ],
252 silly audit   'get-symbol-description': [ '1.1.0' ],
252 silly audit   'get-tsconfig': [ '4.10.0' ],
252 silly audit   'glob-to-regexp': [ '0.4.1' ],
252 silly audit   globalthis: [ '1.0.4' ],
252 silly audit   gopd: [ '1.2.0' ],
252 silly audit   'graceful-fs': [ '4.2.11' ],
252 silly audit   graphemer: [ '1.4.0' ],
252 silly audit   'has-bigints': [ '1.1.0' ],
252 silly audit   'has-flag': [ '4.0.0' ],
252 silly audit   'has-property-descriptors': [ '1.0.2' ],
252 silly audit   'has-proto': [ '1.2.0' ],
252 silly audit   'has-symbols': [ '1.1.0' ],
252 silly audit   'has-tostringtag': [ '1.0.2' ],
252 silly audit   hasown: [ '2.0.2' ],
252 silly audit   'hoist-non-react-statics': [ '3.3.2' ],
252 silly audit   'html-to-text': [ '9.0.5' ],
252 silly audit   htmlparser2: [ '8.0.2' ],
252 silly audit   'https-proxy-agent': [ '5.0.1', '7.0.6' ],
252 silly audit   ignore: [ '5.3.2' ],
252 silly audit   'import-fresh': [ '3.3.1' ],
252 silly audit   'import-in-the-middle': [ '1.13.1' ],
252 silly audit   imurmurhash: [ '0.1.4' ],
252 silly audit   inflight: [ '1.0.6' ],
252 silly audit   inherits: [ '2.0.4' ],
252 silly audit   'internal-slot': [ '1.1.0' ],
252 silly audit   'is-array-buffer': [ '3.0.5' ],
252 silly audit   'is-arrayish': [ '0.3.2' ],
252 silly audit   'is-async-function': [ '2.1.1' ],
252 silly audit   'is-bigint': [ '1.1.0' ],
252 silly audit   'is-binary-path': [ '2.1.0' ],
252 silly audit   'is-boolean-object': [ '1.2.2' ],
252 silly audit   'is-bun-module': [ '2.0.0' ],
252 silly audit   'is-callable': [ '1.2.7' ],
252 silly audit   'is-core-module': [ '2.16.1' ],
252 silly audit   'is-data-view': [ '1.0.2' ],
252 silly audit   'is-date-object': [ '1.1.0' ],
252 silly audit   'is-directory': [ '0.3.1' ],
252 silly audit   'is-extglob': [ '2.1.1' ],
252 silly audit   'is-finalizationregistry': [ '1.1.1' ],
252 silly audit   'is-fullwidth-code-point': [ '3.0.0' ],
252 silly audit   'is-generator-function': [ '1.1.0' ],
252 silly audit   'is-glob': [ '4.0.3' ],
252 silly audit   'is-map': [ '2.0.3' ],
252 silly audit   'is-number': [ '7.0.0' ],
252 silly audit   'is-number-object': [ '1.1.1' ],
252 silly audit   'is-path-inside': [ '3.0.3' ],
252 silly audit   'is-reference': [ '1.2.1' ],
252 silly audit   'is-regex': [ '1.2.1' ],
252 silly audit   'is-set': [ '2.0.3' ],
252 silly audit   'is-shared-array-buffer': [ '1.0.4' ],
252 silly audit   'is-string': [ '1.1.1' ],
252 silly audit   'is-symbol': [ '1.1.1' ],
252 silly audit   'is-typed-array': [ '1.1.15' ],
252 silly audit   'is-weakmap': [ '2.0.2' ],
252 silly audit   'is-weakref': [ '1.1.1' ],
252 silly audit   'is-weakset': [ '2.0.4' ],
252 silly audit   isarray: [ '2.0.5' ],
252 silly audit   isexe: [ '2.0.0' ],
252 silly audit   'iterator.prototype': [ '1.1.5' ],
252 silly audit   jackspeak: [ '2.3.6', '4.1.0', '3.4.3' ],
252 silly audit   jiti: [ '1.21.7' ],
252 silly audit   jose: [ '4.15.9' ],
252 silly audit   'js-cookie': [ '3.0.5', '3.0.1' ],
252 silly audit   'js-tokens': [ '4.0.0' ],
252 silly audit   'js-yaml': [ '4.1.0' ],
252 silly audit   jsesc: [ '3.1.0' ],
252 silly audit   'json-buffer': [ '3.0.1' ],
252 silly audit   'json-schema-traverse': [ '0.4.1' ],
252 silly audit   'json-stable-stringify-without-jsonify': [ '1.0.1' ],
252 silly audit   json5: [ '2.2.3', '1.0.2' ],
252 silly audit   'jsx-ast-utils': [ '3.3.5' ],
252 silly audit   keyv: [ '4.5.4' ],
252 silly audit   'language-subtag-registry': [ '0.3.23' ],
252 silly audit   'language-tags': [ '1.0.9' ],
252 silly audit   leac: [ '0.6.0' ],
252 silly audit   levn: [ '0.4.1' ],
252 silly audit   lilconfig: [ '2.1.0', '3.1.3' ],
252 silly audit   'lines-and-columns': [ '1.2.4' ],
252 silly audit   'locate-path': [ '6.0.0' ],
252 silly audit   'lodash._baseflatten': [ '3.1.4' ],
252 silly audit   'lodash._basefor': [ '3.0.3' ],
252 silly audit   'lodash._bindcallback': [ '3.0.1' ],
252 silly audit   'lodash._pickbyarray': [ '3.0.2' ],
252 silly audit   'lodash._pickbycallback': [ '3.0.0' ],
252 silly audit   'lodash.isarguments': [ '3.1.0' ],
252 silly audit   'lodash.isarray': [ '3.0.4' ],
252 silly audit   'lodash.keysin': [ '3.0.8' ],
252 silly audit   'lodash.merge': [ '4.6.2' ],
252 silly audit   'lodash.pick': [ '3.1.0' ],
252 silly audit   'lodash.restparam': [ '3.6.1' ],
252 silly audit   'loose-envify': [ '1.4.0' ],
252 silly audit   'lower-case': [ '2.0.2' ],
252 silly audit   'lru-cache': [ '5.1.1', '10.4.3', '11.1.0' ],
252 silly audit   'map-obj': [ '4.3.0' ],
252 silly audit   'math-intrinsics': [ '1.1.0' ],
252 silly audit   merge2: [ '1.4.1' ],
252 silly audit   micromatch: [ '4.0.8' ],
252 silly audit   minimist: [ '1.2.8' ],
252 silly audit   minizlib: [ '3.0.2' ],
252 silly audit   mkdirp: [ '3.0.1' ],
252 silly audit   'module-details-from-path': [ '1.0.4' ],
252 silly audit   moment: [ '2.30.1' ],
252 silly audit   ms: [ '2.1.3' ],
252 silly audit   mz: [ '2.7.0' ],
252 silly audit   nanoid: [ '3.3.11' ],
252 silly audit   'napi-postinstall': [ '0.2.3' ],
252 silly audit   'natural-compare': [ '1.4.0' ],
252 silly audit   next: [ '14.2.28' ],
252 silly audit   postcss: [ '8.4.31', '8.5.3' ],
252 silly audit   'no-case': [ '3.0.4' ],
252 silly audit   'node-domexception': [ '1.0.0' ],
252 silly audit   'node-fetch': [ '2.7.0', '3.3.2' ],
252 silly audit   'node-releases': [ '2.0.19' ],
252 silly audit   'normalize-path': [ '3.0.0' ],
252 silly audit   'normalize-range': [ '0.1.2' ],
252 silly audit   'npm-normalize-package-bin': [ '4.0.0' ],
252 silly audit   'object-assign': [ '4.1.1' ],
252 silly audit   'object-hash': [ '3.0.0' ],
252 silly audit   'object-inspect': [ '1.13.4' ],
252 silly audit   'object-keys': [ '1.1.1' ],
252 silly audit   'object.assign': [ '4.1.7' ],
252 silly audit   'object.entries': [ '1.1.9' ],
252 silly audit   'object.fromentries': [ '2.0.8' ],
252 silly audit   'object.groupby': [ '1.0.3' ],
252 silly audit   'object.values': [ '1.2.1' ],
252 silly audit   once: [ '1.4.0' ],
252 silly audit   optionator: [ '0.9.4' ],
252 silly audit   'own-keys': [ '1.0.1' ],
252 silly audit   'p-limit': [ '3.1.0' ],
252 silly audit   'p-locate': [ '5.0.0' ],
252 silly audit   'package-json-from-dist': [ '1.0.1' ],
252 silly audit   'parent-module': [ '1.0.1' ],
252 silly audit   parseley: [ '0.12.1' ],
252 silly audit   'path-exists': [ '4.0.0' ],
252 silly audit   'path-is-absolute': [ '1.0.1' ],
252 silly audit   'path-key': [ '3.1.1' ],
252 silly audit   'path-parse': [ '1.0.7' ],
252 silly audit   'path-scurry': [ '1.11.1', '2.0.0' ],
252 silly audit   peberminta: [ '0.9.0' ],
252 silly audit   'pg-int8': [ '1.0.1' ],
252 silly audit   'pg-protocol': [ '1.9.5' ],
252 silly audit   'pg-types': [ '2.2.0' ],
252 silly audit   picocolors: [ '1.1.1' ],
252 silly audit   pify: [ '2.3.0' ],
252 silly audit   pirates: [ '4.0.7' ],
252 silly audit   'possible-typed-array-names': [ '1.1.0' ],
252 silly audit   'postcss-import': [ '15.1.0' ],
252 silly audit   'postcss-js': [ '4.0.1' ],
252 silly audit   'postcss-load-config': [ '4.0.2' ],
252 silly audit   'postcss-nested': [ '6.2.0' ],
252 silly audit   'postcss-selector-parser': [ '6.1.2' ],
252 silly audit   'postcss-value-parser': [ '4.2.0' ],
252 silly audit   'postgres-array': [ '2.0.0' ],
252 silly audit   'postgres-bytea': [ '1.0.0' ],
252 silly audit   'postgres-date': [ '1.0.7' ],
252 silly audit   'postgres-interval': [ '1.2.0' ],
252 silly audit   'prelude-ls': [ '1.2.1' ],
252 silly audit   prettier: [ '3.5.3' ],
252 silly audit   'proc-log': [ '5.0.0' ],
252 silly audit   progress: [ '2.0.3' ],
252 silly audit   'prop-types': [ '15.8.1' ],
252 silly audit   'proxy-from-env': [ '1.1.0' ],
252 silly audit   punycode: [ '2.3.1' ],
252 silly audit   'queue-microtask': [ '1.2.3' ],
252 silly audit   react: [ '18.2.0' ],
252 silly audit   'react-chartjs-2': [ '5.2.0' ],
252 silly audit   'react-dom': [ '18.2.0' ],
252 silly audit   'react-hook-form': [ '7.56.3' ],
252 silly audit   'react-is': [ '16.13.1' ],
252 silly audit   'react-promise-suspense': [ '0.3.4' ],
252 silly audit   'read-cache': [ '1.0.0' ],
252 silly audit   'read-cmd-shim': [ '5.0.0' ],
252 silly audit   readdirp: [ '3.6.0' ],
252 silly audit   'reflect.getprototypeof': [ '1.0.10' ],
252 silly audit   'regexp.prototype.flags': [ '1.5.4' ],
252 silly audit   'require-directory': [ '2.1.1' ],
252 silly audit   'require-in-the-middle': [ '7.5.2' ],
252 silly audit   resend: [ '4.5.1' ],
252 silly audit   'resolve-from': [ '4.0.0' ],
252 silly audit   'resolve-pkg-maps': [ '1.0.0' ],
252 silly audit   reusify: [ '1.1.0' ],
252 silly audit   rimraf: [ '3.0.2' ],
252 silly audit   rollup: [ '4.35.0' ],
252 silly audit   '@rollup/rollup-win32-x64-msvc': [ '4.35.0' ],
252 silly audit   'run-parallel': [ '1.2.0' ],
252 silly audit   'safe-array-concat': [ '1.1.3' ],
252 silly audit   'safe-push-apply': [ '1.0.0' ],
252 silly audit   'safe-regex-test': [ '1.1.0' ],
252 silly audit   scheduler: [ '0.23.2' ],
252 silly audit   selderee: [ '0.11.0' ],
252 silly audit   'server-only': [ '0.0.1' ],
252 silly audit   'set-cookie-parser': [ '2.7.1' ],
252 silly audit   'set-function-length': [ '1.2.2' ],
252 silly audit   'set-function-name': [ '2.0.2' ],
252 silly audit   'set-proto': [ '1.0.0' ],
252 silly audit   sharp: [ '0.33.5' ],
252 silly audit   'sharp-cli': [ '5.1.0' ],
252 silly audit   'shebang-command': [ '2.0.0' ],
252 silly audit   'shebang-regex': [ '3.0.0' ],
252 silly audit   shimmer: [ '1.2.1' ],
252 silly audit   'side-channel': [ '1.1.0' ],
252 silly audit   'side-channel-list': [ '1.0.0' ],
252 silly audit   'side-channel-map': [ '1.0.1' ],
252 silly audit   'side-channel-weakmap': [ '1.0.2' ],
252 silly audit   'signal-exit': [ '4.1.0' ],
252 silly audit   'simple-swizzle': [ '0.2.2' ],
252 silly audit   sliced: [ '1.0.1' ],
252 silly audit   'snake-case': [ '3.0.4' ],
252 silly audit   'snakecase-keys': [ '8.0.1', '3.2.1', '5.4.4' ],
252 silly audit   'source-map-js': [ '1.2.1' ],
252 silly audit   'stable-hash': [ '0.0.5' ],
252 silly audit   'stacktrace-parser': [ '0.1.11' ],
252 silly audit   'std-env': [ '3.9.0' ],
252 silly audit   streamsearch: [ '1.1.0' ],
252 silly audit   'string.prototype.includes': [ '2.0.1' ],
252 silly audit   'string.prototype.matchall': [ '4.0.12' ],
252 silly audit   'string.prototype.repeat': [ '1.0.0' ],
252 silly audit   'string.prototype.trim': [ '1.2.10' ],
252 silly audit   'string.prototype.trimend': [ '1.0.9' ],
252 silly audit   'string.prototype.trimstart': [ '1.0.8' ],
252 silly audit   'strip-bom': [ '3.0.0' ],
252 silly audit   'strip-json-comments': [ '3.1.1' ],
252 silly audit   'styled-jsx': [ '5.1.1' ],
252 silly audit   sucrase: [ '3.35.0' ],
252 silly audit   supabase: [ '1.226.4' ],
252 silly audit   'supports-color': [ '7.2.0' ],
252 silly audit   'supports-preserve-symlinks-flag': [ '1.0.0' ],
252 silly audit   swr: [ '2.3.3', '2.2.0' ],
252 silly audit   tailwindcss: [ '3.3.3' ],
252 silly audit   tar: [ '7.4.3' ],
252 silly audit   yallist: [ '5.0.0', '3.1.1' ],
252 silly audit   'text-table': [ '0.2.0' ],
252 silly audit   thenify: [ '3.3.1' ],
252 silly audit   'thenify-all': [ '1.6.0' ],
252 silly audit   tinyglobby: [ '0.2.13' ],
252 silly audit   'to-regex-range': [ '5.0.1' ],
252 silly audit   tr46: [ '0.0.3' ],
252 silly audit   'ts-api-utils': [ '2.1.0' ],
252 silly audit   'ts-interface-checker': [ '0.1.13' ],
252 silly audit   'tsconfig-paths': [ '3.15.0' ],
252 silly audit   tslib: [ '2.8.1', '2.4.1' ],
252 silly audit   'type-check': [ '0.4.0' ],
252 silly audit   'typed-array-buffer': [ '1.0.3' ],
252 silly audit   'typed-array-byte-length': [ '1.0.3' ],
252 silly audit   'typed-array-byte-offset': [ '1.0.4' ],
252 silly audit   'typed-array-length': [ '1.0.7' ],
252 silly audit   typescript: [ '5.1.6' ],
252 silly audit   'unbox-primitive': [ '1.1.0' ],
252 silly audit   unplugin: [ '1.0.1' ],
252 silly audit   'unrs-resolver': [ '1.7.2' ],
252 silly audit   'update-browserslist-db': [ '1.1.3' ],
252 silly audit   'uri-js': [ '4.4.1' ],
252 silly audit   'use-sync-external-store': [ '1.5.0' ],
252 silly audit   'util-deprecate': [ '1.0.2' ],
252 silly audit   'web-streams-polyfill': [ '3.3.3' ],
252 silly audit   'webidl-conversions': [ '3.0.1' ],
252 silly audit   'webpack-sources': [ '3.2.3' ],
252 silly audit   'webpack-virtual-modules': [ '0.5.0' ],
252 silly audit   'whatwg-url': [ '5.0.0' ],
252 silly audit   which: [ '2.0.2' ],
252 silly audit   'which-boxed-primitive': [ '1.1.1' ],
252 silly audit   'which-builtin-type': [ '1.2.1' ],
252 silly audit   'which-collection': [ '1.0.2' ],
252 silly audit   'which-typed-array': [ '1.1.19' ],
252 silly audit   'word-wrap': [ '1.2.5' ],
252 silly audit   wrappy: [ '1.0.2' ],
252 silly audit   'write-file-atomic': [ '6.0.0' ],
252 silly audit   ws: [ '8.18.2' ],
252 silly audit   xtend: [ '4.0.2' ],
252 silly audit   y18n: [ '5.0.8' ],
252 silly audit   yaml: [ '2.7.1' ],
252 silly audit   yargs: [ '17.7.2' ],
252 silly audit   'yargs-parser': [ '21.1.1' ],
252 silly audit   'yocto-queue': [ '0.1.0' ],
252 silly audit   zod: [ '3.24.4' ],
252 silly audit   '@clerk/clerk-sdk-node': [ '4.13.23' ],
252 silly audit   '@types/cookies': [ '0.7.7' ],
252 silly audit   '@types/express': [ '4.17.14' ],
252 silly audit   '@types/node-fetch': [ '2.6.2' ],
252 silly audit   'camelcase-keys': [ '6.2.2' ],
252 silly audit   '@types/keygrip': [ '1.0.6' ],
252 silly audit   '@types/body-parser': [ '1.19.5' ],
252 silly audit   '@types/express-serve-static-core': [ '4.19.6' ],
252 silly audit   '@types/qs': [ '6.9.18' ],
252 silly audit   '@types/serve-static': [ '1.15.7' ],
252 silly audit   '@types/range-parser': [ '1.2.7' ],
252 silly audit   '@types/send': [ '0.17.4' ],
252 silly audit   'form-data': [ '3.0.3' ],
252 silly audit   '@types/mime': [ '1.3.5' ],
252 silly audit   '@types/http-errors': [ '2.0.4' ],
252 silly audit   camelcase: [ '5.3.1' ],
252 silly audit   'quick-lru': [ '4.0.1' ],
252 silly audit   asynckit: [ '0.4.0' ],
252 silly audit   'combined-stream': [ '1.0.8' ],
252 silly audit   'mime-types': [ '2.1.35' ],
252 silly audit   'delayed-stream': [ '1.0.0' ],
252 silly audit   'mime-db': [ '1.52.0' ],
252 silly audit   '@peculiar/webcrypto': [ '1.4.1' ],
252 silly audit   'node-fetch-native': [ '1.0.1' ],
252 silly audit   '@peculiar/asn1-schema': [ '2.3.15' ],
252 silly audit   '@peculiar/json-schema': [ '1.1.12' ],
252 silly audit   pvtsutils: [ '1.3.6' ],
252 silly audit   'webcrypto-core': [ '1.8.1' ],
252 silly audit   asn1js: [ '3.0.6' ],
252 silly audit   pvutils: [ '1.1.3' ],
252 silly audit   'to-snake-case': [ '1.0.0' ],
252 silly audit   'to-space-case': [ '1.0.0' ],
252 silly audit   'to-no-case': [ '1.0.2' ]
252 silly audit }
253 http cache to-no-case@https://registry.npmjs.org/to-no-case/-/to-no-case-1.0.2.tgz 0ms (cache hit)
254 http cache to-space-case@https://registry.npmjs.org/to-space-case/-/to-space-case-1.0.0.tgz 0ms (cache hit)
255 http cache to-snake-case@https://registry.npmjs.org/to-snake-case/-/to-snake-case-1.0.0.tgz 0ms (cache hit)
256 http cache pvutils@https://registry.npmjs.org/pvutils/-/pvutils-1.1.3.tgz 0ms (cache hit)
257 http cache asn1js@https://registry.npmjs.org/asn1js/-/asn1js-3.0.6.tgz 0ms (cache hit)
258 http cache @peculiar/json-schema@https://registry.npmjs.org/@peculiar/json-schema/-/json-schema-1.1.12.tgz 0ms (cache hit)
259 http cache webcrypto-core@https://registry.npmjs.org/webcrypto-core/-/webcrypto-core-1.8.1.tgz 0ms (cache hit)
260 http cache pvtsutils@https://registry.npmjs.org/pvtsutils/-/pvtsutils-1.3.6.tgz 0ms (cache hit)
261 http cache @peculiar/asn1-schema@https://registry.npmjs.org/@peculiar/asn1-schema/-/asn1-schema-2.3.15.tgz 0ms (cache hit)
262 http cache @peculiar/webcrypto@https://registry.npmjs.org/@peculiar/webcrypto/-/webcrypto-1.4.1.tgz 0ms (cache hit)
263 http cache node-fetch-native@https://registry.npmjs.org/node-fetch-native/-/node-fetch-native-1.0.1.tgz 0ms (cache hit)
264 http cache mime-db@https://registry.npmjs.org/mime-db/-/mime-db-1.52.0.tgz 0ms (cache hit)
265 http cache delayed-stream@https://registry.npmjs.org/delayed-stream/-/delayed-stream-1.0.0.tgz 0ms (cache hit)
266 http cache mime-types@https://registry.npmjs.org/mime-types/-/mime-types-2.1.35.tgz 0ms (cache hit)
267 http cache combined-stream@https://registry.npmjs.org/combined-stream/-/combined-stream-1.0.8.tgz 0ms (cache hit)
268 http cache @types/http-errors@https://registry.npmjs.org/@types/http-errors/-/http-errors-2.0.4.tgz 0ms (cache hit)
269 http cache asynckit@https://registry.npmjs.org/asynckit/-/asynckit-0.4.0.tgz 0ms (cache hit)
270 http cache @types/mime@https://registry.npmjs.org/@types/mime/-/mime-1.3.5.tgz 0ms (cache hit)
271 http cache quick-lru@https://registry.npmjs.org/quick-lru/-/quick-lru-4.0.1.tgz 1ms (cache hit)
272 http cache camelcase@https://registry.npmjs.org/camelcase/-/camelcase-5.3.1.tgz 0ms (cache hit)
273 http cache form-data@https://registry.npmjs.org/form-data/-/form-data-3.0.3.tgz 0ms (cache hit)
274 http cache @types/send@https://registry.npmjs.org/@types/send/-/send-0.17.4.tgz 0ms (cache hit)
275 http cache @types/range-parser@https://registry.npmjs.org/@types/range-parser/-/range-parser-1.2.7.tgz 0ms (cache hit)
276 http cache @types/serve-static@https://registry.npmjs.org/@types/serve-static/-/serve-static-1.15.7.tgz 0ms (cache hit)
277 http cache @types/qs@https://registry.npmjs.org/@types/qs/-/qs-6.9.18.tgz 0ms (cache hit)
278 http cache @types/express-serve-static-core@https://registry.npmjs.org/@types/express-serve-static-core/-/express-serve-static-core-4.19.6.tgz 0ms (cache hit)
279 http cache camelcase-keys@https://registry.npmjs.org/camelcase-keys/-/camelcase-keys-6.2.2.tgz 0ms (cache hit)
280 http cache @types/keygrip@https://registry.npmjs.org/@types/keygrip/-/keygrip-1.0.6.tgz 0ms (cache hit)
281 http cache @types/body-parser@https://registry.npmjs.org/@types/body-parser/-/body-parser-1.19.5.tgz 0ms (cache hit)
282 http cache @clerk/clerk-sdk-node@https://registry.npmjs.org/@clerk/clerk-sdk-node/-/clerk-sdk-node-4.13.23.tgz 0ms (cache hit)
283 http cache @types/node-fetch@https://registry.npmjs.org/@types/node-fetch/-/node-fetch-2.6.2.tgz 0ms (cache hit)
284 http cache @types/express@https://registry.npmjs.org/@types/express/-/express-4.17.14.tgz 0ms (cache hit)
285 http cache @types/cookies@https://registry.npmjs.org/@types/cookies/-/cookies-0.7.7.tgz 0ms (cache hit)
286 http cache type-fest@https://registry.npmjs.org/type-fest/-/type-fest-2.19.0.tgz 0ms (cache hit)
287 http cache swr@https://registry.npmjs.org/swr/-/swr-2.2.0.tgz 0ms (cache hit)
288 http cache js-cookie@https://registry.npmjs.org/js-cookie/-/js-cookie-3.0.1.tgz 0ms (cache hit)
289 http cache deepmerge@https://registry.npmjs.org/deepmerge/-/deepmerge-4.2.2.tgz 0ms (cache hit)
290 http cache @types/node@https://registry.npmjs.org/@types/node/-/node-16.18.6.tgz 0ms (cache hit)
291 http cache tslib@https://registry.npmjs.org/tslib/-/tslib-2.4.1.tgz 0ms (cache hit)
292 http cache cookie@https://registry.npmjs.org/cookie/-/cookie-0.5.0.tgz 0ms (cache hit)
293 http cache snakecase-keys@https://registry.npmjs.org/snakecase-keys/-/snakecase-keys-3.2.1.tgz 0ms (cache hit)
294 http cache @clerk/backend@https://registry.npmjs.org/@clerk/backend/-/backend-0.38.15.tgz 0ms (cache hit)
295 http cache @clerk/shared@https://registry.npmjs.org/@clerk/shared/-/shared-1.4.2.tgz 0ms (cache hit)
296 http cache snakecase-keys@https://registry.npmjs.org/snakecase-keys/-/snakecase-keys-5.4.4.tgz 0ms (cache hit)
297 http fetch POST 200 https://registry.npmjs.org/-/npm/v1/security/advisories/bulk 767ms
298 silly audit report {
298 silly audit report   cookie: [
298 silly audit report     {
298 silly audit report       id: 1103907,
298 silly audit report       url: 'https://github.com/advisories/GHSA-pxg6-pf52-xh8x',
298 silly audit report       title: 'cookie accepts cookie name, path, and domain with out of bounds characters',
298 silly audit report       severity: 'low',
298 silly audit report       vulnerable_versions: '<0.7.0',
298 silly audit report       cwe: [Array],
298 silly audit report       cvss: [Object]
298 silly audit report     }
298 silly audit report   ]
298 silly audit report }
299 silly packumentCache corgi:https://registry.npmjs.org/cookie cache-miss
300 http fetch GET 200 https://registry.npmjs.org/cookie 179ms (cache miss)
301 silly packumentCache corgi:https://registry.npmjs.org/cookie set size:undefined disposed:false
302 silly packumentCache corgi:https://registry.npmjs.org/@clerk%2fbackend cache-miss
303 http fetch GET 200 https://registry.npmjs.org/@clerk%2fbackend 117ms (cache miss)
304 silly packumentCache corgi:https://registry.npmjs.org/@clerk%2fbackend set size:undefined disposed:false
305 silly packumentCache corgi:https://registry.npmjs.org/@clerk%2fclerk-sdk-node cache-miss
306 http fetch GET 200 https://registry.npmjs.org/@clerk%2fclerk-sdk-node 151ms (cache updated)
307 silly packumentCache corgi:https://registry.npmjs.org/@clerk%2fclerk-sdk-node set size:undefined disposed:false
308 silly ADD node_modules/to-no-case
309 silly ADD node_modules/to-space-case
310 silly ADD node_modules/to-snake-case
311 silly ADD node_modules/pvutils
312 silly ADD node_modules/asn1js
313 silly ADD node_modules/webcrypto-core
314 silly ADD node_modules/pvtsutils
315 silly ADD node_modules/@peculiar/json-schema
316 silly ADD node_modules/@peculiar/asn1-schema
317 silly ADD node_modules/node-fetch-native
318 silly ADD node_modules/@peculiar/webcrypto
319 silly ADD node_modules/mime-db
320 silly ADD node_modules/delayed-stream
321 silly ADD node_modules/mime-types
322 silly ADD node_modules/combined-stream
323 silly ADD node_modules/asynckit
324 silly ADD node_modules/quick-lru
325 silly ADD node_modules/camelcase
326 silly ADD node_modules/@types/http-errors
327 silly ADD node_modules/@types/mime
328 silly ADD node_modules/form-data
329 silly ADD node_modules/@types/send
330 silly ADD node_modules/@types/range-parser
331 silly ADD node_modules/@types/serve-static
332 silly ADD node_modules/@types/qs
333 silly ADD node_modules/@types/express-serve-static-core
334 silly ADD node_modules/@types/body-parser
335 silly ADD node_modules/@types/keygrip
336 silly ADD node_modules/camelcase-keys
337 silly ADD node_modules/@types/node-fetch
338 silly ADD node_modules/@types/express
339 silly ADD node_modules/@types/cookies
340 silly ADD node_modules/@clerk/clerk-sdk-node
341 silly ADD node_modules/@clerk/clerk-sdk-node/node_modules/type-fest
342 silly ADD node_modules/@clerk/clerk-sdk-node/node_modules/swr
343 silly ADD node_modules/@clerk/clerk-sdk-node/node_modules/js-cookie
344 silly ADD node_modules/@clerk/clerk-sdk-node/node_modules/deepmerge
345 silly ADD node_modules/@clerk/clerk-sdk-node/node_modules/cookie
346 silly ADD node_modules/@clerk/clerk-sdk-node/node_modules/@types/node
347 silly ADD node_modules/@clerk/clerk-sdk-node/node_modules/tslib
348 silly ADD node_modules/@clerk/clerk-sdk-node/node_modules/snakecase-keys
349 silly ADD node_modules/@clerk/clerk-sdk-node/node_modules/@clerk/shared
350 silly ADD node_modules/@clerk/clerk-sdk-node/node_modules/@clerk/backend
351 silly ADD node_modules/@clerk/clerk-sdk-node/node_modules/@clerk/backend/node_modules/snakecase-keys
352 verbose cwd C:\Users\akito\git\calculator
353 verbose os Windows_NT 10.0.26100
354 verbose node v20.19.1
355 verbose npm  v11.3.0
356 verbose exit 0
357 info ok
