0 verbose cli C:\Program Files\nodejs\node.exe C:\Users\akito\AppData\Roaming\npm\node_modules\npm\bin\npm-cli.js
1 info using npm@11.3.0
2 info using node@v20.19.1
3 silly config load:file:C:\Users\akito\AppData\Roaming\npm\node_modules\npm\npmrc
4 silly config load:file:C:\Users\akito\git\calculator\.npmrc
5 silly config load:file:C:\Users\akito\.npmrc
6 silly config load:file:C:\Users\akito\AppData\Roaming\npm\etc\npmrc
7 verbose title npm exec sharp public/lp-demo-mobile.webp --resize 375 --quality 70 --output public/lp-demo-mobile.webp
8 verbose argv "exec" "--" "sharp" "public/lp-demo-mobile.webp" "--resize" "375" "--quality" "70" "--output" "public/lp-demo-mobile.webp"
9 verbose logfile logs-max:10 dir:C:\Users\akito\git\calculator\%APPDATA%\npm-cache\_logs\2025-05-07T03_19_51_897Z-
10 verbose logfile C:\Users\akito\git\calculator\%APPDATA%\npm-cache\_logs\2025-05-07T03_19_51_897Z-debug-0.log
11 silly logfile start cleaning logs, removing 1 files
12 silly logfile done cleaning log files
13 silly packumentCache heap:4345298944 maxSize:1086324736 maxEntrySize:543162368
14 http fetch GET 200 https://registry.npmjs.org/sharp 280ms (cache miss)
15 verbose stack Error: could not determine executable to run
15 verbose stack     at getBinFromManifest (C:\Users\akito\AppData\Roaming\npm\node_modules\npm\node_modules\libnpmexec\lib\get-bin-from-manifest.js:17:23)
15 verbose stack     at exec (C:\Users\akito\AppData\Roaming\npm\node_modules\npm\node_modules\libnpmexec\lib\index.js:205:15)
15 verbose stack     at async Npm.exec (C:\Users\akito\AppData\Roaming\npm\node_modules\npm\lib\npm.js:208:9)
15 verbose stack     at async module.exports (C:\Users\akito\AppData\Roaming\npm\node_modules\npm\lib\cli\entry.js:67:5)
16 verbose pkgid sharp@0.34.1
17 error could not determine executable to run
18 verbose cwd C:\Users\akito\git\calculator
19 verbose os Windows_NT 10.0.26100
20 verbose node v20.19.1
21 verbose npm  v11.3.0
22 verbose exit 1
23 verbose code 1
24 error A complete log of this run can be found in: C:\Users\akito\git\calculator\%APPDATA%\npm-cache\_logs\2025-05-07T03_19_51_897Z-debug-0.log
