0 verbose cli C:\Program Files\nodejs\node.exe C:\Program Files\nodejs\node_modules\npm\bin\npm-cli.js
1 info using npm@10.9.2
2 info using node@v22.14.0
3 silly config load:file:C:\Program Files\nodejs\node_modules\npm\npmrc
4 silly config load:file:C:\Users\akito\git\calculator\.npmrc
5 silly config load:file:C:\Users\akito\.npmrc
6 silly config load:file:C:\Users\akito\git\calculator\%APPDATA%\npm\etc\npmrc
7 verbose title npm audit fix
8 verbose argv "audit" "fix"
9 verbose logfile logs-max:10 dir:C:\Users\akito\git\calculator\%APPDATA%\npm-cache\_logs\2025-05-02T04_08_39_417Z-
10 verbose logfile C:\Users\akito\git\calculator\%APPDATA%\npm-cache\_logs\2025-05-02T04_08_39_417Z-debug-0.log
11 silly logfile start cleaning logs, removing 1 files
12 silly packumentCache heap:4345298944 maxSize:1086324736 maxEntrySize:543162368
13 silly logfile done cleaning log files
14 silly audit bulk request {
14 silly audit   '@alloc/quick-lru': [ '5.2.0' ],
14 silly audit   '@babel/runtime': [ '7.27.1' ],
14 silly audit   '@clerk/backend': [ '0.38.3' ],
14 silly audit   '@clerk/types': [ '3.62.1', '3.65.5' ],
14 silly audit   '@types/node': [ '16.18.6', '20.5.0' ],
14 silly audit   cookie: [ '0.5.0', '1.0.2' ],
14 silly audit   tslib: [ '2.4.1', '2.8.1' ],
14 silly audit   '@clerk/clerk-react': [ '4.30.7' ],
14 silly audit   '@clerk/clerk-sdk-node': [ '4.13.11' ],
14 silly audit   'snakecase-keys': [ '3.2.1', '5.4.4' ],
14 silly audit   '@clerk/localizations': [ '1.22.0' ],
14 silly audit   '@clerk/nextjs': [ '4.29.9' ],
14 silly audit   '@clerk/shared': [ '1.3.3' ],
14 silly audit   '@emnapi/core': [ '1.4.3' ],
14 silly audit   '@emnapi/runtime': [ '1.4.3' ],
14 silly audit   '@emnapi/wasi-threads': [ '1.0.2' ],
14 silly audit   '@eslint-community/eslint-utils': [ '4.6.1' ],
14 silly audit   '@eslint-community/regexpp': [ '4.12.1' ],
14 silly audit   '@eslint/eslintrc': [ '2.1.4' ],
14 silly audit   '@eslint/js': [ '8.57.1' ],
14 silly audit   '@humanwhocodes/config-array': [ '0.11.14' ],
14 silly audit   '@humanwhocodes/module-importer': [ '1.0.1' ],
14 silly audit   '@humanwhocodes/object-schema': [ '2.0.3' ],
14 silly audit   '@isaacs/cliui': [ '8.0.2' ],
14 silly audit   'ansi-regex': [ '6.1.0', '5.0.1' ],
14 silly audit   'strip-ansi': [ '7.1.0', '6.0.1' ],
14 silly audit   '@isaacs/fs-minipass': [ '4.0.1' ],
14 silly audit   '@jridgewell/gen-mapping': [ '0.3.8' ],
14 silly audit   '@jridgewell/resolve-uri': [ '3.1.2' ],
14 silly audit   '@jridgewell/set-array': [ '1.2.1' ],
14 silly audit   '@jridgewell/sourcemap-codec': [ '1.5.0' ],
14 silly audit   '@jridgewell/trace-mapping': [ '0.3.25' ],
14 silly audit   '@kurkle/color': [ '0.3.4' ],
14 silly audit   '@napi-rs/wasm-runtime': [ '0.2.9' ],
14 silly audit   '@next/env': [ '14.2.28' ],
14 silly audit   '@next/eslint-plugin-next': [ '13.4.19' ],
14 silly audit   '@next/swc-darwin-arm64': [ '14.2.28' ],
14 silly audit   '@next/swc-darwin-x64': [ '14.2.28' ],
14 silly audit   '@next/swc-linux-arm64-gnu': [ '14.2.28' ],
14 silly audit   '@next/swc-linux-arm64-musl': [ '14.2.28' ],
14 silly audit   '@next/swc-linux-x64-gnu': [ '14.2.28' ],
14 silly audit   '@next/swc-linux-x64-musl': [ '14.2.28' ],
14 silly audit   '@next/swc-win32-arm64-msvc': [ '14.2.28' ],
14 silly audit   '@next/swc-win32-ia32-msvc': [ '14.2.28' ],
14 silly audit   '@next/swc-win32-x64-msvc': [ '14.2.28' ],
14 silly audit   '@nodelib/fs.scandir': [ '2.1.5' ],
14 silly audit   '@nodelib/fs.stat': [ '2.0.5' ],
14 silly audit   '@nodelib/fs.walk': [ '1.2.8' ],
14 silly audit   '@nolyfill/is-core-module': [ '1.0.39' ],
14 silly audit   '@peculiar/asn1-schema': [ '2.3.15' ],
14 silly audit   '@peculiar/json-schema': [ '1.1.12' ],
14 silly audit   '@peculiar/webcrypto': [ '1.4.1' ],
14 silly audit   '@pkgjs/parseargs': [ '0.11.0' ],
14 silly audit   '@rtsao/scc': [ '1.1.0' ],
14 silly audit   '@rushstack/eslint-patch': [ '1.11.0' ],
14 silly audit   '@supabase/auth-helpers-nextjs': [ '0.7.4' ],
14 silly audit   '@supabase/auth-helpers-shared': [ '0.4.1' ],
14 silly audit   '@supabase/functions-js': [ '2.4.4' ],
14 silly audit   '@supabase/gotrue-js': [ '2.69.1' ],
14 silly audit   '@supabase/node-fetch': [ '2.6.15' ],
14 silly audit   '@supabase/postgrest-js': [ '1.19.4' ],
14 silly audit   '@supabase/realtime-js': [ '2.11.7' ],
14 silly audit   '@supabase/ssr': [ '0.6.1' ],
14 silly audit   '@supabase/storage-js': [ '2.7.2' ],
14 silly audit   '@supabase/supabase-js': [ '2.32.0' ],
14 silly audit   '@swc/counter': [ '0.1.3' ],
14 silly audit   '@swc/helpers': [ '0.5.5' ],
14 silly audit   '@tybys/wasm-util': [ '0.9.0' ],
14 silly audit   '@types/body-parser': [ '1.19.5' ],
14 silly audit   '@types/chart.js': [ '2.9.37' ],
14 silly audit   '@types/connect': [ '3.4.38' ],
14 silly audit   '@types/cookies': [ '0.7.7' ],
14 silly audit   '@types/express': [ '4.17.14' ],
14 silly audit   '@types/express-serve-static-core': [ '4.19.6' ],
14 silly audit   '@types/http-errors': [ '2.0.4' ],
14 silly audit   '@types/json5': [ '0.0.29' ],
14 silly audit   '@types/keygrip': [ '1.0.6' ],
14 silly audit   '@types/mime': [ '1.3.5' ],
14 silly audit   '@types/node-fetch': [ '2.6.2' ],
14 silly audit   '@types/phoenix': [ '1.6.6' ],
14 silly audit   '@types/prop-types': [ '15.7.14' ],
14 silly audit   '@types/qs': [ '6.9.18' ],
14 silly audit   '@types/range-parser': [ '1.2.7' ],
14 silly audit   '@types/react': [ '18.2.20' ],
14 silly audit   '@types/react-dom': [ '18.2.7' ],
14 silly audit   '@types/scheduler': [ '0.26.0' ],
14 silly audit   '@types/send': [ '0.17.4' ],
14 silly audit   '@types/serve-static': [ '1.15.7' ],
14 silly audit   '@types/ws': [ '8.18.1' ],
14 silly audit   '@typescript-eslint/parser': [ '6.21.0' ],
14 silly audit   '@typescript-eslint/scope-manager': [ '6.21.0' ],
14 silly audit   '@typescript-eslint/types': [ '6.21.0' ],
14 silly audit   '@typescript-eslint/typescript-estree': [ '6.21.0' ],
14 silly audit   'brace-expansion': [ '2.0.1', '1.1.11' ],
14 silly audit   minimatch: [ '9.0.3', '3.1.2', '9.0.5' ],
14 silly audit   '@typescript-eslint/visitor-keys': [ '6.21.0' ],
14 silly audit   '@unrs/resolver-binding-darwin-arm64': [ '1.7.2' ],
14 silly audit   '@unrs/resolver-binding-darwin-x64': [ '1.7.2' ],
14 silly audit   '@unrs/resolver-binding-freebsd-x64': [ '1.7.2' ],
14 silly audit   '@unrs/resolver-binding-linux-arm-gnueabihf': [ '1.7.2' ],
14 silly audit   '@unrs/resolver-binding-linux-arm-musleabihf': [ '1.7.2' ],
14 silly audit   '@unrs/resolver-binding-linux-arm64-gnu': [ '1.7.2' ],
14 silly audit   '@unrs/resolver-binding-linux-arm64-musl': [ '1.7.2' ],
14 silly audit   '@unrs/resolver-binding-linux-ppc64-gnu': [ '1.7.2' ],
14 silly audit   '@unrs/resolver-binding-linux-riscv64-gnu': [ '1.7.2' ],
14 silly audit   '@unrs/resolver-binding-linux-riscv64-musl': [ '1.7.2' ],
14 silly audit   '@unrs/resolver-binding-linux-s390x-gnu': [ '1.7.2' ],
14 silly audit   '@unrs/resolver-binding-linux-x64-gnu': [ '1.7.2' ],
14 silly audit   '@unrs/resolver-binding-linux-x64-musl': [ '1.7.2' ],
14 silly audit   '@unrs/resolver-binding-wasm32-wasi': [ '1.7.2' ],
14 silly audit   '@unrs/resolver-binding-win32-arm64-msvc': [ '1.7.2' ],
14 silly audit   '@unrs/resolver-binding-win32-ia32-msvc': [ '1.7.2' ],
14 silly audit   '@unrs/resolver-binding-win32-x64-msvc': [ '1.7.2' ],
14 silly audit   acorn: [ '8.14.1' ],
14 silly audit   'acorn-jsx': [ '5.3.2' ],
14 silly audit   'agent-base': [ '7.1.3' ],
14 silly audit   ajv: [ '6.12.6' ],
14 silly audit   'ansi-styles': [ '4.3.0', '6.2.1' ],
14 silly audit   'any-promise': [ '1.3.0' ],
14 silly audit   anymatch: [ '3.1.3' ],
14 silly audit   arg: [ '5.0.2' ],
14 silly audit   argparse: [ '2.0.1' ],
14 silly audit   'aria-query': [ '5.3.2' ],
14 silly audit   'array-buffer-byte-length': [ '1.0.2' ],
14 silly audit   'array-includes': [ '3.1.8' ],
14 silly audit   'array-union': [ '2.1.0' ],
14 silly audit   'array.prototype.findlast': [ '1.2.5' ],
14 silly audit   'array.prototype.findlastindex': [ '1.2.6' ],
14 silly audit   'array.prototype.flat': [ '1.3.3' ],
14 silly audit   'array.prototype.flatmap': [ '1.3.3' ],
14 silly audit   'array.prototype.tosorted': [ '1.1.4' ],
14 silly audit   'arraybuffer.prototype.slice': [ '1.0.4' ],
14 silly audit   asn1js: [ '3.0.6' ],
14 silly audit   'ast-types-flow': [ '0.0.8' ],
14 silly audit   'async-function': [ '1.0.0' ],
14 silly audit   asynckit: [ '0.4.0' ],
14 silly audit   autoprefixer: [ '10.4.15' ],
14 silly audit   'available-typed-arrays': [ '1.0.7' ],
14 silly audit   'axe-core': [ '4.10.3' ],
14 silly audit   'axobject-query': [ '4.1.0' ],
14 silly audit   'balanced-match': [ '1.0.2' ],
14 silly audit   'bin-links': [ '5.0.0' ],
14 silly audit   'binary-extensions': [ '2.3.0' ],
14 silly audit   braces: [ '3.0.3' ],
14 silly audit   browserslist: [ '4.24.4' ],
14 silly audit   busboy: [ '1.6.0' ],
14 silly audit   'call-bind': [ '1.0.8' ],
14 silly audit   'call-bind-apply-helpers': [ '1.0.2' ],
14 silly audit   'call-bound': [ '1.0.4' ],
14 silly audit   callsites: [ '3.1.0' ],
14 silly audit   camelcase: [ '5.3.1' ],
14 silly audit   'camelcase-css': [ '2.0.1' ],
14 silly audit   'camelcase-keys': [ '6.2.2' ],
14 silly audit   'caniuse-lite': [ '1.0.30001716' ],
14 silly audit   chalk: [ '4.1.2' ],
14 silly audit   'chart.js': [ '4.4.0' ],
14 silly audit   chokidar: [ '3.6.0' ],
14 silly audit   'glob-parent': [ '5.1.2', '6.0.2' ],
14 silly audit   chownr: [ '3.0.0' ],
14 silly audit   'client-only': [ '0.0.1' ],
14 silly audit   'cmd-shim': [ '7.0.0' ],
14 silly audit   'color-convert': [ '2.0.1' ],
14 silly audit   'color-name': [ '1.1.4' ],
14 silly audit   'combined-stream': [ '1.0.8' ],
14 silly audit   commander: [ '4.1.1' ],
14 silly audit   'concat-map': [ '0.0.1' ],
14 silly audit   'cross-fetch': [ '3.2.0' ],
14 silly audit   'cross-spawn': [ '7.0.6' ],
14 silly audit   cssesc: [ '3.0.0' ],
14 silly audit   csstype: [ '3.1.1' ],
14 silly audit   'damerau-levenshtein': [ '1.0.8' ],
14 silly audit   'data-uri-to-buffer': [ '4.0.1' ],
14 silly audit   'data-view-buffer': [ '1.0.2' ],
14 silly audit   'data-view-byte-length': [ '1.0.2' ],
14 silly audit   'data-view-byte-offset': [ '1.0.1' ],
14 silly audit   'date-fns': [ '2.30.0' ],
14 silly audit   debug: [ '4.4.0', '3.2.7' ],
14 silly audit   'deep-is': [ '0.1.4' ],
14 silly audit   deepmerge: [ '4.2.2' ],
14 silly audit   'define-data-property': [ '1.1.4' ],
14 silly audit   'define-properties': [ '1.2.1' ],
14 silly audit   'delayed-stream': [ '1.0.0' ],
14 silly audit   didyoumean: [ '1.2.2' ],
14 silly audit   'dir-glob': [ '3.0.1' ],
14 silly audit   dlv: [ '1.1.3' ],
14 silly audit   doctrine: [ '3.0.0', '2.1.0' ],
14 silly audit   'dot-case': [ '3.0.4' ],
14 silly audit   'dunder-proto': [ '1.0.1' ],
14 silly audit   eastasianwidth: [ '0.2.0' ],
14 silly audit   'electron-to-chromium': [ '1.5.148' ],
14 silly audit   'emoji-regex': [ '9.2.2', '8.0.0' ],
14 silly audit   'es-abstract': [ '1.23.9' ],
14 silly audit   'es-define-property': [ '1.0.1' ],
14 silly audit   'es-errors': [ '1.3.0' ],
14 silly audit   'es-iterator-helpers': [ '1.2.1' ],
14 silly audit   'es-object-atoms': [ '1.1.1' ],
14 silly audit   'es-set-tostringtag': [ '2.1.0' ],
14 silly audit   'es-shim-unscopables': [ '1.1.0' ],
14 silly audit   'es-to-primitive': [ '1.3.0' ],
14 silly audit   escalade: [ '3.2.0' ],
14 silly audit   'escape-string-regexp': [ '4.0.0' ],
14 silly audit   eslint: [ '8.47.0' ],
14 silly audit   'eslint-config-next': [ '13.4.19' ],
14 silly audit   'eslint-import-resolver-node': [ '0.3.9' ],
14 silly audit   'eslint-import-resolver-typescript': [ '3.10.1' ],
14 silly audit   'eslint-module-utils': [ '2.12.0' ],
14 silly audit   'eslint-plugin-import': [ '2.31.0' ],
14 silly audit   semver: [ '6.3.1', '7.7.1' ],
14 silly audit   'eslint-plugin-jsx-a11y': [ '6.10.2' ],
14 silly audit   'eslint-plugin-react': [ '7.37.5' ],
14 silly audit   'eslint-plugin-react-hooks': [ '5.0.0-canary-7118f5dd7-20230705' ],
14 silly audit   resolve: [ '2.0.0-next.5', '1.22.10' ],
14 silly audit   'eslint-scope': [ '7.2.2' ],
14 silly audit   'eslint-visitor-keys': [ '3.4.3' ],
14 silly audit   espree: [ '9.6.1' ],
14 silly audit   esquery: [ '1.6.0' ],
14 silly audit   esrecurse: [ '4.3.0' ],
14 silly audit   estraverse: [ '5.3.0' ],
14 silly audit   esutils: [ '2.0.3' ],
14 silly audit   'fast-deep-equal': [ '3.1.3' ],
14 silly audit   'fast-glob': [ '3.3.3' ],
14 silly audit   'fast-json-stable-stringify': [ '2.1.0' ],
14 silly audit   'fast-levenshtein': [ '2.0.6' ],
14 silly audit   fastq: [ '1.19.1' ],
14 silly audit   fdir: [ '6.4.4' ],
14 silly audit   'fetch-blob': [ '3.2.0' ],
14 silly audit   'file-entry-cache': [ '6.0.1' ],
14 silly audit   'fill-range': [ '7.1.1' ],
14 silly audit   'find-up': [ '5.0.0' ],
14 silly audit   'flat-cache': [ '3.2.0' ],
14 silly audit   flatted: [ '3.3.3' ],
14 silly audit   'for-each': [ '0.3.5' ],
14 silly audit   'foreground-child': [ '3.3.1' ],
14 silly audit   'form-data': [ '3.0.3' ],
14 silly audit   'formdata-polyfill': [ '4.0.10' ],
14 silly audit   'fraction.js': [ '4.3.7' ],
14 silly audit   'fs.realpath': [ '1.0.0' ],
14 silly audit   fsevents: [ '2.3.3' ],
14 silly audit   'function-bind': [ '1.1.2' ],
14 silly audit   'function.prototype.name': [ '1.1.8' ],
14 silly audit   'functions-have-names': [ '1.2.3' ],
14 silly audit   'get-intrinsic': [ '1.3.0' ],
14 silly audit   'get-proto': [ '1.0.1' ],
14 silly audit   'get-symbol-description': [ '1.1.0' ],
14 silly audit   'get-tsconfig': [ '4.10.0' ],
14 silly audit   glob: [ '7.1.7', '10.4.5' ],
14 silly audit   'glob-to-regexp': [ '0.4.1' ],
14 silly audit   globals: [ '13.24.0' ],
14 silly audit   globalthis: [ '1.0.4' ],
14 silly audit   globby: [ '11.1.0' ],
14 silly audit   gopd: [ '1.2.0' ],
14 silly audit   'graceful-fs': [ '4.2.11' ],
14 silly audit   graphemer: [ '1.4.0' ],
14 silly audit   'has-bigints': [ '1.1.0' ],
14 silly audit   'has-flag': [ '4.0.0' ],
14 silly audit   'has-property-descriptors': [ '1.0.2' ],
14 silly audit   'has-proto': [ '1.2.0' ],
14 silly audit   'has-symbols': [ '1.1.0' ],
14 silly audit   'has-tostringtag': [ '1.0.2' ],
14 silly audit   hasown: [ '2.0.2' ],
14 silly audit   'https-proxy-agent': [ '7.0.6' ],
14 silly audit   ignore: [ '5.3.2' ],
14 silly audit   'import-fresh': [ '3.3.1' ],
14 silly audit   imurmurhash: [ '0.1.4' ],
14 silly audit   inflight: [ '1.0.6' ],
14 silly audit   inherits: [ '2.0.4' ],
14 silly audit   'internal-slot': [ '1.1.0' ],
14 silly audit   'is-array-buffer': [ '3.0.5' ],
14 silly audit   'is-async-function': [ '2.1.1' ],
14 silly audit   'is-bigint': [ '1.1.0' ],
14 silly audit   'is-binary-path': [ '2.1.0' ],
14 silly audit   'is-boolean-object': [ '1.2.2' ],
14 silly audit   'is-bun-module': [ '2.0.0' ],
14 silly audit   'is-callable': [ '1.2.7' ],
14 silly audit   'is-core-module': [ '2.16.1' ],
14 silly audit   'is-data-view': [ '1.0.2' ],
14 silly audit   'is-date-object': [ '1.1.0' ],
14 silly audit   'is-extglob': [ '2.1.1' ],
14 silly audit   'is-finalizationregistry': [ '1.1.1' ],
14 silly audit   'is-fullwidth-code-point': [ '3.0.0' ],
14 silly audit   'is-generator-function': [ '1.1.0' ],
14 silly audit   'is-glob': [ '4.0.3' ],
14 silly audit   'is-map': [ '2.0.3' ],
14 silly audit   'is-number': [ '7.0.0' ],
14 silly audit   'is-number-object': [ '1.1.1' ],
14 silly audit   'is-path-inside': [ '3.0.3' ],
14 silly audit   'is-regex': [ '1.2.1' ],
14 silly audit   'is-set': [ '2.0.3' ],
14 silly audit   'is-shared-array-buffer': [ '1.0.4' ],
14 silly audit   'is-string': [ '1.1.1' ],
14 silly audit   'is-symbol': [ '1.1.1' ],
14 silly audit   'is-typed-array': [ '1.1.15' ],
14 silly audit   'is-weakmap': [ '2.0.2' ],
14 silly audit   'is-weakref': [ '1.1.1' ],
14 silly audit   'is-weakset': [ '2.0.4' ],
14 silly audit   isarray: [ '2.0.5' ],
14 silly audit   isexe: [ '2.0.0' ],
14 silly audit   'iterator.prototype': [ '1.1.5' ],
14 silly audit   jackspeak: [ '3.4.3' ],
14 silly audit   jiti: [ '1.21.7' ],
14 silly audit   jose: [ '4.15.9' ],
14 silly audit   'js-cookie': [ '3.0.1' ],
14 silly audit   'js-tokens': [ '4.0.0' ],
14 silly audit   'js-yaml': [ '4.1.0' ],
14 silly audit   'json-buffer': [ '3.0.1' ],
14 silly audit   'json-schema-traverse': [ '0.4.1' ],
14 silly audit   'json-stable-stringify-without-jsonify': [ '1.0.1' ],
14 silly audit   json5: [ '1.0.2' ],
14 silly audit   'jsx-ast-utils': [ '3.3.5' ],
14 silly audit   keyv: [ '4.5.4' ],
14 silly audit   'language-subtag-registry': [ '0.3.23' ],
14 silly audit   'language-tags': [ '1.0.9' ],
14 silly audit   levn: [ '0.4.1' ],
14 silly audit   lilconfig: [ '2.1.0', '3.1.3' ],
14 silly audit   'lines-and-columns': [ '1.2.4' ],
14 silly audit   'locate-path': [ '6.0.0' ],
14 silly audit   'lodash.merge': [ '4.6.2' ],
14 silly audit   'loose-envify': [ '1.4.0' ],
14 silly audit   'lower-case': [ '2.0.2' ],
14 silly audit   'lru-cache': [ '10.4.3' ],
14 silly audit   'map-obj': [ '4.3.0' ],
14 silly audit   'math-intrinsics': [ '1.1.0' ],
14 silly audit   merge2: [ '1.4.1' ],
14 silly audit   micromatch: [ '4.0.8' ],
14 silly audit   'mime-db': [ '1.52.0' ],
14 silly audit   'mime-types': [ '2.1.35' ],
14 silly audit   minimist: [ '1.2.8' ],
14 silly audit   minipass: [ '7.1.2' ],
14 silly audit   minizlib: [ '3.0.2' ],
14 silly audit   mkdirp: [ '3.0.1' ],
14 silly audit   moment: [ '2.30.1' ],
14 silly audit   ms: [ '2.1.3' ],
14 silly audit   mz: [ '2.7.0' ],
14 silly audit   nanoid: [ '3.3.11' ],
14 silly audit   'napi-postinstall': [ '0.2.3' ],
14 silly audit   'natural-compare': [ '1.4.0' ],
14 silly audit   next: [ '14.2.28' ],
14 silly audit   postcss: [ '8.4.31', '8.5.3' ],
14 silly audit   'no-case': [ '3.0.4' ],
14 silly audit   'node-domexception': [ '1.0.0' ],
14 silly audit   'node-fetch': [ '2.7.0', '3.3.2' ],
14 silly audit   'node-fetch-native': [ '1.0.1' ],
14 silly audit   'node-releases': [ '2.0.19' ],
14 silly audit   'normalize-path': [ '3.0.0' ],
14 silly audit   'normalize-range': [ '0.1.2' ],
14 silly audit   'npm-normalize-package-bin': [ '4.0.0' ],
14 silly audit   'object-assign': [ '4.1.1' ],
14 silly audit   'object-hash': [ '3.0.0' ],
14 silly audit   'object-inspect': [ '1.13.4' ],
14 silly audit   'object-keys': [ '1.1.1' ],
14 silly audit   'object.assign': [ '4.1.7' ],
14 silly audit   'object.entries': [ '1.1.9' ],
14 silly audit   'object.fromentries': [ '2.0.8' ],
14 silly audit   'object.groupby': [ '1.0.3' ],
14 silly audit   'object.values': [ '1.2.1' ],
14 silly audit   once: [ '1.4.0' ],
14 silly audit   optionator: [ '0.9.4' ],
14 silly audit   'own-keys': [ '1.0.1' ],
14 silly audit   'p-limit': [ '3.1.0' ],
14 silly audit   'p-locate': [ '5.0.0' ],
14 silly audit   'package-json-from-dist': [ '1.0.1' ],
14 silly audit   'parent-module': [ '1.0.1' ],
14 silly audit   'path-exists': [ '4.0.0' ],
14 silly audit   'path-is-absolute': [ '1.0.1' ],
14 silly audit   'path-key': [ '3.1.1' ],
14 silly audit   'path-parse': [ '1.0.7' ],
14 silly audit   'path-scurry': [ '1.11.1' ],
14 silly audit   'path-to-regexp': [ '6.2.1' ],
14 silly audit   'path-type': [ '4.0.0' ],
14 silly audit   picocolors: [ '1.1.1' ],
14 silly audit   picomatch: [ '2.3.1', '4.0.2' ],
14 silly audit   pify: [ '2.3.0' ],
14 silly audit   pirates: [ '4.0.7' ],
14 silly audit   'possible-typed-array-names': [ '1.1.0' ],
14 silly audit   'postcss-import': [ '15.1.0' ],
14 silly audit   'postcss-js': [ '4.0.1' ],
14 silly audit   'postcss-load-config': [ '4.0.2' ],
14 silly audit   'postcss-nested': [ '6.2.0' ],
14 silly audit   'postcss-selector-parser': [ '6.1.2' ],
14 silly audit   'postcss-value-parser': [ '4.2.0' ],
14 silly audit   'prelude-ls': [ '1.2.1' ],
14 silly audit   'proc-log': [ '5.0.0' ],
14 silly audit   'prop-types': [ '15.8.1' ],
14 silly audit   punycode: [ '2.3.1' ],
14 silly audit   pvtsutils: [ '1.3.6' ],
14 silly audit   pvutils: [ '1.1.3' ],
14 silly audit   'queue-microtask': [ '1.2.3' ],
14 silly audit   'quick-lru': [ '4.0.1' ],
14 silly audit   react: [ '18.2.0' ],
14 silly audit   'react-chartjs-2': [ '5.2.0' ],
14 silly audit   'react-dom': [ '18.2.0' ],
14 silly audit   'react-is': [ '16.13.1' ],
14 silly audit   'read-cache': [ '1.0.0' ],
14 silly audit   'read-cmd-shim': [ '5.0.0' ],
14 silly audit   readdirp: [ '3.6.0' ],
14 silly audit   'reflect.getprototypeof': [ '1.0.10' ],
14 silly audit   'regexp.prototype.flags': [ '1.5.4' ],
14 silly audit   'resolve-from': [ '4.0.0' ],
14 silly audit   'resolve-pkg-maps': [ '1.0.0' ],
14 silly audit   reusify: [ '1.1.0' ],
14 silly audit   rimraf: [ '3.0.2' ],
14 silly audit   'run-parallel': [ '1.2.0' ],
14 silly audit   'safe-array-concat': [ '1.1.3' ],
14 silly audit   'safe-push-apply': [ '1.0.0' ],
14 silly audit   'safe-regex-test': [ '1.1.0' ],
14 silly audit   scheduler: [ '0.23.2' ],
14 silly audit   'set-cookie-parser': [ '2.7.1' ],
14 silly audit   'set-function-length': [ '1.2.2' ],
14 silly audit   'set-function-name': [ '2.0.2' ],
14 silly audit   'set-proto': [ '1.0.0' ],
14 silly audit   'shebang-command': [ '2.0.0' ],
14 silly audit   'shebang-regex': [ '3.0.0' ],
14 silly audit   'side-channel': [ '1.1.0' ],
14 silly audit   'side-channel-list': [ '1.0.0' ],
14 silly audit   'side-channel-map': [ '1.0.1' ],
14 silly audit   'side-channel-weakmap': [ '1.0.2' ],
14 silly audit   'signal-exit': [ '4.1.0' ],
14 silly audit   slash: [ '3.0.0' ],
14 silly audit   'snake-case': [ '3.0.4' ],
14 silly audit   'type-fest': [ '2.19.0', '0.20.2' ],
14 silly audit   'source-map-js': [ '1.2.1' ],
14 silly audit   'stable-hash': [ '0.0.5' ],
14 silly audit   streamsearch: [ '1.1.0' ],
14 silly audit   'string-width': [ '5.1.2', '4.2.3' ],
14 silly audit   'string.prototype.includes': [ '2.0.1' ],
14 silly audit   'string.prototype.matchall': [ '4.0.12' ],
14 silly audit   'string.prototype.repeat': [ '1.0.0' ],
14 silly audit   'string.prototype.trim': [ '1.2.10' ],
14 silly audit   'string.prototype.trimend': [ '1.0.9' ],
14 silly audit   'string.prototype.trimstart': [ '1.0.8' ],
14 silly audit   'strip-bom': [ '3.0.0' ],
14 silly audit   'strip-json-comments': [ '3.1.1' ],
14 silly audit   'styled-jsx': [ '5.1.1' ],
14 silly audit   sucrase: [ '3.35.0' ],
14 silly audit   supabase: [ '1.226.4' ],
14 silly audit   'supports-color': [ '7.2.0' ],
14 silly audit   'supports-preserve-symlinks-flag': [ '1.0.0' ],
14 silly audit   swr: [ '2.2.0' ],
14 silly audit   tailwindcss: [ '3.3.3' ],
14 silly audit   tar: [ '7.4.3' ],
14 silly audit   'text-table': [ '0.2.0' ],
14 silly audit   thenify: [ '3.3.1' ],
14 silly audit   'thenify-all': [ '1.6.0' ],
14 silly audit   tinyglobby: [ '0.2.13' ],
14 silly audit   'to-no-case': [ '1.0.2' ],
14 silly audit   'to-regex-range': [ '5.0.1' ],
14 silly audit   'to-snake-case': [ '1.0.0' ],
14 silly audit   'to-space-case': [ '1.0.0' ],
14 silly audit   tr46: [ '0.0.3' ],
14 silly audit   'ts-api-utils': [ '1.4.3' ],
14 silly audit   'ts-interface-checker': [ '0.1.13' ],
14 silly audit   'tsconfig-paths': [ '3.15.0' ],
14 silly audit   'type-check': [ '0.4.0' ],
14 silly audit   'typed-array-buffer': [ '1.0.3' ],
14 silly audit   'typed-array-byte-length': [ '1.0.3' ],
14 silly audit   'typed-array-byte-offset': [ '1.0.4' ],
14 silly audit   'typed-array-length': [ '1.0.7' ],
14 silly audit   typescript: [ '5.1.6' ],
14 silly audit   'unbox-primitive': [ '1.1.0' ],
14 silly audit   'unrs-resolver': [ '1.7.2' ],
14 silly audit   'update-browserslist-db': [ '1.1.3' ],
14 silly audit   'uri-js': [ '4.4.1' ],
14 silly audit   'use-sync-external-store': [ '1.5.0' ],
14 silly audit   'util-deprecate': [ '1.0.2' ],
14 silly audit   'web-streams-polyfill': [ '3.3.3' ],
14 silly audit   'webcrypto-core': [ '1.8.1' ],
14 silly audit   'webidl-conversions': [ '3.0.1' ],
14 silly audit   'whatwg-url': [ '5.0.0' ],
14 silly audit   which: [ '2.0.2' ],
14 silly audit   'which-boxed-primitive': [ '1.1.1' ],
14 silly audit   'which-builtin-type': [ '1.2.1' ],
14 silly audit   'which-collection': [ '1.0.2' ],
14 silly audit   'which-typed-array': [ '1.1.19' ],
14 silly audit   'word-wrap': [ '1.2.5' ],
14 silly audit   'wrap-ansi': [ '8.1.0', '7.0.0' ],
14 silly audit   wrappy: [ '1.0.2' ],
14 silly audit   'write-file-atomic': [ '6.0.0' ],
14 silly audit   ws: [ '8.18.1' ],
14 silly audit   yallist: [ '5.0.0' ],
14 silly audit   yaml: [ '2.7.1' ],
14 silly audit   'yocto-queue': [ '0.1.0' ]
14 silly audit }
15 http fetch POST 200 https://registry.npmjs.org/-/npm/v1/security/advisories/bulk 424ms
16 silly audit report {
16 silly audit report   cookie: [
16 silly audit report     {
16 silly audit report       id: 1103907,
16 silly audit report       url: 'https://github.com/advisories/GHSA-pxg6-pf52-xh8x',
16 silly audit report       title: 'cookie accepts cookie name, path, and domain with out of bounds characters',
16 silly audit report       severity: 'low',
16 silly audit report       vulnerable_versions: '<0.7.0',
16 silly audit report       cwe: [Array],
16 silly audit report       cvss: [Object]
16 silly audit report     }
16 silly audit report   ],
16 silly audit report   'path-to-regexp': [
16 silly audit report     {
16 silly audit report       id: 1101846,
16 silly audit report       url: 'https://github.com/advisories/GHSA-9wv6-86v2-598j',
16 silly audit report       title: 'path-to-regexp outputs backtracking regular expressions',
16 silly audit report       severity: 'high',
16 silly audit report       vulnerable_versions: '>=4.0.0 <6.3.0',
16 silly audit report       cwe: [Array],
16 silly audit report       cvss: [Object]
16 silly audit report     }
16 silly audit report   ]
16 silly audit report }
17 silly packumentCache corgi:https://registry.npmjs.org/cookie cache-miss
18 silly packumentCache corgi:https://registry.npmjs.org/path-to-regexp cache-miss
19 http fetch GET 200 https://registry.npmjs.org/cookie 53ms (cache updated)
20 silly packumentCache corgi:https://registry.npmjs.org/cookie set size:undefined disposed:false
21 http fetch GET 200 https://registry.npmjs.org/path-to-regexp 200ms (cache updated)
22 silly packumentCache corgi:https://registry.npmjs.org/path-to-regexp set size:undefined disposed:false
23 silly packumentCache corgi:https://registry.npmjs.org/@clerk%2fbackend cache-miss
24 http fetch GET 200 https://registry.npmjs.org/@clerk%2fbackend 722ms (cache updated)
25 silly packumentCache corgi:https://registry.npmjs.org/@clerk%2fbackend set size:undefined disposed:false
26 silly packumentCache corgi:https://registry.npmjs.org/@clerk%2fnextjs cache-miss
27 http fetch GET 200 https://registry.npmjs.org/@clerk%2fnextjs 1013ms (cache updated)
28 silly packumentCache corgi:https://registry.npmjs.org/@clerk%2fnextjs set size:undefined disposed:false
29 silly packumentCache corgi:https://registry.npmjs.org/@clerk%2fclerk-sdk-node cache-miss
30 http fetch GET 200 https://registry.npmjs.org/@clerk%2fclerk-sdk-node 1188ms (cache updated)
31 silly packumentCache corgi:https://registry.npmjs.org/@clerk%2fclerk-sdk-node set size:undefined disposed:false
32 silly idealTree buildDeps
33 silly fetch manifest @clerk/nextjs@^4.29.9
34 silly packumentCache full:https://registry.npmjs.org/@clerk%2fnextjs cache-miss
35 http fetch GET 200 https://registry.npmjs.org/@clerk%2fnextjs 663ms (cache updated)
36 silly packumentCache full:https://registry.npmjs.org/@clerk%2fnextjs set size:undefined disposed:false
37 silly placeDep ROOT @clerk/nextjs@4.31.8 REPLACE for: calculator@0.1.0 want: ^4.29.9
38 silly fetch manifest @clerk/shared@1.4.2
39 silly packumentCache full:https://registry.npmjs.org/@clerk%2fshared cache-miss
40 silly fetch manifest @clerk/backend@0.38.15
41 silly packumentCache full:https://registry.npmjs.org/@clerk%2fbackend cache-miss
42 silly fetch manifest @clerk/clerk-react@4.32.5
43 silly packumentCache full:https://registry.npmjs.org/@clerk%2fclerk-react cache-miss
44 silly fetch manifest @clerk/clerk-sdk-node@4.13.23
45 silly packumentCache full:https://registry.npmjs.org/@clerk%2fclerk-sdk-node cache-miss
46 http fetch GET 200 https://registry.npmjs.org/@clerk%2fclerk-sdk-node 1054ms (cache updated)
47 silly packumentCache full:https://registry.npmjs.org/@clerk%2fclerk-sdk-node set size:undefined disposed:false
48 http fetch GET 200 https://registry.npmjs.org/@clerk%2fbackend 1111ms (cache updated)
49 silly packumentCache full:https://registry.npmjs.org/@clerk%2fbackend set size:undefined disposed:false
50 http fetch GET 200 https://registry.npmjs.org/@clerk%2fclerk-react 1268ms (cache updated)
51 silly packumentCache full:https://registry.npmjs.org/@clerk%2fclerk-react set size:undefined disposed:false
52 http fetch GET 200 https://registry.npmjs.org/@clerk%2fshared 1382ms (cache updated)
53 silly packumentCache full:https://registry.npmjs.org/@clerk%2fshared set size:undefined disposed:false
54 silly placeDep ROOT @clerk/backend@0.38.15 OK for: @clerk/nextjs@4.31.8 want: 0.38.15
55 silly placeDep ROOT @clerk/clerk-react@4.32.5 OK for: @clerk/nextjs@4.31.8 want: 4.32.5
56 silly placeDep ROOT @clerk/clerk-sdk-node@4.13.23 OK for: @clerk/nextjs@4.31.8 want: 4.13.23
57 silly placeDep ROOT @clerk/shared@1.4.2 OK for: @clerk/nextjs@4.31.8 want: 1.4.2
58 silly fetch manifest tslib@2.4.1
59 silly packumentCache full:https://registry.npmjs.org/tslib cache-miss
60 silly fetch manifest cookie@0.5.0
61 silly packumentCache full:https://registry.npmjs.org/cookie cache-miss
62 silly fetch manifest deepmerge@4.2.2
63 silly packumentCache full:https://registry.npmjs.org/deepmerge cache-miss
64 silly fetch manifest @types/node@16.18.6
65 silly packumentCache full:https://registry.npmjs.org/@types%2fnode cache-miss
66 silly fetch manifest snakecase-keys@5.4.4
67 silly packumentCache full:https://registry.npmjs.org/snakecase-keys cache-miss
68 silly fetch manifest node-fetch-native@1.0.1
69 silly packumentCache full:https://registry.npmjs.org/node-fetch-native cache-miss
70 silly fetch manifest @peculiar/webcrypto@1.4.1
71 silly packumentCache full:https://registry.npmjs.org/@peculiar%2fwebcrypto cache-miss
72 silly fetch manifest tslib@2.4.1
73 silly packumentCache full:https://registry.npmjs.org/tslib cache-miss
74 silly fetch manifest tslib@2.4.1
75 silly packumentCache full:https://registry.npmjs.org/tslib cache-miss
76 silly fetch manifest @types/cookies@0.7.7
77 silly packumentCache full:https://registry.npmjs.org/@types%2fcookies cache-miss
78 silly fetch manifest @types/express@4.17.14
79 silly packumentCache full:https://registry.npmjs.org/@types%2fexpress cache-miss
80 http fetch GET 200 https://registry.npmjs.org/snakecase-keys 66ms (cache updated)
81 silly packumentCache full:https://registry.npmjs.org/snakecase-keys set size:undefined disposed:false
82 silly fetch manifest camelcase-keys@6.2.2
83 silly packumentCache full:https://registry.npmjs.org/camelcase-keys cache-miss
84 http fetch GET 200 https://registry.npmjs.org/cookie 68ms (cache updated)
85 silly packumentCache full:https://registry.npmjs.org/cookie set size:undefined disposed:false
86 silly fetch manifest snakecase-keys@3.2.1
87 silly packumentCache full:https://registry.npmjs.org/snakecase-keys cache-miss
88 http fetch GET 200 https://registry.npmjs.org/deepmerge 70ms (cache updated)
89 silly packumentCache full:https://registry.npmjs.org/deepmerge set size:undefined disposed:false
90 silly fetch manifest @types/node-fetch@2.6.2
91 silly packumentCache full:https://registry.npmjs.org/@types%2fnode-fetch cache-miss
92 http fetch GET 200 https://registry.npmjs.org/tslib 73ms (cache updated)
93 silly packumentCache full:https://registry.npmjs.org/tslib set size:undefined disposed:false
94 silly fetch manifest swr@2.2.0
95 silly packumentCache full:https://registry.npmjs.org/swr cache-miss
96 http cache https://registry.npmjs.org/snakecase-keys 13ms (cache hit)
97 silly packumentCache full:https://registry.npmjs.org/snakecase-keys set size:81142 disposed:false
98 silly fetch manifest js-cookie@3.0.1
99 silly packumentCache full:https://registry.npmjs.org/js-cookie cache-miss
100 http fetch GET 200 https://registry.npmjs.org/tslib 99ms (cache updated)
101 silly packumentCache full:https://registry.npmjs.org/tslib set size:undefined disposed:false
102 silly fetch manifest glob-to-regexp@0.4.1
103 silly packumentCache full:https://registry.npmjs.org/glob-to-regexp cache-miss
104 http fetch GET 200 https://registry.npmjs.org/tslib 107ms (cache updated)
105 silly packumentCache full:https://registry.npmjs.org/tslib set size:undefined disposed:false
106 http fetch GET 200 https://registry.npmjs.org/camelcase-keys 46ms (cache updated)
107 silly packumentCache full:https://registry.npmjs.org/camelcase-keys set size:undefined disposed:false
108 http fetch GET 200 https://registry.npmjs.org/@types%2fexpress 122ms (cache updated)
109 silly packumentCache full:https://registry.npmjs.org/@types%2fexpress set size:undefined disposed:false
110 http fetch GET 200 https://registry.npmjs.org/node-fetch-native 133ms (cache updated)
111 silly packumentCache full:https://registry.npmjs.org/node-fetch-native set size:undefined disposed:false
112 http fetch GET 200 https://registry.npmjs.org/@types%2fnode-fetch 69ms (cache updated)
113 silly packumentCache full:https://registry.npmjs.org/@types%2fnode-fetch set size:undefined disposed:false
114 http fetch GET 200 https://registry.npmjs.org/glob-to-regexp 45ms (cache updated)
115 silly packumentCache full:https://registry.npmjs.org/glob-to-regexp set size:undefined disposed:false
116 http fetch GET 200 https://registry.npmjs.org/swr 85ms (cache updated)
117 silly packumentCache full:https://registry.npmjs.org/swr set size:undefined disposed:false
118 http fetch GET 200 https://registry.npmjs.org/@types%2fcookies 168ms (cache updated)
119 silly packumentCache full:https://registry.npmjs.org/@types%2fcookies set size:undefined disposed:false
120 http fetch GET 200 https://registry.npmjs.org/js-cookie 109ms (cache updated)
121 silly packumentCache full:https://registry.npmjs.org/js-cookie set size:undefined disposed:false
122 http fetch GET 200 https://registry.npmjs.org/@types%2fnode 215ms (cache updated)
123 silly packumentCache full:https://registry.npmjs.org/@types%2fnode set size:undefined disposed:false
124 http fetch GET 200 https://registry.npmjs.org/@peculiar%2fwebcrypto 364ms (cache updated)
125 silly packumentCache full:https://registry.npmjs.org/@peculiar%2fwebcrypto set size:undefined disposed:false
126 silly placeDep ROOT @peculiar/webcrypto@1.4.1 OK for: @clerk/backend@0.38.15 want: 1.4.1
127 silly placeDep node_modules/@clerk/backend @types/node@16.18.6 OK for: @clerk/backend@0.38.15 want: 16.18.6
128 silly placeDep node_modules/@clerk/backend cookie@0.5.0 OK for: @clerk/backend@0.38.15 want: 0.5.0
129 silly placeDep ROOT deepmerge@4.2.2 OK for: @clerk/backend@0.38.15 want: 4.2.2
130 silly placeDep ROOT node-fetch-native@1.0.1 OK for: @clerk/backend@0.38.15 want: 1.0.1
131 silly placeDep ROOT snakecase-keys@5.4.4 OK for: @clerk/backend@0.38.15 want: 5.4.4
132 silly placeDep node_modules/@clerk/backend tslib@2.4.1 OK for: @clerk/backend@0.38.15 want: 2.4.1
133 silly fetch manifest pvtsutils@^1.3.2
134 silly packumentCache full:https://registry.npmjs.org/pvtsutils cache-miss
135 silly fetch manifest webcrypto-core@^1.7.4
136 silly packumentCache full:https://registry.npmjs.org/webcrypto-core cache-miss
137 silly fetch manifest @peculiar/asn1-schema@^2.3.0
138 silly packumentCache full:https://registry.npmjs.org/@peculiar%2fasn1-schema cache-miss
139 silly fetch manifest @peculiar/json-schema@^1.1.12
140 silly packumentCache full:https://registry.npmjs.org/@peculiar%2fjson-schema cache-miss
141 silly fetch manifest map-obj@^4.1.0
142 silly packumentCache full:https://registry.npmjs.org/map-obj cache-miss
143 silly fetch manifest snake-case@^3.0.4
144 silly packumentCache full:https://registry.npmjs.org/snake-case cache-miss
145 silly fetch manifest type-fest@^2.5.2
146 silly packumentCache full:https://registry.npmjs.org/type-fest cache-miss
147 http fetch GET 200 https://registry.npmjs.org/map-obj 45ms (cache updated)
148 silly packumentCache full:https://registry.npmjs.org/map-obj set size:undefined disposed:false
149 http fetch GET 200 https://registry.npmjs.org/pvtsutils 48ms (cache updated)
150 silly packumentCache full:https://registry.npmjs.org/pvtsutils set size:undefined disposed:false
151 http fetch GET 200 https://registry.npmjs.org/snake-case 50ms (cache updated)
152 silly packumentCache full:https://registry.npmjs.org/snake-case set size:undefined disposed:false
153 http fetch GET 200 https://registry.npmjs.org/webcrypto-core 54ms (cache updated)
154 silly packumentCache full:https://registry.npmjs.org/webcrypto-core set size:undefined disposed:false
155 http fetch GET 200 https://registry.npmjs.org/type-fest 59ms (cache updated)
156 silly packumentCache full:https://registry.npmjs.org/type-fest set size:undefined disposed:false
157 http fetch GET 200 https://registry.npmjs.org/@peculiar%2fasn1-schema 70ms (cache updated)
158 silly packumentCache full:https://registry.npmjs.org/@peculiar%2fasn1-schema set size:undefined disposed:false
159 http fetch GET 200 https://registry.npmjs.org/@peculiar%2fjson-schema 301ms (cache updated)
160 silly packumentCache full:https://registry.npmjs.org/@peculiar%2fjson-schema set size:undefined disposed:false
161 silly placeDep node_modules/@clerk/clerk-react tslib@2.4.1 OK for: @clerk/clerk-react@4.32.5 want: 2.4.1
162 silly placeDep ROOT @clerk/backend@0.38.15 KEEP for: @clerk/clerk-sdk-node@4.13.23 want: 0.38.15
163 silly placeDep ROOT @types/cookies@0.7.7 OK for: @clerk/clerk-sdk-node@4.13.23 want: 0.7.7
164 silly placeDep ROOT @types/express@4.17.14 OK for: @clerk/clerk-sdk-node@4.13.23 want: 4.17.14
165 silly placeDep ROOT @types/node-fetch@2.6.2 OK for: @clerk/clerk-sdk-node@4.13.23 want: 2.6.2
166 silly placeDep ROOT camelcase-keys@6.2.2 OK for: @clerk/clerk-sdk-node@4.13.23 want: 6.2.2
167 silly placeDep node_modules/@clerk/clerk-sdk-node snakecase-keys@3.2.1 OK for: @clerk/clerk-sdk-node@4.13.23 want: 3.2.1
168 silly placeDep node_modules/@clerk/clerk-sdk-node tslib@2.4.1 OK for: @clerk/clerk-sdk-node@4.13.23 want: 2.4.1
169 silly fetch manifest @types/connect@*
170 silly packumentCache full:https://registry.npmjs.org/@types%2fconnect cache-miss
171 silly fetch manifest @types/express@*
172 silly packumentCache full:https://registry.npmjs.org/@types%2fexpress cache-miss
173 silly fetch manifest @types/keygrip@*
174 silly packumentCache full:https://registry.npmjs.org/@types%2fkeygrip cache-miss
175 silly fetch manifest @types/qs@*
176 silly packumentCache full:https://registry.npmjs.org/@types%2fqs cache-miss
177 silly fetch manifest @types/body-parser@*
178 silly packumentCache full:https://registry.npmjs.org/@types%2fbody-parser cache-miss
179 silly fetch manifest @types/serve-static@*
180 silly packumentCache full:https://registry.npmjs.org/@types%2fserve-static cache-miss
181 silly fetch manifest @types/express-serve-static-core@^4.17.18
182 silly packumentCache full:https://registry.npmjs.org/@types%2fexpress-serve-static-core cache-miss
183 silly fetch manifest form-data@^3.0.0
184 silly packumentCache full:https://registry.npmjs.org/form-data cache-miss
185 silly fetch manifest camelcase@^5.3.1
186 silly packumentCache full:https://registry.npmjs.org/camelcase cache-miss
187 silly fetch manifest map-obj@^4.0.0
188 silly packumentCache full:https://registry.npmjs.org/map-obj cache-miss
189 silly fetch manifest quick-lru@^4.0.1
190 silly packumentCache full:https://registry.npmjs.org/quick-lru cache-miss
191 http cache https://registry.npmjs.org/@types%2fexpress 25ms (cache hit)
192 silly packumentCache full:https://registry.npmjs.org/@types%2fexpress set size:94694 disposed:false
193 silly fetch manifest to-snake-case@^1.0.0
194 silly packumentCache full:https://registry.npmjs.org/to-snake-case cache-miss
195 http cache https://registry.npmjs.org/map-obj 23ms (cache hit)
196 silly packumentCache full:https://registry.npmjs.org/map-obj set size:32594 disposed:false
197 http fetch GET 200 https://registry.npmjs.org/@types%2fbody-parser 48ms (cache updated)
198 silly packumentCache full:https://registry.npmjs.org/@types%2fbody-parser set size:undefined disposed:false
199 http fetch GET 200 https://registry.npmjs.org/form-data 47ms (cache updated)
200 silly packumentCache full:https://registry.npmjs.org/form-data set size:undefined disposed:false
201 http fetch GET 200 https://registry.npmjs.org/@types%2fconnect 52ms (cache updated)
202 silly packumentCache full:https://registry.npmjs.org/@types%2fconnect set size:undefined disposed:false
203 http fetch GET 200 https://registry.npmjs.org/camelcase 53ms (cache updated)
204 silly packumentCache full:https://registry.npmjs.org/camelcase set size:undefined disposed:false
205 http fetch GET 200 https://registry.npmjs.org/@types%2fqs 57ms (cache updated)
206 silly packumentCache full:https://registry.npmjs.org/@types%2fqs set size:undefined disposed:false
207 http fetch GET 200 https://registry.npmjs.org/quick-lru 60ms (cache updated)
208 silly packumentCache full:https://registry.npmjs.org/quick-lru set size:undefined disposed:false
209 http fetch GET 200 https://registry.npmjs.org/@types%2fserve-static 62ms (cache updated)
210 silly packumentCache full:https://registry.npmjs.org/@types%2fserve-static set size:undefined disposed:false
211 http fetch GET 200 https://registry.npmjs.org/@types%2fexpress-serve-static-core 65ms (cache updated)
212 silly packumentCache full:https://registry.npmjs.org/@types%2fexpress-serve-static-core set size:undefined disposed:false
213 http fetch GET 200 https://registry.npmjs.org/@types%2fkeygrip 82ms (cache updated)
214 silly packumentCache full:https://registry.npmjs.org/@types%2fkeygrip set size:undefined disposed:false
215 http fetch GET 200 https://registry.npmjs.org/to-snake-case 61ms (cache updated)
216 silly packumentCache full:https://registry.npmjs.org/to-snake-case set size:undefined disposed:false
217 silly placeDep ROOT glob-to-regexp@0.4.1 OK for: @clerk/shared@1.4.2 want: 0.4.1
218 silly placeDep ROOT js-cookie@3.0.1 OK for: @clerk/shared@1.4.2 want: 3.0.1
219 silly placeDep ROOT swr@2.2.0 OK for: @clerk/shared@1.4.2 want: 2.2.0
220 silly fetch manifest use-sync-external-store@^1.2.0
221 silly packumentCache full:https://registry.npmjs.org/use-sync-external-store cache-miss
222 http fetch GET 200 https://registry.npmjs.org/use-sync-external-store 78ms (cache updated)
223 silly packumentCache full:https://registry.npmjs.org/use-sync-external-store set size:undefined disposed:false
224 silly placeDep ROOT @peculiar/asn1-schema@2.3.15 OK for: @peculiar/webcrypto@1.4.1 want: ^2.3.0
225 silly placeDep ROOT @peculiar/json-schema@1.1.12 OK for: @peculiar/webcrypto@1.4.1 want: ^1.1.12
226 silly placeDep ROOT pvtsutils@1.3.6 OK for: @peculiar/webcrypto@1.4.1 want: ^1.3.2
227 silly placeDep ROOT webcrypto-core@1.8.1 OK for: @peculiar/webcrypto@1.4.1 want: ^1.7.4
228 silly fetch manifest asn1js@^3.0.5
229 silly packumentCache full:https://registry.npmjs.org/asn1js cache-miss
230 silly fetch manifest pvtsutils@^1.3.6
231 silly packumentCache full:https://registry.npmjs.org/pvtsutils cache-miss
232 silly fetch manifest asn1js@^3.0.5
233 silly packumentCache full:https://registry.npmjs.org/asn1js cache-miss
234 http cache https://registry.npmjs.org/pvtsutils 5ms (cache hit)
235 silly packumentCache full:https://registry.npmjs.org/pvtsutils set size:111560 disposed:false
236 http fetch GET 200 https://registry.npmjs.org/asn1js 33ms (cache updated)
237 silly packumentCache full:https://registry.npmjs.org/asn1js set size:undefined disposed:false
238 http fetch GET 200 https://registry.npmjs.org/asn1js 42ms (cache updated)
239 silly packumentCache full:https://registry.npmjs.org/asn1js set size:undefined disposed:false
240 silly placeDep ROOT asn1js@3.0.6 OK for: @peculiar/asn1-schema@2.3.15 want: ^3.0.5
241 silly fetch manifest pvutils@^1.1.3
242 silly packumentCache full:https://registry.npmjs.org/pvutils cache-miss
243 http fetch GET 200 https://registry.npmjs.org/pvutils 36ms (cache updated)
244 silly packumentCache full:https://registry.npmjs.org/pvutils set size:undefined disposed:false
245 silly placeDep ROOT @types/connect@3.4.38 OK for: @types/cookies@0.7.7 want: *
246 silly placeDep ROOT @types/keygrip@1.0.6 OK for: @types/cookies@0.7.7 want: *
247 silly placeDep ROOT @types/body-parser@1.19.5 OK for: @types/express@4.17.14 want: *
248 silly placeDep ROOT @types/express-serve-static-core@4.19.6 OK for: @types/express@4.17.14 want: ^4.17.18
249 silly placeDep ROOT @types/qs@6.9.18 OK for: @types/express@4.17.14 want: *
250 silly placeDep ROOT @types/serve-static@1.15.7 OK for: @types/express@4.17.14 want: *
251 silly fetch manifest @types/send@*
252 silly packumentCache full:https://registry.npmjs.org/@types%2fsend cache-miss
253 silly fetch manifest @types/range-parser@*
254 silly packumentCache full:https://registry.npmjs.org/@types%2frange-parser cache-miss
255 silly fetch manifest @types/send@*
256 silly packumentCache full:https://registry.npmjs.org/@types%2fsend cache-miss
257 silly fetch manifest @types/http-errors@*
258 silly packumentCache full:https://registry.npmjs.org/@types%2fhttp-errors cache-miss
259 http fetch GET 200 https://registry.npmjs.org/@types%2fsend 61ms (cache updated)
260 silly packumentCache full:https://registry.npmjs.org/@types%2fsend set size:undefined disposed:false
261 http fetch GET 200 https://registry.npmjs.org/@types%2fsend 62ms (cache updated)
262 silly packumentCache full:https://registry.npmjs.org/@types%2fsend set size:undefined disposed:false
263 http fetch GET 200 https://registry.npmjs.org/@types%2frange-parser 63ms (cache updated)
264 silly packumentCache full:https://registry.npmjs.org/@types%2frange-parser set size:undefined disposed:false
265 http fetch GET 200 https://registry.npmjs.org/@types%2fhttp-errors 63ms (cache updated)
266 silly packumentCache full:https://registry.npmjs.org/@types%2fhttp-errors set size:undefined disposed:false
267 silly placeDep ROOT @types/range-parser@1.2.7 OK for: @types/express-serve-static-core@4.19.6 want: *
268 silly placeDep ROOT @types/send@0.17.4 OK for: @types/express-serve-static-core@4.19.6 want: *
269 silly fetch manifest @types/mime@^1
270 silly packumentCache full:https://registry.npmjs.org/@types%2fmime cache-miss
271 http fetch GET 200 https://registry.npmjs.org/@types%2fmime 49ms (cache updated)
272 silly packumentCache full:https://registry.npmjs.org/@types%2fmime set size:undefined disposed:false
273 silly placeDep ROOT form-data@3.0.3 OK for: @types/node-fetch@2.6.2 want: ^3.0.0
274 silly fetch manifest asynckit@^0.4.0
275 silly packumentCache full:https://registry.npmjs.org/asynckit cache-miss
276 silly fetch manifest mime-types@^2.1.35
277 silly packumentCache full:https://registry.npmjs.org/mime-types cache-miss
278 silly fetch manifest combined-stream@^1.0.8
279 silly packumentCache full:https://registry.npmjs.org/combined-stream cache-miss
280 http fetch GET 200 https://registry.npmjs.org/combined-stream 36ms (cache updated)
281 silly packumentCache full:https://registry.npmjs.org/combined-stream set size:undefined disposed:false
282 http fetch GET 200 https://registry.npmjs.org/mime-types 37ms (cache updated)
283 silly packumentCache full:https://registry.npmjs.org/mime-types set size:undefined disposed:false
284 http fetch GET 200 https://registry.npmjs.org/asynckit 40ms (cache updated)
285 silly packumentCache full:https://registry.npmjs.org/asynckit set size:undefined disposed:false
286 silly placeDep ROOT @types/mime@1.3.5 OK for: @types/send@0.17.4 want: ^1
287 silly placeDep ROOT @types/http-errors@2.0.4 OK for: @types/serve-static@1.15.7 want: *
288 silly placeDep ROOT pvutils@1.1.3 OK for: asn1js@3.0.6 want: ^1.1.3
289 silly placeDep ROOT camelcase@5.3.1 OK for: camelcase-keys@6.2.2 want: ^5.3.1
290 silly placeDep ROOT map-obj@4.3.0 OK for: camelcase-keys@6.2.2 want: ^4.0.0
291 silly placeDep ROOT quick-lru@4.0.1 OK for: camelcase-keys@6.2.2 want: ^4.0.1
292 silly placeDep ROOT asynckit@0.4.0 OK for: form-data@3.0.3 want: ^0.4.0
293 silly placeDep ROOT combined-stream@1.0.8 OK for: form-data@3.0.3 want: ^1.0.8
294 silly placeDep ROOT mime-types@2.1.35 OK for: form-data@3.0.3 want: ^2.1.35
295 silly fetch manifest delayed-stream@~1.0.0
296 silly packumentCache full:https://registry.npmjs.org/delayed-stream cache-miss
297 silly fetch manifest mime-db@1.52.0
298 silly packumentCache full:https://registry.npmjs.org/mime-db cache-miss
299 http fetch GET 200 https://registry.npmjs.org/mime-db 33ms (cache updated)
300 silly packumentCache full:https://registry.npmjs.org/mime-db set size:undefined disposed:false
301 http fetch GET 200 https://registry.npmjs.org/delayed-stream 38ms (cache updated)
302 silly packumentCache full:https://registry.npmjs.org/delayed-stream set size:undefined disposed:false
303 silly placeDep ROOT delayed-stream@1.0.0 OK for: combined-stream@1.0.8 want: ~1.0.0
304 silly placeDep ROOT mime-db@1.52.0 OK for: mime-types@2.1.35 want: 1.52.0
305 silly placeDep ROOT snake-case@3.0.4 OK for: snakecase-keys@5.4.4 want: ^3.0.4
306 silly placeDep node_modules/snakecase-keys type-fest@2.19.0 OK for: snakecase-keys@5.4.4 want: ^2.5.2
307 silly fetch manifest dot-case@^3.0.4
308 silly packumentCache full:https://registry.npmjs.org/dot-case cache-miss
309 http fetch GET 200 https://registry.npmjs.org/dot-case 51ms (cache updated)
310 silly packumentCache full:https://registry.npmjs.org/dot-case set size:undefined disposed:false
311 silly placeDep ROOT dot-case@3.0.4 OK for: snake-case@3.0.4 want: ^3.0.4
312 silly fetch manifest no-case@^3.0.4
313 silly packumentCache full:https://registry.npmjs.org/no-case cache-miss
314 http fetch GET 200 https://registry.npmjs.org/no-case 37ms (cache updated)
315 silly packumentCache full:https://registry.npmjs.org/no-case set size:undefined disposed:false
316 silly placeDep ROOT no-case@3.0.4 OK for: dot-case@3.0.4 want: ^3.0.4
317 silly fetch manifest lower-case@^2.0.2
318 silly packumentCache full:https://registry.npmjs.org/lower-case cache-miss
319 http fetch GET 200 https://registry.npmjs.org/lower-case 49ms (cache updated)
320 silly packumentCache full:https://registry.npmjs.org/lower-case set size:undefined disposed:false
321 silly placeDep ROOT lower-case@2.0.2 OK for: no-case@3.0.4 want: ^2.0.2
322 silly placeDep ROOT use-sync-external-store@1.5.0 OK for: swr@2.2.0 want: ^1.2.0
323 silly placeDep ROOT to-snake-case@1.0.0 OK for: snakecase-keys@3.2.1 want: ^1.0.0
324 silly fetch manifest to-space-case@^1.0.0
325 silly packumentCache full:https://registry.npmjs.org/to-space-case cache-miss
326 http fetch GET 200 https://registry.npmjs.org/to-space-case 63ms (cache updated)
327 silly packumentCache full:https://registry.npmjs.org/to-space-case set size:undefined disposed:false
328 silly placeDep ROOT to-space-case@1.0.0 OK for: to-snake-case@1.0.0 want: ^1.0.0
329 silly fetch manifest to-no-case@^1.0.0
330 silly packumentCache full:https://registry.npmjs.org/to-no-case cache-miss
331 http fetch GET 200 https://registry.npmjs.org/to-no-case 97ms (cache updated)
332 silly packumentCache full:https://registry.npmjs.org/to-no-case set size:undefined disposed:false
333 silly placeDep ROOT to-no-case@1.0.2 OK for: to-space-case@1.0.0 want: ^1.0.0
334 silly reify mark retired [ 'C:\\Users\\akito\\git\\calculator\\node_modules\\@clerk\\backend' ]
335 silly reify mark retired [
335 silly reify   'C:\\Users\\akito\\git\\calculator\\node_modules\\@clerk\\clerk-react'
335 silly reify ]
336 silly reify mark retired [
336 silly reify   'C:\\Users\\akito\\git\\calculator\\node_modules\\@clerk\\clerk-sdk-node'
336 silly reify ]
337 silly reify mark retired [ 'C:\\Users\\akito\\git\\calculator\\node_modules\\@clerk\\nextjs' ]
338 silly reify mark retired [ 'C:\\Users\\akito\\git\\calculator\\node_modules\\@clerk\\shared' ]
339 silly reify mark retired [ 'C:\\Users\\akito\\git\\calculator\\node_modules\\path-to-regexp' ]
340 silly reify moves {
340 silly reify   'C:\\Users\\akito\\git\\calculator\\node_modules\\@clerk\\backend': 'C:\\Users\\akito\\git\\calculator\\node_modules\\@clerk\\.backend-TZiQMONc',
340 silly reify   'C:\\Users\\akito\\git\\calculator\\node_modules\\@clerk\\clerk-react': 'C:\\Users\\akito\\git\\calculator\\node_modules\\@clerk\\.clerk-react-mqIhXGUU',
340 silly reify   'C:\\Users\\akito\\git\\calculator\\node_modules\\@clerk\\clerk-sdk-node': 'C:\\Users\\akito\\git\\calculator\\node_modules\\@clerk\\.clerk-sdk-node-nRVp1Ce3',
340 silly reify   'C:\\Users\\akito\\git\\calculator\\node_modules\\@clerk\\nextjs': 'C:\\Users\\akito\\git\\calculator\\node_modules\\@clerk\\.nextjs-kXF9atIa',
340 silly reify   'C:\\Users\\akito\\git\\calculator\\node_modules\\@clerk\\shared': 'C:\\Users\\akito\\git\\calculator\\node_modules\\@clerk\\.shared-Ox719iYy',
340 silly reify   'C:\\Users\\akito\\git\\calculator\\node_modules\\path-to-regexp': 'C:\\Users\\akito\\git\\calculator\\node_modules\\.path-to-regexp-ySAD7VN3'
340 silly reify }
341 silly audit bulk request {
341 silly audit   '@alloc/quick-lru': [ '5.2.0' ],
341 silly audit   '@babel/runtime': [ '7.27.1' ],
341 silly audit   '@clerk/types': [ '3.65.5' ],
341 silly audit   '@types/node': [ '20.5.0', '16.18.6' ],
341 silly audit   cookie: [ '1.0.2', '0.5.0' ],
341 silly audit   tslib: [ '2.8.1', '2.4.1' ],
341 silly audit   '@clerk/localizations': [ '1.22.0' ],
341 silly audit   '@emnapi/core': [ '1.4.3' ],
341 silly audit   '@emnapi/runtime': [ '1.4.3' ],
341 silly audit   '@emnapi/wasi-threads': [ '1.0.2' ],
341 silly audit   '@eslint-community/eslint-utils': [ '4.6.1' ],
341 silly audit   '@eslint-community/regexpp': [ '4.12.1' ],
341 silly audit   '@eslint/eslintrc': [ '2.1.4' ],
341 silly audit   '@eslint/js': [ '8.57.1' ],
341 silly audit   '@humanwhocodes/config-array': [ '0.11.14' ],
341 silly audit   '@humanwhocodes/module-importer': [ '1.0.1' ],
341 silly audit   '@humanwhocodes/object-schema': [ '2.0.3' ],
341 silly audit   '@isaacs/cliui': [ '8.0.2' ],
341 silly audit   'ansi-regex': [ '6.1.0', '5.0.1' ],
341 silly audit   'strip-ansi': [ '7.1.0', '6.0.1' ],
341 silly audit   '@isaacs/fs-minipass': [ '4.0.1' ],
341 silly audit   '@jridgewell/gen-mapping': [ '0.3.8' ],
341 silly audit   '@jridgewell/resolve-uri': [ '3.1.2' ],
341 silly audit   '@jridgewell/set-array': [ '1.2.1' ],
341 silly audit   '@jridgewell/sourcemap-codec': [ '1.5.0' ],
341 silly audit   '@jridgewell/trace-mapping': [ '0.3.25' ],
341 silly audit   '@kurkle/color': [ '0.3.4' ],
341 silly audit   '@napi-rs/wasm-runtime': [ '0.2.9' ],
341 silly audit   '@next/env': [ '14.2.28' ],
341 silly audit   '@next/eslint-plugin-next': [ '13.4.19' ],
341 silly audit   '@next/swc-darwin-arm64': [ '14.2.28' ],
341 silly audit   '@next/swc-darwin-x64': [ '14.2.28' ],
341 silly audit   '@next/swc-linux-arm64-gnu': [ '14.2.28' ],
341 silly audit   '@next/swc-linux-arm64-musl': [ '14.2.28' ],
341 silly audit   '@next/swc-linux-x64-gnu': [ '14.2.28' ],
341 silly audit   '@next/swc-linux-x64-musl': [ '14.2.28' ],
341 silly audit   '@next/swc-win32-arm64-msvc': [ '14.2.28' ],
341 silly audit   '@next/swc-win32-ia32-msvc': [ '14.2.28' ],
341 silly audit   '@next/swc-win32-x64-msvc': [ '14.2.28' ],
341 silly audit   '@nodelib/fs.scandir': [ '2.1.5' ],
341 silly audit   '@nodelib/fs.stat': [ '2.0.5' ],
341 silly audit   '@nodelib/fs.walk': [ '1.2.8' ],
341 silly audit   '@nolyfill/is-core-module': [ '1.0.39' ],
341 silly audit   '@pkgjs/parseargs': [ '0.11.0' ],
341 silly audit   '@rtsao/scc': [ '1.1.0' ],
341 silly audit   '@rushstack/eslint-patch': [ '1.11.0' ],
341 silly audit   '@supabase/auth-helpers-nextjs': [ '0.7.4' ],
341 silly audit   '@supabase/auth-helpers-shared': [ '0.4.1' ],
341 silly audit   '@supabase/functions-js': [ '2.4.4' ],
341 silly audit   '@supabase/gotrue-js': [ '2.69.1' ],
341 silly audit   '@supabase/node-fetch': [ '2.6.15' ],
341 silly audit   '@supabase/postgrest-js': [ '1.19.4' ],
341 silly audit   '@supabase/realtime-js': [ '2.11.7' ],
341 silly audit   '@supabase/ssr': [ '0.6.1' ],
341 silly audit   '@supabase/storage-js': [ '2.7.2' ],
341 silly audit   '@supabase/supabase-js': [ '2.32.0' ],
341 silly audit   '@swc/counter': [ '0.1.3' ],
341 silly audit   '@swc/helpers': [ '0.5.5' ],
341 silly audit   '@tybys/wasm-util': [ '0.9.0' ],
341 silly audit   '@types/chart.js': [ '2.9.37' ],
341 silly audit   '@types/json5': [ '0.0.29' ],
341 silly audit   '@types/phoenix': [ '1.6.6' ],
341 silly audit   '@types/prop-types': [ '15.7.14' ],
341 silly audit   '@types/react': [ '18.2.20' ],
341 silly audit   '@types/react-dom': [ '18.2.7' ],
341 silly audit   '@types/scheduler': [ '0.26.0' ],
341 silly audit   '@types/ws': [ '8.18.1' ],
341 silly audit   '@typescript-eslint/parser': [ '6.21.0' ],
341 silly audit   '@typescript-eslint/scope-manager': [ '6.21.0' ],
341 silly audit   '@typescript-eslint/types': [ '6.21.0' ],
341 silly audit   '@typescript-eslint/typescript-estree': [ '6.21.0' ],
341 silly audit   'brace-expansion': [ '2.0.1', '1.1.11' ],
341 silly audit   minimatch: [ '9.0.3', '3.1.2', '9.0.5' ],
341 silly audit   '@typescript-eslint/visitor-keys': [ '6.21.0' ],
341 silly audit   '@unrs/resolver-binding-darwin-arm64': [ '1.7.2' ],
341 silly audit   '@unrs/resolver-binding-darwin-x64': [ '1.7.2' ],
341 silly audit   '@unrs/resolver-binding-freebsd-x64': [ '1.7.2' ],
341 silly audit   '@unrs/resolver-binding-linux-arm-gnueabihf': [ '1.7.2' ],
341 silly audit   '@unrs/resolver-binding-linux-arm-musleabihf': [ '1.7.2' ],
341 silly audit   '@unrs/resolver-binding-linux-arm64-gnu': [ '1.7.2' ],
341 silly audit   '@unrs/resolver-binding-linux-arm64-musl': [ '1.7.2' ],
341 silly audit   '@unrs/resolver-binding-linux-ppc64-gnu': [ '1.7.2' ],
341 silly audit   '@unrs/resolver-binding-linux-riscv64-gnu': [ '1.7.2' ],
341 silly audit   '@unrs/resolver-binding-linux-riscv64-musl': [ '1.7.2' ],
341 silly audit   '@unrs/resolver-binding-linux-s390x-gnu': [ '1.7.2' ],
341 silly audit   '@unrs/resolver-binding-linux-x64-gnu': [ '1.7.2' ],
341 silly audit   '@unrs/resolver-binding-linux-x64-musl': [ '1.7.2' ],
341 silly audit   '@unrs/resolver-binding-wasm32-wasi': [ '1.7.2' ],
341 silly audit   '@unrs/resolver-binding-win32-arm64-msvc': [ '1.7.2' ],
341 silly audit   '@unrs/resolver-binding-win32-ia32-msvc': [ '1.7.2' ],
341 silly audit   '@unrs/resolver-binding-win32-x64-msvc': [ '1.7.2' ],
341 silly audit   acorn: [ '8.14.1' ],
341 silly audit   'acorn-jsx': [ '5.3.2' ],
341 silly audit   'agent-base': [ '7.1.3' ],
341 silly audit   ajv: [ '6.12.6' ],
341 silly audit   'ansi-styles': [ '4.3.0', '6.2.1' ],
341 silly audit   'any-promise': [ '1.3.0' ],
341 silly audit   anymatch: [ '3.1.3' ],
341 silly audit   arg: [ '5.0.2' ],
341 silly audit   argparse: [ '2.0.1' ],
341 silly audit   'aria-query': [ '5.3.2' ],
341 silly audit   'array-buffer-byte-length': [ '1.0.2' ],
341 silly audit   'array-includes': [ '3.1.8' ],
341 silly audit   'array-union': [ '2.1.0' ],
341 silly audit   'array.prototype.findlast': [ '1.2.5' ],
341 silly audit   'array.prototype.findlastindex': [ '1.2.6' ],
341 silly audit   'array.prototype.flat': [ '1.3.3' ],
341 silly audit   'array.prototype.flatmap': [ '1.3.3' ],
341 silly audit   'array.prototype.tosorted': [ '1.1.4' ],
341 silly audit   'arraybuffer.prototype.slice': [ '1.0.4' ],
341 silly audit   'ast-types-flow': [ '0.0.8' ],
341 silly audit   'async-function': [ '1.0.0' ],
341 silly audit   autoprefixer: [ '10.4.15' ],
341 silly audit   'available-typed-arrays': [ '1.0.7' ],
341 silly audit   'axe-core': [ '4.10.3' ],
341 silly audit   'axobject-query': [ '4.1.0' ],
341 silly audit   'balanced-match': [ '1.0.2' ],
341 silly audit   'bin-links': [ '5.0.0' ],
341 silly audit   'binary-extensions': [ '2.3.0' ],
341 silly audit   braces: [ '3.0.3' ],
341 silly audit   browserslist: [ '4.24.4' ],
341 silly audit   busboy: [ '1.6.0' ],
341 silly audit   'call-bind': [ '1.0.8' ],
341 silly audit   'call-bind-apply-helpers': [ '1.0.2' ],
341 silly audit   'call-bound': [ '1.0.4' ],
341 silly audit   callsites: [ '3.1.0' ],
341 silly audit   'camelcase-css': [ '2.0.1' ],
341 silly audit   'caniuse-lite': [ '1.0.30001716' ],
341 silly audit   chalk: [ '4.1.2' ],
341 silly audit   'chart.js': [ '4.4.0' ],
341 silly audit   chokidar: [ '3.6.0' ],
341 silly audit   'glob-parent': [ '5.1.2', '6.0.2' ],
341 silly audit   chownr: [ '3.0.0' ],
341 silly audit   'client-only': [ '0.0.1' ],
341 silly audit   'cmd-shim': [ '7.0.0' ],
341 silly audit   'color-convert': [ '2.0.1' ],
341 silly audit   'color-name': [ '1.1.4' ],
341 silly audit   commander: [ '4.1.1' ],
341 silly audit   'concat-map': [ '0.0.1' ],
341 silly audit   'cross-fetch': [ '3.2.0' ],
341 silly audit   'cross-spawn': [ '7.0.6' ],
341 silly audit   cssesc: [ '3.0.0' ],
341 silly audit   csstype: [ '3.1.1' ],
341 silly audit   'damerau-levenshtein': [ '1.0.8' ],
341 silly audit   'data-uri-to-buffer': [ '4.0.1' ],
341 silly audit   'data-view-buffer': [ '1.0.2' ],
341 silly audit   'data-view-byte-length': [ '1.0.2' ],
341 silly audit   'data-view-byte-offset': [ '1.0.1' ],
341 silly audit   'date-fns': [ '2.30.0' ],
341 silly audit   debug: [ '4.4.0', '3.2.7' ],
341 silly audit   'deep-is': [ '0.1.4' ],
341 silly audit   'define-data-property': [ '1.1.4' ],
341 silly audit   'define-properties': [ '1.2.1' ],
341 silly audit   didyoumean: [ '1.2.2' ],
341 silly audit   'dir-glob': [ '3.0.1' ],
341 silly audit   dlv: [ '1.1.3' ],
341 silly audit   doctrine: [ '3.0.0', '2.1.0' ],
341 silly audit   'dunder-proto': [ '1.0.1' ],
341 silly audit   eastasianwidth: [ '0.2.0' ],
341 silly audit   'electron-to-chromium': [ '1.5.148' ],
341 silly audit   'emoji-regex': [ '9.2.2', '8.0.0' ],
341 silly audit   'es-abstract': [ '1.23.9' ],
341 silly audit   'es-define-property': [ '1.0.1' ],
341 silly audit   'es-errors': [ '1.3.0' ],
341 silly audit   'es-iterator-helpers': [ '1.2.1' ],
341 silly audit   'es-object-atoms': [ '1.1.1' ],
341 silly audit   'es-set-tostringtag': [ '2.1.0' ],
341 silly audit   'es-shim-unscopables': [ '1.1.0' ],
341 silly audit   'es-to-primitive': [ '1.3.0' ],
341 silly audit   escalade: [ '3.2.0' ],
341 silly audit   'escape-string-regexp': [ '4.0.0' ],
341 silly audit   eslint: [ '8.47.0' ],
341 silly audit   'eslint-config-next': [ '13.4.19' ],
341 silly audit   'eslint-import-resolver-node': [ '0.3.9' ],
341 silly audit   'eslint-import-resolver-typescript': [ '3.10.1' ],
341 silly audit   'eslint-module-utils': [ '2.12.0' ],
341 silly audit   'eslint-plugin-import': [ '2.31.0' ],
341 silly audit   semver: [ '6.3.1', '7.7.1' ],
341 silly audit   'eslint-plugin-jsx-a11y': [ '6.10.2' ],
341 silly audit   'eslint-plugin-react': [ '7.37.5' ],
341 silly audit   'eslint-plugin-react-hooks': [ '5.0.0-canary-7118f5dd7-20230705' ],
341 silly audit   resolve: [ '2.0.0-next.5', '1.22.10' ],
341 silly audit   'eslint-scope': [ '7.2.2' ],
341 silly audit   'eslint-visitor-keys': [ '3.4.3' ],
341 silly audit   espree: [ '9.6.1' ],
341 silly audit   esquery: [ '1.6.0' ],
341 silly audit   esrecurse: [ '4.3.0' ],
341 silly audit   estraverse: [ '5.3.0' ],
341 silly audit   esutils: [ '2.0.3' ],
341 silly audit   'fast-deep-equal': [ '3.1.3' ],
341 silly audit   'fast-glob': [ '3.3.3' ],
341 silly audit   'fast-json-stable-stringify': [ '2.1.0' ],
341 silly audit   'fast-levenshtein': [ '2.0.6' ],
341 silly audit   fastq: [ '1.19.1' ],
341 silly audit   fdir: [ '6.4.4' ],
341 silly audit   'fetch-blob': [ '3.2.0' ],
341 silly audit   'file-entry-cache': [ '6.0.1' ],
341 silly audit   'fill-range': [ '7.1.1' ],
341 silly audit   'find-up': [ '5.0.0' ],
341 silly audit   'flat-cache': [ '3.2.0' ],
341 silly audit   flatted: [ '3.3.3' ],
341 silly audit   'for-each': [ '0.3.5' ],
341 silly audit   'foreground-child': [ '3.3.1' ],
341 silly audit   'formdata-polyfill': [ '4.0.10' ],
341 silly audit   'fraction.js': [ '4.3.7' ],
341 silly audit   'fs.realpath': [ '1.0.0' ],
341 silly audit   fsevents: [ '2.3.3' ],
341 silly audit   'function-bind': [ '1.1.2' ],
341 silly audit   'function.prototype.name': [ '1.1.8' ],
341 silly audit   'functions-have-names': [ '1.2.3' ],
341 silly audit   'get-intrinsic': [ '1.3.0' ],
341 silly audit   'get-proto': [ '1.0.1' ],
341 silly audit   'get-symbol-description': [ '1.1.0' ],
341 silly audit   'get-tsconfig': [ '4.10.0' ],
341 silly audit   glob: [ '7.1.7', '10.4.5' ],
341 silly audit   globals: [ '13.24.0' ],
341 silly audit   globalthis: [ '1.0.4' ],
341 silly audit   globby: [ '11.1.0' ],
341 silly audit   gopd: [ '1.2.0' ],
341 silly audit   'graceful-fs': [ '4.2.11' ],
341 silly audit   graphemer: [ '1.4.0' ],
341 silly audit   'has-bigints': [ '1.1.0' ],
341 silly audit   'has-flag': [ '4.0.0' ],
341 silly audit   'has-property-descriptors': [ '1.0.2' ],
341 silly audit   'has-proto': [ '1.2.0' ],
341 silly audit   'has-symbols': [ '1.1.0' ],
341 silly audit   'has-tostringtag': [ '1.0.2' ],
341 silly audit   hasown: [ '2.0.2' ],
341 silly audit   'https-proxy-agent': [ '7.0.6' ],
341 silly audit   ignore: [ '5.3.2' ],
341 silly audit   'import-fresh': [ '3.3.1' ],
341 silly audit   imurmurhash: [ '0.1.4' ],
341 silly audit   inflight: [ '1.0.6' ],
341 silly audit   inherits: [ '2.0.4' ],
341 silly audit   'internal-slot': [ '1.1.0' ],
341 silly audit   'is-array-buffer': [ '3.0.5' ],
341 silly audit   'is-async-function': [ '2.1.1' ],
341 silly audit   'is-bigint': [ '1.1.0' ],
341 silly audit   'is-binary-path': [ '2.1.0' ],
341 silly audit   'is-boolean-object': [ '1.2.2' ],
341 silly audit   'is-bun-module': [ '2.0.0' ],
341 silly audit   'is-callable': [ '1.2.7' ],
341 silly audit   'is-core-module': [ '2.16.1' ],
341 silly audit   'is-data-view': [ '1.0.2' ],
341 silly audit   'is-date-object': [ '1.1.0' ],
341 silly audit   'is-extglob': [ '2.1.1' ],
341 silly audit   'is-finalizationregistry': [ '1.1.1' ],
341 silly audit   'is-fullwidth-code-point': [ '3.0.0' ],
341 silly audit   'is-generator-function': [ '1.1.0' ],
341 silly audit   'is-glob': [ '4.0.3' ],
341 silly audit   'is-map': [ '2.0.3' ],
341 silly audit   'is-number': [ '7.0.0' ],
341 silly audit   'is-number-object': [ '1.1.1' ],
341 silly audit   'is-path-inside': [ '3.0.3' ],
341 silly audit   'is-regex': [ '1.2.1' ],
341 silly audit   'is-set': [ '2.0.3' ],
341 silly audit   'is-shared-array-buffer': [ '1.0.4' ],
341 silly audit   'is-string': [ '1.1.1' ],
341 silly audit   'is-symbol': [ '1.1.1' ],
341 silly audit   'is-typed-array': [ '1.1.15' ],
341 silly audit   'is-weakmap': [ '2.0.2' ],
341 silly audit   'is-weakref': [ '1.1.1' ],
341 silly audit   'is-weakset': [ '2.0.4' ],
341 silly audit   isarray: [ '2.0.5' ],
341 silly audit   isexe: [ '2.0.0' ],
341 silly audit   'iterator.prototype': [ '1.1.5' ],
341 silly audit   jackspeak: [ '3.4.3' ],
341 silly audit   jiti: [ '1.21.7' ],
341 silly audit   jose: [ '4.15.9' ],
341 silly audit   'js-tokens': [ '4.0.0' ],
341 silly audit   'js-yaml': [ '4.1.0' ],
341 silly audit   'json-buffer': [ '3.0.1' ],
341 silly audit   'json-schema-traverse': [ '0.4.1' ],
341 silly audit   'json-stable-stringify-without-jsonify': [ '1.0.1' ],
341 silly audit   json5: [ '1.0.2' ],
341 silly audit   'jsx-ast-utils': [ '3.3.5' ],
341 silly audit   keyv: [ '4.5.4' ],
341 silly audit   'language-subtag-registry': [ '0.3.23' ],
341 silly audit   'language-tags': [ '1.0.9' ],
341 silly audit   levn: [ '0.4.1' ],
341 silly audit   lilconfig: [ '2.1.0', '3.1.3' ],
341 silly audit   'lines-and-columns': [ '1.2.4' ],
341 silly audit   'locate-path': [ '6.0.0' ],
341 silly audit   'lodash.merge': [ '4.6.2' ],
341 silly audit   'loose-envify': [ '1.4.0' ],
341 silly audit   'lru-cache': [ '10.4.3' ],
341 silly audit   'math-intrinsics': [ '1.1.0' ],
341 silly audit   merge2: [ '1.4.1' ],
341 silly audit   micromatch: [ '4.0.8' ],
341 silly audit   minimist: [ '1.2.8' ],
341 silly audit   minipass: [ '7.1.2' ],
341 silly audit   minizlib: [ '3.0.2' ],
341 silly audit   mkdirp: [ '3.0.1' ],
341 silly audit   moment: [ '2.30.1' ],
341 silly audit   ms: [ '2.1.3' ],
341 silly audit   mz: [ '2.7.0' ],
341 silly audit   nanoid: [ '3.3.11' ],
341 silly audit   'napi-postinstall': [ '0.2.3' ],
341 silly audit   'natural-compare': [ '1.4.0' ],
341 silly audit   next: [ '14.2.28' ],
341 silly audit   postcss: [ '8.4.31', '8.5.3' ],
341 silly audit   'node-domexception': [ '1.0.0' ],
341 silly audit   'node-fetch': [ '2.7.0', '3.3.2' ],
341 silly audit   'node-releases': [ '2.0.19' ],
341 silly audit   'normalize-path': [ '3.0.0' ],
341 silly audit   'normalize-range': [ '0.1.2' ],
341 silly audit   'npm-normalize-package-bin': [ '4.0.0' ],
341 silly audit   'object-assign': [ '4.1.1' ],
341 silly audit   'object-hash': [ '3.0.0' ],
341 silly audit   'object-inspect': [ '1.13.4' ],
341 silly audit   'object-keys': [ '1.1.1' ],
341 silly audit   'object.assign': [ '4.1.7' ],
341 silly audit   'object.entries': [ '1.1.9' ],
341 silly audit   'object.fromentries': [ '2.0.8' ],
341 silly audit   'object.groupby': [ '1.0.3' ],
341 silly audit   'object.values': [ '1.2.1' ],
341 silly audit   once: [ '1.4.0' ],
341 silly audit   optionator: [ '0.9.4' ],
341 silly audit   'own-keys': [ '1.0.1' ],
341 silly audit   'p-limit': [ '3.1.0' ],
341 silly audit   'p-locate': [ '5.0.0' ],
341 silly audit   'package-json-from-dist': [ '1.0.1' ],
341 silly audit   'parent-module': [ '1.0.1' ],
341 silly audit   'path-exists': [ '4.0.0' ],
341 silly audit   'path-is-absolute': [ '1.0.1' ],
341 silly audit   'path-key': [ '3.1.1' ],
341 silly audit   'path-parse': [ '1.0.7' ],
341 silly audit   'path-scurry': [ '1.11.1' ],
341 silly audit   'path-type': [ '4.0.0' ],
341 silly audit   picocolors: [ '1.1.1' ],
341 silly audit   picomatch: [ '2.3.1', '4.0.2' ],
341 silly audit   pify: [ '2.3.0' ],
341 silly audit   pirates: [ '4.0.7' ],
341 silly audit   'possible-typed-array-names': [ '1.1.0' ],
341 silly audit   'postcss-import': [ '15.1.0' ],
341 silly audit   'postcss-js': [ '4.0.1' ],
341 silly audit   'postcss-load-config': [ '4.0.2' ],
341 silly audit   'postcss-nested': [ '6.2.0' ],
341 silly audit   'postcss-selector-parser': [ '6.1.2' ],
341 silly audit   'postcss-value-parser': [ '4.2.0' ],
341 silly audit   'prelude-ls': [ '1.2.1' ],
341 silly audit   'proc-log': [ '5.0.0' ],
341 silly audit   'prop-types': [ '15.8.1' ],
341 silly audit   punycode: [ '2.3.1' ],
341 silly audit   'queue-microtask': [ '1.2.3' ],
341 silly audit   react: [ '18.2.0' ],
341 silly audit   'react-chartjs-2': [ '5.2.0' ],
341 silly audit   'react-dom': [ '18.2.0' ],
341 silly audit   'react-is': [ '16.13.1' ],
341 silly audit   'read-cache': [ '1.0.0' ],
341 silly audit   'read-cmd-shim': [ '5.0.0' ],
341 silly audit   readdirp: [ '3.6.0' ],
341 silly audit   'reflect.getprototypeof': [ '1.0.10' ],
341 silly audit   'regexp.prototype.flags': [ '1.5.4' ],
341 silly audit   'resolve-from': [ '4.0.0' ],
341 silly audit   'resolve-pkg-maps': [ '1.0.0' ],
341 silly audit   reusify: [ '1.1.0' ],
341 silly audit   rimraf: [ '3.0.2' ],
341 silly audit   'run-parallel': [ '1.2.0' ],
341 silly audit   'safe-array-concat': [ '1.1.3' ],
341 silly audit   'safe-push-apply': [ '1.0.0' ],
341 silly audit   'safe-regex-test': [ '1.1.0' ],
341 silly audit   scheduler: [ '0.23.2' ],
341 silly audit   'set-cookie-parser': [ '2.7.1' ],
341 silly audit   'set-function-length': [ '1.2.2' ],
341 silly audit   'set-function-name': [ '2.0.2' ],
341 silly audit   'set-proto': [ '1.0.0' ],
341 silly audit   'shebang-command': [ '2.0.0' ],
341 silly audit   'shebang-regex': [ '3.0.0' ],
341 silly audit   'side-channel': [ '1.1.0' ],
341 silly audit   'side-channel-list': [ '1.0.0' ],
341 silly audit   'side-channel-map': [ '1.0.1' ],
341 silly audit   'side-channel-weakmap': [ '1.0.2' ],
341 silly audit   'signal-exit': [ '4.1.0' ],
341 silly audit   slash: [ '3.0.0' ],
341 silly audit   'type-fest': [ '0.20.2', '2.19.0' ],
341 silly audit   'source-map-js': [ '1.2.1' ],
341 silly audit   'stable-hash': [ '0.0.5' ],
341 silly audit   streamsearch: [ '1.1.0' ],
341 silly audit   'string-width': [ '5.1.2', '4.2.3' ],
341 silly audit   'string.prototype.includes': [ '2.0.1' ],
341 silly audit   'string.prototype.matchall': [ '4.0.12' ],
341 silly audit   'string.prototype.repeat': [ '1.0.0' ],
341 silly audit   'string.prototype.trim': [ '1.2.10' ],
341 silly audit   'string.prototype.trimend': [ '1.0.9' ],
341 silly audit   'string.prototype.trimstart': [ '1.0.8' ],
341 silly audit   'strip-bom': [ '3.0.0' ],
341 silly audit   'strip-json-comments': [ '3.1.1' ],
341 silly audit   'styled-jsx': [ '5.1.1' ],
341 silly audit   sucrase: [ '3.35.0' ],
341 silly audit   supabase: [ '1.226.4' ],
341 silly audit   'supports-color': [ '7.2.0' ],
341 silly audit   'supports-preserve-symlinks-flag': [ '1.0.0' ],
341 silly audit   tailwindcss: [ '3.3.3' ],
341 silly audit   tar: [ '7.4.3' ],
341 silly audit   'text-table': [ '0.2.0' ],
341 silly audit   thenify: [ '3.3.1' ],
341 silly audit   'thenify-all': [ '1.6.0' ],
341 silly audit   tinyglobby: [ '0.2.13' ],
341 silly audit   'to-regex-range': [ '5.0.1' ],
341 silly audit   tr46: [ '0.0.3' ],
341 silly audit   'ts-api-utils': [ '1.4.3' ],
341 silly audit   'ts-interface-checker': [ '0.1.13' ],
341 silly audit   'tsconfig-paths': [ '3.15.0' ],
341 silly audit   'type-check': [ '0.4.0' ],
341 silly audit   'typed-array-buffer': [ '1.0.3' ],
341 silly audit   'typed-array-byte-length': [ '1.0.3' ],
341 silly audit   'typed-array-byte-offset': [ '1.0.4' ],
341 silly audit   'typed-array-length': [ '1.0.7' ],
341 silly audit   typescript: [ '5.1.6' ],
341 silly audit   'unbox-primitive': [ '1.1.0' ],
341 silly audit   'unrs-resolver': [ '1.7.2' ],
341 silly audit   'update-browserslist-db': [ '1.1.3' ],
341 silly audit   'uri-js': [ '4.4.1' ],
341 silly audit   'util-deprecate': [ '1.0.2' ],
341 silly audit   'web-streams-polyfill': [ '3.3.3' ],
341 silly audit   'webidl-conversions': [ '3.0.1' ],
341 silly audit   'whatwg-url': [ '5.0.0' ],
341 silly audit   which: [ '2.0.2' ],
341 silly audit   'which-boxed-primitive': [ '1.1.1' ],
341 silly audit   'which-builtin-type': [ '1.2.1' ],
341 silly audit   'which-collection': [ '1.0.2' ],
341 silly audit   'which-typed-array': [ '1.1.19' ],
341 silly audit   'word-wrap': [ '1.2.5' ],
341 silly audit   'wrap-ansi': [ '8.1.0', '7.0.0' ],
341 silly audit   wrappy: [ '1.0.2' ],
341 silly audit   'write-file-atomic': [ '6.0.0' ],
341 silly audit   ws: [ '8.18.1' ],
341 silly audit   yallist: [ '5.0.0' ],
341 silly audit   yaml: [ '2.7.1' ],
341 silly audit   'yocto-queue': [ '0.1.0' ],
341 silly audit   '@clerk/nextjs': [ '4.31.8' ],
341 silly audit   '@clerk/backend': [ '0.38.15' ],
341 silly audit   '@clerk/clerk-react': [ '4.32.5' ],
341 silly audit   '@clerk/clerk-sdk-node': [ '4.13.23' ],
341 silly audit   '@clerk/shared': [ '1.4.2' ],
341 silly audit   '@peculiar/webcrypto': [ '1.4.1' ],
341 silly audit   deepmerge: [ '4.2.2' ],
341 silly audit   'node-fetch-native': [ '1.0.1' ],
341 silly audit   'snakecase-keys': [ '5.4.4', '3.2.1' ],
341 silly audit   '@types/cookies': [ '0.7.7' ],
341 silly audit   '@types/express': [ '4.17.14' ],
341 silly audit   '@types/node-fetch': [ '2.6.2' ],
341 silly audit   'camelcase-keys': [ '6.2.2' ],
341 silly audit   'glob-to-regexp': [ '0.4.1' ],
341 silly audit   'js-cookie': [ '3.0.1' ],
341 silly audit   swr: [ '2.2.0' ],
341 silly audit   '@peculiar/asn1-schema': [ '2.3.15' ],
341 silly audit   '@peculiar/json-schema': [ '1.1.12' ],
341 silly audit   pvtsutils: [ '1.3.6' ],
341 silly audit   'webcrypto-core': [ '1.8.1' ],
341 silly audit   asn1js: [ '3.0.6' ],
341 silly audit   '@types/connect': [ '3.4.38' ],
341 silly audit   '@types/keygrip': [ '1.0.6' ],
341 silly audit   '@types/body-parser': [ '1.19.5' ],
341 silly audit   '@types/express-serve-static-core': [ '4.19.6' ],
341 silly audit   '@types/qs': [ '6.9.18' ],
341 silly audit   '@types/serve-static': [ '1.15.7' ],
341 silly audit   '@types/range-parser': [ '1.2.7' ],
341 silly audit   '@types/send': [ '0.17.4' ],
341 silly audit   'form-data': [ '3.0.3' ],
341 silly audit   '@types/mime': [ '1.3.5' ],
341 silly audit   '@types/http-errors': [ '2.0.4' ],
341 silly audit   pvutils: [ '1.1.3' ],
341 silly audit   camelcase: [ '5.3.1' ],
341 silly audit   'map-obj': [ '4.3.0' ],
341 silly audit   'quick-lru': [ '4.0.1' ],
341 silly audit   asynckit: [ '0.4.0' ],
341 silly audit   'combined-stream': [ '1.0.8' ],
341 silly audit   'mime-types': [ '2.1.35' ],
341 silly audit   'delayed-stream': [ '1.0.0' ],
341 silly audit   'mime-db': [ '1.52.0' ],
341 silly audit   'snake-case': [ '3.0.4' ],
341 silly audit   'dot-case': [ '3.0.4' ],
341 silly audit   'no-case': [ '3.0.4' ],
341 silly audit   'lower-case': [ '2.0.2' ],
341 silly audit   'use-sync-external-store': [ '1.5.0' ],
341 silly audit   'to-snake-case': [ '1.0.0' ],
341 silly audit   'to-space-case': [ '1.0.0' ],
341 silly audit   'to-no-case': [ '1.0.2' ]
341 silly audit }
342 verbose reify failed optional dependency C:\Users\akito\git\calculator\node_modules\fsevents
343 silly reify mark deleted [ 'C:\\Users\\akito\\git\\calculator\\node_modules\\fsevents' ]
344 verbose reify failed optional dependency C:\Users\akito\git\calculator\node_modules\@unrs\resolver-binding-win32-ia32-msvc
345 silly reify mark deleted [
345 silly reify   'C:\\Users\\akito\\git\\calculator\\node_modules\\@unrs\\resolver-binding-win32-ia32-msvc'
345 silly reify ]
346 verbose reify failed optional dependency C:\Users\akito\git\calculator\node_modules\@unrs\resolver-binding-win32-arm64-msvc
347 silly reify mark deleted [
347 silly reify   'C:\\Users\\akito\\git\\calculator\\node_modules\\@unrs\\resolver-binding-win32-arm64-msvc'
347 silly reify ]
348 verbose reify failed optional dependency C:\Users\akito\git\calculator\node_modules\@unrs\resolver-binding-wasm32-wasi
349 silly reify mark deleted [
349 silly reify   'C:\\Users\\akito\\git\\calculator\\node_modules\\@unrs\\resolver-binding-wasm32-wasi'
349 silly reify ]
350 verbose reify failed optional dependency C:\Users\akito\git\calculator\node_modules\@napi-rs\wasm-runtime
351 silly reify mark deleted [
351 silly reify   'C:\\Users\\akito\\git\\calculator\\node_modules\\@napi-rs\\wasm-runtime'
351 silly reify ]
352 verbose reify failed optional dependency C:\Users\akito\git\calculator\node_modules\@emnapi\core
353 silly reify mark deleted [ 'C:\\Users\\akito\\git\\calculator\\node_modules\\@emnapi\\core' ]
354 verbose reify failed optional dependency C:\Users\akito\git\calculator\node_modules\@emnapi\runtime
355 silly reify mark deleted [ 'C:\\Users\\akito\\git\\calculator\\node_modules\\@emnapi\\runtime' ]
356 verbose reify failed optional dependency C:\Users\akito\git\calculator\node_modules\@tybys\wasm-util
357 silly reify mark deleted [
357 silly reify   'C:\\Users\\akito\\git\\calculator\\node_modules\\@tybys\\wasm-util'
357 silly reify ]
358 verbose reify failed optional dependency C:\Users\akito\git\calculator\node_modules\@emnapi\wasi-threads
359 silly reify mark deleted [
359 silly reify   'C:\\Users\\akito\\git\\calculator\\node_modules\\@emnapi\\wasi-threads'
359 silly reify ]
360 verbose reify failed optional dependency C:\Users\akito\git\calculator\node_modules\@unrs\resolver-binding-linux-x64-musl
361 silly reify mark deleted [
361 silly reify   'C:\\Users\\akito\\git\\calculator\\node_modules\\@unrs\\resolver-binding-linux-x64-musl'
361 silly reify ]
362 verbose reify failed optional dependency C:\Users\akito\git\calculator\node_modules\@unrs\resolver-binding-linux-x64-gnu
363 silly reify mark deleted [
363 silly reify   'C:\\Users\\akito\\git\\calculator\\node_modules\\@unrs\\resolver-binding-linux-x64-gnu'
363 silly reify ]
364 verbose reify failed optional dependency C:\Users\akito\git\calculator\node_modules\@unrs\resolver-binding-linux-s390x-gnu
365 silly reify mark deleted [
365 silly reify   'C:\\Users\\akito\\git\\calculator\\node_modules\\@unrs\\resolver-binding-linux-s390x-gnu'
365 silly reify ]
366 verbose reify failed optional dependency C:\Users\akito\git\calculator\node_modules\@unrs\resolver-binding-linux-riscv64-musl
367 silly reify mark deleted [
367 silly reify   'C:\\Users\\akito\\git\\calculator\\node_modules\\@unrs\\resolver-binding-linux-riscv64-musl'
367 silly reify ]
368 verbose reify failed optional dependency C:\Users\akito\git\calculator\node_modules\@unrs\resolver-binding-linux-riscv64-gnu
369 silly reify mark deleted [
369 silly reify   'C:\\Users\\akito\\git\\calculator\\node_modules\\@unrs\\resolver-binding-linux-riscv64-gnu'
369 silly reify ]
370 verbose reify failed optional dependency C:\Users\akito\git\calculator\node_modules\@unrs\resolver-binding-linux-ppc64-gnu
371 silly reify mark deleted [
371 silly reify   'C:\\Users\\akito\\git\\calculator\\node_modules\\@unrs\\resolver-binding-linux-ppc64-gnu'
371 silly reify ]
372 verbose reify failed optional dependency C:\Users\akito\git\calculator\node_modules\@unrs\resolver-binding-linux-arm64-musl
373 silly reify mark deleted [
373 silly reify   'C:\\Users\\akito\\git\\calculator\\node_modules\\@unrs\\resolver-binding-linux-arm64-musl'
373 silly reify ]
374 verbose reify failed optional dependency C:\Users\akito\git\calculator\node_modules\@unrs\resolver-binding-linux-arm64-gnu
375 silly reify mark deleted [
375 silly reify   'C:\\Users\\akito\\git\\calculator\\node_modules\\@unrs\\resolver-binding-linux-arm64-gnu'
375 silly reify ]
376 verbose reify failed optional dependency C:\Users\akito\git\calculator\node_modules\@unrs\resolver-binding-linux-arm-musleabihf
377 silly reify mark deleted [
377 silly reify   'C:\\Users\\akito\\git\\calculator\\node_modules\\@unrs\\resolver-binding-linux-arm-musleabihf'
377 silly reify ]
378 verbose reify failed optional dependency C:\Users\akito\git\calculator\node_modules\@unrs\resolver-binding-linux-arm-gnueabihf
379 silly reify mark deleted [
379 silly reify   'C:\\Users\\akito\\git\\calculator\\node_modules\\@unrs\\resolver-binding-linux-arm-gnueabihf'
379 silly reify ]
380 verbose reify failed optional dependency C:\Users\akito\git\calculator\node_modules\@unrs\resolver-binding-freebsd-x64
381 silly reify mark deleted [
381 silly reify   'C:\\Users\\akito\\git\\calculator\\node_modules\\@unrs\\resolver-binding-freebsd-x64'
381 silly reify ]
382 verbose reify failed optional dependency C:\Users\akito\git\calculator\node_modules\@unrs\resolver-binding-darwin-x64
383 silly reify mark deleted [
383 silly reify   'C:\\Users\\akito\\git\\calculator\\node_modules\\@unrs\\resolver-binding-darwin-x64'
383 silly reify ]
384 verbose reify failed optional dependency C:\Users\akito\git\calculator\node_modules\@unrs\resolver-binding-darwin-arm64
385 silly reify mark deleted [
385 silly reify   'C:\\Users\\akito\\git\\calculator\\node_modules\\@unrs\\resolver-binding-darwin-arm64'
385 silly reify ]
386 verbose reify failed optional dependency C:\Users\akito\git\calculator\node_modules\@next\swc-win32-ia32-msvc
387 silly reify mark deleted [
387 silly reify   'C:\\Users\\akito\\git\\calculator\\node_modules\\@next\\swc-win32-ia32-msvc'
387 silly reify ]
388 verbose reify failed optional dependency C:\Users\akito\git\calculator\node_modules\@next\swc-win32-arm64-msvc
389 silly reify mark deleted [
389 silly reify   'C:\\Users\\akito\\git\\calculator\\node_modules\\@next\\swc-win32-arm64-msvc'
389 silly reify ]
390 verbose reify failed optional dependency C:\Users\akito\git\calculator\node_modules\@next\swc-linux-x64-musl
391 silly reify mark deleted [
391 silly reify   'C:\\Users\\akito\\git\\calculator\\node_modules\\@next\\swc-linux-x64-musl'
391 silly reify ]
392 verbose reify failed optional dependency C:\Users\akito\git\calculator\node_modules\@next\swc-linux-x64-gnu
393 silly reify mark deleted [
393 silly reify   'C:\\Users\\akito\\git\\calculator\\node_modules\\@next\\swc-linux-x64-gnu'
393 silly reify ]
394 verbose reify failed optional dependency C:\Users\akito\git\calculator\node_modules\@next\swc-linux-arm64-musl
395 silly reify mark deleted [
395 silly reify   'C:\\Users\\akito\\git\\calculator\\node_modules\\@next\\swc-linux-arm64-musl'
395 silly reify ]
396 verbose reify failed optional dependency C:\Users\akito\git\calculator\node_modules\@next\swc-linux-arm64-gnu
397 silly reify mark deleted [
397 silly reify   'C:\\Users\\akito\\git\\calculator\\node_modules\\@next\\swc-linux-arm64-gnu'
397 silly reify ]
398 verbose reify failed optional dependency C:\Users\akito\git\calculator\node_modules\@next\swc-darwin-x64
399 silly reify mark deleted [
399 silly reify   'C:\\Users\\akito\\git\\calculator\\node_modules\\@next\\swc-darwin-x64'
399 silly reify ]
400 verbose reify failed optional dependency C:\Users\akito\git\calculator\node_modules\@next\swc-darwin-arm64
401 silly reify mark deleted [
401 silly reify   'C:\\Users\\akito\\git\\calculator\\node_modules\\@next\\swc-darwin-arm64'
401 silly reify ]
402 http cache @clerk/nextjs@https://registry.npmjs.org/@clerk/nextjs/-/nextjs-4.31.8.tgz 0ms (cache hit)
403 http cache @tybys/wasm-util@https://registry.npmjs.org/@tybys/wasm-util/-/wasm-util-0.9.0.tgz 0ms (cache hit)
404 http cache @emnapi/wasi-threads@https://registry.npmjs.org/@emnapi/wasi-threads/-/wasi-threads-1.0.2.tgz 0ms (cache hit)
405 http cache @napi-rs/wasm-runtime@https://registry.npmjs.org/@napi-rs/wasm-runtime/-/wasm-runtime-0.2.9.tgz 0ms (cache hit)
406 http cache @emnapi/runtime@https://registry.npmjs.org/@emnapi/runtime/-/runtime-1.4.3.tgz 0ms (cache hit)
407 http cache @emnapi/core@https://registry.npmjs.org/@emnapi/core/-/core-1.4.3.tgz 0ms (cache hit)
408 http cache @clerk/clerk-sdk-node@https://registry.npmjs.org/@clerk/clerk-sdk-node/-/clerk-sdk-node-4.13.23.tgz 0ms (cache hit)
409 http cache @clerk/clerk-react@https://registry.npmjs.org/@clerk/clerk-react/-/clerk-react-4.32.5.tgz 0ms (cache hit)
410 http cache @clerk/backend@https://registry.npmjs.org/@clerk/backend/-/backend-0.38.15.tgz 0ms (cache hit)
411 http cache @clerk/shared@https://registry.npmjs.org/@clerk/shared/-/shared-1.4.2.tgz 0ms (cache hit)
412 http fetch POST 200 https://registry.npmjs.org/-/npm/v1/security/advisories/bulk 194ms
413 silly audit report {
413 silly audit report   cookie: [
413 silly audit report     {
413 silly audit report       id: 1103907,
413 silly audit report       url: 'https://github.com/advisories/GHSA-pxg6-pf52-xh8x',
413 silly audit report       title: 'cookie accepts cookie name, path, and domain with out of bounds characters',
413 silly audit report       severity: 'low',
413 silly audit report       vulnerable_versions: '<0.7.0',
413 silly audit report       cwe: [Array],
413 silly audit report       cvss: [Object]
413 silly audit report     }
413 silly audit report   ]
413 silly audit report }
414 silly packumentCache corgi:https://registry.npmjs.org/cookie cache-miss
415 http cache https://registry.npmjs.org/cookie 9ms (cache hit)
416 silly packumentCache corgi:https://registry.npmjs.org/cookie set size:22175 disposed:false
417 silly packumentCache corgi:https://registry.npmjs.org/@clerk%2fbackend cache-miss
418 http cache https://registry.npmjs.org/@clerk%2fbackend 16ms (cache hit)
419 silly packumentCache corgi:https://registry.npmjs.org/@clerk%2fbackend set size:3946549 disposed:false
420 silly packumentCache corgi:https://registry.npmjs.org/@clerk%2fnextjs cache-miss
421 silly packumentCache corgi:https://registry.npmjs.org/@clerk%2fclerk-sdk-node cache-miss
422 http cache https://registry.npmjs.org/@clerk%2fclerk-sdk-node 21ms (cache hit)
423 silly packumentCache corgi:https://registry.npmjs.org/@clerk%2fclerk-sdk-node set size:3917935 disposed:false
424 http cache https://registry.npmjs.org/@clerk%2fnextjs 74ms (cache hit)
425 silly packumentCache corgi:https://registry.npmjs.org/@clerk%2fnextjs set size:5021088 disposed:false
426 silly ADD
427 silly ADD
428 silly ADD
429 silly ADD
430 silly ADD
431 silly ADD
432 silly ADD
433 silly ADD
434 silly ADD
435 silly ADD
436 silly ADD
437 silly ADD
438 silly ADD
439 silly ADD
440 silly ADD
441 silly ADD
442 silly ADD
443 silly ADD
444 silly ADD
445 silly ADD
446 silly ADD
447 silly ADD
448 silly ADD
449 silly ADD
450 silly ADD
451 silly ADD
452 silly ADD
453 silly ADD
454 silly ADD
455 silly ADD
456 silly REMOVE node_modules/path-to-regexp
457 silly CHANGE node_modules/@clerk/shared
458 silly CHANGE node_modules/@clerk/nextjs
459 silly REMOVE node_modules/@clerk/nextjs/node_modules/@clerk/types
460 silly CHANGE node_modules/@clerk/clerk-sdk-node
461 silly REMOVE node_modules/@clerk/clerk-sdk-node/node_modules/@clerk/types
462 silly CHANGE node_modules/@clerk/clerk-react
463 silly REMOVE node_modules/@clerk/clerk-react/node_modules/@clerk/types
464 silly CHANGE node_modules/@clerk/backend
465 silly REMOVE node_modules/@clerk/backend/node_modules/@clerk/types
466 verbose cwd C:\Users\akito\git\calculator
467 verbose os Windows_NT 10.0.26100
468 verbose node v22.14.0
469 verbose npm  v10.9.2
470 verbose exit 1
471 verbose code 1
