0 verbose cli C:\Program Files\nodejs\node.exe C:\Users\akito\AppData\Roaming\npm\node_modules\npm\bin\npm-cli.js
1 info using npm@11.3.0
2 info using node@v20.19.1
3 silly config load:file:C:\Users\akito\AppData\Roaming\npm\node_modules\npm\npmrc
4 silly config load:file:c:\Users\akito\git\calculator\.npmrc
5 silly config load:file:C:\Users\akito\.npmrc
6 silly config load:file:C:\Users\akito\AppData\Roaming\npm\etc\npmrc
7 verbose title npm view date-fns description dist-tags.latest homepage version time
8 verbose argv "view" "--json" "--" "date-fns" "description" "dist-tags.latest" "homepage" "version" "time"
9 verbose logfile logs-max:10 dir:c:\Users\akito\git\calculator\%APPDATA%\npm-cache\_logs\2025-05-05T03_43_28_496Z-
10 verbose logfile c:\Users\akito\git\calculator\%APPDATA%\npm-cache\_logs\2025-05-05T03_43_28_496Z-debug-0.log
11 silly logfile start cleaning logs, removing 1 files
12 silly logfile done cleaning log files
13 http fetch GET 200 https://registry.npmjs.org/date-fns 338ms (cache updated)
14 verbose cwd c:\Users\akito\git\calculator
15 verbose os Windows_NT 10.0.26100
16 verbose node v20.19.1
17 verbose npm  v11.3.0
18 verbose exit 0
19 info ok
