0 verbose cli C:\Program Files\nodejs\node.exe C:\Users\akito\AppData\Roaming\npm\node_modules\npm\bin\npm-cli.js
1 info using npm@11.3.0
2 info using node@v20.19.1
3 silly config load:file:C:\Users\akito\AppData\Roaming\npm\node_modules\npm\npmrc
4 silly config load:file:C:\Users\akito\git\calculator\.npmrc
5 silly config load:file:C:\Users\akito\.npmrc
6 silly config load:file:C:\Users\akito\AppData\Roaming\npm\etc\npmrc
7 verbose title npm exec sharp-cli --input public/lp-demo-mobile.png --output public/lp-demo-mobile.webp
8 verbose argv "exec" "--" "sharp-cli" "--input" "public/lp-demo-mobile.png" "--output" "public/lp-demo-mobile.webp"
9 verbose logfile logs-max:10 dir:C:\Users\akito\git\calculator\%APPDATA%\npm-cache\_logs\2025-05-07T02_38_24_274Z-
10 verbose logfile C:\Users\akito\git\calculator\%APPDATA%\npm-cache\_logs\2025-05-07T02_38_24_274Z-debug-0.log
11 silly logfile start cleaning logs, removing 2 files
12 silly logfile done cleaning log files
13 silly packumentCache heap:4345298944 maxSize:1086324736 maxEntrySize:543162368
14 http fetch GET 200 https://registry.npmjs.org/npm 334ms
15 http fetch GET 200 https://registry.npmjs.org/sharp-cli 564ms (cache miss)
16 silly packumentCache heap:4345298944 maxSize:1086324736 maxEntrySize:543162368
17 silly packumentCache heap:4345298944 maxSize:1086324736 maxEntrySize:543162368
18 silly idealTree buildDeps
19 silly fetch manifest sharp-cli@5.1.0
20 silly packumentCache full:https://registry.npmjs.org/sharp-cli cache-miss
21 http fetch GET 200 https://registry.npmjs.org/sharp-cli 498ms (cache miss)
22 silly packumentCache full:https://registry.npmjs.org/sharp-cli set size:undefined disposed:false
23 silly placeDep ROOT sharp-cli@5.1.0 OK for:  want: 5.1.0
24 silly fetch manifest bubble-stream-error@1.0.x
25 silly packumentCache full:https://registry.npmjs.org/bubble-stream-error cache-miss
26 silly fetch manifest glob@11.0.x
27 silly packumentCache full:https://registry.npmjs.org/glob cache-miss
28 silly fetch manifest is-directory@0.3.x
29 silly packumentCache full:https://registry.npmjs.org/is-directory cache-miss
30 silly fetch manifest lodash.pick@3.1.x
31 silly packumentCache full:https://registry.npmjs.org/lodash.pick cache-miss
32 silly fetch manifest sharp@0.33.5
33 silly packumentCache full:https://registry.npmjs.org/sharp cache-miss
34 silly fetch manifest yargs@^17.6.2
35 silly packumentCache full:https://registry.npmjs.org/yargs cache-miss
36 http fetch GET 200 https://registry.npmjs.org/is-directory 49ms (cache miss)
37 silly packumentCache full:https://registry.npmjs.org/is-directory set size:undefined disposed:false
38 http fetch GET 200 https://registry.npmjs.org/lodash.pick 274ms (cache miss)
39 silly packumentCache full:https://registry.npmjs.org/lodash.pick set size:undefined disposed:false
40 http fetch GET 200 https://registry.npmjs.org/bubble-stream-error 1302ms (cache miss)
41 silly packumentCache full:https://registry.npmjs.org/bubble-stream-error set size:undefined disposed:false
42 http fetch GET 200 https://registry.npmjs.org/sharp 1304ms (cache miss)
43 silly packumentCache full:https://registry.npmjs.org/sharp set size:undefined disposed:false
44 http fetch GET 200 https://registry.npmjs.org/yargs 1317ms (cache updated)
45 silly packumentCache full:https://registry.npmjs.org/yargs set size:undefined disposed:false
46 http fetch GET 200 https://registry.npmjs.org/glob 1331ms (cache updated)
47 silly packumentCache full:https://registry.npmjs.org/glob set size:undefined disposed:false
48 silly placeDep ROOT bubble-stream-error@1.0.0 OK for: sharp-cli@5.1.0 want: 1.0.x
49 silly placeDep ROOT glob@11.0.2 OK for: sharp-cli@5.1.0 want: 11.0.x
50 silly placeDep ROOT is-directory@0.3.1 OK for: sharp-cli@5.1.0 want: 0.3.x
51 silly placeDep ROOT lodash.pick@3.1.0 OK for: sharp-cli@5.1.0 want: 3.1.x
52 silly placeDep ROOT sharp@0.33.5 OK for: sharp-cli@5.1.0 want: 0.33.5
53 silly placeDep ROOT yargs@17.7.2 OK for: sharp-cli@5.1.0 want: ^17.6.2
54 silly fetch manifest once@^1.3.3
55 silly packumentCache full:https://registry.npmjs.org/once cache-miss
56 silly fetch manifest sliced@^1.0.1
57 silly packumentCache full:https://registry.npmjs.org/sliced cache-miss
58 silly fetch manifest foreground-child@^3.1.0
59 silly packumentCache full:https://registry.npmjs.org/foreground-child cache-miss
60 silly fetch manifest jackspeak@^4.0.1
61 silly packumentCache full:https://registry.npmjs.org/jackspeak cache-miss
62 silly fetch manifest minimatch@^10.0.0
63 silly packumentCache full:https://registry.npmjs.org/minimatch cache-miss
64 silly fetch manifest minipass@^7.1.2
65 silly packumentCache full:https://registry.npmjs.org/minipass cache-miss
66 silly fetch manifest package-json-from-dist@^1.0.0
67 silly packumentCache full:https://registry.npmjs.org/package-json-from-dist cache-miss
68 silly fetch manifest path-scurry@^2.0.0
69 silly packumentCache full:https://registry.npmjs.org/path-scurry cache-miss
70 silly fetch manifest lodash.restparam@^3.0.0
71 silly packumentCache full:https://registry.npmjs.org/lodash.restparam cache-miss
72 silly fetch manifest lodash._baseflatten@^3.0.0
73 silly packumentCache full:https://registry.npmjs.org/lodash._baseflatten cache-miss
74 silly fetch manifest lodash._pickbyarray@^3.0.0
75 silly packumentCache full:https://registry.npmjs.org/lodash._pickbyarray cache-miss
76 http fetch GET 200 https://registry.npmjs.org/once 49ms (cache updated)
77 silly packumentCache full:https://registry.npmjs.org/once set size:undefined disposed:false
78 silly fetch manifest lodash._bindcallback@^3.0.0
79 silly packumentCache full:https://registry.npmjs.org/lodash._bindcallback cache-miss
80 http fetch GET 200 https://registry.npmjs.org/lodash.restparam 58ms (cache miss)
81 silly packumentCache full:https://registry.npmjs.org/lodash.restparam set size:undefined disposed:false
82 silly fetch manifest lodash._pickbycallback@^3.0.0
83 silly packumentCache full:https://registry.npmjs.org/lodash._pickbycallback cache-miss
84 http fetch GET 200 https://registry.npmjs.org/foreground-child 60ms (cache updated)
85 silly packumentCache full:https://registry.npmjs.org/foreground-child set size:undefined disposed:false
86 silly fetch manifest color@^4.2.3
87 silly packumentCache full:https://registry.npmjs.org/color cache-miss
88 http fetch GET 200 https://registry.npmjs.org/sliced 74ms (cache miss)
89 silly packumentCache full:https://registry.npmjs.org/sliced set size:undefined disposed:false
90 silly fetch manifest semver@^7.6.3
91 silly packumentCache full:https://registry.npmjs.org/semver cache-miss
92 http fetch GET 200 https://registry.npmjs.org/lodash._bindcallback 51ms (cache miss)
93 silly packumentCache full:https://registry.npmjs.org/lodash._bindcallback set size:undefined disposed:false
94 silly fetch manifest detect-libc@^2.0.3
95 silly packumentCache full:https://registry.npmjs.org/detect-libc cache-miss
96 http fetch GET 200 https://registry.npmjs.org/color 46ms (cache miss)
97 silly packumentCache full:https://registry.npmjs.org/color set size:undefined disposed:false
98 silly fetch manifest @img/sharp-wasm32@0.33.5
99 silly packumentCache full:https://registry.npmjs.org/@img%2fsharp-wasm32 cache-miss
100 http fetch GET 200 https://registry.npmjs.org/semver 67ms (cache updated)
101 silly packumentCache full:https://registry.npmjs.org/semver set size:undefined disposed:false
102 silly fetch manifest @img/sharp-linux-arm@0.33.5
103 silly packumentCache full:https://registry.npmjs.org/@img%2fsharp-linux-arm cache-miss
104 http fetch GET 200 https://registry.npmjs.org/package-json-from-dist 147ms (cache updated)
105 silly packumentCache full:https://registry.npmjs.org/package-json-from-dist set size:undefined disposed:false
106 silly fetch manifest @img/sharp-linux-x64@0.33.5
107 silly packumentCache full:https://registry.npmjs.org/@img%2fsharp-linux-x64 cache-miss
108 http fetch GET 200 https://registry.npmjs.org/minimatch 154ms (cache updated)
109 silly packumentCache full:https://registry.npmjs.org/minimatch set size:undefined disposed:false
110 silly fetch manifest @img/sharp-win32-x64@0.33.5
111 silly packumentCache full:https://registry.npmjs.org/@img%2fsharp-win32-x64 cache-miss
112 http fetch GET 200 https://registry.npmjs.org/detect-libc 64ms (cache updated)
113 silly packumentCache full:https://registry.npmjs.org/detect-libc set size:undefined disposed:false
114 silly fetch manifest @img/sharp-darwin-x64@0.33.5
115 silly packumentCache full:https://registry.npmjs.org/@img%2fsharp-darwin-x64 cache-miss
116 http fetch GET 200 https://registry.npmjs.org/path-scurry 169ms (cache updated)
117 silly packumentCache full:https://registry.npmjs.org/path-scurry set size:undefined disposed:false
118 silly fetch manifest @img/sharp-win32-ia32@0.33.5
119 silly packumentCache full:https://registry.npmjs.org/@img%2fsharp-win32-ia32 cache-miss
120 http fetch GET 200 https://registry.npmjs.org/jackspeak 172ms (cache updated)
121 silly packumentCache full:https://registry.npmjs.org/jackspeak set size:undefined disposed:false
122 silly fetch manifest @img/sharp-linux-arm64@0.33.5
123 silly packumentCache full:https://registry.npmjs.org/@img%2fsharp-linux-arm64 cache-miss
124 http fetch GET 200 https://registry.npmjs.org/@img%2fsharp-wasm32 70ms (cache miss)
125 silly packumentCache full:https://registry.npmjs.org/@img%2fsharp-wasm32 set size:undefined disposed:false
126 silly fetch manifest @img/sharp-linux-s390x@0.33.5
127 silly packumentCache full:https://registry.npmjs.org/@img%2fsharp-linux-s390x cache-miss
128 http fetch GET 200 https://registry.npmjs.org/minipass 182ms (cache updated)
129 silly packumentCache full:https://registry.npmjs.org/minipass set size:undefined disposed:false
130 silly fetch manifest @img/sharp-darwin-arm64@0.33.5
131 silly packumentCache full:https://registry.npmjs.org/@img%2fsharp-darwin-arm64 cache-miss
132 http fetch GET 200 https://registry.npmjs.org/@img%2fsharp-linux-x64 45ms (cache miss)
133 silly packumentCache full:https://registry.npmjs.org/@img%2fsharp-linux-x64 set size:undefined disposed:false
134 silly fetch manifest @img/sharp-linuxmusl-x64@0.33.5
135 silly packumentCache full:https://registry.npmjs.org/@img%2fsharp-linuxmusl-x64 cache-miss
136 http fetch GET 200 https://registry.npmjs.org/@img%2fsharp-linux-arm 64ms (cache miss)
137 silly packumentCache full:https://registry.npmjs.org/@img%2fsharp-linux-arm set size:undefined disposed:false
138 silly fetch manifest @img/sharp-linuxmusl-arm64@0.33.5
139 silly packumentCache full:https://registry.npmjs.org/@img%2fsharp-linuxmusl-arm64 cache-miss
140 http fetch GET 200 https://registry.npmjs.org/@img%2fsharp-win32-x64 61ms (cache miss)
141 silly packumentCache full:https://registry.npmjs.org/@img%2fsharp-win32-x64 set size:undefined disposed:false
142 silly fetch manifest @img/sharp-libvips-linux-arm@1.0.5
143 silly packumentCache full:https://registry.npmjs.org/@img%2fsharp-libvips-linux-arm cache-miss
144 http fetch GET 200 https://registry.npmjs.org/@img%2fsharp-linux-arm64 48ms (cache miss)
145 silly packumentCache full:https://registry.npmjs.org/@img%2fsharp-linux-arm64 set size:undefined disposed:false
146 silly fetch manifest @img/sharp-libvips-linux-x64@1.0.4
147 silly packumentCache full:https://registry.npmjs.org/@img%2fsharp-libvips-linux-x64 cache-miss
148 http fetch GET 200 https://registry.npmjs.org/@img%2fsharp-darwin-x64 58ms (cache miss)
149 silly packumentCache full:https://registry.npmjs.org/@img%2fsharp-darwin-x64 set size:undefined disposed:false
150 silly fetch manifest @img/sharp-libvips-darwin-x64@1.0.4
151 silly packumentCache full:https://registry.npmjs.org/@img%2fsharp-libvips-darwin-x64 cache-miss
152 http fetch GET 200 https://registry.npmjs.org/@img%2fsharp-linux-s390x 50ms (cache miss)
153 silly packumentCache full:https://registry.npmjs.org/@img%2fsharp-linux-s390x set size:undefined disposed:false
154 silly fetch manifest @img/sharp-libvips-linux-arm64@1.0.4
155 silly packumentCache full:https://registry.npmjs.org/@img%2fsharp-libvips-linux-arm64 cache-miss
156 http fetch GET 200 https://registry.npmjs.org/@img%2fsharp-darwin-arm64 65ms (cache miss)
157 silly packumentCache full:https://registry.npmjs.org/@img%2fsharp-darwin-arm64 set size:undefined disposed:false
158 silly fetch manifest @img/sharp-libvips-linux-s390x@1.0.4
159 silly packumentCache full:https://registry.npmjs.org/@img%2fsharp-libvips-linux-s390x cache-miss
160 http fetch GET 200 https://registry.npmjs.org/@img%2fsharp-win32-ia32 81ms (cache miss)
161 silly packumentCache full:https://registry.npmjs.org/@img%2fsharp-win32-ia32 set size:undefined disposed:false
162 silly fetch manifest @img/sharp-libvips-darwin-arm64@1.0.4
163 silly packumentCache full:https://registry.npmjs.org/@img%2fsharp-libvips-darwin-arm64 cache-miss
164 http fetch GET 200 https://registry.npmjs.org/@img%2fsharp-linuxmusl-x64 61ms (cache miss)
165 silly packumentCache full:https://registry.npmjs.org/@img%2fsharp-linuxmusl-x64 set size:undefined disposed:false
166 silly fetch manifest @img/sharp-libvips-linuxmusl-x64@1.0.4
167 silly packumentCache full:https://registry.npmjs.org/@img%2fsharp-libvips-linuxmusl-x64 cache-miss
168 http fetch GET 200 https://registry.npmjs.org/@img%2fsharp-linuxmusl-arm64 46ms (cache miss)
169 silly packumentCache full:https://registry.npmjs.org/@img%2fsharp-linuxmusl-arm64 set size:undefined disposed:false
170 silly fetch manifest @img/sharp-libvips-linuxmusl-arm64@1.0.4
171 silly packumentCache full:https://registry.npmjs.org/@img%2fsharp-libvips-linuxmusl-arm64 cache-miss
172 http fetch GET 200 https://registry.npmjs.org/@img%2fsharp-libvips-linux-arm64 40ms (cache miss)
173 silly packumentCache full:https://registry.npmjs.org/@img%2fsharp-libvips-linux-arm64 set size:undefined disposed:false
174 silly fetch manifest y18n@^5.0.5
175 silly packumentCache full:https://registry.npmjs.org/y18n cache-miss
176 http fetch GET 200 https://registry.npmjs.org/@img%2fsharp-libvips-linux-arm 56ms (cache miss)
177 silly packumentCache full:https://registry.npmjs.org/@img%2fsharp-libvips-linux-arm set size:undefined disposed:false
178 silly fetch manifest cliui@^8.0.1
179 silly packumentCache full:https://registry.npmjs.org/cliui cache-miss
180 http fetch GET 200 https://registry.npmjs.org/@img%2fsharp-libvips-linux-x64 53ms (cache miss)
181 silly packumentCache full:https://registry.npmjs.org/@img%2fsharp-libvips-linux-x64 set size:undefined disposed:false
182 silly fetch manifest escalade@^3.1.1
183 silly packumentCache full:https://registry.npmjs.org/escalade cache-miss
184 http fetch GET 200 https://registry.npmjs.org/@img%2fsharp-libvips-darwin-x64 61ms (cache miss)
185 silly packumentCache full:https://registry.npmjs.org/@img%2fsharp-libvips-darwin-x64 set size:undefined disposed:false
186 silly fetch manifest string-width@^4.2.3
187 silly packumentCache full:https://registry.npmjs.org/string-width cache-miss
188 http fetch GET 200 https://registry.npmjs.org/@img%2fsharp-libvips-linuxmusl-x64 40ms (cache miss)
189 silly packumentCache full:https://registry.npmjs.org/@img%2fsharp-libvips-linuxmusl-x64 set size:undefined disposed:false
190 silly fetch manifest yargs-parser@^21.1.1
191 silly packumentCache full:https://registry.npmjs.org/yargs-parser cache-miss
192 http fetch GET 200 https://registry.npmjs.org/@img%2fsharp-libvips-linuxmusl-arm64 47ms (cache miss)
193 silly packumentCache full:https://registry.npmjs.org/@img%2fsharp-libvips-linuxmusl-arm64 set size:undefined disposed:false
194 silly fetch manifest get-caller-file@^2.0.5
195 silly packumentCache full:https://registry.npmjs.org/get-caller-file cache-miss
196 http fetch GET 200 https://registry.npmjs.org/escalade 49ms (cache updated)
197 silly packumentCache full:https://registry.npmjs.org/escalade set size:undefined disposed:false
198 silly fetch manifest require-directory@^2.1.1
199 silly packumentCache full:https://registry.npmjs.org/require-directory cache-miss
200 http fetch GET 200 https://registry.npmjs.org/@img%2fsharp-libvips-darwin-arm64 80ms (cache miss)
201 silly packumentCache full:https://registry.npmjs.org/@img%2fsharp-libvips-darwin-arm64 set size:undefined disposed:false
202 http fetch GET 200 https://registry.npmjs.org/y18n 59ms (cache updated)
203 silly packumentCache full:https://registry.npmjs.org/y18n set size:undefined disposed:false
204 http fetch GET 200 https://registry.npmjs.org/@img%2fsharp-libvips-linux-s390x 85ms (cache miss)
205 silly packumentCache full:https://registry.npmjs.org/@img%2fsharp-libvips-linux-s390x set size:undefined disposed:false
206 http fetch GET 200 https://registry.npmjs.org/cliui 63ms (cache updated)
207 silly packumentCache full:https://registry.npmjs.org/cliui set size:undefined disposed:false
208 http fetch GET 200 https://registry.npmjs.org/string-width 56ms (cache updated)
209 silly packumentCache full:https://registry.npmjs.org/string-width set size:undefined disposed:false
210 http fetch GET 200 https://registry.npmjs.org/yargs-parser 51ms (cache updated)
211 silly packumentCache full:https://registry.npmjs.org/yargs-parser set size:undefined disposed:false
212 http fetch GET 200 https://registry.npmjs.org/get-caller-file 45ms (cache updated)
213 silly packumentCache full:https://registry.npmjs.org/get-caller-file set size:undefined disposed:false
214 http fetch GET 200 https://registry.npmjs.org/require-directory 49ms (cache updated)
215 silly packumentCache full:https://registry.npmjs.org/require-directory set size:undefined disposed:false
216 http fetch GET 200 https://registry.npmjs.org/lodash._pickbyarray 494ms (cache miss)
217 silly packumentCache full:https://registry.npmjs.org/lodash._pickbyarray set size:undefined disposed:false
218 http fetch GET 200 https://registry.npmjs.org/lodash._baseflatten 497ms (cache miss)
219 silly packumentCache full:https://registry.npmjs.org/lodash._baseflatten set size:undefined disposed:false
220 http fetch GET 200 https://registry.npmjs.org/lodash._pickbycallback 533ms (cache miss)
221 silly packumentCache full:https://registry.npmjs.org/lodash._pickbycallback set size:undefined disposed:false
222 silly placeDep ROOT once@1.4.0 OK for: bubble-stream-error@1.0.0 want: ^1.3.3
223 silly placeDep ROOT sliced@1.0.1 OK for: bubble-stream-error@1.0.0 want: ^1.0.1
224 silly fetch manifest wrappy@1
225 silly packumentCache full:https://registry.npmjs.org/wrappy cache-miss
226 http fetch GET 200 https://registry.npmjs.org/wrappy 63ms (cache updated)
227 silly packumentCache full:https://registry.npmjs.org/wrappy set size:undefined disposed:false
228 silly placeDep ROOT foreground-child@3.3.1 OK for: glob@11.0.2 want: ^3.1.0
229 silly placeDep ROOT jackspeak@4.1.0 OK for: glob@11.0.2 want: ^4.0.1
230 silly placeDep ROOT minimatch@10.0.1 OK for: glob@11.0.2 want: ^10.0.0
231 silly placeDep ROOT minipass@7.1.2 OK for: glob@11.0.2 want: ^7.1.2
232 silly placeDep ROOT package-json-from-dist@1.0.1 OK for: glob@11.0.2 want: ^1.0.0
233 silly placeDep ROOT path-scurry@2.0.0 OK for: glob@11.0.2 want: ^2.0.0
234 silly fetch manifest cross-spawn@^7.0.6
235 silly packumentCache full:https://registry.npmjs.org/cross-spawn cache-miss
236 silly fetch manifest signal-exit@^4.0.1
237 silly packumentCache full:https://registry.npmjs.org/signal-exit cache-miss
238 silly fetch manifest @isaacs/cliui@^8.0.2
239 silly packumentCache full:https://registry.npmjs.org/@isaacs%2fcliui cache-miss
240 silly fetch manifest brace-expansion@^2.0.1
241 silly packumentCache full:https://registry.npmjs.org/brace-expansion cache-miss
242 silly fetch manifest lru-cache@^11.0.0
243 silly packumentCache full:https://registry.npmjs.org/lru-cache cache-miss
244 http fetch GET 200 https://registry.npmjs.org/signal-exit 47ms (cache updated)
245 silly packumentCache full:https://registry.npmjs.org/signal-exit set size:undefined disposed:false
246 http fetch GET 200 https://registry.npmjs.org/cross-spawn 49ms (cache updated)
247 silly packumentCache full:https://registry.npmjs.org/cross-spawn set size:undefined disposed:false
248 http fetch GET 200 https://registry.npmjs.org/brace-expansion 56ms (cache updated)
249 silly packumentCache full:https://registry.npmjs.org/brace-expansion set size:undefined disposed:false
250 http fetch GET 200 https://registry.npmjs.org/@isaacs%2fcliui 58ms (cache updated)
251 silly packumentCache full:https://registry.npmjs.org/@isaacs%2fcliui set size:undefined disposed:false
252 http fetch GET 200 https://registry.npmjs.org/lru-cache 59ms (cache updated)
253 silly packumentCache full:https://registry.npmjs.org/lru-cache set size:undefined disposed:false
254 silly placeDep ROOT cross-spawn@7.0.6 OK for: foreground-child@3.3.1 want: ^7.0.6
255 silly placeDep ROOT signal-exit@4.1.0 OK for: foreground-child@3.3.1 want: ^4.0.1
256 silly fetch manifest which@^2.0.1
257 silly packumentCache full:https://registry.npmjs.org/which cache-miss
258 silly fetch manifest path-key@^3.1.0
259 silly packumentCache full:https://registry.npmjs.org/path-key cache-miss
260 silly fetch manifest shebang-command@^2.0.0
261 silly packumentCache full:https://registry.npmjs.org/shebang-command cache-miss
262 http fetch GET 200 https://registry.npmjs.org/path-key 46ms (cache updated)
263 silly packumentCache full:https://registry.npmjs.org/path-key set size:undefined disposed:false
264 http fetch GET 200 https://registry.npmjs.org/shebang-command 47ms (cache updated)
265 silly packumentCache full:https://registry.npmjs.org/shebang-command set size:undefined disposed:false
266 http fetch GET 200 https://registry.npmjs.org/which 51ms (cache updated)
267 silly packumentCache full:https://registry.npmjs.org/which set size:undefined disposed:false
268 silly placeDep ROOT path-key@3.1.1 OK for: cross-spawn@7.0.6 want: ^3.1.0
269 silly placeDep ROOT shebang-command@2.0.0 OK for: cross-spawn@7.0.6 want: ^2.0.0
270 silly placeDep ROOT which@2.0.2 OK for: cross-spawn@7.0.6 want: ^2.0.1
271 silly fetch manifest shebang-regex@^3.0.0
272 silly packumentCache full:https://registry.npmjs.org/shebang-regex cache-miss
273 silly fetch manifest isexe@^2.0.0
274 silly packumentCache full:https://registry.npmjs.org/isexe cache-miss
275 http fetch GET 200 https://registry.npmjs.org/shebang-regex 34ms (cache updated)
276 silly packumentCache full:https://registry.npmjs.org/shebang-regex set size:undefined disposed:false
277 http fetch GET 200 https://registry.npmjs.org/isexe 39ms (cache updated)
278 silly packumentCache full:https://registry.npmjs.org/isexe set size:undefined disposed:false
279 silly placeDep ROOT @isaacs/cliui@8.0.2 OK for: jackspeak@4.1.0 want: ^8.0.2
280 silly fetch manifest string-width@^5.1.2
281 silly packumentCache full:https://registry.npmjs.org/string-width cache-miss
282 silly fetch manifest string-width-cjs@npm:string-width@^4.2.0
283 silly packumentCache full:https://registry.npmjs.org/string-width cache-miss
284 silly fetch manifest strip-ansi@^7.0.1
285 silly packumentCache full:https://registry.npmjs.org/strip-ansi cache-miss
286 silly fetch manifest strip-ansi-cjs@npm:strip-ansi@^6.0.1
287 silly packumentCache full:https://registry.npmjs.org/strip-ansi cache-miss
288 silly fetch manifest wrap-ansi@^8.1.0
289 silly packumentCache full:https://registry.npmjs.org/wrap-ansi cache-miss
290 silly fetch manifest wrap-ansi-cjs@npm:wrap-ansi@^7.0.0
291 silly packumentCache full:https://registry.npmjs.org/wrap-ansi cache-miss
292 http cache https://registry.npmjs.org/string-width 13ms (cache hit)
293 silly packumentCache full:https://registry.npmjs.org/string-width set size:61460 disposed:false
294 http cache https://registry.npmjs.org/string-width 18ms (cache hit)
295 silly packumentCache full:https://registry.npmjs.org/string-width set size:61460 disposed:false
296 silly packumentCache full:https://registry.npmjs.org/string-width dispose
297 http fetch GET 200 https://registry.npmjs.org/strip-ansi 37ms (cache updated)
298 silly packumentCache full:https://registry.npmjs.org/strip-ansi set size:undefined disposed:false
299 http fetch GET 200 https://registry.npmjs.org/strip-ansi 40ms (cache updated)
300 silly packumentCache full:https://registry.npmjs.org/strip-ansi set size:undefined disposed:false
301 http fetch GET 200 https://registry.npmjs.org/wrap-ansi 46ms (cache updated)
302 silly packumentCache full:https://registry.npmjs.org/wrap-ansi set size:undefined disposed:false
303 http fetch GET 200 https://registry.npmjs.org/wrap-ansi 47ms (cache updated)
304 silly packumentCache full:https://registry.npmjs.org/wrap-ansi set size:undefined disposed:false
305 silly placeDep ROOT string-width@5.1.2 OK for: @isaacs/cliui@8.0.2 want: ^5.1.2
306 silly placeDep ROOT string-width-cjs@4.2.3 OK for: @isaacs/cliui@8.0.2 want: npm:string-width@^4.2.0
307 silly placeDep ROOT strip-ansi@7.1.0 OK for: @isaacs/cliui@8.0.2 want: ^7.0.1
308 silly placeDep ROOT strip-ansi-cjs@6.0.1 OK for: @isaacs/cliui@8.0.2 want: npm:strip-ansi@^6.0.1
309 silly placeDep ROOT wrap-ansi@8.1.0 OK for: @isaacs/cliui@8.0.2 want: ^8.1.0
310 silly placeDep ROOT wrap-ansi-cjs@7.0.0 OK for: @isaacs/cliui@8.0.2 want: npm:wrap-ansi@^7.0.0
311 silly fetch manifest emoji-regex@^9.2.2
312 silly packumentCache full:https://registry.npmjs.org/emoji-regex cache-miss
313 silly fetch manifest eastasianwidth@^0.2.0
314 silly packumentCache full:https://registry.npmjs.org/eastasianwidth cache-miss
315 silly fetch manifest strip-ansi@^6.0.1
316 silly packumentCache full:https://registry.npmjs.org/strip-ansi cache-miss
317 silly fetch manifest emoji-regex@^8.0.0
318 silly packumentCache full:https://registry.npmjs.org/emoji-regex cache-miss
319 silly fetch manifest is-fullwidth-code-point@^3.0.0
320 silly packumentCache full:https://registry.npmjs.org/is-fullwidth-code-point cache-miss
321 silly fetch manifest ansi-regex@^6.0.1
322 silly packumentCache full:https://registry.npmjs.org/ansi-regex cache-miss
323 silly fetch manifest ansi-regex@^5.0.1
324 silly packumentCache full:https://registry.npmjs.org/ansi-regex cache-miss
325 silly fetch manifest ansi-styles@^6.1.0
326 silly packumentCache full:https://registry.npmjs.org/ansi-styles cache-miss
327 silly fetch manifest ansi-styles@^4.0.0
328 silly packumentCache full:https://registry.npmjs.org/ansi-styles cache-miss
329 silly fetch manifest string-width@^4.1.0
330 silly packumentCache full:https://registry.npmjs.org/string-width cache-hit
331 silly fetch manifest strip-ansi@^6.0.0
332 silly packumentCache full:https://registry.npmjs.org/strip-ansi cache-miss
333 http cache https://registry.npmjs.org/strip-ansi 27ms (cache hit)
334 silly packumentCache full:https://registry.npmjs.org/strip-ansi set size:43180 disposed:false
335 http cache https://registry.npmjs.org/strip-ansi 31ms (cache hit)
336 silly packumentCache full:https://registry.npmjs.org/strip-ansi set size:43180 disposed:false
337 silly packumentCache full:https://registry.npmjs.org/strip-ansi dispose
338 http fetch GET 200 https://registry.npmjs.org/ansi-styles 56ms (cache updated)
339 silly packumentCache full:https://registry.npmjs.org/ansi-styles set size:undefined disposed:false
340 http fetch GET 200 https://registry.npmjs.org/is-fullwidth-code-point 60ms (cache updated)
341 silly packumentCache full:https://registry.npmjs.org/is-fullwidth-code-point set size:undefined disposed:false
342 http fetch GET 200 https://registry.npmjs.org/eastasianwidth 61ms (cache updated)
343 silly packumentCache full:https://registry.npmjs.org/eastasianwidth set size:undefined disposed:false
344 http fetch GET 200 https://registry.npmjs.org/emoji-regex 62ms (cache updated)
345 silly packumentCache full:https://registry.npmjs.org/emoji-regex set size:undefined disposed:false
346 http fetch GET 200 https://registry.npmjs.org/emoji-regex 65ms (cache updated)
347 silly packumentCache full:https://registry.npmjs.org/emoji-regex set size:undefined disposed:false
348 http fetch GET 200 https://registry.npmjs.org/ansi-styles 63ms (cache updated)
349 silly packumentCache full:https://registry.npmjs.org/ansi-styles set size:undefined disposed:false
350 http fetch GET 200 https://registry.npmjs.org/ansi-regex 65ms (cache updated)
351 silly packumentCache full:https://registry.npmjs.org/ansi-regex set size:undefined disposed:false
352 http fetch GET 200 https://registry.npmjs.org/ansi-regex 65ms (cache updated)
353 silly packumentCache full:https://registry.npmjs.org/ansi-regex set size:undefined disposed:false
354 silly placeDep ROOT lodash._baseflatten@3.1.4 OK for: lodash.pick@3.1.0 want: ^3.0.0
355 silly placeDep ROOT lodash._bindcallback@3.0.1 OK for: lodash.pick@3.1.0 want: ^3.0.0
356 silly placeDep ROOT lodash._pickbyarray@3.0.2 OK for: lodash.pick@3.1.0 want: ^3.0.0
357 silly placeDep ROOT lodash._pickbycallback@3.0.0 OK for: lodash.pick@3.1.0 want: ^3.0.0
358 silly placeDep ROOT lodash.restparam@3.6.1 OK for: lodash.pick@3.1.0 want: ^3.0.0
359 silly fetch manifest lodash.isarguments@^3.0.0
360 silly packumentCache full:https://registry.npmjs.org/lodash.isarguments cache-miss
361 silly fetch manifest lodash.isarray@^3.0.0
362 silly packumentCache full:https://registry.npmjs.org/lodash.isarray cache-miss
363 silly fetch manifest lodash._basefor@^3.0.0
364 silly packumentCache full:https://registry.npmjs.org/lodash._basefor cache-miss
365 silly fetch manifest lodash.keysin@^3.0.0
366 silly packumentCache full:https://registry.npmjs.org/lodash.keysin cache-miss
367 http fetch GET 200 https://registry.npmjs.org/lodash.isarguments 54ms (cache miss)
368 silly packumentCache full:https://registry.npmjs.org/lodash.isarguments set size:undefined disposed:false
369 http fetch GET 200 https://registry.npmjs.org/lodash.isarray 54ms (cache miss)
370 silly packumentCache full:https://registry.npmjs.org/lodash.isarray set size:undefined disposed:false
371 http fetch GET 200 https://registry.npmjs.org/lodash._basefor 61ms (cache miss)
372 silly packumentCache full:https://registry.npmjs.org/lodash._basefor set size:undefined disposed:false
373 http fetch GET 200 https://registry.npmjs.org/lodash.keysin 472ms (cache miss)
374 silly packumentCache full:https://registry.npmjs.org/lodash.keysin set size:undefined disposed:false
375 silly placeDep ROOT lodash.isarguments@3.1.0 OK for: lodash._baseflatten@3.1.4 want: ^3.0.0
376 silly placeDep ROOT lodash.isarray@3.0.4 OK for: lodash._baseflatten@3.1.4 want: ^3.0.0
377 silly placeDep ROOT lodash._basefor@3.0.3 OK for: lodash._pickbycallback@3.0.0 want: ^3.0.0
378 silly placeDep ROOT lodash.keysin@3.0.8 OK for: lodash._pickbycallback@3.0.0 want: ^3.0.0
379 silly placeDep ROOT brace-expansion@2.0.1 OK for: minimatch@10.0.1 want: ^2.0.1
380 silly fetch manifest balanced-match@^1.0.0
381 silly packumentCache full:https://registry.npmjs.org/balanced-match cache-miss
382 http fetch GET 200 https://registry.npmjs.org/balanced-match 42ms (cache updated)
383 silly packumentCache full:https://registry.npmjs.org/balanced-match set size:undefined disposed:false
384 silly placeDep ROOT balanced-match@1.0.2 OK for: brace-expansion@2.0.1 want: ^1.0.0
385 silly placeDep ROOT wrappy@1.0.2 OK for: once@1.4.0 want: 1
386 silly placeDep ROOT lru-cache@11.1.0 OK for: path-scurry@2.0.0 want: ^11.0.0
387 silly placeDep ROOT @img/sharp-darwin-arm64@0.33.5 OK for: sharp@0.33.5 want: 0.33.5
388 silly placeDep ROOT @img/sharp-darwin-x64@0.33.5 OK for: sharp@0.33.5 want: 0.33.5
389 silly placeDep ROOT @img/sharp-libvips-darwin-arm64@1.0.4 OK for: sharp@0.33.5 want: 1.0.4
390 silly placeDep ROOT @img/sharp-libvips-darwin-x64@1.0.4 OK for: sharp@0.33.5 want: 1.0.4
391 silly placeDep ROOT @img/sharp-libvips-linux-arm@1.0.5 OK for: sharp@0.33.5 want: 1.0.5
392 silly placeDep ROOT @img/sharp-libvips-linux-arm64@1.0.4 OK for: sharp@0.33.5 want: 1.0.4
393 silly placeDep ROOT @img/sharp-libvips-linux-s390x@1.0.4 OK for: sharp@0.33.5 want: 1.0.4
394 silly placeDep ROOT @img/sharp-libvips-linux-x64@1.0.4 OK for: sharp@0.33.5 want: 1.0.4
395 silly placeDep ROOT @img/sharp-libvips-linuxmusl-arm64@1.0.4 OK for: sharp@0.33.5 want: 1.0.4
396 silly placeDep ROOT @img/sharp-libvips-linuxmusl-x64@1.0.4 OK for: sharp@0.33.5 want: 1.0.4
397 silly placeDep ROOT @img/sharp-linux-arm@0.33.5 OK for: sharp@0.33.5 want: 0.33.5
398 silly placeDep ROOT @img/sharp-linux-arm64@0.33.5 OK for: sharp@0.33.5 want: 0.33.5
399 silly placeDep ROOT @img/sharp-linux-s390x@0.33.5 OK for: sharp@0.33.5 want: 0.33.5
400 silly placeDep ROOT @img/sharp-linux-x64@0.33.5 OK for: sharp@0.33.5 want: 0.33.5
401 silly placeDep ROOT @img/sharp-linuxmusl-arm64@0.33.5 OK for: sharp@0.33.5 want: 0.33.5
402 silly placeDep ROOT @img/sharp-linuxmusl-x64@0.33.5 OK for: sharp@0.33.5 want: 0.33.5
403 silly placeDep ROOT @img/sharp-wasm32@0.33.5 OK for: sharp@0.33.5 want: 0.33.5
404 silly placeDep ROOT @img/sharp-win32-ia32@0.33.5 OK for: sharp@0.33.5 want: 0.33.5
405 silly placeDep ROOT @img/sharp-win32-x64@0.33.5 OK for: sharp@0.33.5 want: 0.33.5
406 silly placeDep ROOT color@4.2.3 OK for: sharp@0.33.5 want: ^4.2.3
407 silly placeDep ROOT detect-libc@2.0.4 OK for: sharp@0.33.5 want: ^2.0.3
408 silly placeDep ROOT semver@7.7.1 OK for: sharp@0.33.5 want: ^7.6.3
409 silly fetch manifest @emnapi/runtime@^1.2.0
410 silly packumentCache full:https://registry.npmjs.org/@emnapi%2fruntime cache-miss
411 silly fetch manifest color-string@^1.9.0
412 silly packumentCache full:https://registry.npmjs.org/color-string cache-miss
413 silly fetch manifest color-convert@^2.0.1
414 silly packumentCache full:https://registry.npmjs.org/color-convert cache-miss
415 http fetch GET 200 https://registry.npmjs.org/color-convert 39ms (cache updated)
416 silly packumentCache full:https://registry.npmjs.org/color-convert set size:undefined disposed:false
417 http fetch GET 200 https://registry.npmjs.org/color-string 42ms (cache miss)
418 silly packumentCache full:https://registry.npmjs.org/color-string set size:undefined disposed:false
419 http fetch GET 200 https://registry.npmjs.org/@emnapi%2fruntime 49ms (cache updated)
420 silly packumentCache full:https://registry.npmjs.org/@emnapi%2fruntime set size:undefined disposed:false
421 silly placeDep ROOT @emnapi/runtime@1.4.3 OK for: @img/sharp-wasm32@0.33.5 want: ^1.2.0
422 silly fetch manifest tslib@^2.4.0
423 silly packumentCache full:https://registry.npmjs.org/tslib cache-miss
424 http fetch GET 200 https://registry.npmjs.org/tslib 33ms (cache updated)
425 silly packumentCache full:https://registry.npmjs.org/tslib set size:undefined disposed:false
426 silly placeDep ROOT tslib@2.8.1 OK for: @emnapi/runtime@1.4.3 want: ^2.4.0
427 silly placeDep ROOT color-convert@2.0.1 OK for: color@4.2.3 want: ^2.0.1
428 silly placeDep ROOT color-string@1.9.1 OK for: color@4.2.3 want: ^1.9.0
429 silly fetch manifest color-name@~1.1.4
430 silly packumentCache full:https://registry.npmjs.org/color-name cache-miss
431 silly fetch manifest color-name@^1.0.0
432 silly packumentCache full:https://registry.npmjs.org/color-name cache-miss
433 silly fetch manifest simple-swizzle@^0.2.2
434 silly packumentCache full:https://registry.npmjs.org/simple-swizzle cache-miss
435 http fetch GET 200 https://registry.npmjs.org/simple-swizzle 29ms (cache miss)
436 silly packumentCache full:https://registry.npmjs.org/simple-swizzle set size:undefined disposed:false
437 http fetch GET 200 https://registry.npmjs.org/color-name 63ms (cache updated)
438 silly packumentCache full:https://registry.npmjs.org/color-name set size:undefined disposed:false
439 http fetch GET 200 https://registry.npmjs.org/color-name 67ms (cache updated)
440 silly packumentCache full:https://registry.npmjs.org/color-name set size:undefined disposed:false
441 silly placeDep ROOT color-name@1.1.4 OK for: color-convert@2.0.1 want: ~1.1.4
442 silly placeDep ROOT simple-swizzle@0.2.2 OK for: color-string@1.9.1 want: ^0.2.2
443 silly fetch manifest is-arrayish@^0.3.1
444 silly packumentCache full:https://registry.npmjs.org/is-arrayish cache-miss
445 http fetch GET 200 https://registry.npmjs.org/is-arrayish 32ms (cache miss)
446 silly packumentCache full:https://registry.npmjs.org/is-arrayish set size:undefined disposed:false
447 silly placeDep ROOT shebang-regex@3.0.0 OK for: shebang-command@2.0.0 want: ^3.0.0
448 silly placeDep ROOT is-arrayish@0.3.2 OK for: simple-swizzle@0.2.2 want: ^0.3.1
449 silly placeDep ROOT eastasianwidth@0.2.0 OK for: string-width@5.1.2 want: ^0.2.0
450 silly placeDep ROOT emoji-regex@9.2.2 OK for: string-width@5.1.2 want: ^9.2.2
451 silly placeDep node_modules/string-width-cjs emoji-regex@8.0.0 OK for: string-width@4.2.3 want: ^8.0.0
452 silly placeDep ROOT is-fullwidth-code-point@3.0.0 OK for: string-width@4.2.3 want: ^3.0.0
453 silly placeDep node_modules/string-width-cjs strip-ansi@6.0.1 OK for: string-width@4.2.3 want: ^6.0.1
454 silly placeDep ROOT ansi-regex@6.1.0 OK for: strip-ansi@7.1.0 want: ^6.0.1
455 silly placeDep node_modules/strip-ansi-cjs ansi-regex@5.0.1 OK for: strip-ansi@6.0.1 want: ^5.0.1
456 silly placeDep ROOT isexe@2.0.0 OK for: which@2.0.2 want: ^2.0.0
457 silly placeDep ROOT ansi-styles@6.2.1 OK for: wrap-ansi@8.1.0 want: ^6.1.0
458 silly placeDep node_modules/wrap-ansi-cjs ansi-styles@4.3.0 OK for: wrap-ansi@7.0.0 want: ^4.0.0
459 silly placeDep node_modules/wrap-ansi-cjs string-width@4.2.3 OK for: wrap-ansi@7.0.0 want: ^4.1.0
460 silly placeDep node_modules/wrap-ansi-cjs strip-ansi@6.0.1 OK for: wrap-ansi@7.0.0 want: ^6.0.0
461 silly placeDep ROOT cliui@8.0.1 OK for: yargs@17.7.2 want: ^8.0.1
462 silly placeDep ROOT escalade@3.2.0 OK for: yargs@17.7.2 want: ^3.1.1
463 silly placeDep ROOT get-caller-file@2.0.5 OK for: yargs@17.7.2 want: ^2.0.5
464 silly placeDep ROOT require-directory@2.1.1 OK for: yargs@17.7.2 want: ^2.1.1
465 silly placeDep node_modules/yargs string-width@4.2.3 OK for: yargs@17.7.2 want: ^4.2.3
466 silly placeDep ROOT y18n@5.0.8 OK for: yargs@17.7.2 want: ^5.0.5
467 silly placeDep ROOT yargs-parser@21.1.1 OK for: yargs@17.7.2 want: ^21.1.1
468 silly fetch manifest wrap-ansi@^7.0.0
469 silly packumentCache full:https://registry.npmjs.org/wrap-ansi cache-miss
470 silly fetch manifest string-width@^4.2.0
471 silly packumentCache full:https://registry.npmjs.org/string-width cache-hit
472 http cache https://registry.npmjs.org/wrap-ansi 10ms (cache hit)
473 silly packumentCache full:https://registry.npmjs.org/wrap-ansi set size:51143 disposed:false
474 silly placeDep node_modules/cliui string-width@4.2.3 OK for: cliui@8.0.1 want: ^4.2.0
475 silly placeDep node_modules/cliui strip-ansi@6.0.1 OK for: cliui@8.0.1 want: ^6.0.1
476 silly placeDep node_modules/cliui wrap-ansi@7.0.0 OK for: cliui@8.0.1 want: ^7.0.0
477 silly placeDep node_modules/cliui emoji-regex@8.0.0 OK for: string-width@4.2.3 want: ^8.0.0
478 silly placeDep node_modules/cliui ansi-regex@5.0.1 OK for: strip-ansi@6.0.1 want: ^5.0.1
479 silly placeDep node_modules/cliui ansi-styles@4.3.0 OK for: wrap-ansi@7.0.0 want: ^4.0.0
480 silly placeDep node_modules/string-width-cjs ansi-regex@5.0.1 OK for: strip-ansi@6.0.1 want: ^5.0.1
481 silly placeDep node_modules/wrap-ansi-cjs emoji-regex@8.0.0 OK for: string-width@4.2.3 want: ^8.0.0
482 silly placeDep node_modules/wrap-ansi-cjs ansi-regex@5.0.1 OK for: strip-ansi@6.0.1 want: ^5.0.1
483 silly placeDep node_modules/yargs emoji-regex@8.0.0 OK for: string-width@4.2.3 want: ^8.0.0
484 silly placeDep node_modules/yargs strip-ansi@6.0.1 OK for: string-width@4.2.3 want: ^6.0.1
485 silly placeDep node_modules/yargs ansi-regex@5.0.1 OK for: strip-ansi@6.0.1 want: ^5.0.1
486 silly reify moves {}
487 silly audit bulk request {
487 silly audit   'sharp-cli': [ '5.1.0' ],
487 silly audit   'bubble-stream-error': [ '1.0.0' ],
487 silly audit   glob: [ '11.0.2' ],
487 silly audit   'is-directory': [ '0.3.1' ],
487 silly audit   'lodash.pick': [ '3.1.0' ],
487 silly audit   sharp: [ '0.33.5' ],
487 silly audit   yargs: [ '17.7.2' ],
487 silly audit   once: [ '1.4.0' ],
487 silly audit   sliced: [ '1.0.1' ],
487 silly audit   'foreground-child': [ '3.3.1' ],
487 silly audit   jackspeak: [ '4.1.0' ],
487 silly audit   minimatch: [ '10.0.1' ],
487 silly audit   minipass: [ '7.1.2' ],
487 silly audit   'package-json-from-dist': [ '1.0.1' ],
487 silly audit   'path-scurry': [ '2.0.0' ],
487 silly audit   'cross-spawn': [ '7.0.6' ],
487 silly audit   'signal-exit': [ '4.1.0' ],
487 silly audit   'path-key': [ '3.1.1' ],
487 silly audit   'shebang-command': [ '2.0.0' ],
487 silly audit   which: [ '2.0.2' ],
487 silly audit   '@isaacs/cliui': [ '8.0.2' ],
487 silly audit   'string-width': [ '5.1.2', '4.2.3' ],
487 silly audit   'strip-ansi': [ '7.1.0', '6.0.1' ],
487 silly audit   'wrap-ansi': [ '8.1.0', '7.0.0' ],
487 silly audit   'lodash._baseflatten': [ '3.1.4' ],
487 silly audit   'lodash._bindcallback': [ '3.0.1' ],
487 silly audit   'lodash._pickbyarray': [ '3.0.2' ],
487 silly audit   'lodash._pickbycallback': [ '3.0.0' ],
487 silly audit   'lodash.restparam': [ '3.6.1' ],
487 silly audit   'lodash.isarguments': [ '3.1.0' ],
487 silly audit   'lodash.isarray': [ '3.0.4' ],
487 silly audit   'lodash._basefor': [ '3.0.3' ],
487 silly audit   'lodash.keysin': [ '3.0.8' ],
487 silly audit   'brace-expansion': [ '2.0.1' ],
487 silly audit   'balanced-match': [ '1.0.2' ],
487 silly audit   wrappy: [ '1.0.2' ],
487 silly audit   'lru-cache': [ '11.1.0' ],
487 silly audit   '@img/sharp-darwin-arm64': [ '0.33.5' ],
487 silly audit   '@img/sharp-darwin-x64': [ '0.33.5' ],
487 silly audit   '@img/sharp-libvips-darwin-arm64': [ '1.0.4' ],
487 silly audit   '@img/sharp-libvips-darwin-x64': [ '1.0.4' ],
487 silly audit   '@img/sharp-libvips-linux-arm': [ '1.0.5' ],
487 silly audit   '@img/sharp-libvips-linux-arm64': [ '1.0.4' ],
487 silly audit   '@img/sharp-libvips-linux-s390x': [ '1.0.4' ],
487 silly audit   '@img/sharp-libvips-linux-x64': [ '1.0.4' ],
487 silly audit   '@img/sharp-libvips-linuxmusl-arm64': [ '1.0.4' ],
487 silly audit   '@img/sharp-libvips-linuxmusl-x64': [ '1.0.4' ],
487 silly audit   '@img/sharp-linux-arm': [ '0.33.5' ],
487 silly audit   '@img/sharp-linux-arm64': [ '0.33.5' ],
487 silly audit   '@img/sharp-linux-s390x': [ '0.33.5' ],
487 silly audit   '@img/sharp-linux-x64': [ '0.33.5' ],
487 silly audit   '@img/sharp-linuxmusl-arm64': [ '0.33.5' ],
487 silly audit   '@img/sharp-linuxmusl-x64': [ '0.33.5' ],
487 silly audit   '@img/sharp-wasm32': [ '0.33.5' ],
487 silly audit   '@img/sharp-win32-ia32': [ '0.33.5' ],
487 silly audit   '@img/sharp-win32-x64': [ '0.33.5' ],
487 silly audit   color: [ '4.2.3' ],
487 silly audit   'detect-libc': [ '2.0.4' ],
487 silly audit   semver: [ '7.7.1' ],
487 silly audit   '@emnapi/runtime': [ '1.4.3' ],
487 silly audit   tslib: [ '2.8.1' ],
487 silly audit   'color-convert': [ '2.0.1' ],
487 silly audit   'color-string': [ '1.9.1' ],
487 silly audit   'color-name': [ '1.1.4' ],
487 silly audit   'simple-swizzle': [ '0.2.2' ],
487 silly audit   'shebang-regex': [ '3.0.0' ],
487 silly audit   'is-arrayish': [ '0.3.2' ],
487 silly audit   eastasianwidth: [ '0.2.0' ],
487 silly audit   'emoji-regex': [ '9.2.2', '8.0.0' ],
487 silly audit   'is-fullwidth-code-point': [ '3.0.0' ],
487 silly audit   'ansi-regex': [ '6.1.0', '5.0.1' ],
487 silly audit   isexe: [ '2.0.0' ],
487 silly audit   'ansi-styles': [ '6.2.1', '4.3.0' ],
487 silly audit   cliui: [ '8.0.1' ],
487 silly audit   escalade: [ '3.2.0' ],
487 silly audit   'get-caller-file': [ '2.0.5' ],
487 silly audit   'require-directory': [ '2.1.1' ],
487 silly audit   y18n: [ '5.0.8' ],
487 silly audit   'yargs-parser': [ '21.1.1' ]
487 silly audit }
488 verbose reify failed optional dependency C:\Users\akito\git\calculator\%APPDATA%\npm-cache\_npx\76dc10efc80ca823\node_modules\@img\sharp-win32-ia32
489 silly reify mark deleted [
489 silly reify   'C:\\Users\\akito\\git\\calculator\\%APPDATA%\\npm-cache\\_npx\\76dc10efc80ca823\\node_modules\\@img\\sharp-win32-ia32'
489 silly reify ]
490 verbose reify failed optional dependency C:\Users\akito\git\calculator\%APPDATA%\npm-cache\_npx\76dc10efc80ca823\node_modules\@img\sharp-wasm32
491 silly reify mark deleted [
491 silly reify   'C:\\Users\\akito\\git\\calculator\\%APPDATA%\\npm-cache\\_npx\\76dc10efc80ca823\\node_modules\\@img\\sharp-wasm32'
491 silly reify ]
492 verbose reify failed optional dependency C:\Users\akito\git\calculator\%APPDATA%\npm-cache\_npx\76dc10efc80ca823\node_modules\@emnapi\runtime
493 silly reify mark deleted [
493 silly reify   'C:\\Users\\akito\\git\\calculator\\%APPDATA%\\npm-cache\\_npx\\76dc10efc80ca823\\node_modules\\@emnapi\\runtime'
493 silly reify ]
494 verbose reify failed optional dependency C:\Users\akito\git\calculator\%APPDATA%\npm-cache\_npx\76dc10efc80ca823\node_modules\tslib
495 silly reify mark deleted [
495 silly reify   'C:\\Users\\akito\\git\\calculator\\%APPDATA%\\npm-cache\\_npx\\76dc10efc80ca823\\node_modules\\tslib'
495 silly reify ]
496 verbose reify failed optional dependency C:\Users\akito\git\calculator\%APPDATA%\npm-cache\_npx\76dc10efc80ca823\node_modules\@img\sharp-linuxmusl-x64
497 silly reify mark deleted [
497 silly reify   'C:\\Users\\akito\\git\\calculator\\%APPDATA%\\npm-cache\\_npx\\76dc10efc80ca823\\node_modules\\@img\\sharp-linuxmusl-x64'
497 silly reify ]
498 verbose reify failed optional dependency C:\Users\akito\git\calculator\%APPDATA%\npm-cache\_npx\76dc10efc80ca823\node_modules\@img\sharp-linuxmusl-arm64
499 silly reify mark deleted [
499 silly reify   'C:\\Users\\akito\\git\\calculator\\%APPDATA%\\npm-cache\\_npx\\76dc10efc80ca823\\node_modules\\@img\\sharp-linuxmusl-arm64'
499 silly reify ]
500 verbose reify failed optional dependency C:\Users\akito\git\calculator\%APPDATA%\npm-cache\_npx\76dc10efc80ca823\node_modules\@img\sharp-linux-x64
501 silly reify mark deleted [
501 silly reify   'C:\\Users\\akito\\git\\calculator\\%APPDATA%\\npm-cache\\_npx\\76dc10efc80ca823\\node_modules\\@img\\sharp-linux-x64'
501 silly reify ]
502 verbose reify failed optional dependency C:\Users\akito\git\calculator\%APPDATA%\npm-cache\_npx\76dc10efc80ca823\node_modules\@img\sharp-linux-s390x
503 silly reify mark deleted [
503 silly reify   'C:\\Users\\akito\\git\\calculator\\%APPDATA%\\npm-cache\\_npx\\76dc10efc80ca823\\node_modules\\@img\\sharp-linux-s390x'
503 silly reify ]
504 verbose reify failed optional dependency C:\Users\akito\git\calculator\%APPDATA%\npm-cache\_npx\76dc10efc80ca823\node_modules\@img\sharp-linux-arm64
505 silly reify mark deleted [
505 silly reify   'C:\\Users\\akito\\git\\calculator\\%APPDATA%\\npm-cache\\_npx\\76dc10efc80ca823\\node_modules\\@img\\sharp-linux-arm64'
505 silly reify ]
506 verbose reify failed optional dependency C:\Users\akito\git\calculator\%APPDATA%\npm-cache\_npx\76dc10efc80ca823\node_modules\@img\sharp-linux-arm
507 silly reify mark deleted [
507 silly reify   'C:\\Users\\akito\\git\\calculator\\%APPDATA%\\npm-cache\\_npx\\76dc10efc80ca823\\node_modules\\@img\\sharp-linux-arm'
507 silly reify ]
508 verbose reify failed optional dependency C:\Users\akito\git\calculator\%APPDATA%\npm-cache\_npx\76dc10efc80ca823\node_modules\@img\sharp-libvips-linuxmusl-x64
509 silly reify mark deleted [
509 silly reify   'C:\\Users\\akito\\git\\calculator\\%APPDATA%\\npm-cache\\_npx\\76dc10efc80ca823\\node_modules\\@img\\sharp-libvips-linuxmusl-x64'
509 silly reify ]
510 verbose reify failed optional dependency C:\Users\akito\git\calculator\%APPDATA%\npm-cache\_npx\76dc10efc80ca823\node_modules\@img\sharp-libvips-linuxmusl-arm64
511 silly reify mark deleted [
511 silly reify   'C:\\Users\\akito\\git\\calculator\\%APPDATA%\\npm-cache\\_npx\\76dc10efc80ca823\\node_modules\\@img\\sharp-libvips-linuxmusl-arm64'
511 silly reify ]
512 verbose reify failed optional dependency C:\Users\akito\git\calculator\%APPDATA%\npm-cache\_npx\76dc10efc80ca823\node_modules\@img\sharp-libvips-linux-x64
513 silly reify mark deleted [
513 silly reify   'C:\\Users\\akito\\git\\calculator\\%APPDATA%\\npm-cache\\_npx\\76dc10efc80ca823\\node_modules\\@img\\sharp-libvips-linux-x64'
513 silly reify ]
514 verbose reify failed optional dependency C:\Users\akito\git\calculator\%APPDATA%\npm-cache\_npx\76dc10efc80ca823\node_modules\@img\sharp-libvips-linux-s390x
515 silly reify mark deleted [
515 silly reify   'C:\\Users\\akito\\git\\calculator\\%APPDATA%\\npm-cache\\_npx\\76dc10efc80ca823\\node_modules\\@img\\sharp-libvips-linux-s390x'
515 silly reify ]
516 verbose reify failed optional dependency C:\Users\akito\git\calculator\%APPDATA%\npm-cache\_npx\76dc10efc80ca823\node_modules\@img\sharp-libvips-linux-arm64
517 silly reify mark deleted [
517 silly reify   'C:\\Users\\akito\\git\\calculator\\%APPDATA%\\npm-cache\\_npx\\76dc10efc80ca823\\node_modules\\@img\\sharp-libvips-linux-arm64'
517 silly reify ]
518 verbose reify failed optional dependency C:\Users\akito\git\calculator\%APPDATA%\npm-cache\_npx\76dc10efc80ca823\node_modules\@img\sharp-libvips-linux-arm
519 silly reify mark deleted [
519 silly reify   'C:\\Users\\akito\\git\\calculator\\%APPDATA%\\npm-cache\\_npx\\76dc10efc80ca823\\node_modules\\@img\\sharp-libvips-linux-arm'
519 silly reify ]
520 verbose reify failed optional dependency C:\Users\akito\git\calculator\%APPDATA%\npm-cache\_npx\76dc10efc80ca823\node_modules\@img\sharp-libvips-darwin-x64
521 silly reify mark deleted [
521 silly reify   'C:\\Users\\akito\\git\\calculator\\%APPDATA%\\npm-cache\\_npx\\76dc10efc80ca823\\node_modules\\@img\\sharp-libvips-darwin-x64'
521 silly reify ]
522 verbose reify failed optional dependency C:\Users\akito\git\calculator\%APPDATA%\npm-cache\_npx\76dc10efc80ca823\node_modules\@img\sharp-libvips-darwin-arm64
523 silly reify mark deleted [
523 silly reify   'C:\\Users\\akito\\git\\calculator\\%APPDATA%\\npm-cache\\_npx\\76dc10efc80ca823\\node_modules\\@img\\sharp-libvips-darwin-arm64'
523 silly reify ]
524 verbose reify failed optional dependency C:\Users\akito\git\calculator\%APPDATA%\npm-cache\_npx\76dc10efc80ca823\node_modules\@img\sharp-darwin-x64
525 silly reify mark deleted [
525 silly reify   'C:\\Users\\akito\\git\\calculator\\%APPDATA%\\npm-cache\\_npx\\76dc10efc80ca823\\node_modules\\@img\\sharp-darwin-x64'
525 silly reify ]
526 verbose reify failed optional dependency C:\Users\akito\git\calculator\%APPDATA%\npm-cache\_npx\76dc10efc80ca823\node_modules\@img\sharp-darwin-arm64
527 silly reify mark deleted [
527 silly reify   'C:\\Users\\akito\\git\\calculator\\%APPDATA%\\npm-cache\\_npx\\76dc10efc80ca823\\node_modules\\@img\\sharp-darwin-arm64'
527 silly reify ]
528 http cache yargs-parser@https://registry.npmjs.org/yargs-parser/-/yargs-parser-21.1.1.tgz 0ms (cache hit)
529 http cache y18n@https://registry.npmjs.org/y18n/-/y18n-5.0.8.tgz 0ms (cache hit)
530 http cache require-directory@https://registry.npmjs.org/require-directory/-/require-directory-2.1.1.tgz 0ms (cache hit)
531 http cache escalade@https://registry.npmjs.org/escalade/-/escalade-3.2.0.tgz 0ms (cache hit)
532 http cache get-caller-file@https://registry.npmjs.org/get-caller-file/-/get-caller-file-2.0.5.tgz 0ms (cache hit)
533 http cache ansi-styles@https://registry.npmjs.org/ansi-styles/-/ansi-styles-6.2.1.tgz 0ms (cache hit)
534 http cache isexe@https://registry.npmjs.org/isexe/-/isexe-2.0.0.tgz 0ms (cache hit)
535 http cache cliui@https://registry.npmjs.org/cliui/-/cliui-8.0.1.tgz 0ms (cache hit)
536 http cache ansi-regex@https://registry.npmjs.org/ansi-regex/-/ansi-regex-6.1.0.tgz 0ms (cache hit)
537 http cache is-fullwidth-code-point@https://registry.npmjs.org/is-fullwidth-code-point/-/is-fullwidth-code-point-3.0.0.tgz 0ms (cache hit)
538 http cache emoji-regex@https://registry.npmjs.org/emoji-regex/-/emoji-regex-9.2.2.tgz 0ms (cache hit)
539 http cache shebang-regex@https://registry.npmjs.org/shebang-regex/-/shebang-regex-3.0.0.tgz 0ms (cache hit)
540 http cache is-arrayish@https://registry.npmjs.org/is-arrayish/-/is-arrayish-0.3.2.tgz 0ms (cache hit)
541 http cache eastasianwidth@https://registry.npmjs.org/eastasianwidth/-/eastasianwidth-0.2.0.tgz 0ms (cache hit)
542 http cache color-name@https://registry.npmjs.org/color-name/-/color-name-1.1.4.tgz 0ms (cache hit)
543 http cache simple-swizzle@https://registry.npmjs.org/simple-swizzle/-/simple-swizzle-0.2.2.tgz 0ms (cache hit)
544 http cache color-string@https://registry.npmjs.org/color-string/-/color-string-1.9.1.tgz 0ms (cache hit)
545 http cache color-convert@https://registry.npmjs.org/color-convert/-/color-convert-2.0.1.tgz 0ms (cache hit)
546 http cache @emnapi/runtime@https://registry.npmjs.org/@emnapi/runtime/-/runtime-1.4.3.tgz 0ms (cache hit)
547 http cache detect-libc@https://registry.npmjs.org/detect-libc/-/detect-libc-2.0.4.tgz 0ms (cache hit)
548 http cache tslib@https://registry.npmjs.org/tslib/-/tslib-2.8.1.tgz 0ms (cache hit)
549 http cache semver@https://registry.npmjs.org/semver/-/semver-7.7.1.tgz 0ms (cache hit)
550 http cache color@https://registry.npmjs.org/color/-/color-4.2.3.tgz 0ms (cache hit)
551 http cache @img/sharp-win32-x64@https://registry.npmjs.org/@img/sharp-win32-x64/-/sharp-win32-x64-0.33.5.tgz 0ms (cache hit)
552 http cache lru-cache@https://registry.npmjs.org/lru-cache/-/lru-cache-11.1.0.tgz 0ms (cache hit)
553 http cache wrappy@https://registry.npmjs.org/wrappy/-/wrappy-1.0.2.tgz 0ms (cache hit)
554 http cache balanced-match@https://registry.npmjs.org/balanced-match/-/balanced-match-1.0.2.tgz 0ms (cache hit)
555 http cache lodash.keysin@https://registry.npmjs.org/lodash.keysin/-/lodash.keysin-3.0.8.tgz 0ms (cache hit)
556 http cache brace-expansion@https://registry.npmjs.org/brace-expansion/-/brace-expansion-2.0.1.tgz 0ms (cache hit)
557 http cache lodash._basefor@https://registry.npmjs.org/lodash._basefor/-/lodash._basefor-3.0.3.tgz 0ms (cache hit)
558 http cache lodash.isarray@https://registry.npmjs.org/lodash.isarray/-/lodash.isarray-3.0.4.tgz 0ms (cache hit)
559 http cache lodash.isarguments@https://registry.npmjs.org/lodash.isarguments/-/lodash.isarguments-3.1.0.tgz 0ms (cache hit)
560 http cache lodash.restparam@https://registry.npmjs.org/lodash.restparam/-/lodash.restparam-3.6.1.tgz 0ms (cache hit)
561 http cache lodash._pickbycallback@https://registry.npmjs.org/lodash._pickbycallback/-/lodash._pickbycallback-3.0.0.tgz 0ms (cache hit)
562 http cache lodash._pickbyarray@https://registry.npmjs.org/lodash._pickbyarray/-/lodash._pickbyarray-3.0.2.tgz 0ms (cache hit)
563 http cache lodash._bindcallback@https://registry.npmjs.org/lodash._bindcallback/-/lodash._bindcallback-3.0.1.tgz 0ms (cache hit)
564 http cache lodash._baseflatten@https://registry.npmjs.org/lodash._baseflatten/-/lodash._baseflatten-3.1.4.tgz 0ms (cache hit)
565 http cache strip-ansi-cjs@https://registry.npmjs.org/strip-ansi/-/strip-ansi-6.0.1.tgz 0ms (cache hit)
566 http cache wrap-ansi-cjs@https://registry.npmjs.org/wrap-ansi/-/wrap-ansi-7.0.0.tgz 0ms (cache hit)
567 http cache wrap-ansi@https://registry.npmjs.org/wrap-ansi/-/wrap-ansi-8.1.0.tgz 0ms (cache hit)
568 http cache strip-ansi@https://registry.npmjs.org/strip-ansi/-/strip-ansi-7.1.0.tgz 0ms (cache hit)
569 http cache @isaacs/cliui@https://registry.npmjs.org/@isaacs/cliui/-/cliui-8.0.2.tgz 0ms (cache hit)
570 http cache string-width-cjs@https://registry.npmjs.org/string-width/-/string-width-4.2.3.tgz 0ms (cache hit)
571 http cache string-width@https://registry.npmjs.org/string-width/-/string-width-5.1.2.tgz 0ms (cache hit)
572 http cache which@https://registry.npmjs.org/which/-/which-2.0.2.tgz 0ms (cache hit)
573 http cache shebang-command@https://registry.npmjs.org/shebang-command/-/shebang-command-2.0.0.tgz 0ms (cache hit)
574 http cache path-key@https://registry.npmjs.org/path-key/-/path-key-3.1.1.tgz 0ms (cache hit)
575 http cache signal-exit@https://registry.npmjs.org/signal-exit/-/signal-exit-4.1.0.tgz 0ms (cache hit)
576 http cache cross-spawn@https://registry.npmjs.org/cross-spawn/-/cross-spawn-7.0.6.tgz 0ms (cache hit)
577 http cache path-scurry@https://registry.npmjs.org/path-scurry/-/path-scurry-2.0.0.tgz 0ms (cache hit)
578 http cache package-json-from-dist@https://registry.npmjs.org/package-json-from-dist/-/package-json-from-dist-1.0.1.tgz 0ms (cache hit)
579 http cache minipass@https://registry.npmjs.org/minipass/-/minipass-7.1.2.tgz 0ms (cache hit)
580 http cache minimatch@https://registry.npmjs.org/minimatch/-/minimatch-10.0.1.tgz 0ms (cache hit)
581 http cache jackspeak@https://registry.npmjs.org/jackspeak/-/jackspeak-4.1.0.tgz 0ms (cache hit)
582 http cache foreground-child@https://registry.npmjs.org/foreground-child/-/foreground-child-3.3.1.tgz 0ms (cache hit)
583 http cache once@https://registry.npmjs.org/once/-/once-1.4.0.tgz 0ms (cache hit)
584 http cache sharp@https://registry.npmjs.org/sharp/-/sharp-0.33.5.tgz 0ms (cache hit)
585 http cache lodash.pick@https://registry.npmjs.org/lodash.pick/-/lodash.pick-3.1.0.tgz 0ms (cache hit)
586 http cache sliced@https://registry.npmjs.org/sliced/-/sliced-1.0.1.tgz 0ms (cache hit)
587 http cache yargs@https://registry.npmjs.org/yargs/-/yargs-17.7.2.tgz 0ms (cache hit)
588 http cache is-directory@https://registry.npmjs.org/is-directory/-/is-directory-0.3.1.tgz 0ms (cache hit)
589 http cache glob@https://registry.npmjs.org/glob/-/glob-11.0.2.tgz 0ms (cache hit)
590 http cache sharp-cli@https://registry.npmjs.org/sharp-cli/-/sharp-cli-5.1.0.tgz 0ms (cache hit)
591 http cache bubble-stream-error@https://registry.npmjs.org/bubble-stream-error/-/bubble-stream-error-1.0.0.tgz 0ms (cache hit)
592 http cache ansi-styles@https://registry.npmjs.org/ansi-styles/-/ansi-styles-4.3.0.tgz 0ms (cache hit)
593 http cache ansi-regex@https://registry.npmjs.org/ansi-regex/-/ansi-regex-5.0.1.tgz 0ms (cache hit)
594 http cache wrap-ansi@https://registry.npmjs.org/wrap-ansi/-/wrap-ansi-7.0.0.tgz 0ms (cache hit)
595 http cache emoji-regex@https://registry.npmjs.org/emoji-regex/-/emoji-regex-8.0.0.tgz 0ms (cache hit)
596 http cache strip-ansi@https://registry.npmjs.org/strip-ansi/-/strip-ansi-6.0.1.tgz 0ms (cache hit)
597 http cache string-width@https://registry.npmjs.org/string-width/-/string-width-4.2.3.tgz 0ms (cache hit)
598 http cache emoji-regex@https://registry.npmjs.org/emoji-regex/-/emoji-regex-8.0.0.tgz 0ms (cache hit)
599 http cache strip-ansi@https://registry.npmjs.org/strip-ansi/-/strip-ansi-6.0.1.tgz 0ms (cache hit)
600 http cache ansi-regex@https://registry.npmjs.org/ansi-regex/-/ansi-regex-5.0.1.tgz 0ms (cache hit)
601 http cache ansi-regex@https://registry.npmjs.org/ansi-regex/-/ansi-regex-5.0.1.tgz 0ms (cache hit)
602 http cache ansi-regex@https://registry.npmjs.org/ansi-regex/-/ansi-regex-5.0.1.tgz 0ms (cache hit)
603 http cache string-width@https://registry.npmjs.org/string-width/-/string-width-4.2.3.tgz 0ms (cache hit)
604 http cache ansi-styles@https://registry.npmjs.org/ansi-styles/-/ansi-styles-4.3.0.tgz 0ms (cache hit)
605 http cache ansi-regex@https://registry.npmjs.org/ansi-regex/-/ansi-regex-5.0.1.tgz 0ms (cache hit)
606 http cache emoji-regex@https://registry.npmjs.org/emoji-regex/-/emoji-regex-8.0.0.tgz 0ms (cache hit)
607 http cache strip-ansi@https://registry.npmjs.org/strip-ansi/-/strip-ansi-6.0.1.tgz 0ms (cache hit)
608 http cache emoji-regex@https://registry.npmjs.org/emoji-regex/-/emoji-regex-8.0.0.tgz 0ms (cache hit)
609 http cache strip-ansi@https://registry.npmjs.org/strip-ansi/-/strip-ansi-6.0.1.tgz 0ms (cache hit)
610 silly tarball no local data for yargs-parser@https://registry.npmjs.org/yargs-parser/-/yargs-parser-21.1.1.tgz. Extracting by manifest.
611 http cache string-width@https://registry.npmjs.org/string-width/-/string-width-4.2.3.tgz 0ms (cache hit)
612 silly tarball no local data for cliui@https://registry.npmjs.org/cliui/-/cliui-8.0.1.tgz. Extracting by manifest.
613 silly tarball no local data for is-arrayish@https://registry.npmjs.org/is-arrayish/-/is-arrayish-0.3.2.tgz. Extracting by manifest.
614 silly tarball no local data for simple-swizzle@https://registry.npmjs.org/simple-swizzle/-/simple-swizzle-0.2.2.tgz. Extracting by manifest.
615 silly tarball no local data for color-string@https://registry.npmjs.org/color-string/-/color-string-1.9.1.tgz. Extracting by manifest.
616 silly tarball no local data for color@https://registry.npmjs.org/color/-/color-4.2.3.tgz. Extracting by manifest.
617 silly tarball no local data for @img/sharp-win32-x64@https://registry.npmjs.org/@img/sharp-win32-x64/-/sharp-win32-x64-0.33.5.tgz. Extracting by manifest.
618 silly tarball no local data for lru-cache@https://registry.npmjs.org/lru-cache/-/lru-cache-11.1.0.tgz. Extracting by manifest.
619 silly tarball no local data for lodash.keysin@https://registry.npmjs.org/lodash.keysin/-/lodash.keysin-3.0.8.tgz. Extracting by manifest.
620 silly tarball no local data for lodash._basefor@https://registry.npmjs.org/lodash._basefor/-/lodash._basefor-3.0.3.tgz. Extracting by manifest.
621 silly tarball no local data for lodash.isarray@https://registry.npmjs.org/lodash.isarray/-/lodash.isarray-3.0.4.tgz. Extracting by manifest.
622 silly tarball no local data for lodash.isarguments@https://registry.npmjs.org/lodash.isarguments/-/lodash.isarguments-3.1.0.tgz. Extracting by manifest.
623 silly tarball no local data for lodash.restparam@https://registry.npmjs.org/lodash.restparam/-/lodash.restparam-3.6.1.tgz. Extracting by manifest.
624 silly tarball no local data for lodash._pickbycallback@https://registry.npmjs.org/lodash._pickbycallback/-/lodash._pickbycallback-3.0.0.tgz. Extracting by manifest.
625 silly tarball no local data for lodash._pickbyarray@https://registry.npmjs.org/lodash._pickbyarray/-/lodash._pickbyarray-3.0.2.tgz. Extracting by manifest.
626 silly tarball no local data for lodash._bindcallback@https://registry.npmjs.org/lodash._bindcallback/-/lodash._bindcallback-3.0.1.tgz. Extracting by manifest.
627 silly tarball no local data for lodash._baseflatten@https://registry.npmjs.org/lodash._baseflatten/-/lodash._baseflatten-3.1.4.tgz. Extracting by manifest.
628 silly tarball no local data for path-scurry@https://registry.npmjs.org/path-scurry/-/path-scurry-2.0.0.tgz. Extracting by manifest.
629 silly tarball no local data for minimatch@https://registry.npmjs.org/minimatch/-/minimatch-10.0.1.tgz. Extracting by manifest.
630 silly tarball no local data for jackspeak@https://registry.npmjs.org/jackspeak/-/jackspeak-4.1.0.tgz. Extracting by manifest.
631 silly tarball no local data for sharp@https://registry.npmjs.org/sharp/-/sharp-0.33.5.tgz. Extracting by manifest.
632 silly tarball no local data for lodash.pick@https://registry.npmjs.org/lodash.pick/-/lodash.pick-3.1.0.tgz. Extracting by manifest.
633 silly tarball no local data for sliced@https://registry.npmjs.org/sliced/-/sliced-1.0.1.tgz. Extracting by manifest.
634 silly tarball no local data for yargs@https://registry.npmjs.org/yargs/-/yargs-17.7.2.tgz. Extracting by manifest.
635 silly tarball no local data for is-directory@https://registry.npmjs.org/is-directory/-/is-directory-0.3.1.tgz. Extracting by manifest.
636 silly tarball no local data for glob@https://registry.npmjs.org/glob/-/glob-11.0.2.tgz. Extracting by manifest.
637 silly tarball no local data for sharp-cli@https://registry.npmjs.org/sharp-cli/-/sharp-cli-5.1.0.tgz. Extracting by manifest.
638 silly tarball no local data for bubble-stream-error@https://registry.npmjs.org/bubble-stream-error/-/bubble-stream-error-1.0.0.tgz. Extracting by manifest.
639 http fetch POST 200 https://registry.npmjs.org/-/npm/v1/security/advisories/bulk 242ms
640 silly audit report {}
641 http fetch GET 200 https://registry.npmjs.org/cliui/-/cliui-8.0.1.tgz 303ms (cache miss)
642 http fetch GET 200 https://registry.npmjs.org/color-string/-/color-string-1.9.1.tgz 301ms (cache miss)
643 http fetch GET 200 https://registry.npmjs.org/lodash.keysin/-/lodash.keysin-3.0.8.tgz 298ms (cache miss)
644 http fetch GET 200 https://registry.npmjs.org/lodash._basefor/-/lodash._basefor-3.0.3.tgz 297ms (cache miss)
645 http fetch GET 200 https://registry.npmjs.org/simple-swizzle/-/simple-swizzle-0.2.2.tgz 303ms (cache miss)
646 http fetch GET 200 https://registry.npmjs.org/color/-/color-4.2.3.tgz 306ms (cache miss)
647 http fetch GET 200 https://registry.npmjs.org/lodash._pickbyarray/-/lodash._pickbyarray-3.0.2.tgz 306ms (cache miss)
648 http fetch GET 200 https://registry.npmjs.org/lodash._bindcallback/-/lodash._bindcallback-3.0.1.tgz 306ms (cache miss)
649 http fetch GET 200 https://registry.npmjs.org/lodash._baseflatten/-/lodash._baseflatten-3.1.4.tgz 307ms (cache miss)
650 http fetch GET 200 https://registry.npmjs.org/sliced/-/sliced-1.0.1.tgz 313ms (cache miss)
651 http fetch GET 200 https://registry.npmjs.org/lodash.pick/-/lodash.pick-3.1.0.tgz 313ms (cache miss)
652 http fetch GET 200 https://registry.npmjs.org/is-directory/-/is-directory-0.3.1.tgz 322ms (cache miss)
653 warn deprecated lodash.pick@3.1.0: This package is deprecated. Use destructuring assignment syntax instead.
654 http fetch GET 200 https://registry.npmjs.org/is-arrayish/-/is-arrayish-0.3.2.tgz 345ms (cache miss)
655 http fetch GET 200 https://registry.npmjs.org/lodash.isarray/-/lodash.isarray-3.0.4.tgz 341ms (cache miss)
656 http fetch GET 200 https://registry.npmjs.org/lodash.isarguments/-/lodash.isarguments-3.1.0.tgz 342ms (cache miss)
657 http fetch GET 200 https://registry.npmjs.org/lodash.restparam/-/lodash.restparam-3.6.1.tgz 343ms (cache miss)
658 http fetch GET 200 https://registry.npmjs.org/lodash._pickbycallback/-/lodash._pickbycallback-3.0.0.tgz 344ms (cache miss)
659 http fetch GET 200 https://registry.npmjs.org/yargs-parser/-/yargs-parser-21.1.1.tgz 402ms (cache miss)
660 http fetch GET 200 https://registry.npmjs.org/jackspeak/-/jackspeak-4.1.0.tgz 429ms (cache miss)
661 http fetch GET 200 https://registry.npmjs.org/path-scurry/-/path-scurry-2.0.0.tgz 444ms (cache miss)
662 http fetch GET 200 https://registry.npmjs.org/lru-cache/-/lru-cache-11.1.0.tgz 534ms (cache miss)
663 http fetch GET 200 https://registry.npmjs.org/sharp/-/sharp-0.33.5.tgz 548ms (cache miss)
664 http fetch GET 200 https://registry.npmjs.org/sharp-cli/-/sharp-cli-5.1.0.tgz 577ms (cache miss)
665 http fetch GET 200 https://registry.npmjs.org/minimatch/-/minimatch-10.0.1.tgz 599ms (cache miss)
666 http fetch GET 200 https://registry.npmjs.org/yargs/-/yargs-17.7.2.tgz 610ms (cache miss)
667 http fetch GET 200 https://registry.npmjs.org/glob/-/glob-11.0.2.tgz 623ms (cache miss)
668 http fetch GET 200 https://registry.npmjs.org/bubble-stream-error/-/bubble-stream-error-1.0.0.tgz 644ms (cache miss)
669 http fetch GET 200 https://registry.npmjs.org/@img/sharp-win32-x64/-/sharp-win32-x64-0.33.5.tgz 757ms (cache miss)
670 info run sharp@0.33.5 install node_modules/sharp node install/check
671 info run sharp@0.33.5 install { code: 0, signal: null }
672 verbose cwd C:\Users\akito\git\calculator
673 verbose os Windows_NT 10.0.26100
674 verbose node v20.19.1
675 verbose npm  v11.3.0
676 verbose exit 0
677 info ok
