0 verbose cli C:\Program Files\nodejs\node.exe C:\Users\akito\AppData\Roaming\npm\node_modules\npm\bin\npm-cli.js
1 info using npm@11.3.0
2 info using node@v20.19.1
3 silly config load:file:C:\Users\akito\AppData\Roaming\npm\node_modules\npm\npmrc
4 silly config load:file:C:\Users\akito\git\calculator\.npmrc
5 silly config load:file:C:\Users\akito\.npmrc
6 silly config load:file:C:\Users\akito\AppData\Roaming\npm\etc\npmrc
7 verbose title npm audit fix
8 verbose argv "audit" "fix" "--force"
9 verbose logfile logs-max:10 dir:C:\Users\akito\git\calculator\%APPDATA%\npm-cache\_logs\2025-05-13T01_51_44_951Z-
10 verbose logfile C:\Users\akito\git\calculator\%APPDATA%\npm-cache\_logs\2025-05-13T01_51_44_951Z-debug-0.log
11 warn using --force Recommended protections disabled.
12 silly logfile start cleaning logs, removing 1 files
13 silly packumentCache heap:4345298944 maxSize:1086324736 maxEntrySize:543162368
14 silly logfile done cleaning log files
15 silly audit bulk request {
15 silly audit   '@alloc/quick-lru': [ '5.2.0' ],
15 silly audit   '@ampproject/remapping': [ '2.3.0' ],
15 silly audit   '@babel/code-frame': [ '7.27.1' ],
15 silly audit   '@babel/compat-data': [ '7.27.2' ],
15 silly audit   '@babel/core': [ '7.27.1' ],
15 silly audit   semver: [ '6.3.1', '7.7.1' ],
15 silly audit   '@babel/generator': [ '7.27.1' ],
15 silly audit   '@babel/helper-compilation-targets': [ '7.27.2' ],
15 silly audit   '@babel/helper-module-imports': [ '7.27.1' ],
15 silly audit   '@babel/helper-module-transforms': [ '7.27.1' ],
15 silly audit   '@babel/helper-string-parser': [ '7.27.1' ],
15 silly audit   '@babel/helper-validator-identifier': [ '7.27.1' ],
15 silly audit   '@babel/helper-validator-option': [ '7.27.1' ],
15 silly audit   '@babel/helpers': [ '7.27.1' ],
15 silly audit   '@babel/parser': [ '7.27.2' ],
15 silly audit   '@babel/runtime': [ '7.27.1' ],
15 silly audit   '@babel/template': [ '7.27.2' ],
15 silly audit   '@babel/traverse': [ '7.27.1' ],
15 silly audit   '@babel/types': [ '7.27.1' ],
15 silly audit   '@clerk/backend': [ '1.31.4', '0.38.15' ],
15 silly audit   '@clerk/types': [ '4.57.1', '3.65.5' ],
15 silly audit   csstype: [ '3.1.3', '3.1.1' ],
15 silly audit   '@clerk/clerk-react': [ '5.31.1' ],
15 silly audit   '@clerk/clerk-sdk-node': [ '4.13.23' ],
15 silly audit   'snakecase-keys': [ '5.4.4', '3.2.1', '8.0.1' ],
15 silly audit   '@clerk/shared': [ '1.4.2', '3.8.1' ],
15 silly audit   '@types/node': [ '16.18.6', '20.5.0' ],
15 silly audit   cookie: [ '0.5.0', '1.0.2' ],
15 silly audit   deepmerge: [ '4.2.2', '4.3.1' ],
15 silly audit   'js-cookie': [ '3.0.1', '3.0.5' ],
15 silly audit   swr: [ '2.2.0', '2.3.3' ],
15 silly audit   tslib: [ '2.4.1', '2.8.1' ],
15 silly audit   'type-fest': [ '2.19.0', '0.20.2', '0.7.1', '4.41.0' ],
15 silly audit   '@clerk/localizations': [ '1.22.0' ],
15 silly audit   '@clerk/nextjs': [ '6.19.1' ],
15 silly audit   '@emnapi/core': [ '1.4.3' ],
15 silly audit   '@emnapi/runtime': [ '1.4.3' ],
15 silly audit   '@emnapi/wasi-threads': [ '1.0.2' ],
15 silly audit   '@eslint-community/eslint-utils': [ '4.7.0' ],
15 silly audit   '@eslint-community/regexpp': [ '4.12.1' ],
15 silly audit   '@eslint/eslintrc': [ '2.1.4' ],
15 silly audit   globals: [ '13.24.0', '11.12.0' ],
15 silly audit   '@eslint/js': [ '8.57.1' ],
15 silly audit   '@heroicons/react': [ '2.2.0' ],
15 silly audit   '@hookform/resolvers': [ '5.0.1' ],
15 silly audit   '@humanwhocodes/config-array': [ '0.11.14' ],
15 silly audit   '@humanwhocodes/module-importer': [ '1.0.1' ],
15 silly audit   '@humanwhocodes/object-schema': [ '2.0.3' ],
15 silly audit   '@img/sharp-darwin-arm64': [ '0.33.5' ],
15 silly audit   '@img/sharp-darwin-x64': [ '0.33.5' ],
15 silly audit   '@img/sharp-libvips-darwin-arm64': [ '1.0.4' ],
15 silly audit   '@img/sharp-libvips-darwin-x64': [ '1.0.4' ],
15 silly audit   '@img/sharp-libvips-linux-arm': [ '1.0.5' ],
15 silly audit   '@img/sharp-libvips-linux-arm64': [ '1.0.4' ],
15 silly audit   '@img/sharp-libvips-linux-s390x': [ '1.0.4' ],
15 silly audit   '@img/sharp-libvips-linux-x64': [ '1.0.4' ],
15 silly audit   '@img/sharp-libvips-linuxmusl-arm64': [ '1.0.4' ],
15 silly audit   '@img/sharp-libvips-linuxmusl-x64': [ '1.0.4' ],
15 silly audit   '@img/sharp-linux-arm': [ '0.33.5' ],
15 silly audit   '@img/sharp-linux-arm64': [ '0.33.5' ],
15 silly audit   '@img/sharp-linux-s390x': [ '0.33.5' ],
15 silly audit   '@img/sharp-linux-x64': [ '0.33.5' ],
15 silly audit   '@img/sharp-linuxmusl-arm64': [ '0.33.5' ],
15 silly audit   '@img/sharp-linuxmusl-x64': [ '0.33.5' ],
15 silly audit   '@img/sharp-wasm32': [ '0.33.5' ],
15 silly audit   '@img/sharp-win32-ia32': [ '0.33.5' ],
15 silly audit   '@img/sharp-win32-x64': [ '0.33.5' ],
15 silly audit   '@isaacs/cliui': [ '8.0.2' ],
15 silly audit   'ansi-regex': [ '6.1.0', '5.0.1' ],
15 silly audit   'ansi-styles': [ '6.2.1', '4.3.0' ],
15 silly audit   'string-width': [ '5.1.2', '4.2.3' ],
15 silly audit   'strip-ansi': [ '7.1.0', '6.0.1' ],
15 silly audit   'wrap-ansi': [ '8.1.0', '7.0.0' ],
15 silly audit   '@isaacs/fs-minipass': [ '4.0.1' ],
15 silly audit   minipass: [ '7.1.2', '4.2.8' ],
15 silly audit   '@jridgewell/gen-mapping': [ '0.3.8' ],
15 silly audit   '@jridgewell/resolve-uri': [ '3.1.2' ],
15 silly audit   '@jridgewell/set-array': [ '1.2.1' ],
15 silly audit   '@jridgewell/sourcemap-codec': [ '1.5.0' ],
15 silly audit   '@jridgewell/trace-mapping': [ '0.3.25' ],
15 silly audit   '@kurkle/color': [ '0.3.4' ],
15 silly audit   '@napi-rs/wasm-runtime': [ '0.2.9' ],
15 silly audit   '@next/env': [ '14.2.28' ],
15 silly audit   '@next/eslint-plugin-next': [ '14.2.28' ],
15 silly audit   'brace-expansion': [ '2.0.1', '1.1.11' ],
15 silly audit   glob: [ '10.3.10', '9.3.5', '7.2.3', '11.0.2', '10.4.5' ],
15 silly audit   minimatch: [ '9.0.5', '8.0.4', '3.1.2', '10.0.1' ],
15 silly audit   '@next/swc-darwin-arm64': [ '14.2.28' ],
15 silly audit   '@next/swc-darwin-x64': [ '14.2.28' ],
15 silly audit   '@next/swc-linux-arm64-gnu': [ '14.2.28' ],
15 silly audit   '@next/swc-linux-arm64-musl': [ '14.2.28' ],
15 silly audit   '@next/swc-linux-x64-gnu': [ '14.2.28' ],
15 silly audit   '@next/swc-linux-x64-musl': [ '14.2.28' ],
15 silly audit   '@next/swc-win32-arm64-msvc': [ '14.2.28' ],
15 silly audit   '@next/swc-win32-ia32-msvc': [ '14.2.28' ],
15 silly audit   '@next/swc-win32-x64-msvc': [ '14.2.28' ],
15 silly audit   '@nodelib/fs.scandir': [ '2.1.5' ],
15 silly audit   '@nodelib/fs.stat': [ '2.0.5' ],
15 silly audit   '@nodelib/fs.walk': [ '1.2.8' ],
15 silly audit   '@nolyfill/is-core-module': [ '1.0.39' ],
15 silly audit   '@opentelemetry/api': [ '1.9.0' ],
15 silly audit   '@opentelemetry/api-logs': [ '0.57.2' ],
15 silly audit   '@opentelemetry/context-async-hooks': [ '1.30.1' ],
15 silly audit   '@opentelemetry/core': [ '1.30.1' ],
15 silly audit   '@opentelemetry/semantic-conventions': [ '1.28.0', '1.32.0' ],
15 silly audit   '@opentelemetry/instrumentation': [ '0.57.2' ],
15 silly audit   '@opentelemetry/instrumentation-amqplib': [ '0.46.1' ],
15 silly audit   '@opentelemetry/instrumentation-connect': [ '0.43.1' ],
15 silly audit   '@opentelemetry/instrumentation-dataloader': [ '0.16.1' ],
15 silly audit   '@opentelemetry/instrumentation-express': [ '0.47.1' ],
15 silly audit   '@opentelemetry/instrumentation-fastify': [ '0.44.2' ],
15 silly audit   '@opentelemetry/instrumentation-fs': [ '0.19.1' ],
15 silly audit   '@opentelemetry/instrumentation-generic-pool': [ '0.43.1' ],
15 silly audit   '@opentelemetry/instrumentation-graphql': [ '0.47.1' ],
15 silly audit   '@opentelemetry/instrumentation-hapi': [ '0.45.2' ],
15 silly audit   '@opentelemetry/instrumentation-http': [ '0.57.2' ],
15 silly audit   '@opentelemetry/instrumentation-ioredis': [ '0.47.1' ],
15 silly audit   '@opentelemetry/instrumentation-kafkajs': [ '0.7.1' ],
15 silly audit   '@opentelemetry/instrumentation-knex': [ '0.44.1' ],
15 silly audit   '@opentelemetry/instrumentation-koa': [ '0.47.1' ],
15 silly audit   '@opentelemetry/instrumentation-lru-memoizer': [ '0.44.1' ],
15 silly audit   '@opentelemetry/instrumentation-mongodb': [ '0.52.0' ],
15 silly audit   '@opentelemetry/instrumentation-mongoose': [ '0.46.1' ],
15 silly audit   '@opentelemetry/instrumentation-mysql': [ '0.45.1' ],
15 silly audit   '@opentelemetry/instrumentation-mysql2': [ '0.45.2' ],
15 silly audit   '@opentelemetry/instrumentation-pg': [ '0.51.1' ],
15 silly audit   '@opentelemetry/instrumentation-redis-4': [ '0.46.1' ],
15 silly audit   '@opentelemetry/instrumentation-tedious': [ '0.18.1' ],
15 silly audit   '@opentelemetry/instrumentation-undici': [ '0.10.1' ],
15 silly audit   '@opentelemetry/redis-common': [ '0.36.2' ],
15 silly audit   '@opentelemetry/resources': [ '1.30.1' ],
15 silly audit   '@opentelemetry/sdk-trace-base': [ '1.30.1' ],
15 silly audit   '@opentelemetry/sql-common': [ '0.40.1' ],
15 silly audit   '@peculiar/asn1-schema': [ '2.3.15' ],
15 silly audit   '@peculiar/json-schema': [ '1.1.12' ],
15 silly audit   '@peculiar/webcrypto': [ '1.4.1' ],
15 silly audit   '@pkgjs/parseargs': [ '0.11.0' ],
15 silly audit   '@prisma/instrumentation': [ '6.6.0' ],
15 silly audit   '@react-email/render': [ '1.0.6' ],
15 silly audit   '@rollup/plugin-commonjs': [ '28.0.1' ],
15 silly audit   '@rollup/pluginutils': [ '5.1.4' ],
15 silly audit   '@rollup/rollup-android-arm-eabi': [ '4.35.0' ],
15 silly audit   '@rollup/rollup-android-arm64': [ '4.35.0' ],
15 silly audit   '@rollup/rollup-darwin-arm64': [ '4.35.0' ],
15 silly audit   '@rollup/rollup-darwin-x64': [ '4.35.0' ],
15 silly audit   '@rollup/rollup-freebsd-arm64': [ '4.35.0' ],
15 silly audit   '@rollup/rollup-freebsd-x64': [ '4.35.0' ],
15 silly audit   '@rollup/rollup-linux-arm-gnueabihf': [ '4.35.0' ],
15 silly audit   '@rollup/rollup-linux-arm-musleabihf': [ '4.35.0' ],
15 silly audit   '@rollup/rollup-linux-arm64-gnu': [ '4.35.0' ],
15 silly audit   '@rollup/rollup-linux-arm64-musl': [ '4.35.0' ],
15 silly audit   '@rollup/rollup-linux-loongarch64-gnu': [ '4.35.0' ],
15 silly audit   '@rollup/rollup-linux-powerpc64le-gnu': [ '4.35.0' ],
15 silly audit   '@rollup/rollup-linux-riscv64-gnu': [ '4.35.0' ],
15 silly audit   '@rollup/rollup-linux-s390x-gnu': [ '4.35.0' ],
15 silly audit   '@rollup/rollup-linux-x64-gnu': [ '4.35.0' ],
15 silly audit   '@rollup/rollup-linux-x64-musl': [ '4.35.0' ],
15 silly audit   '@rollup/rollup-win32-arm64-msvc': [ '4.35.0' ],
15 silly audit   '@rollup/rollup-win32-ia32-msvc': [ '4.35.0' ],
15 silly audit   '@rtsao/scc': [ '1.1.0' ],
15 silly audit   '@rushstack/eslint-patch': [ '1.11.0' ],
15 silly audit   '@selderee/plugin-htmlparser2': [ '0.11.0' ],
15 silly audit   '@sentry-internal/browser-utils': [ '9.15.0' ],
15 silly audit   '@sentry-internal/feedback': [ '9.15.0' ],
15 silly audit   '@sentry-internal/replay': [ '9.15.0' ],
15 silly audit   '@sentry-internal/replay-canvas': [ '9.15.0' ],
15 silly audit   '@sentry/babel-plugin-component-annotate': [ '3.3.1' ],
15 silly audit   '@sentry/browser': [ '9.15.0' ],
15 silly audit   '@sentry/bundler-plugin-core': [ '3.3.1' ],
15 silly audit   'magic-string': [ '0.30.8', '0.30.17' ],
15 silly audit   '@sentry/cli': [ '2.42.2' ],
15 silly audit   '@sentry/cli-darwin': [ '2.42.2' ],
15 silly audit   '@sentry/cli-linux-arm': [ '2.42.2' ],
15 silly audit   '@sentry/cli-linux-arm64': [ '2.42.2' ],
15 silly audit   '@sentry/cli-linux-i686': [ '2.42.2' ],
15 silly audit   '@sentry/cli-linux-x64': [ '2.42.2' ],
15 silly audit   '@sentry/cli-win32-i686': [ '2.42.2' ],
15 silly audit   '@sentry/cli-win32-x64': [ '2.42.2' ],
15 silly audit   'node-fetch': [ '2.7.0', '3.3.2' ],
15 silly audit   '@sentry/core': [ '9.15.0' ],
15 silly audit   '@sentry/nextjs': [ '9.15.0' ],
15 silly audit   '@sentry/node': [ '9.15.0' ],
15 silly audit   '@sentry/opentelemetry': [ '9.15.0' ],
15 silly audit   '@sentry/react': [ '9.15.0' ],
15 silly audit   '@sentry/vercel-edge': [ '9.15.0' ],
15 silly audit   '@sentry/webpack-plugin': [ '3.3.1' ],
15 silly audit   uuid: [ '9.0.1', '11.1.0' ],
15 silly audit   '@standard-schema/utils': [ '0.3.0' ],
15 silly audit   '@supabase/auth-helpers-nextjs': [ '0.7.4' ],
15 silly audit   '@supabase/auth-helpers-shared': [ '0.4.1' ],
15 silly audit   '@supabase/functions-js': [ '2.4.4' ],
15 silly audit   '@supabase/gotrue-js': [ '2.69.1' ],
15 silly audit   '@supabase/node-fetch': [ '2.6.15' ],
15 silly audit   '@supabase/postgrest-js': [ '1.19.4' ],
15 silly audit   '@supabase/realtime-js': [ '2.11.7' ],
15 silly audit   '@supabase/ssr': [ '0.6.1' ],
15 silly audit   '@supabase/storage-js': [ '2.7.3' ],
15 silly audit   '@supabase/supabase-js': [ '2.32.0' ],
15 silly audit   '@swc/counter': [ '0.1.3' ],
15 silly audit   '@swc/helpers': [ '0.5.5' ],
15 silly audit   '@tybys/wasm-util': [ '0.9.0' ],
15 silly audit   '@types/body-parser': [ '1.19.5' ],
15 silly audit   '@types/chart.js': [ '2.9.37' ],
15 silly audit   '@types/connect': [ '3.4.38' ],
15 silly audit   '@types/cookies': [ '0.7.7' ],
15 silly audit   '@types/estree': [ '1.0.7', '1.0.6' ],
15 silly audit   '@types/express': [ '4.17.14' ],
15 silly audit   '@types/express-serve-static-core': [ '4.19.6' ],
15 silly audit   '@types/http-errors': [ '2.0.4' ],
15 silly audit   '@types/json5': [ '0.0.29' ],
15 silly audit   '@types/keygrip': [ '1.0.6' ],
15 silly audit   '@types/mime': [ '1.3.5' ],
15 silly audit   '@types/mysql': [ '2.15.26' ],
15 silly audit   '@types/node-fetch': [ '2.6.2' ],
15 silly audit   '@types/pg': [ '8.6.1' ],
15 silly audit   '@types/pg-pool': [ '2.0.6' ],
15 silly audit   '@types/phoenix': [ '1.6.6' ],
15 silly audit   '@types/prop-types': [ '15.7.14' ],
15 silly audit   '@types/qs': [ '6.9.18' ],
15 silly audit   '@types/range-parser': [ '1.2.7' ],
15 silly audit   '@types/react': [ '18.2.20' ],
15 silly audit   '@types/react-dom': [ '18.2.7' ],
15 silly audit   '@types/scheduler': [ '0.26.0' ],
15 silly audit   '@types/send': [ '0.17.4' ],
15 silly audit   '@types/serve-static': [ '1.15.7' ],
15 silly audit   '@types/shimmer': [ '1.2.0' ],
15 silly audit   '@types/tedious': [ '4.0.14' ],
15 silly audit   '@types/uuid': [ '10.0.0' ],
15 silly audit   '@types/ws': [ '8.18.1' ],
15 silly audit   '@typescript-eslint/eslint-plugin': [ '8.32.0' ],
15 silly audit   '@typescript-eslint/parser': [ '8.32.0' ],
15 silly audit   '@typescript-eslint/scope-manager': [ '8.32.0' ],
15 silly audit   '@typescript-eslint/type-utils': [ '8.32.0' ],
15 silly audit   '@typescript-eslint/types': [ '8.32.0' ],
15 silly audit   '@typescript-eslint/typescript-estree': [ '8.32.0' ],
15 silly audit   '@typescript-eslint/utils': [ '8.32.0' ],
15 silly audit   '@typescript-eslint/visitor-keys': [ '8.32.0' ],
15 silly audit   'eslint-visitor-keys': [ '4.2.0', '3.4.3' ],
15 silly audit   '@unrs/resolver-binding-darwin-arm64': [ '1.7.2' ],
15 silly audit   '@unrs/resolver-binding-darwin-x64': [ '1.7.2' ],
15 silly audit   '@unrs/resolver-binding-freebsd-x64': [ '1.7.2' ],
15 silly audit   '@unrs/resolver-binding-linux-arm-gnueabihf': [ '1.7.2' ],
15 silly audit   '@unrs/resolver-binding-linux-arm-musleabihf': [ '1.7.2' ],
15 silly audit   '@unrs/resolver-binding-linux-arm64-gnu': [ '1.7.2' ],
15 silly audit   '@unrs/resolver-binding-linux-arm64-musl': [ '1.7.2' ],
15 silly audit   '@unrs/resolver-binding-linux-ppc64-gnu': [ '1.7.2' ],
15 silly audit   '@unrs/resolver-binding-linux-riscv64-gnu': [ '1.7.2' ],
15 silly audit   '@unrs/resolver-binding-linux-riscv64-musl': [ '1.7.2' ],
15 silly audit   '@unrs/resolver-binding-linux-s390x-gnu': [ '1.7.2' ],
15 silly audit   '@unrs/resolver-binding-linux-x64-gnu': [ '1.7.2' ],
15 silly audit   '@unrs/resolver-binding-linux-x64-musl': [ '1.7.2' ],
15 silly audit   '@unrs/resolver-binding-wasm32-wasi': [ '1.7.2' ],
15 silly audit   '@unrs/resolver-binding-win32-arm64-msvc': [ '1.7.2' ],
15 silly audit   '@unrs/resolver-binding-win32-ia32-msvc': [ '1.7.2' ],
15 silly audit   '@unrs/resolver-binding-win32-x64-msvc': [ '1.7.2' ],
15 silly audit   acorn: [ '8.14.1' ],
15 silly audit   'acorn-import-attributes': [ '1.9.5' ],
15 silly audit   'acorn-jsx': [ '5.3.2' ],
15 silly audit   'agent-base': [ '6.0.2', '7.1.3' ],
15 silly audit   ajv: [ '6.12.6' ],
15 silly audit   'any-promise': [ '1.3.0' ],
15 silly audit   anymatch: [ '3.1.3' ],
15 silly audit   picomatch: [ '2.3.1', '4.0.2' ],
15 silly audit   arg: [ '5.0.2' ],
15 silly audit   argparse: [ '2.0.1' ],
15 silly audit   'aria-query': [ '5.3.2' ],
15 silly audit   'array-buffer-byte-length': [ '1.0.2' ],
15 silly audit   'array-includes': [ '3.1.8' ],
15 silly audit   'array.prototype.findlast': [ '1.2.5' ],
15 silly audit   'array.prototype.findlastindex': [ '1.2.6' ],
15 silly audit   'array.prototype.flat': [ '1.3.3' ],
15 silly audit   'array.prototype.flatmap': [ '1.3.3' ],
15 silly audit   'array.prototype.tosorted': [ '1.1.4' ],
15 silly audit   'arraybuffer.prototype.slice': [ '1.0.4' ],
15 silly audit   asn1js: [ '3.0.6' ],
15 silly audit   'ast-types-flow': [ '0.0.8' ],
15 silly audit   'async-function': [ '1.0.0' ],
15 silly audit   asynckit: [ '0.4.0' ],
15 silly audit   autoprefixer: [ '10.4.15' ],
15 silly audit   'available-typed-arrays': [ '1.0.7' ],
15 silly audit   'axe-core': [ '4.10.3' ],
15 silly audit   'axobject-query': [ '4.1.0' ],
15 silly audit   'balanced-match': [ '1.0.2' ],
15 silly audit   'bin-links': [ '5.0.0' ],
15 silly audit   'binary-extensions': [ '2.3.0' ],
15 silly audit   braces: [ '3.0.3' ],
15 silly audit   browserslist: [ '4.24.5' ],
15 silly audit   'bubble-stream-error': [ '1.0.0' ],
15 silly audit   busboy: [ '1.6.0' ],
15 silly audit   'call-bind': [ '1.0.8' ],
15 silly audit   'call-bind-apply-helpers': [ '1.0.2' ],
15 silly audit   'call-bound': [ '1.0.4' ],
15 silly audit   callsites: [ '3.1.0' ],
15 silly audit   camelcase: [ '5.3.1' ],
15 silly audit   'camelcase-css': [ '2.0.1' ],
15 silly audit   'camelcase-keys': [ '6.2.2' ],
15 silly audit   'caniuse-lite': [ '1.0.30001717' ],
15 silly audit   chalk: [ '3.0.0', '4.1.2' ],
15 silly audit   'chart.js': [ '4.4.0' ],
15 silly audit   chokidar: [ '3.6.0' ],
15 silly audit   'glob-parent': [ '5.1.2', '6.0.2' ],
15 silly audit   chownr: [ '3.0.0' ],
15 silly audit   'cjs-module-lexer': [ '1.4.3' ],
15 silly audit   'client-only': [ '0.0.1' ],
15 silly audit   cliui: [ '8.0.1' ],
15 silly audit   'cmd-shim': [ '7.0.0' ],
15 silly audit   color: [ '4.2.3' ],
15 silly audit   'color-convert': [ '2.0.1' ],
15 silly audit   'color-name': [ '1.1.4' ],
15 silly audit   'color-string': [ '1.9.1' ],
15 silly audit   'combined-stream': [ '1.0.8' ],
15 silly audit   commander: [ '4.1.1' ],
15 silly audit   commondir: [ '1.0.1' ],
15 silly audit   'concat-map': [ '0.0.1' ],
15 silly audit   'convert-source-map': [ '2.0.0' ],
15 silly audit   'cross-fetch': [ '3.2.0' ],
15 silly audit   'cross-spawn': [ '7.0.6' ],
15 silly audit   cssesc: [ '3.0.0' ],
15 silly audit   'damerau-levenshtein': [ '1.0.8' ],
15 silly audit   'data-uri-to-buffer': [ '4.0.1' ],
15 silly audit   'data-view-buffer': [ '1.0.2' ],
15 silly audit   'data-view-byte-length': [ '1.0.2' ],
15 silly audit   'data-view-byte-offset': [ '1.0.1' ],
15 silly audit   'date-fns': [ '2.30.0' ],
15 silly audit   debug: [ '4.4.0', '3.2.7' ],
15 silly audit   'deep-is': [ '0.1.4' ],
15 silly audit   'define-data-property': [ '1.1.4' ],
15 silly audit   'define-properties': [ '1.2.1' ],
15 silly audit   'delayed-stream': [ '1.0.0' ],
15 silly audit   dequal: [ '2.0.3' ],
15 silly audit   'detect-libc': [ '2.0.4' ],
15 silly audit   didyoumean: [ '1.2.2' ],
15 silly audit   dlv: [ '1.1.3' ],
15 silly audit   doctrine: [ '3.0.0', '2.1.0' ],
15 silly audit   'dom-serializer': [ '2.0.0' ],
15 silly audit   domelementtype: [ '2.3.0' ],
15 silly audit   domhandler: [ '5.0.3' ],
15 silly audit   domutils: [ '3.2.2' ],
15 silly audit   'dot-case': [ '3.0.4' ],
15 silly audit   dotenv: [ '16.5.0' ],
15 silly audit   'dunder-proto': [ '1.0.1' ],
15 silly audit   eastasianwidth: [ '0.2.0' ],
15 silly audit   'electron-to-chromium': [ '1.5.150' ],
15 silly audit   'emoji-regex': [ '9.2.2', '8.0.0' ],
15 silly audit   entities: [ '4.5.0' ],
15 silly audit   'es-abstract': [ '1.23.9' ],
15 silly audit   'es-define-property': [ '1.0.1' ],
15 silly audit   'es-errors': [ '1.3.0' ],
15 silly audit   'es-iterator-helpers': [ '1.2.1' ],
15 silly audit   'es-object-atoms': [ '1.1.1' ],
15 silly audit   'es-set-tostringtag': [ '2.1.0' ],
15 silly audit   'es-shim-unscopables': [ '1.1.0' ],
15 silly audit   'es-to-primitive': [ '1.3.0' ],
15 silly audit   escalade: [ '3.2.0' ],
15 silly audit   'escape-string-regexp': [ '4.0.0' ],
15 silly audit   eslint: [ '8.47.0' ],
15 silly audit   'eslint-config-next': [ '14.2.28' ],
15 silly audit   'eslint-import-resolver-node': [ '0.3.9' ],
15 silly audit   'eslint-import-resolver-typescript': [ '3.10.1' ],
15 silly audit   'eslint-module-utils': [ '2.12.0' ],
15 silly audit   'eslint-plugin-import': [ '2.31.0' ],
15 silly audit   'eslint-plugin-jsx-a11y': [ '6.10.2' ],
15 silly audit   'eslint-plugin-react': [ '7.37.5' ],
15 silly audit   'eslint-plugin-react-hooks': [ '5.0.0-canary-7118f5dd7-20230705' ],
15 silly audit   resolve: [ '2.0.0-next.5', '1.22.8' ],
15 silly audit   'eslint-scope': [ '7.2.2' ],
15 silly audit   espree: [ '9.6.1' ],
15 silly audit   esquery: [ '1.6.0' ],
15 silly audit   esrecurse: [ '4.3.0' ],
15 silly audit   estraverse: [ '5.3.0' ],
15 silly audit   'estree-walker': [ '2.0.2' ],
15 silly audit   esutils: [ '2.0.3' ],
15 silly audit   'fast-deep-equal': [ '3.1.3', '2.0.1' ],
15 silly audit   'fast-glob': [ '3.3.3' ],
15 silly audit   'fast-json-stable-stringify': [ '2.1.0' ],
15 silly audit   'fast-levenshtein': [ '2.0.6' ],
15 silly audit   fastq: [ '1.19.1' ],
15 silly audit   fdir: [ '6.4.4' ],
15 silly audit   'fetch-blob': [ '3.2.0' ],
15 silly audit   'file-entry-cache': [ '6.0.1' ],
15 silly audit   'fill-range': [ '7.1.1' ],
15 silly audit   'find-up': [ '5.0.0' ],
15 silly audit   'flat-cache': [ '3.2.0' ],
15 silly audit   flatted: [ '3.3.3' ],
15 silly audit   'for-each': [ '0.3.5' ],
15 silly audit   'foreground-child': [ '3.3.1' ],
15 silly audit   'form-data': [ '3.0.3' ],
15 silly audit   'formdata-polyfill': [ '4.0.10' ],
15 silly audit   'forwarded-parse': [ '2.1.2' ],
15 silly audit   'fraction.js': [ '4.3.7' ],
15 silly audit   'fs.realpath': [ '1.0.0' ],
15 silly audit   fsevents: [ '2.3.3' ],
15 silly audit   'function-bind': [ '1.1.2' ],
15 silly audit   'function.prototype.name': [ '1.1.8' ],
15 silly audit   'functions-have-names': [ '1.2.3' ],
15 silly audit   gensync: [ '1.0.0-beta.2' ],
15 silly audit   'get-caller-file': [ '2.0.5' ],
15 silly audit   'get-intrinsic': [ '1.3.0' ],
15 silly audit   'get-proto': [ '1.0.1' ],
15 silly audit   'get-symbol-description': [ '1.1.0' ],
15 silly audit   'get-tsconfig': [ '4.10.0' ],
15 silly audit   'glob-to-regexp': [ '0.4.1' ],
15 silly audit   globalthis: [ '1.0.4' ],
15 silly audit   gopd: [ '1.2.0' ],
15 silly audit   'graceful-fs': [ '4.2.11' ],
15 silly audit   graphemer: [ '1.4.0' ],
15 silly audit   'has-bigints': [ '1.1.0' ],
15 silly audit   'has-flag': [ '4.0.0' ],
15 silly audit   'has-property-descriptors': [ '1.0.2' ],
15 silly audit   'has-proto': [ '1.2.0' ],
15 silly audit   'has-symbols': [ '1.1.0' ],
15 silly audit   'has-tostringtag': [ '1.0.2' ],
15 silly audit   hasown: [ '2.0.2' ],
15 silly audit   'hoist-non-react-statics': [ '3.3.2' ],
15 silly audit   'html-to-text': [ '9.0.5' ],
15 silly audit   htmlparser2: [ '8.0.2' ],
15 silly audit   'https-proxy-agent': [ '5.0.1', '7.0.6' ],
15 silly audit   ignore: [ '5.3.2' ],
15 silly audit   'import-fresh': [ '3.3.1' ],
15 silly audit   'import-in-the-middle': [ '1.13.1' ],
15 silly audit   imurmurhash: [ '0.1.4' ],
15 silly audit   inflight: [ '1.0.6' ],
15 silly audit   inherits: [ '2.0.4' ],
15 silly audit   'internal-slot': [ '1.1.0' ],
15 silly audit   'is-array-buffer': [ '3.0.5' ],
15 silly audit   'is-arrayish': [ '0.3.2' ],
15 silly audit   'is-async-function': [ '2.1.1' ],
15 silly audit   'is-bigint': [ '1.1.0' ],
15 silly audit   'is-binary-path': [ '2.1.0' ],
15 silly audit   'is-boolean-object': [ '1.2.2' ],
15 silly audit   'is-bun-module': [ '2.0.0' ],
15 silly audit   'is-callable': [ '1.2.7' ],
15 silly audit   'is-core-module': [ '2.16.1' ],
15 silly audit   'is-data-view': [ '1.0.2' ],
15 silly audit   'is-date-object': [ '1.1.0' ],
15 silly audit   'is-directory': [ '0.3.1' ],
15 silly audit   'is-extglob': [ '2.1.1' ],
15 silly audit   'is-finalizationregistry': [ '1.1.1' ],
15 silly audit   'is-fullwidth-code-point': [ '3.0.0' ],
15 silly audit   'is-generator-function': [ '1.1.0' ],
15 silly audit   'is-glob': [ '4.0.3' ],
15 silly audit   'is-map': [ '2.0.3' ],
15 silly audit   'is-number': [ '7.0.0' ],
15 silly audit   'is-number-object': [ '1.1.1' ],
15 silly audit   'is-path-inside': [ '3.0.3' ],
15 silly audit   'is-reference': [ '1.2.1' ],
15 silly audit   'is-regex': [ '1.2.1' ],
15 silly audit   'is-set': [ '2.0.3' ],
15 silly audit   'is-shared-array-buffer': [ '1.0.4' ],
15 silly audit   'is-string': [ '1.1.1' ],
15 silly audit   'is-symbol': [ '1.1.1' ],
15 silly audit   'is-typed-array': [ '1.1.15' ],
15 silly audit   'is-weakmap': [ '2.0.2' ],
15 silly audit   'is-weakref': [ '1.1.1' ],
15 silly audit   'is-weakset': [ '2.0.4' ],
15 silly audit   isarray: [ '2.0.5' ],
15 silly audit   isexe: [ '2.0.0' ],
15 silly audit   'iterator.prototype': [ '1.1.5' ],
15 silly audit   jackspeak: [ '2.3.6', '4.1.0', '3.4.3' ],
15 silly audit   jiti: [ '1.21.7' ],
15 silly audit   jose: [ '4.15.9' ],
15 silly audit   'js-tokens': [ '4.0.0' ],
15 silly audit   'js-yaml': [ '4.1.0' ],
15 silly audit   jsesc: [ '3.1.0' ],
15 silly audit   'json-buffer': [ '3.0.1' ],
15 silly audit   'json-schema-traverse': [ '0.4.1' ],
15 silly audit   'json-stable-stringify-without-jsonify': [ '1.0.1' ],
15 silly audit   json5: [ '2.2.3', '1.0.2' ],
15 silly audit   'jsx-ast-utils': [ '3.3.5' ],
15 silly audit   keyv: [ '4.5.4' ],
15 silly audit   'language-subtag-registry': [ '0.3.23' ],
15 silly audit   'language-tags': [ '1.0.9' ],
15 silly audit   leac: [ '0.6.0' ],
15 silly audit   levn: [ '0.4.1' ],
15 silly audit   lilconfig: [ '2.1.0', '3.1.3' ],
15 silly audit   'lines-and-columns': [ '1.2.4' ],
15 silly audit   'locate-path': [ '6.0.0' ],
15 silly audit   'lodash._baseflatten': [ '3.1.4' ],
15 silly audit   'lodash._basefor': [ '3.0.3' ],
15 silly audit   'lodash._bindcallback': [ '3.0.1' ],
15 silly audit   'lodash._pickbyarray': [ '3.0.2' ],
15 silly audit   'lodash._pickbycallback': [ '3.0.0' ],
15 silly audit   'lodash.isarguments': [ '3.1.0' ],
15 silly audit   'lodash.isarray': [ '3.0.4' ],
15 silly audit   'lodash.keysin': [ '3.0.8' ],
15 silly audit   'lodash.merge': [ '4.6.2' ],
15 silly audit   'lodash.pick': [ '3.1.0' ],
15 silly audit   'lodash.restparam': [ '3.6.1' ],
15 silly audit   'loose-envify': [ '1.4.0' ],
15 silly audit   'lower-case': [ '2.0.2' ],
15 silly audit   'lru-cache': [ '5.1.1', '10.4.3', '11.1.0' ],
15 silly audit   'map-obj': [ '4.3.0' ],
15 silly audit   'math-intrinsics': [ '1.1.0' ],
15 silly audit   merge2: [ '1.4.1' ],
15 silly audit   micromatch: [ '4.0.8' ],
15 silly audit   'mime-db': [ '1.52.0' ],
15 silly audit   'mime-types': [ '2.1.35' ],
15 silly audit   minimist: [ '1.2.8' ],
15 silly audit   minizlib: [ '3.0.2' ],
15 silly audit   mkdirp: [ '3.0.1' ],
15 silly audit   'module-details-from-path': [ '1.0.4' ],
15 silly audit   moment: [ '2.30.1' ],
15 silly audit   ms: [ '2.1.3' ],
15 silly audit   mz: [ '2.7.0' ],
15 silly audit   nanoid: [ '3.3.11' ],
15 silly audit   'napi-postinstall': [ '0.2.3' ],
15 silly audit   'natural-compare': [ '1.4.0' ],
15 silly audit   next: [ '14.2.28' ],
15 silly audit   postcss: [ '8.4.31', '8.5.3' ],
15 silly audit   'no-case': [ '3.0.4' ],
15 silly audit   'node-domexception': [ '1.0.0' ],
15 silly audit   'node-fetch-native': [ '1.0.1' ],
15 silly audit   'node-releases': [ '2.0.19' ],
15 silly audit   'normalize-path': [ '3.0.0' ],
15 silly audit   'normalize-range': [ '0.1.2' ],
15 silly audit   'npm-normalize-package-bin': [ '4.0.0' ],
15 silly audit   'object-assign': [ '4.1.1' ],
15 silly audit   'object-hash': [ '3.0.0' ],
15 silly audit   'object-inspect': [ '1.13.4' ],
15 silly audit   'object-keys': [ '1.1.1' ],
15 silly audit   'object.assign': [ '4.1.7' ],
15 silly audit   'object.entries': [ '1.1.9' ],
15 silly audit   'object.fromentries': [ '2.0.8' ],
15 silly audit   'object.groupby': [ '1.0.3' ],
15 silly audit   'object.values': [ '1.2.1' ],
15 silly audit   once: [ '1.4.0' ],
15 silly audit   optionator: [ '0.9.4' ],
15 silly audit   'own-keys': [ '1.0.1' ],
15 silly audit   'p-limit': [ '3.1.0' ],
15 silly audit   'p-locate': [ '5.0.0' ],
15 silly audit   'package-json-from-dist': [ '1.0.1' ],
15 silly audit   'parent-module': [ '1.0.1' ],
15 silly audit   parseley: [ '0.12.1' ],
15 silly audit   'path-exists': [ '4.0.0' ],
15 silly audit   'path-is-absolute': [ '1.0.1' ],
15 silly audit   'path-key': [ '3.1.1' ],
15 silly audit   'path-parse': [ '1.0.7' ],
15 silly audit   'path-scurry': [ '1.11.1', '2.0.0' ],
15 silly audit   peberminta: [ '0.9.0' ],
15 silly audit   'pg-int8': [ '1.0.1' ],
15 silly audit   'pg-protocol': [ '1.9.5' ],
15 silly audit   'pg-types': [ '2.2.0' ],
15 silly audit   picocolors: [ '1.1.1' ],
15 silly audit   pify: [ '2.3.0' ],
15 silly audit   pirates: [ '4.0.7' ],
15 silly audit   'possible-typed-array-names': [ '1.1.0' ],
15 silly audit   'postcss-import': [ '15.1.0' ],
15 silly audit   'postcss-js': [ '4.0.1' ],
15 silly audit   'postcss-load-config': [ '4.0.2' ],
15 silly audit   'postcss-nested': [ '6.2.0' ],
15 silly audit   'postcss-selector-parser': [ '6.1.2' ],
15 silly audit   'postcss-value-parser': [ '4.2.0' ],
15 silly audit   'postgres-array': [ '2.0.0' ],
15 silly audit   'postgres-bytea': [ '1.0.0' ],
15 silly audit   'postgres-date': [ '1.0.7' ],
15 silly audit   'postgres-interval': [ '1.2.0' ],
15 silly audit   'prelude-ls': [ '1.2.1' ],
15 silly audit   prettier: [ '3.5.3' ],
15 silly audit   'proc-log': [ '5.0.0' ],
15 silly audit   progress: [ '2.0.3' ],
15 silly audit   'prop-types': [ '15.8.1' ],
15 silly audit   'proxy-from-env': [ '1.1.0' ],
15 silly audit   punycode: [ '2.3.1' ],
15 silly audit   pvtsutils: [ '1.3.6' ],
15 silly audit   pvutils: [ '1.1.3' ],
15 silly audit   'queue-microtask': [ '1.2.3' ],
15 silly audit   'quick-lru': [ '4.0.1' ],
15 silly audit   react: [ '18.2.0' ],
15 silly audit   'react-chartjs-2': [ '5.2.0' ],
15 silly audit   'react-dom': [ '18.2.0' ],
15 silly audit   'react-hook-form': [ '7.56.3' ],
15 silly audit   'react-is': [ '16.13.1' ],
15 silly audit   'react-promise-suspense': [ '0.3.4' ],
15 silly audit   'read-cache': [ '1.0.0' ],
15 silly audit   'read-cmd-shim': [ '5.0.0' ],
15 silly audit   readdirp: [ '3.6.0' ],
15 silly audit   'reflect.getprototypeof': [ '1.0.10' ],
15 silly audit   'regexp.prototype.flags': [ '1.5.4' ],
15 silly audit   'require-directory': [ '2.1.1' ],
15 silly audit   'require-in-the-middle': [ '7.5.2' ],
15 silly audit   resend: [ '4.5.1' ],
15 silly audit   'resolve-from': [ '4.0.0' ],
15 silly audit   'resolve-pkg-maps': [ '1.0.0' ],
15 silly audit   reusify: [ '1.1.0' ],
15 silly audit   rimraf: [ '3.0.2' ],
15 silly audit   rollup: [ '4.35.0' ],
15 silly audit   '@rollup/rollup-win32-x64-msvc': [ '4.35.0' ],
15 silly audit   'run-parallel': [ '1.2.0' ],
15 silly audit   'safe-array-concat': [ '1.1.3' ],
15 silly audit   'safe-push-apply': [ '1.0.0' ],
15 silly audit   'safe-regex-test': [ '1.1.0' ],
15 silly audit   scheduler: [ '0.23.2' ],
15 silly audit   selderee: [ '0.11.0' ],
15 silly audit   'server-only': [ '0.0.1' ],
15 silly audit   'set-cookie-parser': [ '2.7.1' ],
15 silly audit   'set-function-length': [ '1.2.2' ],
15 silly audit   'set-function-name': [ '2.0.2' ],
15 silly audit   'set-proto': [ '1.0.0' ],
15 silly audit   sharp: [ '0.33.5' ],
15 silly audit   'sharp-cli': [ '5.1.0' ],
15 silly audit   'shebang-command': [ '2.0.0' ],
15 silly audit   'shebang-regex': [ '3.0.0' ],
15 silly audit   shimmer: [ '1.2.1' ],
15 silly audit   'side-channel': [ '1.1.0' ],
15 silly audit   'side-channel-list': [ '1.0.0' ],
15 silly audit   'side-channel-map': [ '1.0.1' ],
15 silly audit   'side-channel-weakmap': [ '1.0.2' ],
15 silly audit   'signal-exit': [ '4.1.0' ],
15 silly audit   'simple-swizzle': [ '0.2.2' ],
15 silly audit   sliced: [ '1.0.1' ],
15 silly audit   'snake-case': [ '3.0.4' ],
15 silly audit   'source-map-js': [ '1.2.1' ],
15 silly audit   'stable-hash': [ '0.0.5' ],
15 silly audit   'stacktrace-parser': [ '0.1.11' ],
15 silly audit   'std-env': [ '3.9.0' ],
15 silly audit   streamsearch: [ '1.1.0' ],
15 silly audit   'string.prototype.includes': [ '2.0.1' ],
15 silly audit   'string.prototype.matchall': [ '4.0.12' ],
15 silly audit   'string.prototype.repeat': [ '1.0.0' ],
15 silly audit   'string.prototype.trim': [ '1.2.10' ],
15 silly audit   'string.prototype.trimend': [ '1.0.9' ],
15 silly audit   'string.prototype.trimstart': [ '1.0.8' ],
15 silly audit   'strip-bom': [ '3.0.0' ],
15 silly audit   'strip-json-comments': [ '3.1.1' ],
15 silly audit   'styled-jsx': [ '5.1.1' ],
15 silly audit   sucrase: [ '3.35.0' ],
15 silly audit   supabase: [ '1.226.4' ],
15 silly audit   'supports-color': [ '7.2.0' ],
15 silly audit   'supports-preserve-symlinks-flag': [ '1.0.0' ],
15 silly audit   tailwindcss: [ '3.3.3' ],
15 silly audit   tar: [ '7.4.3' ],
15 silly audit   yallist: [ '5.0.0', '3.1.1' ],
15 silly audit   'text-table': [ '0.2.0' ],
15 silly audit   thenify: [ '3.3.1' ],
15 silly audit   'thenify-all': [ '1.6.0' ],
15 silly audit   tinyglobby: [ '0.2.13' ],
15 silly audit   'to-no-case': [ '1.0.2' ],
15 silly audit   'to-regex-range': [ '5.0.1' ],
15 silly audit   'to-snake-case': [ '1.0.0' ],
15 silly audit   'to-space-case': [ '1.0.0' ],
15 silly audit   tr46: [ '0.0.3' ],
15 silly audit   'ts-api-utils': [ '2.1.0' ],
15 silly audit   'ts-interface-checker': [ '0.1.13' ],
15 silly audit   'tsconfig-paths': [ '3.15.0' ],
15 silly audit   'type-check': [ '0.4.0' ],
15 silly audit   'typed-array-buffer': [ '1.0.3' ],
15 silly audit   'typed-array-byte-length': [ '1.0.3' ],
15 silly audit   'typed-array-byte-offset': [ '1.0.4' ],
15 silly audit   'typed-array-length': [ '1.0.7' ],
15 silly audit   typescript: [ '5.1.6' ],
15 silly audit   'unbox-primitive': [ '1.1.0' ],
15 silly audit   unplugin: [ '1.0.1' ],
15 silly audit   'unrs-resolver': [ '1.7.2' ],
15 silly audit   'update-browserslist-db': [ '1.1.3' ],
15 silly audit   'uri-js': [ '4.4.1' ],
15 silly audit   'use-sync-external-store': [ '1.5.0' ],
15 silly audit   'util-deprecate': [ '1.0.2' ],
15 silly audit   'web-streams-polyfill': [ '3.3.3' ],
15 silly audit   'webcrypto-core': [ '1.8.1' ],
15 silly audit   'webidl-conversions': [ '3.0.1' ],
15 silly audit   'webpack-sources': [ '3.2.3' ],
15 silly audit   'webpack-virtual-modules': [ '0.5.0' ],
15 silly audit   'whatwg-url': [ '5.0.0' ],
15 silly audit   which: [ '2.0.2' ],
15 silly audit   'which-boxed-primitive': [ '1.1.1' ],
15 silly audit   'which-builtin-type': [ '1.2.1' ],
15 silly audit   'which-collection': [ '1.0.2' ],
15 silly audit   'which-typed-array': [ '1.1.19' ],
15 silly audit   'word-wrap': [ '1.2.5' ],
15 silly audit   wrappy: [ '1.0.2' ],
15 silly audit   'write-file-atomic': [ '6.0.0' ],
15 silly audit   ws: [ '8.18.2' ],
15 silly audit   xtend: [ '4.0.2' ],
15 silly audit   y18n: [ '5.0.8' ],
15 silly audit   yaml: [ '2.7.1' ],
15 silly audit   yargs: [ '17.7.2' ],
15 silly audit   'yargs-parser': [ '21.1.1' ],
15 silly audit   'yocto-queue': [ '0.1.0' ],
15 silly audit   zod: [ '3.24.4' ]
15 silly audit }
16 http fetch POST 200 https://registry.npmjs.org/-/npm/v1/security/advisories/bulk 264ms
17 silly audit report {
17 silly audit report   cookie: [
17 silly audit report     {
17 silly audit report       id: 1103907,
17 silly audit report       url: 'https://github.com/advisories/GHSA-pxg6-pf52-xh8x',
17 silly audit report       title: 'cookie accepts cookie name, path, and domain with out of bounds characters',
17 silly audit report       severity: 'low',
17 silly audit report       vulnerable_versions: '<0.7.0',
17 silly audit report       cwe: [Array],
17 silly audit report       cvss: [Object]
17 silly audit report     }
17 silly audit report   ]
17 silly audit report }
18 silly packumentCache corgi:https://registry.npmjs.org/cookie cache-miss
19 http cache https://registry.npmjs.org/cookie 12ms (cache hit)
20 silly packumentCache corgi:https://registry.npmjs.org/cookie set size:22175 disposed:false
21 silly packumentCache corgi:https://registry.npmjs.org/@clerk%2fbackend cache-miss
22 http cache https://registry.npmjs.org/@clerk%2fbackend 11ms (cache hit)
23 silly packumentCache corgi:https://registry.npmjs.org/@clerk%2fbackend set size:4047589 disposed:false
24 silly packumentCache corgi:https://registry.npmjs.org/@clerk%2fclerk-sdk-node cache-miss
25 http cache https://registry.npmjs.org/@clerk%2fclerk-sdk-node 11ms (cache hit)
26 silly packumentCache corgi:https://registry.npmjs.org/@clerk%2fclerk-sdk-node set size:3917935 disposed:false
27 warn audit Updating @clerk/clerk-sdk-node to 5.1.6, which is a SemVer major change.
28 silly idealTree buildDeps
29 silly fetch manifest @clerk/clerk-sdk-node@5.1.6
30 silly packumentCache full:https://registry.npmjs.org/@clerk%2fclerk-sdk-node cache-miss
31 http cache https://registry.npmjs.org/@clerk%2fclerk-sdk-node 136ms (cache hit)
32 silly packumentCache full:https://registry.npmjs.org/@clerk%2fclerk-sdk-node set size:9005064 disposed:false
33 silly placeDep ROOT @clerk/clerk-sdk-node@5.1.6 REPLACE for: calculator@0.1.0 want: 5.1.6
34 silly fetch manifest tslib@2.4.1
35 silly packumentCache full:https://registry.npmjs.org/tslib cache-miss
36 silly fetch manifest @clerk/types@^4.40.2
37 silly packumentCache full:https://registry.npmjs.org/@clerk%2ftypes cache-miss
38 silly fetch manifest @clerk/shared@^2.20.6
39 silly packumentCache full:https://registry.npmjs.org/@clerk%2fshared cache-miss
40 http fetch GET 200 https://registry.npmjs.org/tslib 59ms (cache updated)
41 silly packumentCache full:https://registry.npmjs.org/tslib set size:undefined disposed:false
42 http fetch GET 200 https://registry.npmjs.org/@clerk%2fshared 499ms (cache updated)
43 silly packumentCache full:https://registry.npmjs.org/@clerk%2fshared set size:undefined disposed:false
44 http fetch GET 200 https://registry.npmjs.org/@clerk%2ftypes 889ms (cache updated)
45 silly packumentCache full:https://registry.npmjs.org/@clerk%2ftypes set size:undefined disposed:false
46 silly placeDep node_modules/@clerk/clerk-sdk-node @clerk/shared@2.22.0 OK for: @clerk/clerk-sdk-node@5.1.6 want: ^2.20.6
47 silly placeDep node_modules/@clerk/clerk-sdk-node @clerk/types@4.58.0 OK for: @clerk/clerk-sdk-node@5.1.6 want: ^4.40.2
48 silly placeDep node_modules/@clerk/clerk-sdk-node tslib@2.4.1 OK for: @clerk/clerk-sdk-node@5.1.6 want: 2.4.1
49 silly fetch manifest @clerk/types@^4.46.1
50 silly packumentCache full:https://registry.npmjs.org/@clerk%2ftypes cache-miss
51 silly fetch manifest csstype@3.1.3
52 silly packumentCache full:https://registry.npmjs.org/csstype cache-miss
53 http cache https://registry.npmjs.org/@clerk%2ftypes 26ms (cache hit)
54 silly packumentCache full:https://registry.npmjs.org/@clerk%2ftypes set size:7298137 disposed:false
55 http fetch GET 200 https://registry.npmjs.org/csstype 66ms (cache updated)
56 silly packumentCache full:https://registry.npmjs.org/csstype set size:undefined disposed:false
57 silly placeDep node_modules/@clerk/clerk-sdk-node csstype@3.1.3 OK for: @clerk/types@4.58.0 want: 3.1.3
58 silly reify mark retired [
58 silly reify   'C:\\Users\\akito\\git\\calculator\\node_modules\\@clerk\\clerk-sdk-node'
58 silly reify ]
59 silly reify mark retired [
59 silly reify   'C:\\Users\\akito\\git\\calculator\\node_modules\\@peculiar\\asn1-schema'
59 silly reify ]
60 silly reify mark retired [
60 silly reify   'C:\\Users\\akito\\git\\calculator\\node_modules\\@peculiar\\json-schema'
60 silly reify ]
61 silly reify mark retired [
61 silly reify   'C:\\Users\\akito\\git\\calculator\\node_modules\\@peculiar\\webcrypto'
61 silly reify ]
62 silly reify mark retired [
62 silly reify   'C:\\Users\\akito\\git\\calculator\\node_modules\\@types\\body-parser'
62 silly reify ]
63 silly reify mark retired [ 'C:\\Users\\akito\\git\\calculator\\node_modules\\@types\\cookies' ]
64 silly reify mark retired [ 'C:\\Users\\akito\\git\\calculator\\node_modules\\@types\\express' ]
65 silly reify mark retired [
65 silly reify   'C:\\Users\\akito\\git\\calculator\\node_modules\\@types\\express-serve-static-core'
65 silly reify ]
66 silly reify mark retired [
66 silly reify   'C:\\Users\\akito\\git\\calculator\\node_modules\\@types\\http-errors'
66 silly reify ]
67 silly reify mark retired [ 'C:\\Users\\akito\\git\\calculator\\node_modules\\@types\\keygrip' ]
68 silly reify mark retired [ 'C:\\Users\\akito\\git\\calculator\\node_modules\\@types\\mime' ]
69 silly reify mark retired [
69 silly reify   'C:\\Users\\akito\\git\\calculator\\node_modules\\@types\\node-fetch'
69 silly reify ]
70 silly reify mark retired [ 'C:\\Users\\akito\\git\\calculator\\node_modules\\@types\\qs' ]
71 silly reify mark retired [
71 silly reify   'C:\\Users\\akito\\git\\calculator\\node_modules\\@types\\range-parser'
71 silly reify ]
72 silly reify mark retired [ 'C:\\Users\\akito\\git\\calculator\\node_modules\\@types\\send' ]
73 silly reify mark retired [
73 silly reify   'C:\\Users\\akito\\git\\calculator\\node_modules\\@types\\serve-static'
73 silly reify ]
74 silly reify mark retired [ 'C:\\Users\\akito\\git\\calculator\\node_modules\\asn1js' ]
75 silly reify mark retired [ 'C:\\Users\\akito\\git\\calculator\\node_modules\\asynckit' ]
76 silly reify mark retired [ 'C:\\Users\\akito\\git\\calculator\\node_modules\\camelcase' ]
77 silly reify mark retired [ 'C:\\Users\\akito\\git\\calculator\\node_modules\\camelcase-keys' ]
78 silly reify mark retired [ 'C:\\Users\\akito\\git\\calculator\\node_modules\\combined-stream' ]
79 silly reify mark retired [ 'C:\\Users\\akito\\git\\calculator\\node_modules\\delayed-stream' ]
80 silly reify mark retired [ 'C:\\Users\\akito\\git\\calculator\\node_modules\\form-data' ]
81 silly reify mark retired [ 'C:\\Users\\akito\\git\\calculator\\node_modules\\mime-db' ]
82 silly reify mark retired [ 'C:\\Users\\akito\\git\\calculator\\node_modules\\mime-types' ]
83 silly reify mark retired [
83 silly reify   'C:\\Users\\akito\\git\\calculator\\node_modules\\node-fetch-native'
83 silly reify ]
84 silly reify mark retired [ 'C:\\Users\\akito\\git\\calculator\\node_modules\\pvtsutils' ]
85 silly reify mark retired [ 'C:\\Users\\akito\\git\\calculator\\node_modules\\pvutils' ]
86 silly reify mark retired [ 'C:\\Users\\akito\\git\\calculator\\node_modules\\quick-lru' ]
87 silly reify mark retired [ 'C:\\Users\\akito\\git\\calculator\\node_modules\\to-no-case' ]
88 silly reify mark retired [ 'C:\\Users\\akito\\git\\calculator\\node_modules\\to-snake-case' ]
89 silly reify mark retired [ 'C:\\Users\\akito\\git\\calculator\\node_modules\\to-space-case' ]
90 silly reify mark retired [ 'C:\\Users\\akito\\git\\calculator\\node_modules\\webcrypto-core' ]
91 silly reify moves {
91 silly reify   'C:\\Users\\akito\\git\\calculator\\node_modules\\@clerk\\clerk-sdk-node': 'C:\\Users\\akito\\git\\calculator\\node_modules\\@clerk\\.clerk-sdk-node-nRVp1Ce3',
91 silly reify   'C:\\Users\\akito\\git\\calculator\\node_modules\\@peculiar\\asn1-schema': 'C:\\Users\\akito\\git\\calculator\\node_modules\\@peculiar\\.asn1-schema-iKRRcf0E',
91 silly reify   'C:\\Users\\akito\\git\\calculator\\node_modules\\@peculiar\\json-schema': 'C:\\Users\\akito\\git\\calculator\\node_modules\\@peculiar\\.json-schema-2U1X9OJy',
91 silly reify   'C:\\Users\\akito\\git\\calculator\\node_modules\\@peculiar\\webcrypto': 'C:\\Users\\akito\\git\\calculator\\node_modules\\@peculiar\\.webcrypto-Xcv8lWCX',
91 silly reify   'C:\\Users\\akito\\git\\calculator\\node_modules\\@types\\body-parser': 'C:\\Users\\akito\\git\\calculator\\node_modules\\@types\\.body-parser-rIJE9Hbc',
91 silly reify   'C:\\Users\\akito\\git\\calculator\\node_modules\\@types\\cookies': 'C:\\Users\\akito\\git\\calculator\\node_modules\\@types\\.cookies-yXesDmJC',
91 silly reify   'C:\\Users\\akito\\git\\calculator\\node_modules\\@types\\express': 'C:\\Users\\akito\\git\\calculator\\node_modules\\@types\\.express-kSHDWl78',
91 silly reify   'C:\\Users\\akito\\git\\calculator\\node_modules\\@types\\express-serve-static-core': 'C:\\Users\\akito\\git\\calculator\\node_modules\\@types\\.express-serve-static-core-IiXWYk33',
91 silly reify   'C:\\Users\\akito\\git\\calculator\\node_modules\\@types\\http-errors': 'C:\\Users\\akito\\git\\calculator\\node_modules\\@types\\.http-errors-W1m4E6Et',
91 silly reify   'C:\\Users\\akito\\git\\calculator\\node_modules\\@types\\keygrip': 'C:\\Users\\akito\\git\\calculator\\node_modules\\@types\\.keygrip-l20wSgG3',
91 silly reify   'C:\\Users\\akito\\git\\calculator\\node_modules\\@types\\mime': 'C:\\Users\\akito\\git\\calculator\\node_modules\\@types\\.mime-qPE9fYiB',
91 silly reify   'C:\\Users\\akito\\git\\calculator\\node_modules\\@types\\node-fetch': 'C:\\Users\\akito\\git\\calculator\\node_modules\\@types\\.node-fetch-d6iljXfO',
91 silly reify   'C:\\Users\\akito\\git\\calculator\\node_modules\\@types\\qs': 'C:\\Users\\akito\\git\\calculator\\node_modules\\@types\\.qs-HsIZuxyx',
91 silly reify   'C:\\Users\\akito\\git\\calculator\\node_modules\\@types\\range-parser': 'C:\\Users\\akito\\git\\calculator\\node_modules\\@types\\.range-parser-Lao0blAI',
91 silly reify   'C:\\Users\\akito\\git\\calculator\\node_modules\\@types\\send': 'C:\\Users\\akito\\git\\calculator\\node_modules\\@types\\.send-PV7T5qOE',
91 silly reify   'C:\\Users\\akito\\git\\calculator\\node_modules\\@types\\serve-static': 'C:\\Users\\akito\\git\\calculator\\node_modules\\@types\\.serve-static-CLxdALWi',
91 silly reify   'C:\\Users\\akito\\git\\calculator\\node_modules\\asn1js': 'C:\\Users\\akito\\git\\calculator\\node_modules\\.asn1js-y9VsL8zV',
91 silly reify   'C:\\Users\\akito\\git\\calculator\\node_modules\\asynckit': 'C:\\Users\\akito\\git\\calculator\\node_modules\\.asynckit-sQlHBERR',
91 silly reify   'C:\\Users\\akito\\git\\calculator\\node_modules\\camelcase': 'C:\\Users\\akito\\git\\calculator\\node_modules\\.camelcase-p6Tncqbc',
91 silly reify   'C:\\Users\\akito\\git\\calculator\\node_modules\\camelcase-keys': 'C:\\Users\\akito\\git\\calculator\\node_modules\\.camelcase-keys-8RyxCfJW',
91 silly reify   'C:\\Users\\akito\\git\\calculator\\node_modules\\combined-stream': 'C:\\Users\\akito\\git\\calculator\\node_modules\\.combined-stream-XXt5aBVA',
91 silly reify   'C:\\Users\\akito\\git\\calculator\\node_modules\\delayed-stream': 'C:\\Users\\akito\\git\\calculator\\node_modules\\.delayed-stream-TrbiAWki',
91 silly reify   'C:\\Users\\akito\\git\\calculator\\node_modules\\form-data': 'C:\\Users\\akito\\git\\calculator\\node_modules\\.form-data-tdVwf9FL',
91 silly reify   'C:\\Users\\akito\\git\\calculator\\node_modules\\mime-db': 'C:\\Users\\akito\\git\\calculator\\node_modules\\.mime-db-Ko8fDltP',
91 silly reify   'C:\\Users\\akito\\git\\calculator\\node_modules\\mime-types': 'C:\\Users\\akito\\git\\calculator\\node_modules\\.mime-types-7ELP25cF',
91 silly reify   'C:\\Users\\akito\\git\\calculator\\node_modules\\node-fetch-native': 'C:\\Users\\akito\\git\\calculator\\node_modules\\.node-fetch-native-iPFiFg0w',
91 silly reify   'C:\\Users\\akito\\git\\calculator\\node_modules\\pvtsutils': 'C:\\Users\\akito\\git\\calculator\\node_modules\\.pvtsutils-Pqhg45Nf',
91 silly reify   'C:\\Users\\akito\\git\\calculator\\node_modules\\pvutils': 'C:\\Users\\akito\\git\\calculator\\node_modules\\.pvutils-jGCsRbtc',
91 silly reify   'C:\\Users\\akito\\git\\calculator\\node_modules\\quick-lru': 'C:\\Users\\akito\\git\\calculator\\node_modules\\.quick-lru-8cCFi9db',
91 silly reify   'C:\\Users\\akito\\git\\calculator\\node_modules\\to-no-case': 'C:\\Users\\akito\\git\\calculator\\node_modules\\.to-no-case-Og6DN84m',
91 silly reify   'C:\\Users\\akito\\git\\calculator\\node_modules\\to-snake-case': 'C:\\Users\\akito\\git\\calculator\\node_modules\\.to-snake-case-Das0OyHY',
91 silly reify   'C:\\Users\\akito\\git\\calculator\\node_modules\\to-space-case': 'C:\\Users\\akito\\git\\calculator\\node_modules\\.to-space-case-nwTOYoAl',
91 silly reify   'C:\\Users\\akito\\git\\calculator\\node_modules\\webcrypto-core': 'C:\\Users\\akito\\git\\calculator\\node_modules\\.webcrypto-core-kfsWZZcN'
91 silly reify }
92 silly audit bulk request {
92 silly audit   '@alloc/quick-lru': [ '5.2.0' ],
92 silly audit   '@ampproject/remapping': [ '2.3.0' ],
92 silly audit   '@babel/code-frame': [ '7.27.1' ],
92 silly audit   '@babel/compat-data': [ '7.27.2' ],
92 silly audit   '@babel/core': [ '7.27.1' ],
92 silly audit   semver: [ '6.3.1', '7.7.1' ],
92 silly audit   '@babel/generator': [ '7.27.1' ],
92 silly audit   '@babel/helper-compilation-targets': [ '7.27.2' ],
92 silly audit   '@babel/helper-module-imports': [ '7.27.1' ],
92 silly audit   '@babel/helper-module-transforms': [ '7.27.1' ],
92 silly audit   '@babel/helper-string-parser': [ '7.27.1' ],
92 silly audit   '@babel/helper-validator-identifier': [ '7.27.1' ],
92 silly audit   '@babel/helper-validator-option': [ '7.27.1' ],
92 silly audit   '@babel/helpers': [ '7.27.1' ],
92 silly audit   '@babel/parser': [ '7.27.2' ],
92 silly audit   '@babel/runtime': [ '7.27.1' ],
92 silly audit   '@babel/template': [ '7.27.2' ],
92 silly audit   '@babel/traverse': [ '7.27.1' ],
92 silly audit   '@babel/types': [ '7.27.1' ],
92 silly audit   '@clerk/backend': [ '1.31.4' ],
92 silly audit   '@clerk/types': [ '4.57.1', '3.65.5', '4.58.0' ],
92 silly audit   csstype: [ '3.1.3', '3.1.1' ],
92 silly audit   '@clerk/clerk-react': [ '5.31.1' ],
92 silly audit   'snakecase-keys': [ '8.0.1' ],
92 silly audit   '@clerk/shared': [ '3.8.1', '2.22.0' ],
92 silly audit   '@types/node': [ '20.5.0' ],
92 silly audit   cookie: [ '1.0.2' ],
92 silly audit   deepmerge: [ '4.3.1' ],
92 silly audit   'js-cookie': [ '3.0.5' ],
92 silly audit   swr: [ '2.3.3' ],
92 silly audit   tslib: [ '2.8.1', '2.4.1' ],
92 silly audit   'type-fest': [ '0.20.2', '0.7.1', '4.41.0' ],
92 silly audit   '@clerk/localizations': [ '1.22.0' ],
92 silly audit   '@clerk/nextjs': [ '6.19.1' ],
92 silly audit   '@emnapi/core': [ '1.4.3' ],
92 silly audit   '@emnapi/runtime': [ '1.4.3' ],
92 silly audit   '@emnapi/wasi-threads': [ '1.0.2' ],
92 silly audit   '@eslint-community/eslint-utils': [ '4.7.0' ],
92 silly audit   '@eslint-community/regexpp': [ '4.12.1' ],
92 silly audit   '@eslint/eslintrc': [ '2.1.4' ],
92 silly audit   globals: [ '13.24.0', '11.12.0' ],
92 silly audit   '@eslint/js': [ '8.57.1' ],
92 silly audit   '@heroicons/react': [ '2.2.0' ],
92 silly audit   '@hookform/resolvers': [ '5.0.1' ],
92 silly audit   '@humanwhocodes/config-array': [ '0.11.14' ],
92 silly audit   '@humanwhocodes/module-importer': [ '1.0.1' ],
92 silly audit   '@humanwhocodes/object-schema': [ '2.0.3' ],
92 silly audit   '@img/sharp-darwin-arm64': [ '0.33.5' ],
92 silly audit   '@img/sharp-darwin-x64': [ '0.33.5' ],
92 silly audit   '@img/sharp-libvips-darwin-arm64': [ '1.0.4' ],
92 silly audit   '@img/sharp-libvips-darwin-x64': [ '1.0.4' ],
92 silly audit   '@img/sharp-libvips-linux-arm': [ '1.0.5' ],
92 silly audit   '@img/sharp-libvips-linux-arm64': [ '1.0.4' ],
92 silly audit   '@img/sharp-libvips-linux-s390x': [ '1.0.4' ],
92 silly audit   '@img/sharp-libvips-linux-x64': [ '1.0.4' ],
92 silly audit   '@img/sharp-libvips-linuxmusl-arm64': [ '1.0.4' ],
92 silly audit   '@img/sharp-libvips-linuxmusl-x64': [ '1.0.4' ],
92 silly audit   '@img/sharp-linux-arm': [ '0.33.5' ],
92 silly audit   '@img/sharp-linux-arm64': [ '0.33.5' ],
92 silly audit   '@img/sharp-linux-s390x': [ '0.33.5' ],
92 silly audit   '@img/sharp-linux-x64': [ '0.33.5' ],
92 silly audit   '@img/sharp-linuxmusl-arm64': [ '0.33.5' ],
92 silly audit   '@img/sharp-linuxmusl-x64': [ '0.33.5' ],
92 silly audit   '@img/sharp-wasm32': [ '0.33.5' ],
92 silly audit   '@img/sharp-win32-ia32': [ '0.33.5' ],
92 silly audit   '@img/sharp-win32-x64': [ '0.33.5' ],
92 silly audit   '@isaacs/cliui': [ '8.0.2' ],
92 silly audit   'ansi-regex': [ '6.1.0', '5.0.1' ],
92 silly audit   'ansi-styles': [ '6.2.1', '4.3.0' ],
92 silly audit   'string-width': [ '5.1.2', '4.2.3' ],
92 silly audit   'strip-ansi': [ '7.1.0', '6.0.1' ],
92 silly audit   'wrap-ansi': [ '8.1.0', '7.0.0' ],
92 silly audit   '@isaacs/fs-minipass': [ '4.0.1' ],
92 silly audit   minipass: [ '7.1.2', '4.2.8' ],
92 silly audit   '@jridgewell/gen-mapping': [ '0.3.8' ],
92 silly audit   '@jridgewell/resolve-uri': [ '3.1.2' ],
92 silly audit   '@jridgewell/set-array': [ '1.2.1' ],
92 silly audit   '@jridgewell/sourcemap-codec': [ '1.5.0' ],
92 silly audit   '@jridgewell/trace-mapping': [ '0.3.25' ],
92 silly audit   '@kurkle/color': [ '0.3.4' ],
92 silly audit   '@napi-rs/wasm-runtime': [ '0.2.9' ],
92 silly audit   '@next/env': [ '14.2.28' ],
92 silly audit   '@next/eslint-plugin-next': [ '14.2.28' ],
92 silly audit   'brace-expansion': [ '2.0.1', '1.1.11' ],
92 silly audit   glob: [ '10.3.10', '9.3.5', '7.2.3', '11.0.2', '10.4.5' ],
92 silly audit   minimatch: [ '9.0.5', '8.0.4', '3.1.2', '10.0.1' ],
92 silly audit   '@next/swc-darwin-arm64': [ '14.2.28' ],
92 silly audit   '@next/swc-darwin-x64': [ '14.2.28' ],
92 silly audit   '@next/swc-linux-arm64-gnu': [ '14.2.28' ],
92 silly audit   '@next/swc-linux-arm64-musl': [ '14.2.28' ],
92 silly audit   '@next/swc-linux-x64-gnu': [ '14.2.28' ],
92 silly audit   '@next/swc-linux-x64-musl': [ '14.2.28' ],
92 silly audit   '@next/swc-win32-arm64-msvc': [ '14.2.28' ],
92 silly audit   '@next/swc-win32-ia32-msvc': [ '14.2.28' ],
92 silly audit   '@next/swc-win32-x64-msvc': [ '14.2.28' ],
92 silly audit   '@nodelib/fs.scandir': [ '2.1.5' ],
92 silly audit   '@nodelib/fs.stat': [ '2.0.5' ],
92 silly audit   '@nodelib/fs.walk': [ '1.2.8' ],
92 silly audit   '@nolyfill/is-core-module': [ '1.0.39' ],
92 silly audit   '@opentelemetry/api': [ '1.9.0' ],
92 silly audit   '@opentelemetry/api-logs': [ '0.57.2' ],
92 silly audit   '@opentelemetry/context-async-hooks': [ '1.30.1' ],
92 silly audit   '@opentelemetry/core': [ '1.30.1' ],
92 silly audit   '@opentelemetry/semantic-conventions': [ '1.28.0', '1.32.0' ],
92 silly audit   '@opentelemetry/instrumentation': [ '0.57.2' ],
92 silly audit   '@opentelemetry/instrumentation-amqplib': [ '0.46.1' ],
92 silly audit   '@opentelemetry/instrumentation-connect': [ '0.43.1' ],
92 silly audit   '@opentelemetry/instrumentation-dataloader': [ '0.16.1' ],
92 silly audit   '@opentelemetry/instrumentation-express': [ '0.47.1' ],
92 silly audit   '@opentelemetry/instrumentation-fastify': [ '0.44.2' ],
92 silly audit   '@opentelemetry/instrumentation-fs': [ '0.19.1' ],
92 silly audit   '@opentelemetry/instrumentation-generic-pool': [ '0.43.1' ],
92 silly audit   '@opentelemetry/instrumentation-graphql': [ '0.47.1' ],
92 silly audit   '@opentelemetry/instrumentation-hapi': [ '0.45.2' ],
92 silly audit   '@opentelemetry/instrumentation-http': [ '0.57.2' ],
92 silly audit   '@opentelemetry/instrumentation-ioredis': [ '0.47.1' ],
92 silly audit   '@opentelemetry/instrumentation-kafkajs': [ '0.7.1' ],
92 silly audit   '@opentelemetry/instrumentation-knex': [ '0.44.1' ],
92 silly audit   '@opentelemetry/instrumentation-koa': [ '0.47.1' ],
92 silly audit   '@opentelemetry/instrumentation-lru-memoizer': [ '0.44.1' ],
92 silly audit   '@opentelemetry/instrumentation-mongodb': [ '0.52.0' ],
92 silly audit   '@opentelemetry/instrumentation-mongoose': [ '0.46.1' ],
92 silly audit   '@opentelemetry/instrumentation-mysql': [ '0.45.1' ],
92 silly audit   '@opentelemetry/instrumentation-mysql2': [ '0.45.2' ],
92 silly audit   '@opentelemetry/instrumentation-pg': [ '0.51.1' ],
92 silly audit   '@opentelemetry/instrumentation-redis-4': [ '0.46.1' ],
92 silly audit   '@opentelemetry/instrumentation-tedious': [ '0.18.1' ],
92 silly audit   '@opentelemetry/instrumentation-undici': [ '0.10.1' ],
92 silly audit   '@opentelemetry/redis-common': [ '0.36.2' ],
92 silly audit   '@opentelemetry/resources': [ '1.30.1' ],
92 silly audit   '@opentelemetry/sdk-trace-base': [ '1.30.1' ],
92 silly audit   '@opentelemetry/sql-common': [ '0.40.1' ],
92 silly audit   '@pkgjs/parseargs': [ '0.11.0' ],
92 silly audit   '@prisma/instrumentation': [ '6.6.0' ],
92 silly audit   '@react-email/render': [ '1.0.6' ],
92 silly audit   '@rollup/plugin-commonjs': [ '28.0.1' ],
92 silly audit   '@rollup/pluginutils': [ '5.1.4' ],
92 silly audit   '@rollup/rollup-android-arm-eabi': [ '4.35.0' ],
92 silly audit   '@rollup/rollup-android-arm64': [ '4.35.0' ],
92 silly audit   '@rollup/rollup-darwin-arm64': [ '4.35.0' ],
92 silly audit   '@rollup/rollup-darwin-x64': [ '4.35.0' ],
92 silly audit   '@rollup/rollup-freebsd-arm64': [ '4.35.0' ],
92 silly audit   '@rollup/rollup-freebsd-x64': [ '4.35.0' ],
92 silly audit   '@rollup/rollup-linux-arm-gnueabihf': [ '4.35.0' ],
92 silly audit   '@rollup/rollup-linux-arm-musleabihf': [ '4.35.0' ],
92 silly audit   '@rollup/rollup-linux-arm64-gnu': [ '4.35.0' ],
92 silly audit   '@rollup/rollup-linux-arm64-musl': [ '4.35.0' ],
92 silly audit   '@rollup/rollup-linux-loongarch64-gnu': [ '4.35.0' ],
92 silly audit   '@rollup/rollup-linux-powerpc64le-gnu': [ '4.35.0' ],
92 silly audit   '@rollup/rollup-linux-riscv64-gnu': [ '4.35.0' ],
92 silly audit   '@rollup/rollup-linux-s390x-gnu': [ '4.35.0' ],
92 silly audit   '@rollup/rollup-linux-x64-gnu': [ '4.35.0' ],
92 silly audit   '@rollup/rollup-linux-x64-musl': [ '4.35.0' ],
92 silly audit   '@rollup/rollup-win32-arm64-msvc': [ '4.35.0' ],
92 silly audit   '@rollup/rollup-win32-ia32-msvc': [ '4.35.0' ],
92 silly audit   '@rtsao/scc': [ '1.1.0' ],
92 silly audit   '@rushstack/eslint-patch': [ '1.11.0' ],
92 silly audit   '@selderee/plugin-htmlparser2': [ '0.11.0' ],
92 silly audit   '@sentry-internal/browser-utils': [ '9.15.0' ],
92 silly audit   '@sentry-internal/feedback': [ '9.15.0' ],
92 silly audit   '@sentry-internal/replay': [ '9.15.0' ],
92 silly audit   '@sentry-internal/replay-canvas': [ '9.15.0' ],
92 silly audit   '@sentry/babel-plugin-component-annotate': [ '3.3.1' ],
92 silly audit   '@sentry/browser': [ '9.15.0' ],
92 silly audit   '@sentry/bundler-plugin-core': [ '3.3.1' ],
92 silly audit   'magic-string': [ '0.30.8', '0.30.17' ],
92 silly audit   '@sentry/cli': [ '2.42.2' ],
92 silly audit   '@sentry/cli-darwin': [ '2.42.2' ],
92 silly audit   '@sentry/cli-linux-arm': [ '2.42.2' ],
92 silly audit   '@sentry/cli-linux-arm64': [ '2.42.2' ],
92 silly audit   '@sentry/cli-linux-i686': [ '2.42.2' ],
92 silly audit   '@sentry/cli-linux-x64': [ '2.42.2' ],
92 silly audit   '@sentry/cli-win32-i686': [ '2.42.2' ],
92 silly audit   '@sentry/cli-win32-x64': [ '2.42.2' ],
92 silly audit   'node-fetch': [ '2.7.0', '3.3.2' ],
92 silly audit   '@sentry/core': [ '9.15.0' ],
92 silly audit   '@sentry/nextjs': [ '9.15.0' ],
92 silly audit   '@sentry/node': [ '9.15.0' ],
92 silly audit   '@sentry/opentelemetry': [ '9.15.0' ],
92 silly audit   '@sentry/react': [ '9.15.0' ],
92 silly audit   '@sentry/vercel-edge': [ '9.15.0' ],
92 silly audit   '@sentry/webpack-plugin': [ '3.3.1' ],
92 silly audit   uuid: [ '9.0.1', '11.1.0' ],
92 silly audit   '@standard-schema/utils': [ '0.3.0' ],
92 silly audit   '@supabase/auth-helpers-nextjs': [ '0.7.4' ],
92 silly audit   '@supabase/auth-helpers-shared': [ '0.4.1' ],
92 silly audit   '@supabase/functions-js': [ '2.4.4' ],
92 silly audit   '@supabase/gotrue-js': [ '2.69.1' ],
92 silly audit   '@supabase/node-fetch': [ '2.6.15' ],
92 silly audit   '@supabase/postgrest-js': [ '1.19.4' ],
92 silly audit   '@supabase/realtime-js': [ '2.11.7' ],
92 silly audit   '@supabase/ssr': [ '0.6.1' ],
92 silly audit   '@supabase/storage-js': [ '2.7.3' ],
92 silly audit   '@supabase/supabase-js': [ '2.32.0' ],
92 silly audit   '@swc/counter': [ '0.1.3' ],
92 silly audit   '@swc/helpers': [ '0.5.5' ],
92 silly audit   '@tybys/wasm-util': [ '0.9.0' ],
92 silly audit   '@types/chart.js': [ '2.9.37' ],
92 silly audit   '@types/connect': [ '3.4.38' ],
92 silly audit   '@types/estree': [ '1.0.7', '1.0.6' ],
92 silly audit   '@types/json5': [ '0.0.29' ],
92 silly audit   '@types/mysql': [ '2.15.26' ],
92 silly audit   '@types/pg': [ '8.6.1' ],
92 silly audit   '@types/pg-pool': [ '2.0.6' ],
92 silly audit   '@types/phoenix': [ '1.6.6' ],
92 silly audit   '@types/prop-types': [ '15.7.14' ],
92 silly audit   '@types/react': [ '18.2.20' ],
92 silly audit   '@types/react-dom': [ '18.2.7' ],
92 silly audit   '@types/scheduler': [ '0.26.0' ],
92 silly audit   '@types/shimmer': [ '1.2.0' ],
92 silly audit   '@types/tedious': [ '4.0.14' ],
92 silly audit   '@types/uuid': [ '10.0.0' ],
92 silly audit   '@types/ws': [ '8.18.1' ],
92 silly audit   '@typescript-eslint/eslint-plugin': [ '8.32.0' ],
92 silly audit   '@typescript-eslint/parser': [ '8.32.0' ],
92 silly audit   '@typescript-eslint/scope-manager': [ '8.32.0' ],
92 silly audit   '@typescript-eslint/type-utils': [ '8.32.0' ],
92 silly audit   '@typescript-eslint/types': [ '8.32.0' ],
92 silly audit   '@typescript-eslint/typescript-estree': [ '8.32.0' ],
92 silly audit   '@typescript-eslint/utils': [ '8.32.0' ],
92 silly audit   '@typescript-eslint/visitor-keys': [ '8.32.0' ],
92 silly audit   'eslint-visitor-keys': [ '4.2.0', '3.4.3' ],
92 silly audit   '@unrs/resolver-binding-darwin-arm64': [ '1.7.2' ],
92 silly audit   '@unrs/resolver-binding-darwin-x64': [ '1.7.2' ],
92 silly audit   '@unrs/resolver-binding-freebsd-x64': [ '1.7.2' ],
92 silly audit   '@unrs/resolver-binding-linux-arm-gnueabihf': [ '1.7.2' ],
92 silly audit   '@unrs/resolver-binding-linux-arm-musleabihf': [ '1.7.2' ],
92 silly audit   '@unrs/resolver-binding-linux-arm64-gnu': [ '1.7.2' ],
92 silly audit   '@unrs/resolver-binding-linux-arm64-musl': [ '1.7.2' ],
92 silly audit   '@unrs/resolver-binding-linux-ppc64-gnu': [ '1.7.2' ],
92 silly audit   '@unrs/resolver-binding-linux-riscv64-gnu': [ '1.7.2' ],
92 silly audit   '@unrs/resolver-binding-linux-riscv64-musl': [ '1.7.2' ],
92 silly audit   '@unrs/resolver-binding-linux-s390x-gnu': [ '1.7.2' ],
92 silly audit   '@unrs/resolver-binding-linux-x64-gnu': [ '1.7.2' ],
92 silly audit   '@unrs/resolver-binding-linux-x64-musl': [ '1.7.2' ],
92 silly audit   '@unrs/resolver-binding-wasm32-wasi': [ '1.7.2' ],
92 silly audit   '@unrs/resolver-binding-win32-arm64-msvc': [ '1.7.2' ],
92 silly audit   '@unrs/resolver-binding-win32-ia32-msvc': [ '1.7.2' ],
92 silly audit   '@unrs/resolver-binding-win32-x64-msvc': [ '1.7.2' ],
92 silly audit   acorn: [ '8.14.1' ],
92 silly audit   'acorn-import-attributes': [ '1.9.5' ],
92 silly audit   'acorn-jsx': [ '5.3.2' ],
92 silly audit   'agent-base': [ '6.0.2', '7.1.3' ],
92 silly audit   ajv: [ '6.12.6' ],
92 silly audit   'any-promise': [ '1.3.0' ],
92 silly audit   anymatch: [ '3.1.3' ],
92 silly audit   picomatch: [ '2.3.1', '4.0.2' ],
92 silly audit   arg: [ '5.0.2' ],
92 silly audit   argparse: [ '2.0.1' ],
92 silly audit   'aria-query': [ '5.3.2' ],
92 silly audit   'array-buffer-byte-length': [ '1.0.2' ],
92 silly audit   'array-includes': [ '3.1.8' ],
92 silly audit   'array.prototype.findlast': [ '1.2.5' ],
92 silly audit   'array.prototype.findlastindex': [ '1.2.6' ],
92 silly audit   'array.prototype.flat': [ '1.3.3' ],
92 silly audit   'array.prototype.flatmap': [ '1.3.3' ],
92 silly audit   'array.prototype.tosorted': [ '1.1.4' ],
92 silly audit   'arraybuffer.prototype.slice': [ '1.0.4' ],
92 silly audit   'ast-types-flow': [ '0.0.8' ],
92 silly audit   'async-function': [ '1.0.0' ],
92 silly audit   autoprefixer: [ '10.4.15' ],
92 silly audit   'available-typed-arrays': [ '1.0.7' ],
92 silly audit   'axe-core': [ '4.10.3' ],
92 silly audit   'axobject-query': [ '4.1.0' ],
92 silly audit   'balanced-match': [ '1.0.2' ],
92 silly audit   'bin-links': [ '5.0.0' ],
92 silly audit   'binary-extensions': [ '2.3.0' ],
92 silly audit   braces: [ '3.0.3' ],
92 silly audit   browserslist: [ '4.24.5' ],
92 silly audit   'bubble-stream-error': [ '1.0.0' ],
92 silly audit   busboy: [ '1.6.0' ],
92 silly audit   'call-bind': [ '1.0.8' ],
92 silly audit   'call-bind-apply-helpers': [ '1.0.2' ],
92 silly audit   'call-bound': [ '1.0.4' ],
92 silly audit   callsites: [ '3.1.0' ],
92 silly audit   'camelcase-css': [ '2.0.1' ],
92 silly audit   'caniuse-lite': [ '1.0.30001717' ],
92 silly audit   chalk: [ '3.0.0', '4.1.2' ],
92 silly audit   'chart.js': [ '4.4.0' ],
92 silly audit   chokidar: [ '3.6.0' ],
92 silly audit   'glob-parent': [ '5.1.2', '6.0.2' ],
92 silly audit   chownr: [ '3.0.0' ],
92 silly audit   'cjs-module-lexer': [ '1.4.3' ],
92 silly audit   'client-only': [ '0.0.1' ],
92 silly audit   cliui: [ '8.0.1' ],
92 silly audit   'cmd-shim': [ '7.0.0' ],
92 silly audit   color: [ '4.2.3' ],
92 silly audit   'color-convert': [ '2.0.1' ],
92 silly audit   'color-name': [ '1.1.4' ],
92 silly audit   'color-string': [ '1.9.1' ],
92 silly audit   commander: [ '4.1.1' ],
92 silly audit   commondir: [ '1.0.1' ],
92 silly audit   'concat-map': [ '0.0.1' ],
92 silly audit   'convert-source-map': [ '2.0.0' ],
92 silly audit   'cross-fetch': [ '3.2.0' ],
92 silly audit   'cross-spawn': [ '7.0.6' ],
92 silly audit   cssesc: [ '3.0.0' ],
92 silly audit   'damerau-levenshtein': [ '1.0.8' ],
92 silly audit   'data-uri-to-buffer': [ '4.0.1' ],
92 silly audit   'data-view-buffer': [ '1.0.2' ],
92 silly audit   'data-view-byte-length': [ '1.0.2' ],
92 silly audit   'data-view-byte-offset': [ '1.0.1' ],
92 silly audit   'date-fns': [ '2.30.0' ],
92 silly audit   debug: [ '4.4.0', '3.2.7' ],
92 silly audit   'deep-is': [ '0.1.4' ],
92 silly audit   'define-data-property': [ '1.1.4' ],
92 silly audit   'define-properties': [ '1.2.1' ],
92 silly audit   dequal: [ '2.0.3' ],
92 silly audit   'detect-libc': [ '2.0.4' ],
92 silly audit   didyoumean: [ '1.2.2' ],
92 silly audit   dlv: [ '1.1.3' ],
92 silly audit   doctrine: [ '3.0.0', '2.1.0' ],
92 silly audit   'dom-serializer': [ '2.0.0' ],
92 silly audit   domelementtype: [ '2.3.0' ],
92 silly audit   domhandler: [ '5.0.3' ],
92 silly audit   domutils: [ '3.2.2' ],
92 silly audit   'dot-case': [ '3.0.4' ],
92 silly audit   dotenv: [ '16.5.0' ],
92 silly audit   'dunder-proto': [ '1.0.1' ],
92 silly audit   eastasianwidth: [ '0.2.0' ],
92 silly audit   'electron-to-chromium': [ '1.5.150' ],
92 silly audit   'emoji-regex': [ '9.2.2', '8.0.0' ],
92 silly audit   entities: [ '4.5.0' ],
92 silly audit   'es-abstract': [ '1.23.9' ],
92 silly audit   'es-define-property': [ '1.0.1' ],
92 silly audit   'es-errors': [ '1.3.0' ],
92 silly audit   'es-iterator-helpers': [ '1.2.1' ],
92 silly audit   'es-object-atoms': [ '1.1.1' ],
92 silly audit   'es-set-tostringtag': [ '2.1.0' ],
92 silly audit   'es-shim-unscopables': [ '1.1.0' ],
92 silly audit   'es-to-primitive': [ '1.3.0' ],
92 silly audit   escalade: [ '3.2.0' ],
92 silly audit   'escape-string-regexp': [ '4.0.0' ],
92 silly audit   eslint: [ '8.47.0' ],
92 silly audit   'eslint-config-next': [ '14.2.28' ],
92 silly audit   'eslint-import-resolver-node': [ '0.3.9' ],
92 silly audit   'eslint-import-resolver-typescript': [ '3.10.1' ],
92 silly audit   'eslint-module-utils': [ '2.12.0' ],
92 silly audit   'eslint-plugin-import': [ '2.31.0' ],
92 silly audit   'eslint-plugin-jsx-a11y': [ '6.10.2' ],
92 silly audit   'eslint-plugin-react': [ '7.37.5' ],
92 silly audit   'eslint-plugin-react-hooks': [ '5.0.0-canary-7118f5dd7-20230705' ],
92 silly audit   resolve: [ '2.0.0-next.5', '1.22.8' ],
92 silly audit   'eslint-scope': [ '7.2.2' ],
92 silly audit   espree: [ '9.6.1' ],
92 silly audit   esquery: [ '1.6.0' ],
92 silly audit   esrecurse: [ '4.3.0' ],
92 silly audit   estraverse: [ '5.3.0' ],
92 silly audit   'estree-walker': [ '2.0.2' ],
92 silly audit   esutils: [ '2.0.3' ],
92 silly audit   'fast-deep-equal': [ '3.1.3', '2.0.1' ],
92 silly audit   'fast-glob': [ '3.3.3' ],
92 silly audit   'fast-json-stable-stringify': [ '2.1.0' ],
92 silly audit   'fast-levenshtein': [ '2.0.6' ],
92 silly audit   fastq: [ '1.19.1' ],
92 silly audit   fdir: [ '6.4.4' ],
92 silly audit   'fetch-blob': [ '3.2.0' ],
92 silly audit   'file-entry-cache': [ '6.0.1' ],
92 silly audit   'fill-range': [ '7.1.1' ],
92 silly audit   'find-up': [ '5.0.0' ],
92 silly audit   'flat-cache': [ '3.2.0' ],
92 silly audit   flatted: [ '3.3.3' ],
92 silly audit   'for-each': [ '0.3.5' ],
92 silly audit   'foreground-child': [ '3.3.1' ],
92 silly audit   'formdata-polyfill': [ '4.0.10' ],
92 silly audit   'forwarded-parse': [ '2.1.2' ],
92 silly audit   'fraction.js': [ '4.3.7' ],
92 silly audit   'fs.realpath': [ '1.0.0' ],
92 silly audit   fsevents: [ '2.3.3' ],
92 silly audit   'function-bind': [ '1.1.2' ],
92 silly audit   'function.prototype.name': [ '1.1.8' ],
92 silly audit   'functions-have-names': [ '1.2.3' ],
92 silly audit   gensync: [ '1.0.0-beta.2' ],
92 silly audit   'get-caller-file': [ '2.0.5' ],
92 silly audit   'get-intrinsic': [ '1.3.0' ],
92 silly audit   'get-proto': [ '1.0.1' ],
92 silly audit   'get-symbol-description': [ '1.1.0' ],
92 silly audit   'get-tsconfig': [ '4.10.0' ],
92 silly audit   'glob-to-regexp': [ '0.4.1' ],
92 silly audit   globalthis: [ '1.0.4' ],
92 silly audit   gopd: [ '1.2.0' ],
92 silly audit   'graceful-fs': [ '4.2.11' ],
92 silly audit   graphemer: [ '1.4.0' ],
92 silly audit   'has-bigints': [ '1.1.0' ],
92 silly audit   'has-flag': [ '4.0.0' ],
92 silly audit   'has-property-descriptors': [ '1.0.2' ],
92 silly audit   'has-proto': [ '1.2.0' ],
92 silly audit   'has-symbols': [ '1.1.0' ],
92 silly audit   'has-tostringtag': [ '1.0.2' ],
92 silly audit   hasown: [ '2.0.2' ],
92 silly audit   'hoist-non-react-statics': [ '3.3.2' ],
92 silly audit   'html-to-text': [ '9.0.5' ],
92 silly audit   htmlparser2: [ '8.0.2' ],
92 silly audit   'https-proxy-agent': [ '5.0.1', '7.0.6' ],
92 silly audit   ignore: [ '5.3.2' ],
92 silly audit   'import-fresh': [ '3.3.1' ],
92 silly audit   'import-in-the-middle': [ '1.13.1' ],
92 silly audit   imurmurhash: [ '0.1.4' ],
92 silly audit   inflight: [ '1.0.6' ],
92 silly audit   inherits: [ '2.0.4' ],
92 silly audit   'internal-slot': [ '1.1.0' ],
92 silly audit   'is-array-buffer': [ '3.0.5' ],
92 silly audit   'is-arrayish': [ '0.3.2' ],
92 silly audit   'is-async-function': [ '2.1.1' ],
92 silly audit   'is-bigint': [ '1.1.0' ],
92 silly audit   'is-binary-path': [ '2.1.0' ],
92 silly audit   'is-boolean-object': [ '1.2.2' ],
92 silly audit   'is-bun-module': [ '2.0.0' ],
92 silly audit   'is-callable': [ '1.2.7' ],
92 silly audit   'is-core-module': [ '2.16.1' ],
92 silly audit   'is-data-view': [ '1.0.2' ],
92 silly audit   'is-date-object': [ '1.1.0' ],
92 silly audit   'is-directory': [ '0.3.1' ],
92 silly audit   'is-extglob': [ '2.1.1' ],
92 silly audit   'is-finalizationregistry': [ '1.1.1' ],
92 silly audit   'is-fullwidth-code-point': [ '3.0.0' ],
92 silly audit   'is-generator-function': [ '1.1.0' ],
92 silly audit   'is-glob': [ '4.0.3' ],
92 silly audit   'is-map': [ '2.0.3' ],
92 silly audit   'is-number': [ '7.0.0' ],
92 silly audit   'is-number-object': [ '1.1.1' ],
92 silly audit   'is-path-inside': [ '3.0.3' ],
92 silly audit   'is-reference': [ '1.2.1' ],
92 silly audit   'is-regex': [ '1.2.1' ],
92 silly audit   'is-set': [ '2.0.3' ],
92 silly audit   'is-shared-array-buffer': [ '1.0.4' ],
92 silly audit   'is-string': [ '1.1.1' ],
92 silly audit   'is-symbol': [ '1.1.1' ],
92 silly audit   'is-typed-array': [ '1.1.15' ],
92 silly audit   'is-weakmap': [ '2.0.2' ],
92 silly audit   'is-weakref': [ '1.1.1' ],
92 silly audit   'is-weakset': [ '2.0.4' ],
92 silly audit   isarray: [ '2.0.5' ],
92 silly audit   isexe: [ '2.0.0' ],
92 silly audit   'iterator.prototype': [ '1.1.5' ],
92 silly audit   jackspeak: [ '2.3.6', '4.1.0', '3.4.3' ],
92 silly audit   jiti: [ '1.21.7' ],
92 silly audit   jose: [ '4.15.9' ],
92 silly audit   'js-tokens': [ '4.0.0' ],
92 silly audit   'js-yaml': [ '4.1.0' ],
92 silly audit   jsesc: [ '3.1.0' ],
92 silly audit   'json-buffer': [ '3.0.1' ],
92 silly audit   'json-schema-traverse': [ '0.4.1' ],
92 silly audit   'json-stable-stringify-without-jsonify': [ '1.0.1' ],
92 silly audit   json5: [ '2.2.3', '1.0.2' ],
92 silly audit   'jsx-ast-utils': [ '3.3.5' ],
92 silly audit   keyv: [ '4.5.4' ],
92 silly audit   'language-subtag-registry': [ '0.3.23' ],
92 silly audit   'language-tags': [ '1.0.9' ],
92 silly audit   leac: [ '0.6.0' ],
92 silly audit   levn: [ '0.4.1' ],
92 silly audit   lilconfig: [ '2.1.0', '3.1.3' ],
92 silly audit   'lines-and-columns': [ '1.2.4' ],
92 silly audit   'locate-path': [ '6.0.0' ],
92 silly audit   'lodash._baseflatten': [ '3.1.4' ],
92 silly audit   'lodash._basefor': [ '3.0.3' ],
92 silly audit   'lodash._bindcallback': [ '3.0.1' ],
92 silly audit   'lodash._pickbyarray': [ '3.0.2' ],
92 silly audit   'lodash._pickbycallback': [ '3.0.0' ],
92 silly audit   'lodash.isarguments': [ '3.1.0' ],
92 silly audit   'lodash.isarray': [ '3.0.4' ],
92 silly audit   'lodash.keysin': [ '3.0.8' ],
92 silly audit   'lodash.merge': [ '4.6.2' ],
92 silly audit   'lodash.pick': [ '3.1.0' ],
92 silly audit   'lodash.restparam': [ '3.6.1' ],
92 silly audit   'loose-envify': [ '1.4.0' ],
92 silly audit   'lower-case': [ '2.0.2' ],
92 silly audit   'lru-cache': [ '5.1.1', '10.4.3', '11.1.0' ],
92 silly audit   'map-obj': [ '4.3.0' ],
92 silly audit   'math-intrinsics': [ '1.1.0' ],
92 silly audit   merge2: [ '1.4.1' ],
92 silly audit   micromatch: [ '4.0.8' ],
92 silly audit   minimist: [ '1.2.8' ],
92 silly audit   minizlib: [ '3.0.2' ],
92 silly audit   mkdirp: [ '3.0.1' ],
92 silly audit   'module-details-from-path': [ '1.0.4' ],
92 silly audit   moment: [ '2.30.1' ],
92 silly audit   ms: [ '2.1.3' ],
92 silly audit   mz: [ '2.7.0' ],
92 silly audit   nanoid: [ '3.3.11' ],
92 silly audit   'napi-postinstall': [ '0.2.3' ],
92 silly audit   'natural-compare': [ '1.4.0' ],
92 silly audit   next: [ '14.2.28' ],
92 silly audit   postcss: [ '8.4.31', '8.5.3' ],
92 silly audit   'no-case': [ '3.0.4' ],
92 silly audit   'node-domexception': [ '1.0.0' ],
92 silly audit   'node-releases': [ '2.0.19' ],
92 silly audit   'normalize-path': [ '3.0.0' ],
92 silly audit   'normalize-range': [ '0.1.2' ],
92 silly audit   'npm-normalize-package-bin': [ '4.0.0' ],
92 silly audit   'object-assign': [ '4.1.1' ],
92 silly audit   'object-hash': [ '3.0.0' ],
92 silly audit   'object-inspect': [ '1.13.4' ],
92 silly audit   'object-keys': [ '1.1.1' ],
92 silly audit   'object.assign': [ '4.1.7' ],
92 silly audit   'object.entries': [ '1.1.9' ],
92 silly audit   'object.fromentries': [ '2.0.8' ],
92 silly audit   'object.groupby': [ '1.0.3' ],
92 silly audit   'object.values': [ '1.2.1' ],
92 silly audit   once: [ '1.4.0' ],
92 silly audit   optionator: [ '0.9.4' ],
92 silly audit   'own-keys': [ '1.0.1' ],
92 silly audit   'p-limit': [ '3.1.0' ],
92 silly audit   'p-locate': [ '5.0.0' ],
92 silly audit   'package-json-from-dist': [ '1.0.1' ],
92 silly audit   'parent-module': [ '1.0.1' ],
92 silly audit   parseley: [ '0.12.1' ],
92 silly audit   'path-exists': [ '4.0.0' ],
92 silly audit   'path-is-absolute': [ '1.0.1' ],
92 silly audit   'path-key': [ '3.1.1' ],
92 silly audit   'path-parse': [ '1.0.7' ],
92 silly audit   'path-scurry': [ '1.11.1', '2.0.0' ],
92 silly audit   peberminta: [ '0.9.0' ],
92 silly audit   'pg-int8': [ '1.0.1' ],
92 silly audit   'pg-protocol': [ '1.9.5' ],
92 silly audit   'pg-types': [ '2.2.0' ],
92 silly audit   picocolors: [ '1.1.1' ],
92 silly audit   pify: [ '2.3.0' ],
92 silly audit   pirates: [ '4.0.7' ],
92 silly audit   'possible-typed-array-names': [ '1.1.0' ],
92 silly audit   'postcss-import': [ '15.1.0' ],
92 silly audit   'postcss-js': [ '4.0.1' ],
92 silly audit   'postcss-load-config': [ '4.0.2' ],
92 silly audit   'postcss-nested': [ '6.2.0' ],
92 silly audit   'postcss-selector-parser': [ '6.1.2' ],
92 silly audit   'postcss-value-parser': [ '4.2.0' ],
92 silly audit   'postgres-array': [ '2.0.0' ],
92 silly audit   'postgres-bytea': [ '1.0.0' ],
92 silly audit   'postgres-date': [ '1.0.7' ],
92 silly audit   'postgres-interval': [ '1.2.0' ],
92 silly audit   'prelude-ls': [ '1.2.1' ],
92 silly audit   prettier: [ '3.5.3' ],
92 silly audit   'proc-log': [ '5.0.0' ],
92 silly audit   progress: [ '2.0.3' ],
92 silly audit   'prop-types': [ '15.8.1' ],
92 silly audit   'proxy-from-env': [ '1.1.0' ],
92 silly audit   punycode: [ '2.3.1' ],
92 silly audit   'queue-microtask': [ '1.2.3' ],
92 silly audit   react: [ '18.2.0' ],
92 silly audit   'react-chartjs-2': [ '5.2.0' ],
92 silly audit   'react-dom': [ '18.2.0' ],
92 silly audit   'react-hook-form': [ '7.56.3' ],
92 silly audit   'react-is': [ '16.13.1' ],
92 silly audit   'react-promise-suspense': [ '0.3.4' ],
92 silly audit   'read-cache': [ '1.0.0' ],
92 silly audit   'read-cmd-shim': [ '5.0.0' ],
92 silly audit   readdirp: [ '3.6.0' ],
92 silly audit   'reflect.getprototypeof': [ '1.0.10' ],
92 silly audit   'regexp.prototype.flags': [ '1.5.4' ],
92 silly audit   'require-directory': [ '2.1.1' ],
92 silly audit   'require-in-the-middle': [ '7.5.2' ],
92 silly audit   resend: [ '4.5.1' ],
92 silly audit   'resolve-from': [ '4.0.0' ],
92 silly audit   'resolve-pkg-maps': [ '1.0.0' ],
92 silly audit   reusify: [ '1.1.0' ],
92 silly audit   rimraf: [ '3.0.2' ],
92 silly audit   rollup: [ '4.35.0' ],
92 silly audit   '@rollup/rollup-win32-x64-msvc': [ '4.35.0' ],
92 silly audit   'run-parallel': [ '1.2.0' ],
92 silly audit   'safe-array-concat': [ '1.1.3' ],
92 silly audit   'safe-push-apply': [ '1.0.0' ],
92 silly audit   'safe-regex-test': [ '1.1.0' ],
92 silly audit   scheduler: [ '0.23.2' ],
92 silly audit   selderee: [ '0.11.0' ],
92 silly audit   'server-only': [ '0.0.1' ],
92 silly audit   'set-cookie-parser': [ '2.7.1' ],
92 silly audit   'set-function-length': [ '1.2.2' ],
92 silly audit   'set-function-name': [ '2.0.2' ],
92 silly audit   'set-proto': [ '1.0.0' ],
92 silly audit   sharp: [ '0.33.5' ],
92 silly audit   'sharp-cli': [ '5.1.0' ],
92 silly audit   'shebang-command': [ '2.0.0' ],
92 silly audit   'shebang-regex': [ '3.0.0' ],
92 silly audit   shimmer: [ '1.2.1' ],
92 silly audit   'side-channel': [ '1.1.0' ],
92 silly audit   'side-channel-list': [ '1.0.0' ],
92 silly audit   'side-channel-map': [ '1.0.1' ],
92 silly audit   'side-channel-weakmap': [ '1.0.2' ],
92 silly audit   'signal-exit': [ '4.1.0' ],
92 silly audit   'simple-swizzle': [ '0.2.2' ],
92 silly audit   sliced: [ '1.0.1' ],
92 silly audit   'snake-case': [ '3.0.4' ],
92 silly audit   'source-map-js': [ '1.2.1' ],
92 silly audit   'stable-hash': [ '0.0.5' ],
92 silly audit   'stacktrace-parser': [ '0.1.11' ],
92 silly audit   'std-env': [ '3.9.0' ],
92 silly audit   streamsearch: [ '1.1.0' ],
92 silly audit   'string.prototype.includes': [ '2.0.1' ],
92 silly audit   'string.prototype.matchall': [ '4.0.12' ],
92 silly audit   'string.prototype.repeat': [ '1.0.0' ],
92 silly audit   'string.prototype.trim': [ '1.2.10' ],
92 silly audit   'string.prototype.trimend': [ '1.0.9' ],
92 silly audit   'string.prototype.trimstart': [ '1.0.8' ],
92 silly audit   'strip-bom': [ '3.0.0' ],
92 silly audit   'strip-json-comments': [ '3.1.1' ],
92 silly audit   'styled-jsx': [ '5.1.1' ],
92 silly audit   sucrase: [ '3.35.0' ],
92 silly audit   supabase: [ '1.226.4' ],
92 silly audit   'supports-color': [ '7.2.0' ],
92 silly audit   'supports-preserve-symlinks-flag': [ '1.0.0' ],
92 silly audit   tailwindcss: [ '3.3.3' ],
92 silly audit   tar: [ '7.4.3' ],
92 silly audit   yallist: [ '5.0.0', '3.1.1' ],
92 silly audit   'text-table': [ '0.2.0' ],
92 silly audit   thenify: [ '3.3.1' ],
92 silly audit   'thenify-all': [ '1.6.0' ],
92 silly audit   tinyglobby: [ '0.2.13' ],
92 silly audit   'to-regex-range': [ '5.0.1' ],
92 silly audit   tr46: [ '0.0.3' ],
92 silly audit   'ts-api-utils': [ '2.1.0' ],
92 silly audit   'ts-interface-checker': [ '0.1.13' ],
92 silly audit   'tsconfig-paths': [ '3.15.0' ],
92 silly audit   'type-check': [ '0.4.0' ],
92 silly audit   'typed-array-buffer': [ '1.0.3' ],
92 silly audit   'typed-array-byte-length': [ '1.0.3' ],
92 silly audit   'typed-array-byte-offset': [ '1.0.4' ],
92 silly audit   'typed-array-length': [ '1.0.7' ],
92 silly audit   typescript: [ '5.1.6' ],
92 silly audit   'unbox-primitive': [ '1.1.0' ],
92 silly audit   unplugin: [ '1.0.1' ],
92 silly audit   'unrs-resolver': [ '1.7.2' ],
92 silly audit   'update-browserslist-db': [ '1.1.3' ],
92 silly audit   'uri-js': [ '4.4.1' ],
92 silly audit   'use-sync-external-store': [ '1.5.0' ],
92 silly audit   'util-deprecate': [ '1.0.2' ],
92 silly audit   'web-streams-polyfill': [ '3.3.3' ],
92 silly audit   'webidl-conversions': [ '3.0.1' ],
92 silly audit   'webpack-sources': [ '3.2.3' ],
92 silly audit   'webpack-virtual-modules': [ '0.5.0' ],
92 silly audit   'whatwg-url': [ '5.0.0' ],
92 silly audit   which: [ '2.0.2' ],
92 silly audit   'which-boxed-primitive': [ '1.1.1' ],
92 silly audit   'which-builtin-type': [ '1.2.1' ],
92 silly audit   'which-collection': [ '1.0.2' ],
92 silly audit   'which-typed-array': [ '1.1.19' ],
92 silly audit   'word-wrap': [ '1.2.5' ],
92 silly audit   wrappy: [ '1.0.2' ],
92 silly audit   'write-file-atomic': [ '6.0.0' ],
92 silly audit   ws: [ '8.18.2' ],
92 silly audit   xtend: [ '4.0.2' ],
92 silly audit   y18n: [ '5.0.8' ],
92 silly audit   yaml: [ '2.7.1' ],
92 silly audit   yargs: [ '17.7.2' ],
92 silly audit   'yargs-parser': [ '21.1.1' ],
92 silly audit   'yocto-queue': [ '0.1.0' ],
92 silly audit   zod: [ '3.24.4' ],
92 silly audit   '@clerk/clerk-sdk-node': [ '5.1.6' ]
92 silly audit }
93 http cache @clerk/clerk-sdk-node@https://registry.npmjs.org/@clerk/clerk-sdk-node/-/clerk-sdk-node-5.1.6.tgz 0ms (cache hit)
94 http cache csstype@https://registry.npmjs.org/csstype/-/csstype-3.1.3.tgz 0ms (cache hit)
95 silly tarball no local data for @clerk/clerk-sdk-node@https://registry.npmjs.org/@clerk/clerk-sdk-node/-/clerk-sdk-node-5.1.6.tgz. Extracting by manifest.
96 http cache @clerk/shared@https://registry.npmjs.org/@clerk/shared/-/shared-2.22.0.tgz 0ms (cache hit)
97 http cache @clerk/types@https://registry.npmjs.org/@clerk/types/-/types-4.58.0.tgz 0ms (cache hit)
98 silly tarball no local data for @clerk/shared@https://registry.npmjs.org/@clerk/shared/-/shared-2.22.0.tgz. Extracting by manifest.
99 silly tarball no local data for @clerk/types@https://registry.npmjs.org/@clerk/types/-/types-4.58.0.tgz. Extracting by manifest.
100 http fetch POST 200 https://registry.npmjs.org/-/npm/v1/security/advisories/bulk 181ms
101 silly audit report {}
102 http fetch GET 200 https://registry.npmjs.org/@clerk/clerk-sdk-node/-/clerk-sdk-node-5.1.6.tgz 485ms (cache miss)
103 warn deprecated @clerk/clerk-sdk-node@5.1.6: January 10 2025 marks the end of support for @clerk/clerk-sdk-node as previously announced in our October 2024 deprecation notice. Express users can migrate to the @clerk/express package. For more information, you can find our changelog here: https://clerk.com/changelog/2025-01-10-node-sdk-eol
104 http fetch GET 200 https://registry.npmjs.org/@clerk/types/-/types-4.58.0.tgz 555ms (cache miss)
105 http fetch GET 200 https://registry.npmjs.org/@clerk/shared/-/shared-2.22.0.tgz 1116ms (cache miss)
106 info run @clerk/shared@2.22.0 postinstall node_modules/@clerk/clerk-sdk-node/node_modules/@clerk/shared node ./scripts/postinstall.mjs
107 info run @clerk/shared@2.22.0 postinstall { code: 0, signal: null }
108 silly REMOVE node_modules/webcrypto-core
109 silly REMOVE node_modules/to-space-case
110 silly REMOVE node_modules/to-snake-case
111 silly REMOVE node_modules/to-no-case
112 silly REMOVE node_modules/quick-lru
113 silly REMOVE node_modules/pvutils
114 silly REMOVE node_modules/pvtsutils
115 silly REMOVE node_modules/node-fetch-native
116 silly REMOVE node_modules/mime-types
117 silly REMOVE node_modules/mime-db
118 silly REMOVE node_modules/form-data
119 silly REMOVE node_modules/delayed-stream
120 silly REMOVE node_modules/combined-stream
121 silly REMOVE node_modules/camelcase-keys
122 silly REMOVE node_modules/camelcase
123 silly REMOVE node_modules/asynckit
124 silly REMOVE node_modules/asn1js
125 silly REMOVE node_modules/@types/serve-static
126 silly REMOVE node_modules/@types/send
127 silly REMOVE node_modules/@types/range-parser
128 silly REMOVE node_modules/@types/qs
129 silly REMOVE node_modules/@types/node-fetch
130 silly REMOVE node_modules/@types/mime
131 silly REMOVE node_modules/@types/keygrip
132 silly REMOVE node_modules/@types/http-errors
133 silly REMOVE node_modules/@types/express-serve-static-core
134 silly REMOVE node_modules/@types/express
135 silly REMOVE node_modules/@types/cookies
136 silly REMOVE node_modules/@types/body-parser
137 silly REMOVE node_modules/@peculiar/webcrypto
138 silly REMOVE node_modules/@peculiar/json-schema
139 silly REMOVE node_modules/@peculiar/asn1-schema
140 silly CHANGE node_modules/@clerk/clerk-sdk-node
141 silly ADD node_modules/@clerk/clerk-sdk-node/node_modules/csstype
142 silly ADD node_modules/@clerk/clerk-sdk-node/node_modules/@clerk/types
143 silly REMOVE node_modules/@clerk/clerk-sdk-node/node_modules/type-fest
144 silly REMOVE node_modules/@clerk/clerk-sdk-node/node_modules/swr
145 silly REMOVE node_modules/@clerk/clerk-sdk-node/node_modules/snakecase-keys
146 silly REMOVE node_modules/@clerk/clerk-sdk-node/node_modules/js-cookie
147 silly REMOVE node_modules/@clerk/clerk-sdk-node/node_modules/deepmerge
148 silly REMOVE node_modules/@clerk/clerk-sdk-node/node_modules/cookie
149 silly REMOVE node_modules/@clerk/clerk-sdk-node/node_modules/@types/node
150 silly CHANGE node_modules/@clerk/clerk-sdk-node/node_modules/@clerk/shared
151 silly REMOVE node_modules/@clerk/clerk-sdk-node/node_modules/@clerk/backend
152 silly REMOVE node_modules/@clerk/clerk-sdk-node/node_modules/@clerk/backend/node_modules/snakecase-keys
153 verbose cwd C:\Users\akito\git\calculator
154 verbose os Windows_NT 10.0.26100
155 verbose node v20.19.1
156 verbose npm  v11.3.0
157 verbose exit 0
158 info ok
