0 verbose cli C:\Program Files\nodejs\node.exe C:\Program Files\nodejs\node_modules\npm\bin\npm-cli.js
1 info using npm@10.9.2
2 info using node@v22.14.0
3 silly config load:file:C:\Program Files\nodejs\node_modules\npm\npmrc
4 silly config load:file:C:\Users\akito\git\calculator\.npmrc
5 silly config load:file:C:\Users\akito\.npmrc
6 silly config load:file:C:\Users\akito\git\calculator\%APPDATA%\npm\etc\npmrc
7 verbose title npm install
8 verbose argv "install"
9 verbose logfile logs-max:10 dir:C:\Users\akito\git\calculator\%APPDATA%\npm-cache\_logs\2025-05-01T09_01_24_634Z-
10 verbose logfile C:\Users\akito\git\calculator\%APPDATA%\npm-cache\_logs\2025-05-01T09_01_24_634Z-debug-0.log
11 silly logfile start cleaning logs, removing 1 files
12 silly packumentCache heap:4345298944 maxSize:1086324736 maxEntrySize:543162368
13 silly logfile done cleaning log files
14 silly idealTree buildDeps
15 silly fetch manifest next@14.1.0
16 silly packumentCache full:https://registry.npmjs.org/next cache-miss
17 http fetch GET 200 https://registry.npmjs.org/next 446ms (cache miss)
18 silly packumentCache full:https://registry.npmjs.org/next set size:undefined disposed:false
19 silly fetch manifest @opentelemetry/api@^1.1.0
20 silly packumentCache full:https://registry.npmjs.org/@opentelemetry%2fapi cache-miss
21 http fetch GET 200 https://registry.npmjs.org/@opentelemetry%2fapi 161ms (cache miss)
22 silly packumentCache full:https://registry.npmjs.org/@opentelemetry%2fapi set size:undefined disposed:false
23 silly fetch manifest react@^18
24 silly packumentCache full:https://registry.npmjs.org/react cache-miss
25 http fetch GET 200 https://registry.npmjs.org/react 148ms (cache miss)
26 silly packumentCache full:https://registry.npmjs.org/react set size:undefined disposed:false
27 silly fetch manifest react-dom@^18
28 silly packumentCache full:https://registry.npmjs.org/react-dom cache-miss
29 http fetch GET 200 https://registry.npmjs.org/react-dom 155ms (cache miss)
30 silly packumentCache full:https://registry.npmjs.org/react-dom set size:undefined disposed:false
31 silly fetch manifest sass@^1.3.0
32 silly packumentCache full:https://registry.npmjs.org/sass cache-miss
33 http fetch GET 200 https://registry.npmjs.org/sass 57ms (cache miss)
34 silly packumentCache full:https://registry.npmjs.org/sass set size:undefined disposed:false
35 silly placeDep ROOT next@14.1.0 REPLACE for: calculator@0.1.0 want: 14.1.0
36 warn ERESOLVE overriding peer dependency {
36 warn ERESOLVE   code: 'ERESOLVE',
36 warn ERESOLVE   edge: {
36 warn ERESOLVE     type: 'peer',
36 warn ERESOLVE     name: 'next',
36 warn ERESOLVE     spec: '^10 || ^13.5.7 || ^14.2.25 || ^15.2.3',
36 warn ERESOLVE     from: {
36 warn ERESOLVE       name: '@clerk/nextjs',
36 warn ERESOLVE       version: '4.31.8',
36 warn ERESOLVE       location: 'node_modules/@clerk/nextjs',
36 warn ERESOLVE       isWorkspace: false,
36 warn ERESOLVE       dependents: [Array]
36 warn ERESOLVE     }
36 warn ERESOLVE   },
36 warn ERESOLVE   dep: {
36 warn ERESOLVE     name: 'next',
36 warn ERESOLVE     version: '14.1.0',
36 warn ERESOLVE     whileInstalling: {
36 warn ERESOLVE       name: 'calculator',
36 warn ERESOLVE       version: '0.1.0',
36 warn ERESOLVE       path: 'C:\\Users\\akito\\git\\calculator'
36 warn ERESOLVE     },
36 warn ERESOLVE     location: 'node_modules/next',
36 warn ERESOLVE     isWorkspace: false,
36 warn ERESOLVE     dependents: [ [Object] ]
36 warn ERESOLVE   },
36 warn ERESOLVE   force: false,
36 warn ERESOLVE   isMine: true,
36 warn ERESOLVE   strictPeerDeps: false,
36 warn ERESOLVE   current: {
36 warn ERESOLVE     name: 'next',
36 warn ERESOLVE     version: '15.3.1',
36 warn ERESOLVE     location: 'node_modules/next',
36 warn ERESOLVE     isWorkspace: false,
36 warn ERESOLVE     dependents: [ [Object], [Object] ]
36 warn ERESOLVE   }
36 warn ERESOLVE }
37 silly fetch manifest @next/env@14.1.0
38 silly packumentCache full:https://registry.npmjs.org/@next%2fenv cache-miss
39 silly fetch manifest styled-jsx@5.1.1
40 silly packumentCache full:https://registry.npmjs.org/styled-jsx cache-miss
41 silly fetch manifest graceful-fs@^4.2.11
42 silly packumentCache full:https://registry.npmjs.org/graceful-fs cache-miss
43 silly fetch manifest @swc/helpers@0.5.2
44 silly packumentCache full:https://registry.npmjs.org/@swc%2fhelpers cache-miss
45 silly fetch manifest @next/swc-darwin-x64@14.1.0
46 silly packumentCache full:https://registry.npmjs.org/@next%2fswc-darwin-x64 cache-miss
47 silly fetch manifest @next/swc-darwin-arm64@14.1.0
48 silly packumentCache full:https://registry.npmjs.org/@next%2fswc-darwin-arm64 cache-miss
49 silly fetch manifest @next/swc-linux-x64-gnu@14.1.0
50 silly packumentCache full:https://registry.npmjs.org/@next%2fswc-linux-x64-gnu cache-miss
51 silly fetch manifest @next/swc-linux-x64-musl@14.1.0
52 silly packumentCache full:https://registry.npmjs.org/@next%2fswc-linux-x64-musl cache-miss
53 silly fetch manifest @next/swc-win32-x64-msvc@14.1.0
54 silly packumentCache full:https://registry.npmjs.org/@next%2fswc-win32-x64-msvc cache-miss
55 silly fetch manifest @next/swc-linux-arm64-gnu@14.1.0
56 silly packumentCache full:https://registry.npmjs.org/@next%2fswc-linux-arm64-gnu cache-miss
57 silly fetch manifest @next/swc-win32-ia32-msvc@14.1.0
58 silly packumentCache full:https://registry.npmjs.org/@next%2fswc-win32-ia32-msvc cache-miss
59 http cache https://registry.npmjs.org/graceful-fs 25ms (cache hit)
60 silly packumentCache full:https://registry.npmjs.org/graceful-fs set size:124285 disposed:false
61 silly fetch manifest @next/swc-linux-arm64-musl@14.1.0
62 silly packumentCache full:https://registry.npmjs.org/@next%2fswc-linux-arm64-musl cache-miss
63 http cache https://registry.npmjs.org/@swc%2fhelpers 31ms (cache hit)
64 silly packumentCache full:https://registry.npmjs.org/@swc%2fhelpers set size:631925 disposed:false
65 silly fetch manifest @next/swc-win32-arm64-msvc@14.1.0
66 silly packumentCache full:https://registry.npmjs.org/@next%2fswc-win32-arm64-msvc cache-miss
67 http fetch GET 200 https://registry.npmjs.org/styled-jsx 133ms (cache miss)
68 silly packumentCache full:https://registry.npmjs.org/styled-jsx set size:undefined disposed:false
69 http fetch GET 200 https://registry.npmjs.org/@next%2fenv 391ms (cache miss)
70 silly packumentCache full:https://registry.npmjs.org/@next%2fenv set size:undefined disposed:false
71 http fetch GET 200 https://registry.npmjs.org/@next%2fswc-win32-ia32-msvc 422ms (cache miss)
72 silly packumentCache full:https://registry.npmjs.org/@next%2fswc-win32-ia32-msvc set size:undefined disposed:false
73 http fetch GET 200 https://registry.npmjs.org/@next%2fswc-darwin-x64 450ms (cache miss)
74 silly packumentCache full:https://registry.npmjs.org/@next%2fswc-darwin-x64 set size:undefined disposed:false
75 http fetch GET 200 https://registry.npmjs.org/@next%2fswc-linux-x64-gnu 483ms (cache miss)
76 silly packumentCache full:https://registry.npmjs.org/@next%2fswc-linux-x64-gnu set size:undefined disposed:false
77 http fetch GET 200 https://registry.npmjs.org/@next%2fswc-linux-arm64-musl 484ms (cache miss)
78 silly packumentCache full:https://registry.npmjs.org/@next%2fswc-linux-arm64-musl set size:undefined disposed:false
79 http fetch GET 200 https://registry.npmjs.org/@next%2fswc-linux-arm64-gnu 537ms (cache miss)
80 silly packumentCache full:https://registry.npmjs.org/@next%2fswc-linux-arm64-gnu set size:undefined disposed:false
81 http fetch GET 200 https://registry.npmjs.org/@next%2fswc-win32-arm64-msvc 529ms (cache miss)
82 silly packumentCache full:https://registry.npmjs.org/@next%2fswc-win32-arm64-msvc set size:undefined disposed:false
83 http fetch GET 200 https://registry.npmjs.org/@next%2fswc-linux-x64-musl 585ms (cache miss)
84 silly packumentCache full:https://registry.npmjs.org/@next%2fswc-linux-x64-musl set size:undefined disposed:false
85 http fetch GET 200 https://registry.npmjs.org/@next%2fswc-darwin-arm64 616ms (cache miss)
86 silly packumentCache full:https://registry.npmjs.org/@next%2fswc-darwin-arm64 set size:undefined disposed:false
87 http fetch GET 200 https://registry.npmjs.org/@next%2fswc-win32-x64-msvc 649ms (cache miss)
88 silly packumentCache full:https://registry.npmjs.org/@next%2fswc-win32-x64-msvc set size:undefined disposed:false
89 silly fetch manifest react@^18.2.0
90 silly packumentCache full:https://registry.npmjs.org/react cache-miss
91 http cache https://registry.npmjs.org/react 12ms (cache hit)
92 silly packumentCache full:https://registry.npmjs.org/react set size:5649646 disposed:false
93 silly placeDep ROOT @next/env@14.1.0 OK for: next@14.1.0 want: 14.1.0
94 silly placeDep ROOT @next/swc-darwin-arm64@14.1.0 OK for: next@14.1.0 want: 14.1.0
95 silly placeDep ROOT @next/swc-darwin-x64@14.1.0 OK for: next@14.1.0 want: 14.1.0
96 silly placeDep ROOT @next/swc-linux-arm64-gnu@14.1.0 OK for: next@14.1.0 want: 14.1.0
97 silly placeDep ROOT @next/swc-linux-arm64-musl@14.1.0 OK for: next@14.1.0 want: 14.1.0
98 silly placeDep ROOT @next/swc-linux-x64-gnu@14.1.0 OK for: next@14.1.0 want: 14.1.0
99 silly placeDep ROOT @next/swc-linux-x64-musl@14.1.0 OK for: next@14.1.0 want: 14.1.0
100 silly placeDep ROOT @next/swc-win32-arm64-msvc@14.1.0 OK for: next@14.1.0 want: 14.1.0
101 silly placeDep ROOT @next/swc-win32-ia32-msvc@14.1.0 OK for: next@14.1.0 want: 14.1.0
102 silly placeDep ROOT @next/swc-win32-x64-msvc@14.1.0 OK for: next@14.1.0 want: 14.1.0
103 silly placeDep ROOT @swc/helpers@0.5.2 OK for: next@14.1.0 want: 0.5.2
104 silly placeDep ROOT graceful-fs@4.2.11 OK for: next@14.1.0 want: ^4.2.11
105 silly placeDep ROOT styled-jsx@5.1.1 OK for: next@14.1.0 want: 5.1.1
106 silly fetch manifest client-only@0.0.1
107 silly packumentCache full:https://registry.npmjs.org/client-only cache-miss
108 http fetch GET 200 https://registry.npmjs.org/client-only 89ms (cache miss)
109 silly packumentCache full:https://registry.npmjs.org/client-only set size:undefined disposed:false
110 silly placeDep ROOT client-only@0.0.1 OK for: styled-jsx@5.1.1 want: 0.0.1
111 silly reify mark retired [
111 silly reify   'C:\\Users\\akito\\git\\calculator\\node_modules\\@img\\sharp-win32-x64'
111 silly reify ]
112 silly reify mark retired [ 'C:\\Users\\akito\\git\\calculator\\node_modules\\@next\\env' ]
113 silly reify mark retired [
113 silly reify   'C:\\Users\\akito\\git\\calculator\\node_modules\\@next\\swc-win32-x64-msvc'
113 silly reify ]
114 silly reify mark retired [ 'C:\\Users\\akito\\git\\calculator\\node_modules\\@swc\\counter' ]
115 silly reify mark retired [ 'C:\\Users\\akito\\git\\calculator\\node_modules\\@swc\\helpers' ]
116 silly reify mark retired [ 'C:\\Users\\akito\\git\\calculator\\node_modules\\color' ]
117 silly reify mark retired [ 'C:\\Users\\akito\\git\\calculator\\node_modules\\color-string' ]
118 silly reify mark retired [ 'C:\\Users\\akito\\git\\calculator\\node_modules\\detect-libc' ]
119 silly reify mark retired [ 'C:\\Users\\akito\\git\\calculator\\node_modules\\is-arrayish' ]
120 silly reify mark retired [
120 silly reify   'C:\\Users\\akito\\git\\calculator\\node_modules\\next',
120 silly reify   'C:\\Users\\akito\\git\\calculator\\node_modules\\.bin\\next',
120 silly reify   'C:\\Users\\akito\\git\\calculator\\node_modules\\.bin\\next.cmd',
120 silly reify   'C:\\Users\\akito\\git\\calculator\\node_modules\\.bin\\next.ps1'
120 silly reify ]
121 silly reify mark retired [ 'C:\\Users\\akito\\git\\calculator\\node_modules\\sharp' ]
122 silly reify mark retired [ 'C:\\Users\\akito\\git\\calculator\\node_modules\\simple-swizzle' ]
123 silly reify mark retired [ 'C:\\Users\\akito\\git\\calculator\\node_modules\\styled-jsx' ]
124 silly reify moves {
124 silly reify   'C:\\Users\\akito\\git\\calculator\\node_modules\\@img\\sharp-win32-x64': 'C:\\Users\\akito\\git\\calculator\\node_modules\\@img\\.sharp-win32-x64-bIHFO0RF',
124 silly reify   'C:\\Users\\akito\\git\\calculator\\node_modules\\@next\\env': 'C:\\Users\\akito\\git\\calculator\\node_modules\\@next\\.env-uGgMZq63',
124 silly reify   'C:\\Users\\akito\\git\\calculator\\node_modules\\@next\\swc-win32-x64-msvc': 'C:\\Users\\akito\\git\\calculator\\node_modules\\@next\\.swc-win32-x64-msvc-YREotHlZ',
124 silly reify   'C:\\Users\\akito\\git\\calculator\\node_modules\\@swc\\counter': 'C:\\Users\\akito\\git\\calculator\\node_modules\\@swc\\.counter-MkiYk4wI',
124 silly reify   'C:\\Users\\akito\\git\\calculator\\node_modules\\@swc\\helpers': 'C:\\Users\\akito\\git\\calculator\\node_modules\\@swc\\.helpers-wYppEBTl',
124 silly reify   'C:\\Users\\akito\\git\\calculator\\node_modules\\color': 'C:\\Users\\akito\\git\\calculator\\node_modules\\.color-oUne9BMw',
124 silly reify   'C:\\Users\\akito\\git\\calculator\\node_modules\\color-string': 'C:\\Users\\akito\\git\\calculator\\node_modules\\.color-string-sXvbF99l',
124 silly reify   'C:\\Users\\akito\\git\\calculator\\node_modules\\detect-libc': 'C:\\Users\\akito\\git\\calculator\\node_modules\\.detect-libc-igvTQeyK',
124 silly reify   'C:\\Users\\akito\\git\\calculator\\node_modules\\is-arrayish': 'C:\\Users\\akito\\git\\calculator\\node_modules\\.is-arrayish-Yjd5ScDe',
124 silly reify   'C:\\Users\\akito\\git\\calculator\\node_modules\\next': 'C:\\Users\\akito\\git\\calculator\\node_modules\\.next-UV32HQpg',
124 silly reify   'C:\\Users\\akito\\git\\calculator\\node_modules\\.bin\\next': 'C:\\Users\\akito\\git\\calculator\\node_modules\\.bin\\.next-TBlbPcUX',
124 silly reify   'C:\\Users\\akito\\git\\calculator\\node_modules\\.bin\\next.cmd': 'C:\\Users\\akito\\git\\calculator\\node_modules\\.bin\\.next.cmd-VeSayLIB',
124 silly reify   'C:\\Users\\akito\\git\\calculator\\node_modules\\.bin\\next.ps1': 'C:\\Users\\akito\\git\\calculator\\node_modules\\.bin\\.next.ps1-WX7wt4eW',
124 silly reify   'C:\\Users\\akito\\git\\calculator\\node_modules\\sharp': 'C:\\Users\\akito\\git\\calculator\\node_modules\\.sharp-LcFdvIOO',
124 silly reify   'C:\\Users\\akito\\git\\calculator\\node_modules\\simple-swizzle': 'C:\\Users\\akito\\git\\calculator\\node_modules\\.simple-swizzle-NFTfAhta',
124 silly reify   'C:\\Users\\akito\\git\\calculator\\node_modules\\styled-jsx': 'C:\\Users\\akito\\git\\calculator\\node_modules\\.styled-jsx-47WkLNSp'
124 silly reify }
125 silly audit bulk request {
125 silly audit   '@alloc/quick-lru': [ '5.2.0' ],
125 silly audit   '@clerk/backend': [ '0.38.15' ],
125 silly audit   '@clerk/types': [ '3.65.5', '4.56.0' ],
125 silly audit   '@types/node': [ '16.18.6', '20.17.32' ],
125 silly audit   csstype: [ '3.1.1', '3.1.3' ],
125 silly audit   '@clerk/clerk-react': [ '4.32.5' ],
125 silly audit   '@clerk/clerk-sdk-node': [ '4.13.23' ],
125 silly audit   'snakecase-keys': [ '3.2.1', '5.4.4' ],
125 silly audit   '@clerk/localizations': [ '3.14.1' ],
125 silly audit   '@clerk/nextjs': [ '4.31.8' ],
125 silly audit   '@clerk/shared': [ '1.4.2' ],
125 silly audit   '@emnapi/core': [ '1.4.3' ],
125 silly audit   '@emnapi/runtime': [ '1.4.3' ],
125 silly audit   '@emnapi/wasi-threads': [ '1.0.2' ],
125 silly audit   '@eslint-community/eslint-utils': [ '4.6.1' ],
125 silly audit   '@eslint-community/regexpp': [ '4.12.1' ],
125 silly audit   '@eslint/eslintrc': [ '2.1.4' ],
125 silly audit   '@eslint/js': [ '8.57.1' ],
125 silly audit   '@humanwhocodes/config-array': [ '0.13.0' ],
125 silly audit   '@humanwhocodes/module-importer': [ '1.0.1' ],
125 silly audit   '@humanwhocodes/object-schema': [ '2.0.3' ],
125 silly audit   '@isaacs/cliui': [ '8.0.2' ],
125 silly audit   'ansi-regex': [ '6.1.0', '5.0.1' ],
125 silly audit   'strip-ansi': [ '7.1.0', '6.0.1' ],
125 silly audit   '@jridgewell/gen-mapping': [ '0.3.8' ],
125 silly audit   '@jridgewell/resolve-uri': [ '3.1.2' ],
125 silly audit   '@jridgewell/set-array': [ '1.2.1' ],
125 silly audit   '@jridgewell/sourcemap-codec': [ '1.5.0' ],
125 silly audit   '@jridgewell/trace-mapping': [ '0.3.25' ],
125 silly audit   '@kurkle/color': [ '0.3.4' ],
125 silly audit   '@napi-rs/wasm-runtime': [ '0.2.9' ],
125 silly audit   '@next/eslint-plugin-next': [ '14.1.0' ],
125 silly audit   '@nodelib/fs.scandir': [ '2.1.5' ],
125 silly audit   '@nodelib/fs.stat': [ '2.0.5' ],
125 silly audit   '@nodelib/fs.walk': [ '1.2.8' ],
125 silly audit   '@nolyfill/is-core-module': [ '1.0.39' ],
125 silly audit   '@peculiar/asn1-schema': [ '2.3.15' ],
125 silly audit   tslib: [ '2.8.1', '2.4.1' ],
125 silly audit   '@peculiar/json-schema': [ '1.1.12' ],
125 silly audit   '@peculiar/webcrypto': [ '1.4.1' ],
125 silly audit   '@pkgjs/parseargs': [ '0.11.0' ],
125 silly audit   '@rtsao/scc': [ '1.1.0' ],
125 silly audit   '@rushstack/eslint-patch': [ '1.11.0' ],
125 silly audit   '@supabase/auth-helpers-nextjs': [ '0.10.0' ],
125 silly audit   '@supabase/auth-helpers-shared': [ '0.7.0' ],
125 silly audit   '@supabase/auth-js': [ '2.69.1' ],
125 silly audit   '@supabase/functions-js': [ '2.4.4' ],
125 silly audit   '@supabase/node-fetch': [ '2.6.15' ],
125 silly audit   '@supabase/postgrest-js': [ '1.19.4' ],
125 silly audit   '@supabase/realtime-js': [ '2.11.2' ],
125 silly audit   '@supabase/storage-js': [ '2.7.1' ],
125 silly audit   '@supabase/supabase-js': [ '2.49.4' ],
125 silly audit   '@tybys/wasm-util': [ '0.9.0' ],
125 silly audit   '@types/body-parser': [ '1.19.5' ],
125 silly audit   '@types/connect': [ '3.4.38' ],
125 silly audit   '@types/cookies': [ '0.7.7' ],
125 silly audit   '@types/express': [ '4.17.14' ],
125 silly audit   '@types/express-serve-static-core': [ '4.19.6' ],
125 silly audit   '@types/http-errors': [ '2.0.4' ],
125 silly audit   '@types/json5': [ '0.0.29' ],
125 silly audit   '@types/keygrip': [ '1.0.6' ],
125 silly audit   '@types/mime': [ '1.3.5' ],
125 silly audit   '@types/node-fetch': [ '2.6.2' ],
125 silly audit   '@types/phoenix': [ '1.6.6' ],
125 silly audit   '@types/prop-types': [ '15.7.14' ],
125 silly audit   '@types/qs': [ '6.9.18' ],
125 silly audit   '@types/range-parser': [ '1.2.7' ],
125 silly audit   '@types/react': [ '18.3.20' ],
125 silly audit   '@types/react-dom': [ '18.3.6' ],
125 silly audit   '@types/send': [ '0.17.4' ],
125 silly audit   '@types/serve-static': [ '1.15.7' ],
125 silly audit   '@types/ws': [ '8.18.1' ],
125 silly audit   '@typescript-eslint/parser': [ '6.21.0' ],
125 silly audit   '@typescript-eslint/scope-manager': [ '6.21.0' ],
125 silly audit   '@typescript-eslint/types': [ '6.21.0' ],
125 silly audit   '@typescript-eslint/typescript-estree': [ '6.21.0' ],
125 silly audit   'brace-expansion': [ '2.0.1', '1.1.11' ],
125 silly audit   minimatch: [ '9.0.3', '9.0.5', '3.1.2' ],
125 silly audit   '@typescript-eslint/visitor-keys': [ '6.21.0' ],
125 silly audit   '@ungap/structured-clone': [ '1.3.0' ],
125 silly audit   '@unrs/resolver-binding-darwin-arm64': [ '1.7.2' ],
125 silly audit   '@unrs/resolver-binding-darwin-x64': [ '1.7.2' ],
125 silly audit   '@unrs/resolver-binding-freebsd-x64': [ '1.7.2' ],
125 silly audit   '@unrs/resolver-binding-linux-arm-gnueabihf': [ '1.7.2' ],
125 silly audit   '@unrs/resolver-binding-linux-arm-musleabihf': [ '1.7.2' ],
125 silly audit   '@unrs/resolver-binding-linux-arm64-gnu': [ '1.7.2' ],
125 silly audit   '@unrs/resolver-binding-linux-arm64-musl': [ '1.7.2' ],
125 silly audit   '@unrs/resolver-binding-linux-ppc64-gnu': [ '1.7.2' ],
125 silly audit   '@unrs/resolver-binding-linux-riscv64-gnu': [ '1.7.2' ],
125 silly audit   '@unrs/resolver-binding-linux-riscv64-musl': [ '1.7.2' ],
125 silly audit   '@unrs/resolver-binding-linux-s390x-gnu': [ '1.7.2' ],
125 silly audit   '@unrs/resolver-binding-linux-x64-gnu': [ '1.7.2' ],
125 silly audit   '@unrs/resolver-binding-linux-x64-musl': [ '1.7.2' ],
125 silly audit   '@unrs/resolver-binding-wasm32-wasi': [ '1.7.2' ],
125 silly audit   '@unrs/resolver-binding-win32-arm64-msvc': [ '1.7.2' ],
125 silly audit   '@unrs/resolver-binding-win32-ia32-msvc': [ '1.7.2' ],
125 silly audit   '@unrs/resolver-binding-win32-x64-msvc': [ '1.7.2' ],
125 silly audit   acorn: [ '8.14.1' ],
125 silly audit   'acorn-jsx': [ '5.3.2' ],
125 silly audit   ajv: [ '6.12.6' ],
125 silly audit   'ansi-styles': [ '4.3.0', '6.2.1' ],
125 silly audit   'any-promise': [ '1.3.0' ],
125 silly audit   anymatch: [ '3.1.3' ],
125 silly audit   arg: [ '5.0.2' ],
125 silly audit   argparse: [ '2.0.1' ],
125 silly audit   'aria-query': [ '5.3.2' ],
125 silly audit   'array-buffer-byte-length': [ '1.0.2' ],
125 silly audit   'array-includes': [ '3.1.8' ],
125 silly audit   'array-union': [ '2.1.0' ],
125 silly audit   'array.prototype.findlast': [ '1.2.5' ],
125 silly audit   'array.prototype.findlastindex': [ '1.2.6' ],
125 silly audit   'array.prototype.flat': [ '1.3.3' ],
125 silly audit   'array.prototype.flatmap': [ '1.3.3' ],
125 silly audit   'array.prototype.tosorted': [ '1.1.4' ],
125 silly audit   'arraybuffer.prototype.slice': [ '1.0.4' ],
125 silly audit   asn1js: [ '3.0.6' ],
125 silly audit   'ast-types-flow': [ '0.0.8' ],
125 silly audit   'async-function': [ '1.0.0' ],
125 silly audit   asynckit: [ '0.4.0' ],
125 silly audit   autoprefixer: [ '10.4.21' ],
125 silly audit   'available-typed-arrays': [ '1.0.7' ],
125 silly audit   'axe-core': [ '4.10.3' ],
125 silly audit   'axobject-query': [ '4.1.0' ],
125 silly audit   'balanced-match': [ '1.0.2' ],
125 silly audit   'binary-extensions': [ '2.3.0' ],
125 silly audit   braces: [ '3.0.3' ],
125 silly audit   browserslist: [ '4.24.4' ],
125 silly audit   busboy: [ '1.6.0' ],
125 silly audit   'call-bind': [ '1.0.8' ],
125 silly audit   'call-bind-apply-helpers': [ '1.0.2' ],
125 silly audit   'call-bound': [ '1.0.4' ],
125 silly audit   callsites: [ '3.1.0' ],
125 silly audit   camelcase: [ '5.3.1' ],
125 silly audit   'camelcase-css': [ '2.0.1' ],
125 silly audit   'camelcase-keys': [ '6.2.2' ],
125 silly audit   'caniuse-lite': [ '1.0.30001716' ],
125 silly audit   chalk: [ '4.1.2' ],
125 silly audit   'chart.js': [ '4.4.9' ],
125 silly audit   chokidar: [ '3.6.0' ],
125 silly audit   'glob-parent': [ '5.1.2', '6.0.2' ],
125 silly audit   'color-convert': [ '2.0.1' ],
125 silly audit   'color-name': [ '1.1.4' ],
125 silly audit   'combined-stream': [ '1.0.8' ],
125 silly audit   commander: [ '4.1.1' ],
125 silly audit   'concat-map': [ '0.0.1' ],
125 silly audit   cookie: [ '0.5.0' ],
125 silly audit   'cross-spawn': [ '7.0.6' ],
125 silly audit   cssesc: [ '3.0.0' ],
125 silly audit   'damerau-levenshtein': [ '1.0.8' ],
125 silly audit   'data-view-buffer': [ '1.0.2' ],
125 silly audit   'data-view-byte-length': [ '1.0.2' ],
125 silly audit   'data-view-byte-offset': [ '1.0.1' ],
125 silly audit   'date-fns': [ '4.1.0' ],
125 silly audit   debug: [ '4.4.0', '3.2.7' ],
125 silly audit   'deep-is': [ '0.1.4' ],
125 silly audit   deepmerge: [ '4.2.2' ],
125 silly audit   'define-data-property': [ '1.1.4' ],
125 silly audit   'define-properties': [ '1.2.1' ],
125 silly audit   'delayed-stream': [ '1.0.0' ],
125 silly audit   didyoumean: [ '1.2.2' ],
125 silly audit   'dir-glob': [ '3.0.1' ],
125 silly audit   dlv: [ '1.1.3' ],
125 silly audit   doctrine: [ '3.0.0', '2.1.0' ],
125 silly audit   'dot-case': [ '3.0.4' ],
125 silly audit   'dunder-proto': [ '1.0.1' ],
125 silly audit   eastasianwidth: [ '0.2.0' ],
125 silly audit   'electron-to-chromium': [ '1.5.145' ],
125 silly audit   'emoji-regex': [ '9.2.2', '8.0.0' ],
125 silly audit   'es-abstract': [ '1.23.9' ],
125 silly audit   'es-define-property': [ '1.0.1' ],
125 silly audit   'es-errors': [ '1.3.0' ],
125 silly audit   'es-iterator-helpers': [ '1.2.1' ],
125 silly audit   'es-object-atoms': [ '1.1.1' ],
125 silly audit   'es-set-tostringtag': [ '2.1.0' ],
125 silly audit   'es-shim-unscopables': [ '1.1.0' ],
125 silly audit   'es-to-primitive': [ '1.3.0' ],
125 silly audit   escalade: [ '3.2.0' ],
125 silly audit   'escape-string-regexp': [ '4.0.0' ],
125 silly audit   eslint: [ '8.57.1' ],
125 silly audit   'eslint-config-next': [ '14.1.0' ],
125 silly audit   'eslint-import-resolver-node': [ '0.3.9' ],
125 silly audit   'eslint-import-resolver-typescript': [ '3.10.1' ],
125 silly audit   'eslint-module-utils': [ '2.12.0' ],
125 silly audit   'eslint-plugin-import': [ '2.31.0' ],
125 silly audit   semver: [ '6.3.1', '7.7.1' ],
125 silly audit   'eslint-plugin-jsx-a11y': [ '6.10.2' ],
125 silly audit   'eslint-plugin-react': [ '7.37.5' ],
125 silly audit   'eslint-plugin-react-hooks': [ '5.0.0-canary-7118f5dd7-20230705' ],
125 silly audit   resolve: [ '2.0.0-next.5', '1.22.10' ],
125 silly audit   'eslint-scope': [ '7.2.2' ],
125 silly audit   'eslint-visitor-keys': [ '3.4.3' ],
125 silly audit   espree: [ '9.6.1' ],
125 silly audit   esquery: [ '1.6.0' ],
125 silly audit   esrecurse: [ '4.3.0' ],
125 silly audit   estraverse: [ '5.3.0' ],
125 silly audit   esutils: [ '2.0.3' ],
125 silly audit   'fast-deep-equal': [ '3.1.3' ],
125 silly audit   'fast-glob': [ '3.3.3' ],
125 silly audit   'fast-json-stable-stringify': [ '2.1.0' ],
125 silly audit   'fast-levenshtein': [ '2.0.6' ],
125 silly audit   fastq: [ '1.19.1' ],
125 silly audit   'file-entry-cache': [ '6.0.1' ],
125 silly audit   'fill-range': [ '7.1.1' ],
125 silly audit   'find-up': [ '5.0.0' ],
125 silly audit   'flat-cache': [ '3.2.0' ],
125 silly audit   flatted: [ '3.3.3' ],
125 silly audit   'for-each': [ '0.3.5' ],
125 silly audit   'foreground-child': [ '3.3.1' ],
125 silly audit   'form-data': [ '3.0.3' ],
125 silly audit   'fraction.js': [ '4.3.7' ],
125 silly audit   'fs.realpath': [ '1.0.0' ],
125 silly audit   fsevents: [ '2.3.3' ],
125 silly audit   'function-bind': [ '1.1.2' ],
125 silly audit   'function.prototype.name': [ '1.1.8' ],
125 silly audit   'functions-have-names': [ '1.2.3' ],
125 silly audit   'get-intrinsic': [ '1.3.0' ],
125 silly audit   'get-proto': [ '1.0.1' ],
125 silly audit   'get-symbol-description': [ '1.1.0' ],
125 silly audit   'get-tsconfig': [ '4.10.0' ],
125 silly audit   glob: [ '10.3.10', '7.2.3' ],
125 silly audit   'glob-to-regexp': [ '0.4.1' ],
125 silly audit   globals: [ '13.24.0' ],
125 silly audit   globalthis: [ '1.0.4' ],
125 silly audit   globby: [ '11.1.0' ],
125 silly audit   gopd: [ '1.2.0' ],
125 silly audit   graphemer: [ '1.4.0' ],
125 silly audit   'has-bigints': [ '1.1.0' ],
125 silly audit   'has-flag': [ '4.0.0' ],
125 silly audit   'has-property-descriptors': [ '1.0.2' ],
125 silly audit   'has-proto': [ '1.2.0' ],
125 silly audit   'has-symbols': [ '1.1.0' ],
125 silly audit   'has-tostringtag': [ '1.0.2' ],
125 silly audit   hasown: [ '2.0.2' ],
125 silly audit   ignore: [ '5.3.2' ],
125 silly audit   'import-fresh': [ '3.3.1' ],
125 silly audit   imurmurhash: [ '0.1.4' ],
125 silly audit   inflight: [ '1.0.6' ],
125 silly audit   inherits: [ '2.0.4' ],
125 silly audit   'internal-slot': [ '1.1.0' ],
125 silly audit   'is-array-buffer': [ '3.0.5' ],
125 silly audit   'is-async-function': [ '2.1.1' ],
125 silly audit   'is-bigint': [ '1.1.0' ],
125 silly audit   'is-binary-path': [ '2.1.0' ],
125 silly audit   'is-boolean-object': [ '1.2.2' ],
125 silly audit   'is-bun-module': [ '2.0.0' ],
125 silly audit   'is-callable': [ '1.2.7' ],
125 silly audit   'is-core-module': [ '2.16.1' ],
125 silly audit   'is-data-view': [ '1.0.2' ],
125 silly audit   'is-date-object': [ '1.1.0' ],
125 silly audit   'is-extglob': [ '2.1.1' ],
125 silly audit   'is-finalizationregistry': [ '1.1.1' ],
125 silly audit   'is-fullwidth-code-point': [ '3.0.0' ],
125 silly audit   'is-generator-function': [ '1.1.0' ],
125 silly audit   'is-glob': [ '4.0.3' ],
125 silly audit   'is-map': [ '2.0.3' ],
125 silly audit   'is-number': [ '7.0.0' ],
125 silly audit   'is-number-object': [ '1.1.1' ],
125 silly audit   'is-path-inside': [ '3.0.3' ],
125 silly audit   'is-regex': [ '1.2.1' ],
125 silly audit   'is-set': [ '2.0.3' ],
125 silly audit   'is-shared-array-buffer': [ '1.0.4' ],
125 silly audit   'is-string': [ '1.1.1' ],
125 silly audit   'is-symbol': [ '1.1.1' ],
125 silly audit   'is-typed-array': [ '1.1.15' ],
125 silly audit   'is-weakmap': [ '2.0.2' ],
125 silly audit   'is-weakref': [ '1.1.1' ],
125 silly audit   'is-weakset': [ '2.0.4' ],
125 silly audit   isarray: [ '2.0.5' ],
125 silly audit   isexe: [ '2.0.0' ],
125 silly audit   'iterator.prototype': [ '1.1.5' ],
125 silly audit   jackspeak: [ '2.3.6' ],
125 silly audit   jiti: [ '1.21.7' ],
125 silly audit   jose: [ '4.15.9' ],
125 silly audit   'js-cookie': [ '3.0.1' ],
125 silly audit   'js-tokens': [ '4.0.0' ],
125 silly audit   'js-yaml': [ '4.1.0' ],
125 silly audit   'json-buffer': [ '3.0.1' ],
125 silly audit   'json-schema-traverse': [ '0.4.1' ],
125 silly audit   'json-stable-stringify-without-jsonify': [ '1.0.1' ],
125 silly audit   json5: [ '1.0.2' ],
125 silly audit   'jsx-ast-utils': [ '3.3.5' ],
125 silly audit   keyv: [ '4.5.4' ],
125 silly audit   'language-subtag-registry': [ '0.3.23' ],
125 silly audit   'language-tags': [ '1.0.9' ],
125 silly audit   levn: [ '0.4.1' ],
125 silly audit   lilconfig: [ '3.1.3' ],
125 silly audit   'lines-and-columns': [ '1.2.4' ],
125 silly audit   'locate-path': [ '6.0.0' ],
125 silly audit   'lodash.merge': [ '4.6.2' ],
125 silly audit   'loose-envify': [ '1.4.0' ],
125 silly audit   'lower-case': [ '2.0.2' ],
125 silly audit   'lru-cache': [ '10.4.3' ],
125 silly audit   'map-obj': [ '4.3.0' ],
125 silly audit   'math-intrinsics': [ '1.1.0' ],
125 silly audit   merge2: [ '1.4.1' ],
125 silly audit   micromatch: [ '4.0.8' ],
125 silly audit   'mime-db': [ '1.52.0' ],
125 silly audit   'mime-types': [ '2.1.35' ],
125 silly audit   minimist: [ '1.2.8' ],
125 silly audit   minipass: [ '7.1.2' ],
125 silly audit   ms: [ '2.1.3' ],
125 silly audit   mz: [ '2.7.0' ],
125 silly audit   nanoid: [ '3.3.11' ],
125 silly audit   'napi-postinstall': [ '0.2.3' ],
125 silly audit   'natural-compare': [ '1.4.0' ],
125 silly audit   postcss: [ '8.5.3', '8.4.31' ],
125 silly audit   'no-case': [ '3.0.4' ],
125 silly audit   'node-fetch-native': [ '1.0.1' ],
125 silly audit   'node-releases': [ '2.0.19' ],
125 silly audit   'normalize-path': [ '3.0.0' ],
125 silly audit   'normalize-range': [ '0.1.2' ],
125 silly audit   'object-assign': [ '4.1.1' ],
125 silly audit   'object-hash': [ '3.0.0' ],
125 silly audit   'object-inspect': [ '1.13.4' ],
125 silly audit   'object-keys': [ '1.1.1' ],
125 silly audit   'object.assign': [ '4.1.7' ],
125 silly audit   'object.entries': [ '1.1.9' ],
125 silly audit   'object.fromentries': [ '2.0.8' ],
125 silly audit   'object.groupby': [ '1.0.3' ],
125 silly audit   'object.values': [ '1.2.1' ],
125 silly audit   once: [ '1.4.0' ],
125 silly audit   optionator: [ '0.9.4' ],
125 silly audit   'own-keys': [ '1.0.1' ],
125 silly audit   'p-limit': [ '3.1.0' ],
125 silly audit   'p-locate': [ '5.0.0' ],
125 silly audit   'parent-module': [ '1.0.1' ],
125 silly audit   'path-exists': [ '4.0.0' ],
125 silly audit   'path-is-absolute': [ '1.0.1' ],
125 silly audit   'path-key': [ '3.1.1' ],
125 silly audit   'path-parse': [ '1.0.7' ],
125 silly audit   'path-scurry': [ '1.11.1' ],
125 silly audit   'path-type': [ '4.0.0' ],
125 silly audit   picocolors: [ '1.1.1' ],
125 silly audit   picomatch: [ '2.3.1', '4.0.2' ],
125 silly audit   pify: [ '2.3.0' ],
125 silly audit   pirates: [ '4.0.7' ],
125 silly audit   'possible-typed-array-names': [ '1.1.0' ],
125 silly audit   'postcss-import': [ '15.1.0' ],
125 silly audit   'postcss-js': [ '4.0.1' ],
125 silly audit   'postcss-nested': [ '6.2.0' ],
125 silly audit   'postcss-selector-parser': [ '6.1.2' ],
125 silly audit   'postcss-value-parser': [ '4.2.0' ],
125 silly audit   'prelude-ls': [ '1.2.1' ],
125 silly audit   'prop-types': [ '15.8.1' ],
125 silly audit   punycode: [ '2.3.1' ],
125 silly audit   pvtsutils: [ '1.3.6' ],
125 silly audit   pvutils: [ '1.1.3' ],
125 silly audit   'queue-microtask': [ '1.2.3' ],
125 silly audit   'quick-lru': [ '4.0.1' ],
125 silly audit   react: [ '18.3.1' ],
125 silly audit   'react-chartjs-2': [ '5.3.0' ],
125 silly audit   'react-dom': [ '18.3.1' ],
125 silly audit   'react-is': [ '16.13.1' ],
125 silly audit   'read-cache': [ '1.0.0' ],
125 silly audit   readdirp: [ '3.6.0' ],
125 silly audit   'reflect.getprototypeof': [ '1.0.10' ],
125 silly audit   'regexp.prototype.flags': [ '1.5.4' ],
125 silly audit   'resolve-from': [ '4.0.0' ],
125 silly audit   'resolve-pkg-maps': [ '1.0.0' ],
125 silly audit   reusify: [ '1.1.0' ],
125 silly audit   rimraf: [ '3.0.2' ],
125 silly audit   'run-parallel': [ '1.2.0' ],
125 silly audit   'safe-array-concat': [ '1.1.3' ],
125 silly audit   'safe-push-apply': [ '1.0.0' ],
125 silly audit   'safe-regex-test': [ '1.1.0' ],
125 silly audit   scheduler: [ '0.23.2' ],
125 silly audit   'set-cookie-parser': [ '2.7.1' ],
125 silly audit   'set-function-length': [ '1.2.2' ],
125 silly audit   'set-function-name': [ '2.0.2' ],
125 silly audit   'set-proto': [ '1.0.0' ],
125 silly audit   'shebang-command': [ '2.0.0' ],
125 silly audit   'shebang-regex': [ '3.0.0' ],
125 silly audit   'side-channel': [ '1.1.0' ],
125 silly audit   'side-channel-list': [ '1.0.0' ],
125 silly audit   'side-channel-map': [ '1.0.1' ],
125 silly audit   'side-channel-weakmap': [ '1.0.2' ],
125 silly audit   'signal-exit': [ '4.1.0' ],
125 silly audit   slash: [ '3.0.0' ],
125 silly audit   'snake-case': [ '3.0.4' ],
125 silly audit   'type-fest': [ '2.19.0', '0.20.2' ],
125 silly audit   'source-map-js': [ '1.2.1' ],
125 silly audit   'stable-hash': [ '0.0.5' ],
125 silly audit   streamsearch: [ '1.1.0' ],
125 silly audit   'string-width': [ '5.1.2', '4.2.3' ],
125 silly audit   'string.prototype.includes': [ '2.0.1' ],
125 silly audit   'string.prototype.matchall': [ '4.0.12' ],
125 silly audit   'string.prototype.repeat': [ '1.0.0' ],
125 silly audit   'string.prototype.trim': [ '1.2.10' ],
125 silly audit   'string.prototype.trimend': [ '1.0.9' ],
125 silly audit   'string.prototype.trimstart': [ '1.0.8' ],
125 silly audit   'strip-bom': [ '3.0.0' ],
125 silly audit   'strip-json-comments': [ '3.1.1' ],
125 silly audit   sucrase: [ '3.35.0' ],
125 silly audit   'supports-color': [ '7.2.0' ],
125 silly audit   'supports-preserve-symlinks-flag': [ '1.0.0' ],
125 silly audit   swr: [ '2.2.0' ],
125 silly audit   tailwindcss: [ '3.4.17' ],
125 silly audit   'postcss-load-config': [ '4.0.2' ],
125 silly audit   'text-table': [ '0.2.0' ],
125 silly audit   thenify: [ '3.3.1' ],
125 silly audit   'thenify-all': [ '1.6.0' ],
125 silly audit   tinyglobby: [ '0.2.13' ],
125 silly audit   fdir: [ '6.4.4' ],
125 silly audit   'to-no-case': [ '1.0.2' ],
125 silly audit   'to-regex-range': [ '5.0.1' ],
125 silly audit   'to-snake-case': [ '1.0.0' ],
125 silly audit   'to-space-case': [ '1.0.0' ],
125 silly audit   tr46: [ '0.0.3' ],
125 silly audit   'ts-api-utils': [ '1.4.3' ],
125 silly audit   'ts-interface-checker': [ '0.1.13' ],
125 silly audit   'tsconfig-paths': [ '3.15.0' ],
125 silly audit   'type-check': [ '0.4.0' ],
125 silly audit   'typed-array-buffer': [ '1.0.3' ],
125 silly audit   'typed-array-byte-length': [ '1.0.3' ],
125 silly audit   'typed-array-byte-offset': [ '1.0.4' ],
125 silly audit   'typed-array-length': [ '1.0.7' ],
125 silly audit   typescript: [ '5.8.3' ],
125 silly audit   'unbox-primitive': [ '1.1.0' ],
125 silly audit   'undici-types': [ '6.19.8' ],
125 silly audit   'unrs-resolver': [ '1.7.2' ],
125 silly audit   'update-browserslist-db': [ '1.1.3' ],
125 silly audit   'uri-js': [ '4.4.1' ],
125 silly audit   'use-sync-external-store': [ '1.5.0' ],
125 silly audit   'util-deprecate': [ '1.0.2' ],
125 silly audit   'webcrypto-core': [ '1.8.1' ],
125 silly audit   'webidl-conversions': [ '3.0.1' ],
125 silly audit   'whatwg-url': [ '5.0.0' ],
125 silly audit   which: [ '2.0.2' ],
125 silly audit   'which-boxed-primitive': [ '1.1.1' ],
125 silly audit   'which-builtin-type': [ '1.2.1' ],
125 silly audit   'which-collection': [ '1.0.2' ],
125 silly audit   'which-typed-array': [ '1.1.19' ],
125 silly audit   'word-wrap': [ '1.2.5' ],
125 silly audit   'wrap-ansi': [ '8.1.0', '7.0.0' ],
125 silly audit   wrappy: [ '1.0.2' ],
125 silly audit   ws: [ '8.18.1' ],
125 silly audit   yaml: [ '2.7.1' ],
125 silly audit   'yocto-queue': [ '0.1.0' ],
125 silly audit   next: [ '14.1.0' ],
125 silly audit   '@next/env': [ '14.1.0' ],
125 silly audit   '@next/swc-darwin-arm64': [ '14.1.0' ],
125 silly audit   '@next/swc-darwin-x64': [ '14.1.0' ],
125 silly audit   '@next/swc-linux-arm64-gnu': [ '14.1.0' ],
125 silly audit   '@next/swc-linux-arm64-musl': [ '14.1.0' ],
125 silly audit   '@next/swc-linux-x64-gnu': [ '14.1.0' ],
125 silly audit   '@next/swc-linux-x64-musl': [ '14.1.0' ],
125 silly audit   '@next/swc-win32-arm64-msvc': [ '14.1.0' ],
125 silly audit   '@next/swc-win32-ia32-msvc': [ '14.1.0' ],
125 silly audit   '@next/swc-win32-x64-msvc': [ '14.1.0' ],
125 silly audit   '@swc/helpers': [ '0.5.2' ],
125 silly audit   'graceful-fs': [ '4.2.11' ],
125 silly audit   'styled-jsx': [ '5.1.1' ],
125 silly audit   'client-only': [ '0.0.1' ]
125 silly audit }
126 verbose reify failed optional dependency C:\Users\akito\git\calculator\node_modules\@next\swc-win32-ia32-msvc
127 silly reify mark deleted [
127 silly reify   'C:\\Users\\akito\\git\\calculator\\node_modules\\@next\\swc-win32-ia32-msvc'
127 silly reify ]
128 verbose reify failed optional dependency C:\Users\akito\git\calculator\node_modules\@next\swc-win32-arm64-msvc
129 silly reify mark deleted [
129 silly reify   'C:\\Users\\akito\\git\\calculator\\node_modules\\@next\\swc-win32-arm64-msvc'
129 silly reify ]
130 verbose reify failed optional dependency C:\Users\akito\git\calculator\node_modules\@next\swc-linux-x64-musl
131 silly reify mark deleted [
131 silly reify   'C:\\Users\\akito\\git\\calculator\\node_modules\\@next\\swc-linux-x64-musl'
131 silly reify ]
132 verbose reify failed optional dependency C:\Users\akito\git\calculator\node_modules\@next\swc-linux-x64-gnu
133 silly reify mark deleted [
133 silly reify   'C:\\Users\\akito\\git\\calculator\\node_modules\\@next\\swc-linux-x64-gnu'
133 silly reify ]
134 verbose reify failed optional dependency C:\Users\akito\git\calculator\node_modules\@next\swc-linux-arm64-musl
135 silly reify mark deleted [
135 silly reify   'C:\\Users\\akito\\git\\calculator\\node_modules\\@next\\swc-linux-arm64-musl'
135 silly reify ]
136 verbose reify failed optional dependency C:\Users\akito\git\calculator\node_modules\@next\swc-linux-arm64-gnu
137 silly reify mark deleted [
137 silly reify   'C:\\Users\\akito\\git\\calculator\\node_modules\\@next\\swc-linux-arm64-gnu'
137 silly reify ]
138 verbose reify failed optional dependency C:\Users\akito\git\calculator\node_modules\@next\swc-darwin-x64
139 silly reify mark deleted [
139 silly reify   'C:\\Users\\akito\\git\\calculator\\node_modules\\@next\\swc-darwin-x64'
139 silly reify ]
140 verbose reify failed optional dependency C:\Users\akito\git\calculator\node_modules\@next\swc-darwin-arm64
141 silly reify mark deleted [
141 silly reify   'C:\\Users\\akito\\git\\calculator\\node_modules\\@next\\swc-darwin-arm64'
141 silly reify ]
142 verbose reify failed optional dependency C:\Users\akito\git\calculator\node_modules\fsevents
143 silly reify mark deleted [ 'C:\\Users\\akito\\git\\calculator\\node_modules\\fsevents' ]
144 verbose reify failed optional dependency C:\Users\akito\git\calculator\node_modules\@unrs\resolver-binding-win32-ia32-msvc
145 silly reify mark deleted [
145 silly reify   'C:\\Users\\akito\\git\\calculator\\node_modules\\@unrs\\resolver-binding-win32-ia32-msvc'
145 silly reify ]
146 verbose reify failed optional dependency C:\Users\akito\git\calculator\node_modules\@unrs\resolver-binding-win32-arm64-msvc
147 silly reify mark deleted [
147 silly reify   'C:\\Users\\akito\\git\\calculator\\node_modules\\@unrs\\resolver-binding-win32-arm64-msvc'
147 silly reify ]
148 verbose reify failed optional dependency C:\Users\akito\git\calculator\node_modules\@unrs\resolver-binding-wasm32-wasi
149 silly reify mark deleted [
149 silly reify   'C:\\Users\\akito\\git\\calculator\\node_modules\\@unrs\\resolver-binding-wasm32-wasi'
149 silly reify ]
150 verbose reify failed optional dependency C:\Users\akito\git\calculator\node_modules\@napi-rs\wasm-runtime
151 silly reify mark deleted [
151 silly reify   'C:\\Users\\akito\\git\\calculator\\node_modules\\@napi-rs\\wasm-runtime'
151 silly reify ]
152 verbose reify failed optional dependency C:\Users\akito\git\calculator\node_modules\@emnapi\core
153 silly reify mark deleted [ 'C:\\Users\\akito\\git\\calculator\\node_modules\\@emnapi\\core' ]
154 verbose reify failed optional dependency C:\Users\akito\git\calculator\node_modules\@emnapi\runtime
155 silly reify mark deleted [ 'C:\\Users\\akito\\git\\calculator\\node_modules\\@emnapi\\runtime' ]
156 verbose reify failed optional dependency C:\Users\akito\git\calculator\node_modules\@tybys\wasm-util
157 silly reify mark deleted [
157 silly reify   'C:\\Users\\akito\\git\\calculator\\node_modules\\@tybys\\wasm-util'
157 silly reify ]
158 verbose reify failed optional dependency C:\Users\akito\git\calculator\node_modules\@emnapi\wasi-threads
159 silly reify mark deleted [
159 silly reify   'C:\\Users\\akito\\git\\calculator\\node_modules\\@emnapi\\wasi-threads'
159 silly reify ]
160 verbose reify failed optional dependency C:\Users\akito\git\calculator\node_modules\@unrs\resolver-binding-linux-x64-musl
161 silly reify mark deleted [
161 silly reify   'C:\\Users\\akito\\git\\calculator\\node_modules\\@unrs\\resolver-binding-linux-x64-musl'
161 silly reify ]
162 verbose reify failed optional dependency C:\Users\akito\git\calculator\node_modules\@unrs\resolver-binding-linux-x64-gnu
163 silly reify mark deleted [
163 silly reify   'C:\\Users\\akito\\git\\calculator\\node_modules\\@unrs\\resolver-binding-linux-x64-gnu'
163 silly reify ]
164 verbose reify failed optional dependency C:\Users\akito\git\calculator\node_modules\@unrs\resolver-binding-linux-s390x-gnu
165 silly reify mark deleted [
165 silly reify   'C:\\Users\\akito\\git\\calculator\\node_modules\\@unrs\\resolver-binding-linux-s390x-gnu'
165 silly reify ]
166 verbose reify failed optional dependency C:\Users\akito\git\calculator\node_modules\@unrs\resolver-binding-linux-riscv64-musl
167 silly reify mark deleted [
167 silly reify   'C:\\Users\\akito\\git\\calculator\\node_modules\\@unrs\\resolver-binding-linux-riscv64-musl'
167 silly reify ]
168 verbose reify failed optional dependency C:\Users\akito\git\calculator\node_modules\@unrs\resolver-binding-linux-riscv64-gnu
169 silly reify mark deleted [
169 silly reify   'C:\\Users\\akito\\git\\calculator\\node_modules\\@unrs\\resolver-binding-linux-riscv64-gnu'
169 silly reify ]
170 verbose reify failed optional dependency C:\Users\akito\git\calculator\node_modules\@unrs\resolver-binding-linux-ppc64-gnu
171 silly reify mark deleted [
171 silly reify   'C:\\Users\\akito\\git\\calculator\\node_modules\\@unrs\\resolver-binding-linux-ppc64-gnu'
171 silly reify ]
172 verbose reify failed optional dependency C:\Users\akito\git\calculator\node_modules\@unrs\resolver-binding-linux-arm64-musl
173 silly reify mark deleted [
173 silly reify   'C:\\Users\\akito\\git\\calculator\\node_modules\\@unrs\\resolver-binding-linux-arm64-musl'
173 silly reify ]
174 verbose reify failed optional dependency C:\Users\akito\git\calculator\node_modules\@unrs\resolver-binding-linux-arm64-gnu
175 silly reify mark deleted [
175 silly reify   'C:\\Users\\akito\\git\\calculator\\node_modules\\@unrs\\resolver-binding-linux-arm64-gnu'
175 silly reify ]
176 verbose reify failed optional dependency C:\Users\akito\git\calculator\node_modules\@unrs\resolver-binding-linux-arm-musleabihf
177 silly reify mark deleted [
177 silly reify   'C:\\Users\\akito\\git\\calculator\\node_modules\\@unrs\\resolver-binding-linux-arm-musleabihf'
177 silly reify ]
178 verbose reify failed optional dependency C:\Users\akito\git\calculator\node_modules\@unrs\resolver-binding-linux-arm-gnueabihf
179 silly reify mark deleted [
179 silly reify   'C:\\Users\\akito\\git\\calculator\\node_modules\\@unrs\\resolver-binding-linux-arm-gnueabihf'
179 silly reify ]
180 verbose reify failed optional dependency C:\Users\akito\git\calculator\node_modules\@unrs\resolver-binding-freebsd-x64
181 silly reify mark deleted [
181 silly reify   'C:\\Users\\akito\\git\\calculator\\node_modules\\@unrs\\resolver-binding-freebsd-x64'
181 silly reify ]
182 verbose reify failed optional dependency C:\Users\akito\git\calculator\node_modules\@unrs\resolver-binding-darwin-x64
183 silly reify mark deleted [
183 silly reify   'C:\\Users\\akito\\git\\calculator\\node_modules\\@unrs\\resolver-binding-darwin-x64'
183 silly reify ]
184 verbose reify failed optional dependency C:\Users\akito\git\calculator\node_modules\@unrs\resolver-binding-darwin-arm64
185 silly reify mark deleted [
185 silly reify   'C:\\Users\\akito\\git\\calculator\\node_modules\\@unrs\\resolver-binding-darwin-arm64'
185 silly reify ]
186 http cache @tybys/wasm-util@https://registry.npmjs.org/@tybys/wasm-util/-/wasm-util-0.9.0.tgz 0ms (cache hit)
187 http cache graceful-fs@https://registry.npmjs.org/graceful-fs/-/graceful-fs-4.2.11.tgz 0ms (cache hit)
188 http cache @emnapi/wasi-threads@https://registry.npmjs.org/@emnapi/wasi-threads/-/wasi-threads-1.0.2.tgz 0ms (cache hit)
189 http cache @napi-rs/wasm-runtime@https://registry.npmjs.org/@napi-rs/wasm-runtime/-/wasm-runtime-0.2.9.tgz 0ms (cache hit)
190 http cache @emnapi/core@https://registry.npmjs.org/@emnapi/core/-/core-1.4.3.tgz 0ms (cache hit)
191 http cache styled-jsx@https://registry.npmjs.org/styled-jsx/-/styled-jsx-5.1.1.tgz 0ms (cache hit)
192 http cache next@https://registry.npmjs.org/next/-/next-14.1.0.tgz 0ms (cache hit)
193 http cache @swc/helpers@https://registry.npmjs.org/@swc/helpers/-/helpers-0.5.2.tgz 0ms (cache hit)
194 http cache @next/env@https://registry.npmjs.org/@next/env/-/env-14.1.0.tgz 0ms (cache hit)
195 http cache @next/swc-win32-x64-msvc@https://registry.npmjs.org/@next/swc-win32-x64-msvc/-/swc-win32-x64-msvc-14.1.0.tgz 0ms (cache hit)
196 silly tarball no local data for styled-jsx@https://registry.npmjs.org/styled-jsx/-/styled-jsx-5.1.1.tgz. Extracting by manifest.
197 silly tarball no local data for next@https://registry.npmjs.org/next/-/next-14.1.0.tgz. Extracting by manifest.
198 silly tarball no local data for @swc/helpers@https://registry.npmjs.org/@swc/helpers/-/helpers-0.5.2.tgz. Extracting by manifest.
199 silly tarball no local data for @next/env@https://registry.npmjs.org/@next/env/-/env-14.1.0.tgz. Extracting by manifest.
200 silly tarball no local data for @next/swc-win32-x64-msvc@https://registry.npmjs.org/@next/swc-win32-x64-msvc/-/swc-win32-x64-msvc-14.1.0.tgz. Extracting by manifest.
201 http fetch GET 200 https://registry.npmjs.org/styled-jsx/-/styled-jsx-5.1.1.tgz 113ms (cache miss)
202 http fetch POST 200 https://registry.npmjs.org/-/npm/v1/security/advisories/bulk 199ms
203 silly audit report {
203 silly audit report   cookie: [
203 silly audit report     {
203 silly audit report       id: 1103907,
203 silly audit report       url: 'https://github.com/advisories/GHSA-pxg6-pf52-xh8x',
203 silly audit report       title: 'cookie accepts cookie name, path, and domain with out of bounds characters',
203 silly audit report       severity: 'low',
203 silly audit report       vulnerable_versions: '<0.7.0',
203 silly audit report       cwe: [Array],
203 silly audit report       cvss: [Object]
203 silly audit report     }
203 silly audit report   ],
203 silly audit report   next: [
203 silly audit report     {
203 silly audit report       id: 1099638,
203 silly audit report       url: 'https://github.com/advisories/GHSA-gp8f-8m3g-qvj9',
203 silly audit report       title: 'Next.js Cache Poisoning',
203 silly audit report       severity: 'high',
203 silly audit report       vulnerable_versions: '>=14.0.0 <14.2.10',
203 silly audit report       cwe: [Array],
203 silly audit report       cvss: [Object]
203 silly audit report     },
203 silly audit report     {
203 silly audit report       id: 1100421,
203 silly audit report       url: 'https://github.com/advisories/GHSA-g77x-44xx-532m',
203 silly audit report       title: 'Denial of Service condition in Next.js image optimization',
203 silly audit report       severity: 'moderate',
203 silly audit report       vulnerable_versions: '>=10.0.0 <14.2.7',
203 silly audit report       cwe: [Array],
203 silly audit report       cvss: [Object]
203 silly audit report     },
203 silly audit report     {
203 silly audit report       id: 1101380,
203 silly audit report       url: 'https://github.com/advisories/GHSA-7gfc-8cq8-jh5f',
203 silly audit report       title: 'Next.js authorization bypass vulnerability',
203 silly audit report       severity: 'high',
203 silly audit report       vulnerable_versions: '>=9.5.5 <14.2.15',
203 silly audit report       cwe: [Array],
203 silly audit report       cvss: [Object]
203 silly audit report     },
203 silly audit report     {
203 silly audit report       id: 1101438,
203 silly audit report       url: 'https://github.com/advisories/GHSA-7m27-7ghc-44w9',
203 silly audit report       title: 'Next.js Allows a Denial of Service (DoS) with Server Actions',
203 silly audit report       severity: 'moderate',
203 silly audit report       vulnerable_versions: '>=14.0.0 <14.2.21',
203 silly audit report       cwe: [Array],
203 silly audit report       cvss: [Object]
203 silly audit report     },
203 silly audit report     {
203 silly audit report       id: 1103622,
203 silly audit report       url: 'https://github.com/advisories/GHSA-f82v-jwr5-mffw',
203 silly audit report       title: 'Authorization Bypass in Next.js Middleware',
203 silly audit report       severity: 'critical',
203 silly audit report       vulnerable_versions: '>=14.0.0 <14.2.25',
203 silly audit report       cwe: [Array],
203 silly audit report       cvss: [Object]
203 silly audit report     },
203 silly audit report     {
203 silly audit report       id: 1097295,
203 silly audit report       url: 'https://github.com/advisories/GHSA-fr5h-rqp8-mj6g',
203 silly audit report       title: 'Next.js Server-Side Request Forgery in Server Actions',
203 silly audit report       severity: 'high',
203 silly audit report       vulnerable_versions: '>=13.4.0 <14.1.1',
203 silly audit report       cwe: [Array],
203 silly audit report       cvss: [Object]
203 silly audit report     }
203 silly audit report   ]
203 silly audit report }
204 silly packumentCache corgi:https://registry.npmjs.org/cookie cache-miss
205 silly packumentCache corgi:https://registry.npmjs.org/next cache-miss
206 http fetch GET 200 https://registry.npmjs.org/cookie 55ms (cache updated)
207 silly packumentCache corgi:https://registry.npmjs.org/cookie set size:undefined disposed:false
208 http fetch GET 200 https://registry.npmjs.org/@next/env/-/env-14.1.0.tgz 500ms (cache miss)
209 http fetch GET 200 https://registry.npmjs.org/next 398ms (cache miss)
210 silly packumentCache corgi:https://registry.npmjs.org/next set size:undefined disposed:false
211 silly packumentCache corgi:https://registry.npmjs.org/@clerk%2fbackend cache-miss
212 http fetch GET 200 https://registry.npmjs.org/@swc/helpers/-/helpers-0.5.2.tgz 1399ms (cache miss)
213 http fetch GET 200 https://registry.npmjs.org/@clerk%2fbackend 1214ms (cache updated)
214 silly packumentCache corgi:https://registry.npmjs.org/@clerk%2fbackend set size:undefined disposed:false
215 silly packumentCache corgi:https://registry.npmjs.org/@clerk%2fnextjs cache-miss
216 http fetch GET 200 https://registry.npmjs.org/@clerk%2fnextjs 511ms (cache updated)
217 silly packumentCache corgi:https://registry.npmjs.org/@clerk%2fnextjs set size:undefined disposed:false
218 silly packumentCache corgi:https://registry.npmjs.org/@clerk%2fclerk-sdk-node cache-miss
219 http fetch GET 200 https://registry.npmjs.org/@next/swc-win32-x64-msvc/-/swc-win32-x64-msvc-14.1.0.tgz 10628ms (cache miss)
220 http fetch GET 200 https://registry.npmjs.org/@clerk%2fclerk-sdk-node 8620ms (cache updated)
221 silly packumentCache corgi:https://registry.npmjs.org/@clerk%2fclerk-sdk-node set size:undefined disposed:false
222 http fetch GET 200 https://registry.npmjs.org/next/-/next-14.1.0.tgz 19613ms (cache miss)
223 silly ADD node_modules/graceful-fs
224 silly ADD
225 silly ADD
226 silly ADD
227 silly ADD
228 silly ADD
229 silly ADD
230 silly ADD
231 silly ADD
232 silly ADD
233 silly ADD
234 silly ADD
235 silly ADD
236 silly ADD
237 silly ADD
238 silly ADD
239 silly ADD
240 silly ADD
241 silly ADD
242 silly ADD
243 silly ADD
244 silly ADD
245 silly ADD
246 silly ADD
247 silly ADD
248 silly ADD
249 silly ADD
250 silly ADD
251 silly ADD
252 silly ADD
253 silly CHANGE node_modules/styled-jsx
254 silly REMOVE node_modules/simple-swizzle
255 silly REMOVE node_modules/sharp
256 silly CHANGE node_modules/next
257 silly REMOVE node_modules/is-arrayish
258 silly REMOVE node_modules/detect-libc
259 silly REMOVE node_modules/color-string
260 silly REMOVE node_modules/color
261 silly CHANGE node_modules/@swc/helpers
262 silly REMOVE node_modules/@swc/helpers/node_modules/tslib
263 silly REMOVE node_modules/@swc/counter
264 silly CHANGE node_modules/@next/swc-win32-x64-msvc
265 silly CHANGE node_modules/@next/env
266 silly REMOVE node_modules/@img/sharp-win32-x64
267 verbose cwd C:\Users\akito\git\calculator
268 verbose os Windows_NT 10.0.26100
269 verbose node v22.14.0
270 verbose npm  v10.9.2
271 verbose exit 0
272 info ok
