0 verbose cli C:\Program Files\nodejs\node.exe C:\Program Files\nodejs\node_modules\npm\bin\npm-cli.js
1 info using npm@10.9.2
2 info using node@v22.14.0
3 silly config load:file:C:\Program Files\nodejs\node_modules\npm\npmrc
4 silly config load:file:C:\Users\akito\git\calculator\.npmrc
5 silly config load:file:C:\Users\akito\.npmrc
6 silly config load:file:C:\Users\akito\git\calculator\%APPDATA%\npm\etc\npmrc
7 verbose title npm install @clerk/nextjs@latest
8 verbose argv "install" "@clerk/nextjs@latest"
9 verbose logfile logs-max:10 dir:C:\Users\akito\git\calculator\%APPDATA%\npm-cache\_logs\2025-05-02T03_26_15_437Z-
10 verbose logfile C:\Users\akito\git\calculator\%APPDATA%\npm-cache\_logs\2025-05-02T03_26_15_437Z-debug-0.log
11 silly logfile start cleaning logs, removing 1 files
12 silly packumentCache heap:4345298944 maxSize:1086324736 maxEntrySize:543162368
13 silly logfile done cleaning log files
14 silly packumentCache corgi:https://registry.npmjs.org/@clerk%2fnextjs cache-miss
15 http fetch GET 200 https://registry.npmjs.org/@clerk%2fnextjs 1383ms (cache updated)
16 silly packumentCache corgi:https://registry.npmjs.org/@clerk%2fnextjs set size:undefined disposed:false
17 silly idealTree buildDeps
18 silly fetch manifest @clerk/nextjs@6.18.4
19 silly packumentCache full:https://registry.npmjs.org/@clerk%2fnextjs cache-miss
20 http fetch GET 200 https://registry.npmjs.org/@clerk%2fnextjs 1047ms (cache updated)
21 silly packumentCache full:https://registry.npmjs.org/@clerk%2fnextjs set size:undefined disposed:false
22 silly placeDep ROOT @clerk/nextjs@6.18.4 OK for: calculator@0.1.0 want: 6.18.4
23 silly fetch manifest server-only@0.0.1
24 silly packumentCache full:https://registry.npmjs.org/server-only cache-miss
25 silly fetch manifest @clerk/types@^4.56.2
26 silly packumentCache full:https://registry.npmjs.org/@clerk%2ftypes cache-miss
27 silly fetch manifest @clerk/shared@^3.7.7
28 silly packumentCache full:https://registry.npmjs.org/@clerk%2fshared cache-miss
29 silly fetch manifest @clerk/backend@^1.31.1
30 silly packumentCache full:https://registry.npmjs.org/@clerk%2fbackend cache-miss
31 silly fetch manifest @clerk/clerk-react@^5.30.3
32 silly packumentCache full:https://registry.npmjs.org/@clerk%2fclerk-react cache-miss
33 http fetch GET 200 https://registry.npmjs.org/server-only 48ms (cache updated)
34 silly packumentCache full:https://registry.npmjs.org/server-only set size:undefined disposed:false
35 http fetch GET 200 https://registry.npmjs.org/@clerk%2ftypes 1245ms (cache updated)
36 silly packumentCache full:https://registry.npmjs.org/@clerk%2ftypes set size:undefined disposed:false
37 http fetch GET 200 https://registry.npmjs.org/@clerk%2fclerk-react 1364ms (cache updated)
38 silly packumentCache full:https://registry.npmjs.org/@clerk%2fclerk-react set size:undefined disposed:false
39 http fetch GET 200 https://registry.npmjs.org/@clerk%2fshared 1468ms (cache updated)
40 silly packumentCache full:https://registry.npmjs.org/@clerk%2fshared set size:undefined disposed:false
41 http fetch GET 200 https://registry.npmjs.org/@clerk%2fbackend 1596ms (cache updated)
42 silly packumentCache full:https://registry.npmjs.org/@clerk%2fbackend set size:undefined disposed:false
43 silly placeDep ROOT @clerk/backend@1.31.1 OK for: @clerk/nextjs@6.18.4 want: ^1.31.1
44 silly placeDep ROOT @clerk/clerk-react@5.30.3 OK for: @clerk/nextjs@6.18.4 want: ^5.30.3
45 silly placeDep ROOT @clerk/shared@3.7.7 OK for: @clerk/nextjs@6.18.4 want: ^3.7.7
46 silly placeDep node_modules/@clerk/nextjs @clerk/types@4.56.2 OK for: @clerk/nextjs@6.18.4 want: ^4.56.2
47 silly placeDep ROOT server-only@0.0.1 OK for: @clerk/nextjs@6.18.4 want: 0.0.1
48 silly fetch manifest snakecase-keys@8.0.1
49 silly packumentCache full:https://registry.npmjs.org/snakecase-keys cache-miss
50 silly fetch manifest dequal@2.0.3
51 silly packumentCache full:https://registry.npmjs.org/dequal cache-miss
52 silly fetch manifest glob-to-regexp@0.4.1
53 silly packumentCache full:https://registry.npmjs.org/glob-to-regexp cache-miss
54 silly fetch manifest js-cookie@3.0.5
55 silly packumentCache full:https://registry.npmjs.org/js-cookie cache-miss
56 silly fetch manifest std-env@^3.9.0
57 silly packumentCache full:https://registry.npmjs.org/std-env cache-miss
58 silly fetch manifest swr@^2.3.3
59 silly packumentCache full:https://registry.npmjs.org/swr cache-miss
60 silly fetch manifest csstype@3.1.3
61 silly packumentCache full:https://registry.npmjs.org/csstype cache-miss
62 http fetch GET 200 https://registry.npmjs.org/std-env 56ms (cache updated)
63 silly packumentCache full:https://registry.npmjs.org/std-env set size:undefined disposed:false
64 http fetch GET 200 https://registry.npmjs.org/dequal 66ms (cache updated)
65 silly packumentCache full:https://registry.npmjs.org/dequal set size:undefined disposed:false
66 http fetch GET 200 https://registry.npmjs.org/swr 71ms (cache updated)
67 silly packumentCache full:https://registry.npmjs.org/swr set size:undefined disposed:false
68 http fetch GET 200 https://registry.npmjs.org/js-cookie 95ms (cache updated)
69 silly packumentCache full:https://registry.npmjs.org/js-cookie set size:undefined disposed:false
70 http fetch GET 200 https://registry.npmjs.org/glob-to-regexp 115ms (cache updated)
71 silly packumentCache full:https://registry.npmjs.org/glob-to-regexp set size:undefined disposed:false
72 http fetch GET 200 https://registry.npmjs.org/csstype 122ms (cache updated)
73 silly packumentCache full:https://registry.npmjs.org/csstype set size:undefined disposed:false
74 http fetch GET 200 https://registry.npmjs.org/snakecase-keys 471ms (cache updated)
75 silly packumentCache full:https://registry.npmjs.org/snakecase-keys set size:undefined disposed:false
76 silly placeDep node_modules/@clerk/backend @clerk/types@4.56.2 OK for: @clerk/backend@1.31.1 want: ^4.56.2
77 silly placeDep ROOT snakecase-keys@8.0.1 OK for: @clerk/backend@1.31.1 want: 8.0.1
78 silly fetch manifest map-obj@^4.1.0
79 silly packumentCache full:https://registry.npmjs.org/map-obj cache-miss
80 silly fetch manifest snake-case@^3.0.4
81 silly packumentCache full:https://registry.npmjs.org/snake-case cache-miss
82 silly fetch manifest type-fest@^4.15.0
83 silly packumentCache full:https://registry.npmjs.org/type-fest cache-miss
84 http fetch GET 200 https://registry.npmjs.org/map-obj 44ms (cache updated)
85 silly packumentCache full:https://registry.npmjs.org/map-obj set size:undefined disposed:false
86 http fetch GET 200 https://registry.npmjs.org/type-fest 47ms (cache updated)
87 silly packumentCache full:https://registry.npmjs.org/type-fest set size:undefined disposed:false
88 http fetch GET 200 https://registry.npmjs.org/snake-case 89ms (cache updated)
89 silly packumentCache full:https://registry.npmjs.org/snake-case set size:undefined disposed:false
90 silly placeDep node_modules/@clerk/clerk-react @clerk/types@4.56.2 OK for: @clerk/clerk-react@5.30.3 want: ^4.56.2
91 silly placeDep node_modules/@clerk/shared @clerk/types@4.56.2 OK for: @clerk/shared@3.7.7 want: ^4.56.2
92 silly placeDep ROOT dequal@2.0.3 OK for: @clerk/shared@3.7.7 want: 2.0.3
93 silly placeDep ROOT glob-to-regexp@0.4.1 OK for: @clerk/shared@3.7.7 want: 0.4.1
94 silly placeDep ROOT js-cookie@3.0.5 OK for: @clerk/shared@3.7.7 want: 3.0.5
95 silly placeDep ROOT std-env@3.9.0 OK for: @clerk/shared@3.7.7 want: ^3.9.0
96 silly placeDep ROOT swr@2.3.3 OK for: @clerk/shared@3.7.7 want: ^2.3.3
97 silly fetch manifest use-sync-external-store@^1.4.0
98 silly packumentCache full:https://registry.npmjs.org/use-sync-external-store cache-miss
99 http fetch GET 200 https://registry.npmjs.org/use-sync-external-store 84ms (cache updated)
100 silly packumentCache full:https://registry.npmjs.org/use-sync-external-store set size:undefined disposed:false
101 silly placeDep ROOT map-obj@4.3.0 OK for: snakecase-keys@8.0.1 want: ^4.1.0
102 silly placeDep ROOT snake-case@3.0.4 OK for: snakecase-keys@8.0.1 want: ^3.0.4
103 silly placeDep node_modules/snakecase-keys type-fest@4.40.1 OK for: snakecase-keys@8.0.1 want: ^4.15.0
104 silly fetch manifest dot-case@^3.0.4
105 silly packumentCache full:https://registry.npmjs.org/dot-case cache-miss
106 http fetch GET 200 https://registry.npmjs.org/dot-case 48ms (cache updated)
107 silly packumentCache full:https://registry.npmjs.org/dot-case set size:undefined disposed:false
108 silly placeDep ROOT dot-case@3.0.4 OK for: snake-case@3.0.4 want: ^3.0.4
109 silly fetch manifest no-case@^3.0.4
110 silly packumentCache full:https://registry.npmjs.org/no-case cache-miss
111 http fetch GET 200 https://registry.npmjs.org/no-case 76ms (cache updated)
112 silly packumentCache full:https://registry.npmjs.org/no-case set size:undefined disposed:false
113 silly placeDep ROOT no-case@3.0.4 OK for: dot-case@3.0.4 want: ^3.0.4
114 silly fetch manifest lower-case@^2.0.2
115 silly packumentCache full:https://registry.npmjs.org/lower-case cache-miss
116 http fetch GET 200 https://registry.npmjs.org/lower-case 34ms (cache updated)
117 silly packumentCache full:https://registry.npmjs.org/lower-case set size:undefined disposed:false
118 silly placeDep ROOT lower-case@2.0.2 OK for: no-case@3.0.4 want: ^2.0.2
119 silly placeDep ROOT use-sync-external-store@1.5.0 OK for: swr@2.3.3 want: ^1.4.0
120 silly placeDep node_modules/@clerk/backend csstype@3.1.3 OK for: @clerk/types@4.56.2 want: 3.1.3
121 silly placeDep node_modules/@clerk/clerk-react csstype@3.1.3 OK for: @clerk/types@4.56.2 want: 3.1.3
122 silly placeDep node_modules/@clerk/nextjs csstype@3.1.3 OK for: @clerk/types@4.56.2 want: 3.1.3
123 silly placeDep node_modules/@clerk/shared csstype@3.1.3 OK for: @clerk/types@4.56.2 want: 3.1.3
124 silly reify moves {}
125 silly audit bulk request {
125 silly audit   '@alloc/quick-lru': [ '5.2.0' ],
125 silly audit   '@babel/runtime': [ '7.27.1' ],
125 silly audit   '@clerk/localizations': [ '1.22.0' ],
125 silly audit   '@clerk/types': [ '3.65.5', '4.56.2' ],
125 silly audit   '@emnapi/core': [ '1.4.3' ],
125 silly audit   '@emnapi/runtime': [ '1.4.3' ],
125 silly audit   '@emnapi/wasi-threads': [ '1.0.2' ],
125 silly audit   '@eslint-community/eslint-utils': [ '4.6.1' ],
125 silly audit   '@eslint-community/regexpp': [ '4.12.1' ],
125 silly audit   '@eslint/eslintrc': [ '2.1.4' ],
125 silly audit   '@eslint/js': [ '8.57.1' ],
125 silly audit   '@humanwhocodes/config-array': [ '0.11.14' ],
125 silly audit   '@humanwhocodes/module-importer': [ '1.0.1' ],
125 silly audit   '@humanwhocodes/object-schema': [ '2.0.3' ],
125 silly audit   '@isaacs/cliui': [ '8.0.2' ],
125 silly audit   'ansi-regex': [ '6.1.0', '5.0.1' ],
125 silly audit   'strip-ansi': [ '7.1.0', '6.0.1' ],
125 silly audit   '@isaacs/fs-minipass': [ '4.0.1' ],
125 silly audit   '@jridgewell/gen-mapping': [ '0.3.8' ],
125 silly audit   '@jridgewell/resolve-uri': [ '3.1.2' ],
125 silly audit   '@jridgewell/set-array': [ '1.2.1' ],
125 silly audit   '@jridgewell/sourcemap-codec': [ '1.5.0' ],
125 silly audit   '@jridgewell/trace-mapping': [ '0.3.25' ],
125 silly audit   '@kurkle/color': [ '0.3.4' ],
125 silly audit   '@napi-rs/wasm-runtime': [ '0.2.9' ],
125 silly audit   '@next/env': [ '14.2.28' ],
125 silly audit   '@next/eslint-plugin-next': [ '13.4.19' ],
125 silly audit   '@next/swc-darwin-arm64': [ '14.2.28' ],
125 silly audit   '@next/swc-darwin-x64': [ '14.2.28' ],
125 silly audit   '@next/swc-linux-arm64-gnu': [ '14.2.28' ],
125 silly audit   '@next/swc-linux-arm64-musl': [ '14.2.28' ],
125 silly audit   '@next/swc-linux-x64-gnu': [ '14.2.28' ],
125 silly audit   '@next/swc-linux-x64-musl': [ '14.2.28' ],
125 silly audit   '@next/swc-win32-arm64-msvc': [ '14.2.28' ],
125 silly audit   '@next/swc-win32-ia32-msvc': [ '14.2.28' ],
125 silly audit   '@next/swc-win32-x64-msvc': [ '14.2.28' ],
125 silly audit   '@nodelib/fs.scandir': [ '2.1.5' ],
125 silly audit   '@nodelib/fs.stat': [ '2.0.5' ],
125 silly audit   '@nodelib/fs.walk': [ '1.2.8' ],
125 silly audit   '@nolyfill/is-core-module': [ '1.0.39' ],
125 silly audit   '@pkgjs/parseargs': [ '0.11.0' ],
125 silly audit   '@rtsao/scc': [ '1.1.0' ],
125 silly audit   '@rushstack/eslint-patch': [ '1.11.0' ],
125 silly audit   '@supabase/auth-helpers-nextjs': [ '0.7.4' ],
125 silly audit   '@supabase/auth-helpers-shared': [ '0.4.1' ],
125 silly audit   '@supabase/functions-js': [ '2.4.4' ],
125 silly audit   '@supabase/gotrue-js': [ '2.69.1' ],
125 silly audit   '@supabase/node-fetch': [ '2.6.15' ],
125 silly audit   '@supabase/postgrest-js': [ '1.19.4' ],
125 silly audit   '@supabase/realtime-js': [ '2.11.7' ],
125 silly audit   '@supabase/ssr': [ '0.6.1' ],
125 silly audit   '@supabase/storage-js': [ '2.7.2' ],
125 silly audit   '@supabase/supabase-js': [ '2.32.0' ],
125 silly audit   '@swc/counter': [ '0.1.3' ],
125 silly audit   '@swc/helpers': [ '0.5.5' ],
125 silly audit   '@tybys/wasm-util': [ '0.9.0' ],
125 silly audit   '@types/chart.js': [ '2.9.37' ],
125 silly audit   '@types/json5': [ '0.0.29' ],
125 silly audit   '@types/node': [ '20.5.0' ],
125 silly audit   '@types/phoenix': [ '1.6.6' ],
125 silly audit   '@types/prop-types': [ '15.7.14' ],
125 silly audit   '@types/react': [ '18.2.20' ],
125 silly audit   '@types/react-dom': [ '18.2.7' ],
125 silly audit   '@types/scheduler': [ '0.26.0' ],
125 silly audit   '@types/ws': [ '8.18.1' ],
125 silly audit   '@typescript-eslint/parser': [ '6.21.0' ],
125 silly audit   '@typescript-eslint/scope-manager': [ '6.21.0' ],
125 silly audit   '@typescript-eslint/types': [ '6.21.0' ],
125 silly audit   '@typescript-eslint/typescript-estree': [ '6.21.0' ],
125 silly audit   'brace-expansion': [ '2.0.1', '1.1.11' ],
125 silly audit   minimatch: [ '9.0.3', '3.1.2', '9.0.5' ],
125 silly audit   '@typescript-eslint/visitor-keys': [ '6.21.0' ],
125 silly audit   '@unrs/resolver-binding-darwin-arm64': [ '1.7.2' ],
125 silly audit   '@unrs/resolver-binding-darwin-x64': [ '1.7.2' ],
125 silly audit   '@unrs/resolver-binding-freebsd-x64': [ '1.7.2' ],
125 silly audit   '@unrs/resolver-binding-linux-arm-gnueabihf': [ '1.7.2' ],
125 silly audit   '@unrs/resolver-binding-linux-arm-musleabihf': [ '1.7.2' ],
125 silly audit   '@unrs/resolver-binding-linux-arm64-gnu': [ '1.7.2' ],
125 silly audit   '@unrs/resolver-binding-linux-arm64-musl': [ '1.7.2' ],
125 silly audit   '@unrs/resolver-binding-linux-ppc64-gnu': [ '1.7.2' ],
125 silly audit   '@unrs/resolver-binding-linux-riscv64-gnu': [ '1.7.2' ],
125 silly audit   '@unrs/resolver-binding-linux-riscv64-musl': [ '1.7.2' ],
125 silly audit   '@unrs/resolver-binding-linux-s390x-gnu': [ '1.7.2' ],
125 silly audit   '@unrs/resolver-binding-linux-x64-gnu': [ '1.7.2' ],
125 silly audit   '@unrs/resolver-binding-linux-x64-musl': [ '1.7.2' ],
125 silly audit   '@unrs/resolver-binding-wasm32-wasi': [ '1.7.2' ],
125 silly audit   '@unrs/resolver-binding-win32-arm64-msvc': [ '1.7.2' ],
125 silly audit   '@unrs/resolver-binding-win32-ia32-msvc': [ '1.7.2' ],
125 silly audit   '@unrs/resolver-binding-win32-x64-msvc': [ '1.7.2' ],
125 silly audit   acorn: [ '8.14.1' ],
125 silly audit   'acorn-jsx': [ '5.3.2' ],
125 silly audit   'agent-base': [ '7.1.3' ],
125 silly audit   ajv: [ '6.12.6' ],
125 silly audit   'ansi-styles': [ '4.3.0', '6.2.1' ],
125 silly audit   'any-promise': [ '1.3.0' ],
125 silly audit   anymatch: [ '3.1.3' ],
125 silly audit   arg: [ '5.0.2' ],
125 silly audit   argparse: [ '2.0.1' ],
125 silly audit   'aria-query': [ '5.3.2' ],
125 silly audit   'array-buffer-byte-length': [ '1.0.2' ],
125 silly audit   'array-includes': [ '3.1.8' ],
125 silly audit   'array-union': [ '2.1.0' ],
125 silly audit   'array.prototype.findlast': [ '1.2.5' ],
125 silly audit   'array.prototype.findlastindex': [ '1.2.6' ],
125 silly audit   'array.prototype.flat': [ '1.3.3' ],
125 silly audit   'array.prototype.flatmap': [ '1.3.3' ],
125 silly audit   'array.prototype.tosorted': [ '1.1.4' ],
125 silly audit   'arraybuffer.prototype.slice': [ '1.0.4' ],
125 silly audit   'ast-types-flow': [ '0.0.8' ],
125 silly audit   'async-function': [ '1.0.0' ],
125 silly audit   autoprefixer: [ '10.4.15' ],
125 silly audit   'available-typed-arrays': [ '1.0.7' ],
125 silly audit   'axe-core': [ '4.10.3' ],
125 silly audit   'axobject-query': [ '4.1.0' ],
125 silly audit   'balanced-match': [ '1.0.2' ],
125 silly audit   'bin-links': [ '5.0.0' ],
125 silly audit   'binary-extensions': [ '2.3.0' ],
125 silly audit   braces: [ '3.0.3' ],
125 silly audit   browserslist: [ '4.24.4' ],
125 silly audit   busboy: [ '1.6.0' ],
125 silly audit   'call-bind': [ '1.0.8' ],
125 silly audit   'call-bind-apply-helpers': [ '1.0.2' ],
125 silly audit   'call-bound': [ '1.0.4' ],
125 silly audit   callsites: [ '3.1.0' ],
125 silly audit   'camelcase-css': [ '2.0.1' ],
125 silly audit   'caniuse-lite': [ '1.0.30001716' ],
125 silly audit   chalk: [ '4.1.2' ],
125 silly audit   'chart.js': [ '4.4.0' ],
125 silly audit   chokidar: [ '3.6.0' ],
125 silly audit   'glob-parent': [ '5.1.2', '6.0.2' ],
125 silly audit   chownr: [ '3.0.0' ],
125 silly audit   'client-only': [ '0.0.1' ],
125 silly audit   'cmd-shim': [ '7.0.0' ],
125 silly audit   'color-convert': [ '2.0.1' ],
125 silly audit   'color-name': [ '1.1.4' ],
125 silly audit   commander: [ '4.1.1' ],
125 silly audit   'concat-map': [ '0.0.1' ],
125 silly audit   cookie: [ '1.0.2' ],
125 silly audit   'cross-fetch': [ '3.2.0' ],
125 silly audit   'cross-spawn': [ '7.0.6' ],
125 silly audit   cssesc: [ '3.0.0' ],
125 silly audit   csstype: [ '3.1.1', '3.1.3' ],
125 silly audit   'damerau-levenshtein': [ '1.0.8' ],
125 silly audit   'data-uri-to-buffer': [ '4.0.1' ],
125 silly audit   'data-view-buffer': [ '1.0.2' ],
125 silly audit   'data-view-byte-length': [ '1.0.2' ],
125 silly audit   'data-view-byte-offset': [ '1.0.1' ],
125 silly audit   'date-fns': [ '2.30.0' ],
125 silly audit   debug: [ '4.4.0', '3.2.7' ],
125 silly audit   'deep-is': [ '0.1.4' ],
125 silly audit   'define-data-property': [ '1.1.4' ],
125 silly audit   'define-properties': [ '1.2.1' ],
125 silly audit   didyoumean: [ '1.2.2' ],
125 silly audit   'dir-glob': [ '3.0.1' ],
125 silly audit   dlv: [ '1.1.3' ],
125 silly audit   doctrine: [ '3.0.0', '2.1.0' ],
125 silly audit   'dunder-proto': [ '1.0.1' ],
125 silly audit   eastasianwidth: [ '0.2.0' ],
125 silly audit   'electron-to-chromium': [ '1.5.148' ],
125 silly audit   'emoji-regex': [ '9.2.2', '8.0.0' ],
125 silly audit   'es-abstract': [ '1.23.9' ],
125 silly audit   'es-define-property': [ '1.0.1' ],
125 silly audit   'es-errors': [ '1.3.0' ],
125 silly audit   'es-iterator-helpers': [ '1.2.1' ],
125 silly audit   'es-object-atoms': [ '1.1.1' ],
125 silly audit   'es-set-tostringtag': [ '2.1.0' ],
125 silly audit   'es-shim-unscopables': [ '1.1.0' ],
125 silly audit   'es-to-primitive': [ '1.3.0' ],
125 silly audit   escalade: [ '3.2.0' ],
125 silly audit   'escape-string-regexp': [ '4.0.0' ],
125 silly audit   eslint: [ '8.47.0' ],
125 silly audit   'eslint-config-next': [ '13.4.19' ],
125 silly audit   'eslint-import-resolver-node': [ '0.3.9' ],
125 silly audit   'eslint-import-resolver-typescript': [ '3.10.1' ],
125 silly audit   'eslint-module-utils': [ '2.12.0' ],
125 silly audit   'eslint-plugin-import': [ '2.31.0' ],
125 silly audit   semver: [ '6.3.1', '7.7.1' ],
125 silly audit   'eslint-plugin-jsx-a11y': [ '6.10.2' ],
125 silly audit   'eslint-plugin-react': [ '7.37.5' ],
125 silly audit   'eslint-plugin-react-hooks': [ '5.0.0-canary-7118f5dd7-20230705' ],
125 silly audit   resolve: [ '2.0.0-next.5', '1.22.10' ],
125 silly audit   'eslint-scope': [ '7.2.2' ],
125 silly audit   'eslint-visitor-keys': [ '3.4.3' ],
125 silly audit   espree: [ '9.6.1' ],
125 silly audit   esquery: [ '1.6.0' ],
125 silly audit   esrecurse: [ '4.3.0' ],
125 silly audit   estraverse: [ '5.3.0' ],
125 silly audit   esutils: [ '2.0.3' ],
125 silly audit   'fast-deep-equal': [ '3.1.3' ],
125 silly audit   'fast-glob': [ '3.3.3' ],
125 silly audit   'fast-json-stable-stringify': [ '2.1.0' ],
125 silly audit   'fast-levenshtein': [ '2.0.6' ],
125 silly audit   fastq: [ '1.19.1' ],
125 silly audit   fdir: [ '6.4.4' ],
125 silly audit   'fetch-blob': [ '3.2.0' ],
125 silly audit   'file-entry-cache': [ '6.0.1' ],
125 silly audit   'fill-range': [ '7.1.1' ],
125 silly audit   'find-up': [ '5.0.0' ],
125 silly audit   'flat-cache': [ '3.2.0' ],
125 silly audit   flatted: [ '3.3.3' ],
125 silly audit   'for-each': [ '0.3.5' ],
125 silly audit   'foreground-child': [ '3.3.1' ],
125 silly audit   'formdata-polyfill': [ '4.0.10' ],
125 silly audit   'fraction.js': [ '4.3.7' ],
125 silly audit   'fs.realpath': [ '1.0.0' ],
125 silly audit   fsevents: [ '2.3.3' ],
125 silly audit   'function-bind': [ '1.1.2' ],
125 silly audit   'function.prototype.name': [ '1.1.8' ],
125 silly audit   'functions-have-names': [ '1.2.3' ],
125 silly audit   'get-intrinsic': [ '1.3.0' ],
125 silly audit   'get-proto': [ '1.0.1' ],
125 silly audit   'get-symbol-description': [ '1.1.0' ],
125 silly audit   'get-tsconfig': [ '4.10.0' ],
125 silly audit   glob: [ '7.1.7', '10.4.5' ],
125 silly audit   globals: [ '13.24.0' ],
125 silly audit   globalthis: [ '1.0.4' ],
125 silly audit   globby: [ '11.1.0' ],
125 silly audit   gopd: [ '1.2.0' ],
125 silly audit   'graceful-fs': [ '4.2.11' ],
125 silly audit   graphemer: [ '1.4.0' ],
125 silly audit   'has-bigints': [ '1.1.0' ],
125 silly audit   'has-flag': [ '4.0.0' ],
125 silly audit   'has-property-descriptors': [ '1.0.2' ],
125 silly audit   'has-proto': [ '1.2.0' ],
125 silly audit   'has-symbols': [ '1.1.0' ],
125 silly audit   'has-tostringtag': [ '1.0.2' ],
125 silly audit   hasown: [ '2.0.2' ],
125 silly audit   'https-proxy-agent': [ '7.0.6' ],
125 silly audit   ignore: [ '5.3.2' ],
125 silly audit   'import-fresh': [ '3.3.1' ],
125 silly audit   imurmurhash: [ '0.1.4' ],
125 silly audit   inflight: [ '1.0.6' ],
125 silly audit   inherits: [ '2.0.4' ],
125 silly audit   'internal-slot': [ '1.1.0' ],
125 silly audit   'is-array-buffer': [ '3.0.5' ],
125 silly audit   'is-async-function': [ '2.1.1' ],
125 silly audit   'is-bigint': [ '1.1.0' ],
125 silly audit   'is-binary-path': [ '2.1.0' ],
125 silly audit   'is-boolean-object': [ '1.2.2' ],
125 silly audit   'is-bun-module': [ '2.0.0' ],
125 silly audit   'is-callable': [ '1.2.7' ],
125 silly audit   'is-core-module': [ '2.16.1' ],
125 silly audit   'is-data-view': [ '1.0.2' ],
125 silly audit   'is-date-object': [ '1.1.0' ],
125 silly audit   'is-extglob': [ '2.1.1' ],
125 silly audit   'is-finalizationregistry': [ '1.1.1' ],
125 silly audit   'is-fullwidth-code-point': [ '3.0.0' ],
125 silly audit   'is-generator-function': [ '1.1.0' ],
125 silly audit   'is-glob': [ '4.0.3' ],
125 silly audit   'is-map': [ '2.0.3' ],
125 silly audit   'is-number': [ '7.0.0' ],
125 silly audit   'is-number-object': [ '1.1.1' ],
125 silly audit   'is-path-inside': [ '3.0.3' ],
125 silly audit   'is-regex': [ '1.2.1' ],
125 silly audit   'is-set': [ '2.0.3' ],
125 silly audit   'is-shared-array-buffer': [ '1.0.4' ],
125 silly audit   'is-string': [ '1.1.1' ],
125 silly audit   'is-symbol': [ '1.1.1' ],
125 silly audit   'is-typed-array': [ '1.1.15' ],
125 silly audit   'is-weakmap': [ '2.0.2' ],
125 silly audit   'is-weakref': [ '1.1.1' ],
125 silly audit   'is-weakset': [ '2.0.4' ],
125 silly audit   isarray: [ '2.0.5' ],
125 silly audit   isexe: [ '2.0.0' ],
125 silly audit   'iterator.prototype': [ '1.1.5' ],
125 silly audit   jackspeak: [ '3.4.3' ],
125 silly audit   jiti: [ '1.21.7' ],
125 silly audit   jose: [ '4.15.9' ],
125 silly audit   'js-tokens': [ '4.0.0' ],
125 silly audit   'js-yaml': [ '4.1.0' ],
125 silly audit   'json-buffer': [ '3.0.1' ],
125 silly audit   'json-schema-traverse': [ '0.4.1' ],
125 silly audit   'json-stable-stringify-without-jsonify': [ '1.0.1' ],
125 silly audit   json5: [ '1.0.2' ],
125 silly audit   'jsx-ast-utils': [ '3.3.5' ],
125 silly audit   keyv: [ '4.5.4' ],
125 silly audit   'language-subtag-registry': [ '0.3.23' ],
125 silly audit   'language-tags': [ '1.0.9' ],
125 silly audit   levn: [ '0.4.1' ],
125 silly audit   lilconfig: [ '2.1.0', '3.1.3' ],
125 silly audit   'lines-and-columns': [ '1.2.4' ],
125 silly audit   'locate-path': [ '6.0.0' ],
125 silly audit   'lodash.merge': [ '4.6.2' ],
125 silly audit   'loose-envify': [ '1.4.0' ],
125 silly audit   'lru-cache': [ '10.4.3' ],
125 silly audit   'math-intrinsics': [ '1.1.0' ],
125 silly audit   merge2: [ '1.4.1' ],
125 silly audit   micromatch: [ '4.0.8' ],
125 silly audit   minimist: [ '1.2.8' ],
125 silly audit   minipass: [ '7.1.2' ],
125 silly audit   minizlib: [ '3.0.2' ],
125 silly audit   mkdirp: [ '3.0.1' ],
125 silly audit   moment: [ '2.30.1' ],
125 silly audit   ms: [ '2.1.3' ],
125 silly audit   mz: [ '2.7.0' ],
125 silly audit   nanoid: [ '3.3.11' ],
125 silly audit   'napi-postinstall': [ '0.2.3' ],
125 silly audit   'natural-compare': [ '1.4.0' ],
125 silly audit   next: [ '14.2.28' ],
125 silly audit   postcss: [ '8.4.31', '8.5.3' ],
125 silly audit   'node-domexception': [ '1.0.0' ],
125 silly audit   'node-fetch': [ '2.7.0', '3.3.2' ],
125 silly audit   'node-releases': [ '2.0.19' ],
125 silly audit   'normalize-path': [ '3.0.0' ],
125 silly audit   'normalize-range': [ '0.1.2' ],
125 silly audit   'npm-normalize-package-bin': [ '4.0.0' ],
125 silly audit   'object-assign': [ '4.1.1' ],
125 silly audit   'object-hash': [ '3.0.0' ],
125 silly audit   'object-inspect': [ '1.13.4' ],
125 silly audit   'object-keys': [ '1.1.1' ],
125 silly audit   'object.assign': [ '4.1.7' ],
125 silly audit   'object.entries': [ '1.1.9' ],
125 silly audit   'object.fromentries': [ '2.0.8' ],
125 silly audit   'object.groupby': [ '1.0.3' ],
125 silly audit   'object.values': [ '1.2.1' ],
125 silly audit   once: [ '1.4.0' ],
125 silly audit   optionator: [ '0.9.4' ],
125 silly audit   'own-keys': [ '1.0.1' ],
125 silly audit   'p-limit': [ '3.1.0' ],
125 silly audit   'p-locate': [ '5.0.0' ],
125 silly audit   'package-json-from-dist': [ '1.0.1' ],
125 silly audit   'parent-module': [ '1.0.1' ],
125 silly audit   'path-exists': [ '4.0.0' ],
125 silly audit   'path-is-absolute': [ '1.0.1' ],
125 silly audit   'path-key': [ '3.1.1' ],
125 silly audit   'path-parse': [ '1.0.7' ],
125 silly audit   'path-scurry': [ '1.11.1' ],
125 silly audit   'path-type': [ '4.0.0' ],
125 silly audit   picocolors: [ '1.1.1' ],
125 silly audit   picomatch: [ '2.3.1', '4.0.2' ],
125 silly audit   pify: [ '2.3.0' ],
125 silly audit   pirates: [ '4.0.7' ],
125 silly audit   'possible-typed-array-names': [ '1.1.0' ],
125 silly audit   'postcss-import': [ '15.1.0' ],
125 silly audit   'postcss-js': [ '4.0.1' ],
125 silly audit   'postcss-load-config': [ '4.0.2' ],
125 silly audit   'postcss-nested': [ '6.2.0' ],
125 silly audit   'postcss-selector-parser': [ '6.1.2' ],
125 silly audit   'postcss-value-parser': [ '4.2.0' ],
125 silly audit   'prelude-ls': [ '1.2.1' ],
125 silly audit   'proc-log': [ '5.0.0' ],
125 silly audit   'prop-types': [ '15.8.1' ],
125 silly audit   punycode: [ '2.3.1' ],
125 silly audit   'queue-microtask': [ '1.2.3' ],
125 silly audit   react: [ '18.2.0' ],
125 silly audit   'react-chartjs-2': [ '5.2.0' ],
125 silly audit   'react-dom': [ '18.2.0' ],
125 silly audit   'react-is': [ '16.13.1' ],
125 silly audit   'read-cache': [ '1.0.0' ],
125 silly audit   'read-cmd-shim': [ '5.0.0' ],
125 silly audit   readdirp: [ '3.6.0' ],
125 silly audit   'reflect.getprototypeof': [ '1.0.10' ],
125 silly audit   'regexp.prototype.flags': [ '1.5.4' ],
125 silly audit   'resolve-from': [ '4.0.0' ],
125 silly audit   'resolve-pkg-maps': [ '1.0.0' ],
125 silly audit   reusify: [ '1.1.0' ],
125 silly audit   rimraf: [ '3.0.2' ],
125 silly audit   'run-parallel': [ '1.2.0' ],
125 silly audit   'safe-array-concat': [ '1.1.3' ],
125 silly audit   'safe-push-apply': [ '1.0.0' ],
125 silly audit   'safe-regex-test': [ '1.1.0' ],
125 silly audit   scheduler: [ '0.23.2' ],
125 silly audit   'set-cookie-parser': [ '2.7.1' ],
125 silly audit   'set-function-length': [ '1.2.2' ],
125 silly audit   'set-function-name': [ '2.0.2' ],
125 silly audit   'set-proto': [ '1.0.0' ],
125 silly audit   'shebang-command': [ '2.0.0' ],
125 silly audit   'shebang-regex': [ '3.0.0' ],
125 silly audit   'side-channel': [ '1.1.0' ],
125 silly audit   'side-channel-list': [ '1.0.0' ],
125 silly audit   'side-channel-map': [ '1.0.1' ],
125 silly audit   'side-channel-weakmap': [ '1.0.2' ],
125 silly audit   'signal-exit': [ '4.1.0' ],
125 silly audit   slash: [ '3.0.0' ],
125 silly audit   'source-map-js': [ '1.2.1' ],
125 silly audit   'stable-hash': [ '0.0.5' ],
125 silly audit   streamsearch: [ '1.1.0' ],
125 silly audit   'string-width': [ '5.1.2', '4.2.3' ],
125 silly audit   'string.prototype.includes': [ '2.0.1' ],
125 silly audit   'string.prototype.matchall': [ '4.0.12' ],
125 silly audit   'string.prototype.repeat': [ '1.0.0' ],
125 silly audit   'string.prototype.trim': [ '1.2.10' ],
125 silly audit   'string.prototype.trimend': [ '1.0.9' ],
125 silly audit   'string.prototype.trimstart': [ '1.0.8' ],
125 silly audit   'strip-bom': [ '3.0.0' ],
125 silly audit   'strip-json-comments': [ '3.1.1' ],
125 silly audit   'styled-jsx': [ '5.1.1' ],
125 silly audit   sucrase: [ '3.35.0' ],
125 silly audit   supabase: [ '1.226.4' ],
125 silly audit   'supports-color': [ '7.2.0' ],
125 silly audit   'supports-preserve-symlinks-flag': [ '1.0.0' ],
125 silly audit   tailwindcss: [ '3.3.3' ],
125 silly audit   tar: [ '7.4.3' ],
125 silly audit   'text-table': [ '0.2.0' ],
125 silly audit   thenify: [ '3.3.1' ],
125 silly audit   'thenify-all': [ '1.6.0' ],
125 silly audit   tinyglobby: [ '0.2.13' ],
125 silly audit   'to-regex-range': [ '5.0.1' ],
125 silly audit   tr46: [ '0.0.3' ],
125 silly audit   'ts-api-utils': [ '1.4.3' ],
125 silly audit   'ts-interface-checker': [ '0.1.13' ],
125 silly audit   'tsconfig-paths': [ '3.15.0' ],
125 silly audit   tslib: [ '2.8.1' ],
125 silly audit   'type-check': [ '0.4.0' ],
125 silly audit   'type-fest': [ '0.20.2', '4.40.1' ],
125 silly audit   'typed-array-buffer': [ '1.0.3' ],
125 silly audit   'typed-array-byte-length': [ '1.0.3' ],
125 silly audit   'typed-array-byte-offset': [ '1.0.4' ],
125 silly audit   'typed-array-length': [ '1.0.7' ],
125 silly audit   typescript: [ '5.1.6' ],
125 silly audit   'unbox-primitive': [ '1.1.0' ],
125 silly audit   'unrs-resolver': [ '1.7.2' ],
125 silly audit   'update-browserslist-db': [ '1.1.3' ],
125 silly audit   'uri-js': [ '4.4.1' ],
125 silly audit   'util-deprecate': [ '1.0.2' ],
125 silly audit   'web-streams-polyfill': [ '3.3.3' ],
125 silly audit   'webidl-conversions': [ '3.0.1' ],
125 silly audit   'whatwg-url': [ '5.0.0' ],
125 silly audit   which: [ '2.0.2' ],
125 silly audit   'which-boxed-primitive': [ '1.1.1' ],
125 silly audit   'which-builtin-type': [ '1.2.1' ],
125 silly audit   'which-collection': [ '1.0.2' ],
125 silly audit   'which-typed-array': [ '1.1.19' ],
125 silly audit   'word-wrap': [ '1.2.5' ],
125 silly audit   'wrap-ansi': [ '8.1.0', '7.0.0' ],
125 silly audit   wrappy: [ '1.0.2' ],
125 silly audit   'write-file-atomic': [ '6.0.0' ],
125 silly audit   ws: [ '8.18.1' ],
125 silly audit   yallist: [ '5.0.0' ],
125 silly audit   yaml: [ '2.7.1' ],
125 silly audit   'yocto-queue': [ '0.1.0' ],
125 silly audit   '@clerk/nextjs': [ '6.18.4' ],
125 silly audit   '@clerk/backend': [ '1.31.1' ],
125 silly audit   '@clerk/clerk-react': [ '5.30.3' ],
125 silly audit   '@clerk/shared': [ '3.7.7' ],
125 silly audit   'server-only': [ '0.0.1' ],
125 silly audit   'snakecase-keys': [ '8.0.1' ],
125 silly audit   dequal: [ '2.0.3' ],
125 silly audit   'glob-to-regexp': [ '0.4.1' ],
125 silly audit   'js-cookie': [ '3.0.5' ],
125 silly audit   'std-env': [ '3.9.0' ],
125 silly audit   swr: [ '2.3.3' ],
125 silly audit   'map-obj': [ '4.3.0' ],
125 silly audit   'snake-case': [ '3.0.4' ],
125 silly audit   'dot-case': [ '3.0.4' ],
125 silly audit   'no-case': [ '3.0.4' ],
125 silly audit   'lower-case': [ '2.0.2' ],
125 silly audit   'use-sync-external-store': [ '1.5.0' ]
125 silly audit }
126 verbose reify failed optional dependency C:\Users\akito\git\calculator\node_modules\fsevents
127 silly reify mark deleted [ 'C:\\Users\\akito\\git\\calculator\\node_modules\\fsevents' ]
128 verbose reify failed optional dependency C:\Users\akito\git\calculator\node_modules\@unrs\resolver-binding-win32-ia32-msvc
129 silly reify mark deleted [
129 silly reify   'C:\\Users\\akito\\git\\calculator\\node_modules\\@unrs\\resolver-binding-win32-ia32-msvc'
129 silly reify ]
130 verbose reify failed optional dependency C:\Users\akito\git\calculator\node_modules\@unrs\resolver-binding-win32-arm64-msvc
131 silly reify mark deleted [
131 silly reify   'C:\\Users\\akito\\git\\calculator\\node_modules\\@unrs\\resolver-binding-win32-arm64-msvc'
131 silly reify ]
132 verbose reify failed optional dependency C:\Users\akito\git\calculator\node_modules\@unrs\resolver-binding-wasm32-wasi
133 silly reify mark deleted [
133 silly reify   'C:\\Users\\akito\\git\\calculator\\node_modules\\@unrs\\resolver-binding-wasm32-wasi'
133 silly reify ]
134 verbose reify failed optional dependency C:\Users\akito\git\calculator\node_modules\@napi-rs\wasm-runtime
135 silly reify mark deleted [
135 silly reify   'C:\\Users\\akito\\git\\calculator\\node_modules\\@napi-rs\\wasm-runtime'
135 silly reify ]
136 verbose reify failed optional dependency C:\Users\akito\git\calculator\node_modules\@emnapi\core
137 silly reify mark deleted [ 'C:\\Users\\akito\\git\\calculator\\node_modules\\@emnapi\\core' ]
138 verbose reify failed optional dependency C:\Users\akito\git\calculator\node_modules\@emnapi\runtime
139 silly reify mark deleted [ 'C:\\Users\\akito\\git\\calculator\\node_modules\\@emnapi\\runtime' ]
140 verbose reify failed optional dependency C:\Users\akito\git\calculator\node_modules\@tybys\wasm-util
141 silly reify mark deleted [
141 silly reify   'C:\\Users\\akito\\git\\calculator\\node_modules\\@tybys\\wasm-util'
141 silly reify ]
142 verbose reify failed optional dependency C:\Users\akito\git\calculator\node_modules\@emnapi\wasi-threads
143 silly reify mark deleted [
143 silly reify   'C:\\Users\\akito\\git\\calculator\\node_modules\\@emnapi\\wasi-threads'
143 silly reify ]
144 verbose reify failed optional dependency C:\Users\akito\git\calculator\node_modules\@unrs\resolver-binding-linux-x64-musl
145 silly reify mark deleted [
145 silly reify   'C:\\Users\\akito\\git\\calculator\\node_modules\\@unrs\\resolver-binding-linux-x64-musl'
145 silly reify ]
146 verbose reify failed optional dependency C:\Users\akito\git\calculator\node_modules\@unrs\resolver-binding-linux-x64-gnu
147 silly reify mark deleted [
147 silly reify   'C:\\Users\\akito\\git\\calculator\\node_modules\\@unrs\\resolver-binding-linux-x64-gnu'
147 silly reify ]
148 verbose reify failed optional dependency C:\Users\akito\git\calculator\node_modules\@unrs\resolver-binding-linux-s390x-gnu
149 silly reify mark deleted [
149 silly reify   'C:\\Users\\akito\\git\\calculator\\node_modules\\@unrs\\resolver-binding-linux-s390x-gnu'
149 silly reify ]
150 verbose reify failed optional dependency C:\Users\akito\git\calculator\node_modules\@unrs\resolver-binding-linux-riscv64-musl
151 silly reify mark deleted [
151 silly reify   'C:\\Users\\akito\\git\\calculator\\node_modules\\@unrs\\resolver-binding-linux-riscv64-musl'
151 silly reify ]
152 verbose reify failed optional dependency C:\Users\akito\git\calculator\node_modules\@unrs\resolver-binding-linux-riscv64-gnu
153 silly reify mark deleted [
153 silly reify   'C:\\Users\\akito\\git\\calculator\\node_modules\\@unrs\\resolver-binding-linux-riscv64-gnu'
153 silly reify ]
154 verbose reify failed optional dependency C:\Users\akito\git\calculator\node_modules\@unrs\resolver-binding-linux-ppc64-gnu
155 silly reify mark deleted [
155 silly reify   'C:\\Users\\akito\\git\\calculator\\node_modules\\@unrs\\resolver-binding-linux-ppc64-gnu'
155 silly reify ]
156 verbose reify failed optional dependency C:\Users\akito\git\calculator\node_modules\@unrs\resolver-binding-linux-arm64-musl
157 silly reify mark deleted [
157 silly reify   'C:\\Users\\akito\\git\\calculator\\node_modules\\@unrs\\resolver-binding-linux-arm64-musl'
157 silly reify ]
158 verbose reify failed optional dependency C:\Users\akito\git\calculator\node_modules\@unrs\resolver-binding-linux-arm64-gnu
159 silly reify mark deleted [
159 silly reify   'C:\\Users\\akito\\git\\calculator\\node_modules\\@unrs\\resolver-binding-linux-arm64-gnu'
159 silly reify ]
160 verbose reify failed optional dependency C:\Users\akito\git\calculator\node_modules\@unrs\resolver-binding-linux-arm-musleabihf
161 silly reify mark deleted [
161 silly reify   'C:\\Users\\akito\\git\\calculator\\node_modules\\@unrs\\resolver-binding-linux-arm-musleabihf'
161 silly reify ]
162 verbose reify failed optional dependency C:\Users\akito\git\calculator\node_modules\@unrs\resolver-binding-linux-arm-gnueabihf
163 silly reify mark deleted [
163 silly reify   'C:\\Users\\akito\\git\\calculator\\node_modules\\@unrs\\resolver-binding-linux-arm-gnueabihf'
163 silly reify ]
164 verbose reify failed optional dependency C:\Users\akito\git\calculator\node_modules\@unrs\resolver-binding-freebsd-x64
165 silly reify mark deleted [
165 silly reify   'C:\\Users\\akito\\git\\calculator\\node_modules\\@unrs\\resolver-binding-freebsd-x64'
165 silly reify ]
166 verbose reify failed optional dependency C:\Users\akito\git\calculator\node_modules\@unrs\resolver-binding-darwin-x64
167 silly reify mark deleted [
167 silly reify   'C:\\Users\\akito\\git\\calculator\\node_modules\\@unrs\\resolver-binding-darwin-x64'
167 silly reify ]
168 verbose reify failed optional dependency C:\Users\akito\git\calculator\node_modules\@unrs\resolver-binding-darwin-arm64
169 silly reify mark deleted [
169 silly reify   'C:\\Users\\akito\\git\\calculator\\node_modules\\@unrs\\resolver-binding-darwin-arm64'
169 silly reify ]
170 verbose reify failed optional dependency C:\Users\akito\git\calculator\node_modules\@next\swc-win32-ia32-msvc
171 silly reify mark deleted [
171 silly reify   'C:\\Users\\akito\\git\\calculator\\node_modules\\@next\\swc-win32-ia32-msvc'
171 silly reify ]
172 verbose reify failed optional dependency C:\Users\akito\git\calculator\node_modules\@next\swc-win32-arm64-msvc
173 silly reify mark deleted [
173 silly reify   'C:\\Users\\akito\\git\\calculator\\node_modules\\@next\\swc-win32-arm64-msvc'
173 silly reify ]
174 verbose reify failed optional dependency C:\Users\akito\git\calculator\node_modules\@next\swc-linux-x64-musl
175 silly reify mark deleted [
175 silly reify   'C:\\Users\\akito\\git\\calculator\\node_modules\\@next\\swc-linux-x64-musl'
175 silly reify ]
176 verbose reify failed optional dependency C:\Users\akito\git\calculator\node_modules\@next\swc-linux-x64-gnu
177 silly reify mark deleted [
177 silly reify   'C:\\Users\\akito\\git\\calculator\\node_modules\\@next\\swc-linux-x64-gnu'
177 silly reify ]
178 verbose reify failed optional dependency C:\Users\akito\git\calculator\node_modules\@next\swc-linux-arm64-musl
179 silly reify mark deleted [
179 silly reify   'C:\\Users\\akito\\git\\calculator\\node_modules\\@next\\swc-linux-arm64-musl'
179 silly reify ]
180 verbose reify failed optional dependency C:\Users\akito\git\calculator\node_modules\@next\swc-linux-arm64-gnu
181 silly reify mark deleted [
181 silly reify   'C:\\Users\\akito\\git\\calculator\\node_modules\\@next\\swc-linux-arm64-gnu'
181 silly reify ]
182 verbose reify failed optional dependency C:\Users\akito\git\calculator\node_modules\@next\swc-darwin-x64
183 silly reify mark deleted [
183 silly reify   'C:\\Users\\akito\\git\\calculator\\node_modules\\@next\\swc-darwin-x64'
183 silly reify ]
184 verbose reify failed optional dependency C:\Users\akito\git\calculator\node_modules\@next\swc-darwin-arm64
185 silly reify mark deleted [
185 silly reify   'C:\\Users\\akito\\git\\calculator\\node_modules\\@next\\swc-darwin-arm64'
185 silly reify ]
186 http cache use-sync-external-store@https://registry.npmjs.org/use-sync-external-store/-/use-sync-external-store-1.5.0.tgz 0ms (cache hit)
187 http cache no-case@https://registry.npmjs.org/no-case/-/no-case-3.0.4.tgz 0ms (cache hit)
188 http cache dot-case@https://registry.npmjs.org/dot-case/-/dot-case-3.0.4.tgz 0ms (cache hit)
189 http cache lower-case@https://registry.npmjs.org/lower-case/-/lower-case-2.0.2.tgz 0ms (cache hit)
190 http cache map-obj@https://registry.npmjs.org/map-obj/-/map-obj-4.3.0.tgz 0ms (cache hit)
191 http cache std-env@https://registry.npmjs.org/std-env/-/std-env-3.9.0.tgz 0ms (cache hit)
192 http cache swr@https://registry.npmjs.org/swr/-/swr-2.3.3.tgz 0ms (cache hit)
193 http cache js-cookie@https://registry.npmjs.org/js-cookie/-/js-cookie-3.0.5.tgz 0ms (cache hit)
194 http cache snake-case@https://registry.npmjs.org/snake-case/-/snake-case-3.0.4.tgz 0ms (cache hit)
195 http cache @clerk/shared@https://registry.npmjs.org/@clerk/shared/-/shared-3.7.7.tgz 0ms (cache hit)
196 http cache dequal@https://registry.npmjs.org/dequal/-/dequal-2.0.3.tgz 0ms (cache hit)
197 http cache glob-to-regexp@https://registry.npmjs.org/glob-to-regexp/-/glob-to-regexp-0.4.1.tgz 0ms (cache hit)
198 http cache snakecase-keys@https://registry.npmjs.org/snakecase-keys/-/snakecase-keys-8.0.1.tgz 0ms (cache hit)
199 http cache @clerk/clerk-react@https://registry.npmjs.org/@clerk/clerk-react/-/clerk-react-5.30.3.tgz 0ms (cache hit)
200 http cache server-only@https://registry.npmjs.org/server-only/-/server-only-0.0.1.tgz 0ms (cache hit)
201 http cache @clerk/nextjs@https://registry.npmjs.org/@clerk/nextjs/-/nextjs-6.18.4.tgz 0ms (cache hit)
202 http cache @clerk/backend@https://registry.npmjs.org/@clerk/backend/-/backend-1.31.1.tgz 0ms (cache hit)
203 http cache @napi-rs/wasm-runtime@https://registry.npmjs.org/@napi-rs/wasm-runtime/-/wasm-runtime-0.2.9.tgz 0ms (cache hit)
204 http cache @emnapi/wasi-threads@https://registry.npmjs.org/@emnapi/wasi-threads/-/wasi-threads-1.0.2.tgz 0ms (cache hit)
205 http cache @tybys/wasm-util@https://registry.npmjs.org/@tybys/wasm-util/-/wasm-util-0.9.0.tgz 0ms (cache hit)
206 http cache @emnapi/core@https://registry.npmjs.org/@emnapi/core/-/core-1.4.3.tgz 0ms (cache hit)
207 http cache type-fest@https://registry.npmjs.org/type-fest/-/type-fest-4.40.1.tgz 0ms (cache hit)
208 http cache @clerk/types@https://registry.npmjs.org/@clerk/types/-/types-4.56.2.tgz 0ms (cache hit)
209 http cache @emnapi/runtime@https://registry.npmjs.org/@emnapi/runtime/-/runtime-1.4.3.tgz 1ms (cache hit)
210 http cache csstype@https://registry.npmjs.org/csstype/-/csstype-3.1.3.tgz 0ms (cache hit)
211 http cache csstype@https://registry.npmjs.org/csstype/-/csstype-3.1.3.tgz 0ms (cache hit)
212 http cache csstype@https://registry.npmjs.org/csstype/-/csstype-3.1.3.tgz 0ms (cache hit)
213 http cache @clerk/types@https://registry.npmjs.org/@clerk/types/-/types-4.56.2.tgz 0ms (cache hit)
214 http cache csstype@https://registry.npmjs.org/csstype/-/csstype-3.1.3.tgz 0ms (cache hit)
215 http cache @clerk/types@https://registry.npmjs.org/@clerk/types/-/types-4.56.2.tgz 0ms (cache hit)
216 http cache @clerk/types@https://registry.npmjs.org/@clerk/types/-/types-4.56.2.tgz 0ms (cache hit)
217 http fetch POST 200 https://registry.npmjs.org/-/npm/v1/security/advisories/bulk 186ms
218 silly audit report {}
219 info run @clerk/shared@3.7.7 postinstall node_modules/@clerk/shared node ./scripts/postinstall.mjs
220 info run @clerk/shared@3.7.7 postinstall { code: 0, signal: null }
221 silly ADD node_modules/use-sync-external-store
222 silly ADD node_modules/lower-case
223 silly ADD node_modules/no-case
224 silly ADD node_modules/dot-case
225 silly ADD node_modules/snake-case
226 silly ADD node_modules/map-obj
227 silly ADD node_modules/swr
228 silly ADD node_modules/std-env
229 silly ADD node_modules/js-cookie
230 silly ADD node_modules/glob-to-regexp
231 silly ADD node_modules/dequal
232 silly ADD node_modules/snakecase-keys
233 silly ADD node_modules/snakecase-keys/node_modules/type-fest
234 silly ADD node_modules/server-only
235 silly ADD node_modules/@clerk/shared
236 silly ADD node_modules/@clerk/shared/node_modules/csstype
237 silly ADD node_modules/@clerk/shared/node_modules/@clerk/types
238 silly ADD node_modules/@clerk/clerk-react
239 silly ADD node_modules/@clerk/clerk-react/node_modules/csstype
240 silly ADD node_modules/@clerk/clerk-react/node_modules/@clerk/types
241 silly ADD node_modules/@clerk/backend
242 silly ADD node_modules/@clerk/backend/node_modules/csstype
243 silly ADD node_modules/@clerk/backend/node_modules/@clerk/types
244 silly ADD node_modules/@clerk/nextjs
245 silly ADD node_modules/@clerk/nextjs/node_modules/csstype
246 silly ADD node_modules/@clerk/nextjs/node_modules/@clerk/types
247 silly ADD
248 silly ADD
249 silly ADD
250 silly ADD
251 silly ADD
252 silly ADD
253 silly ADD
254 silly ADD
255 silly ADD
256 silly ADD
257 silly ADD
258 silly ADD
259 silly ADD
260 silly ADD
261 silly ADD
262 silly ADD
263 silly ADD
264 silly ADD
265 silly ADD
266 silly ADD
267 silly ADD
268 silly ADD
269 silly ADD
270 silly ADD
271 silly ADD
272 silly ADD
273 silly ADD
274 silly ADD
275 silly ADD
276 silly ADD
277 verbose cwd C:\Users\akito\git\calculator
278 verbose os Windows_NT 10.0.26100
279 verbose node v22.14.0
280 verbose npm  v10.9.2
281 verbose exit 0
282 info ok
