0 verbose cli C:\Program Files\nodejs\node.exe C:\Program Files\nodejs\node_modules\npm\bin\npm-cli.js
1 info using npm@10.9.2
2 info using node@v22.14.0
3 silly config load:file:C:\Program Files\nodejs\node_modules\npm\npmrc
4 silly config load:file:C:\Users\akito\git\calculator\.npmrc
5 silly config load:file:C:\Users\akito\.npmrc
6 silly config load:file:C:\Users\akito\git\calculator\%APPDATA%\npm\etc\npmrc
7 verbose title npm install @clerk/nextjs@4.29.9
8 verbose argv "install" "@clerk/nextjs@4.29.9"
9 verbose logfile logs-max:10 dir:C:\Users\akito\git\calculator\%APPDATA%\npm-cache\_logs\2025-05-02T03_27_52_769Z-
10 verbose logfile C:\Users\akito\git\calculator\%APPDATA%\npm-cache\_logs\2025-05-02T03_27_52_769Z-debug-0.log
11 silly logfile start cleaning logs, removing 1 files
12 silly packumentCache heap:4345298944 maxSize:1086324736 maxEntrySize:543162368
13 silly logfile done cleaning log files
14 silly idealTree buildDeps
15 silly fetch manifest @clerk/nextjs@4.29.9
16 silly packumentCache full:https://registry.npmjs.org/@clerk%2fnextjs cache-miss
17 http cache https://registry.npmjs.org/@clerk%2fnextjs 98ms (cache hit)
18 silly packumentCache full:https://registry.npmjs.org/@clerk%2fnextjs set size:13353792 disposed:false
19 silly placeDep ROOT @clerk/nextjs@4.29.9 REPLACE for: calculator@0.1.0 want: 4.29.9
20 silly fetch manifest @clerk/types@3.62.1
21 silly packumentCache full:https://registry.npmjs.org/@clerk%2ftypes cache-miss
22 silly fetch manifest @clerk/shared@1.3.3
23 silly packumentCache full:https://registry.npmjs.org/@clerk%2fshared cache-miss
24 silly fetch manifest @clerk/backend@0.38.3
25 silly packumentCache full:https://registry.npmjs.org/@clerk%2fbackend cache-miss
26 silly fetch manifest @clerk/clerk-react@4.30.7
27 silly packumentCache full:https://registry.npmjs.org/@clerk%2fclerk-react cache-miss
28 silly fetch manifest @clerk/clerk-sdk-node@4.13.11
29 silly packumentCache full:https://registry.npmjs.org/@clerk%2fclerk-sdk-node cache-miss
30 http cache https://registry.npmjs.org/@clerk%2fshared 62ms (cache hit)
31 silly packumentCache full:https://registry.npmjs.org/@clerk%2fshared set size:9838031 disposed:false
32 http cache https://registry.npmjs.org/@clerk%2ftypes 121ms (cache hit)
33 silly packumentCache full:https://registry.npmjs.org/@clerk%2ftypes set size:7078201 disposed:false
34 http cache https://registry.npmjs.org/@clerk%2fclerk-react 165ms (cache hit)
35 silly packumentCache full:https://registry.npmjs.org/@clerk%2fclerk-react set size:11068797 disposed:false
36 http cache https://registry.npmjs.org/@clerk%2fbackend 260ms (cache hit)
37 silly packumentCache full:https://registry.npmjs.org/@clerk%2fbackend set size:13198080 disposed:false
38 http fetch GET 200 https://registry.npmjs.org/@clerk%2fclerk-sdk-node 1751ms (cache miss)
39 silly packumentCache full:https://registry.npmjs.org/@clerk%2fclerk-sdk-node set size:undefined disposed:false
40 silly placeDep ROOT @clerk/backend@0.38.3 OK for: @clerk/nextjs@4.29.9 want: 0.38.3
41 silly placeDep ROOT @clerk/clerk-react@4.30.7 OK for: @clerk/nextjs@4.29.9 want: 4.30.7
42 silly placeDep ROOT @clerk/clerk-sdk-node@4.13.11 OK for: @clerk/nextjs@4.29.9 want: 4.13.11
43 silly placeDep ROOT @clerk/shared@1.3.3 OK for: @clerk/nextjs@4.29.9 want: 1.3.3
44 silly placeDep node_modules/@clerk/nextjs @clerk/types@3.62.1 OK for: @clerk/nextjs@4.29.9 want: 3.62.1
45 silly fetch manifest tslib@2.4.1
46 silly packumentCache full:https://registry.npmjs.org/tslib cache-miss
47 silly fetch manifest cookie@0.5.0
48 silly packumentCache full:https://registry.npmjs.org/cookie cache-miss
49 silly fetch manifest deepmerge@4.2.2
50 silly packumentCache full:https://registry.npmjs.org/deepmerge cache-miss
51 silly fetch manifest @types/node@16.18.6
52 silly packumentCache full:https://registry.npmjs.org/@types%2fnode cache-miss
53 silly fetch manifest snakecase-keys@5.4.4
54 silly packumentCache full:https://registry.npmjs.org/snakecase-keys cache-miss
55 silly fetch manifest node-fetch-native@1.0.1
56 silly packumentCache full:https://registry.npmjs.org/node-fetch-native cache-miss
57 silly fetch manifest @peculiar/webcrypto@1.4.1
58 silly packumentCache full:https://registry.npmjs.org/@peculiar%2fwebcrypto cache-miss
59 silly fetch manifest tslib@2.4.1
60 silly packumentCache full:https://registry.npmjs.org/tslib cache-miss
61 silly fetch manifest tslib@2.4.1
62 silly packumentCache full:https://registry.npmjs.org/tslib cache-miss
63 silly fetch manifest @types/cookies@0.7.7
64 silly packumentCache full:https://registry.npmjs.org/@types%2fcookies cache-miss
65 silly fetch manifest @types/express@4.17.14
66 silly packumentCache full:https://registry.npmjs.org/@types%2fexpress cache-miss
67 http cache https://registry.npmjs.org/tslib 26ms (cache hit)
68 silly packumentCache full:https://registry.npmjs.org/tslib set size:108872 disposed:false
69 silly fetch manifest camelcase-keys@6.2.2
70 silly packumentCache full:https://registry.npmjs.org/camelcase-keys cache-miss
71 http cache https://registry.npmjs.org/cookie 28ms (cache hit)
72 silly packumentCache full:https://registry.npmjs.org/cookie set size:67120 disposed:false
73 silly fetch manifest snakecase-keys@3.2.1
74 silly packumentCache full:https://registry.npmjs.org/snakecase-keys cache-miss
75 http cache https://registry.npmjs.org/tslib 29ms (cache hit)
76 silly packumentCache full:https://registry.npmjs.org/tslib set size:108872 disposed:false
77 silly packumentCache full:https://registry.npmjs.org/tslib dispose
78 silly fetch manifest @types/node-fetch@2.6.2
79 silly packumentCache full:https://registry.npmjs.org/@types%2fnode-fetch cache-miss
80 http cache https://registry.npmjs.org/snakecase-keys 31ms (cache hit)
81 silly packumentCache full:https://registry.npmjs.org/snakecase-keys set size:81142 disposed:false
82 silly fetch manifest swr@2.2.0
83 silly packumentCache full:https://registry.npmjs.org/swr cache-miss
84 http cache https://registry.npmjs.org/tslib 31ms (cache hit)
85 silly packumentCache full:https://registry.npmjs.org/tslib set size:108872 disposed:true
86 silly packumentCache full:https://registry.npmjs.org/tslib dispose
87 silly fetch manifest js-cookie@3.0.1
88 silly packumentCache full:https://registry.npmjs.org/js-cookie cache-miss
89 http cache https://registry.npmjs.org/snakecase-keys 14ms (cache hit)
90 silly packumentCache full:https://registry.npmjs.org/snakecase-keys set size:81142 disposed:false
91 silly packumentCache full:https://registry.npmjs.org/snakecase-keys dispose
92 silly fetch manifest glob-to-regexp@0.4.1
93 silly packumentCache full:https://registry.npmjs.org/glob-to-regexp cache-miss
94 http cache https://registry.npmjs.org/js-cookie 10ms (cache hit)
95 silly packumentCache full:https://registry.npmjs.org/js-cookie set size:240037 disposed:false
96 http cache https://registry.npmjs.org/swr 14ms (cache hit)
97 silly packumentCache full:https://registry.npmjs.org/swr set size:1199342 disposed:false
98 http fetch GET 200 https://registry.npmjs.org/deepmerge 59ms (cache updated)
99 silly packumentCache full:https://registry.npmjs.org/deepmerge set size:undefined disposed:false
100 http cache https://registry.npmjs.org/glob-to-regexp 17ms (cache hit)
101 silly packumentCache full:https://registry.npmjs.org/glob-to-regexp set size:15844 disposed:false
102 http fetch GET 200 https://registry.npmjs.org/camelcase-keys 115ms (cache updated)
103 silly packumentCache full:https://registry.npmjs.org/camelcase-keys set size:undefined disposed:false
104 http fetch GET 200 https://registry.npmjs.org/@types%2fexpress 145ms (cache updated)
105 silly packumentCache full:https://registry.npmjs.org/@types%2fexpress set size:undefined disposed:false
106 http fetch GET 200 https://registry.npmjs.org/@types%2fnode-fetch 143ms (cache updated)
107 silly packumentCache full:https://registry.npmjs.org/@types%2fnode-fetch set size:undefined disposed:false
108 http fetch GET 200 https://registry.npmjs.org/@types%2fcookies 187ms (cache updated)
109 silly packumentCache full:https://registry.npmjs.org/@types%2fcookies set size:undefined disposed:false
110 http fetch GET 200 https://registry.npmjs.org/@types%2fnode 241ms (cache updated)
111 silly packumentCache full:https://registry.npmjs.org/@types%2fnode set size:undefined disposed:false
112 http fetch GET 200 https://registry.npmjs.org/@peculiar%2fwebcrypto 486ms (cache updated)
113 silly packumentCache full:https://registry.npmjs.org/@peculiar%2fwebcrypto set size:undefined disposed:false
114 http fetch GET 200 https://registry.npmjs.org/node-fetch-native 586ms (cache updated)
115 silly packumentCache full:https://registry.npmjs.org/node-fetch-native set size:undefined disposed:false
116 silly placeDep node_modules/@clerk/backend @clerk/types@3.62.1 OK for: @clerk/backend@0.38.3 want: 3.62.1
117 silly placeDep ROOT @peculiar/webcrypto@1.4.1 OK for: @clerk/backend@0.38.3 want: 1.4.1
118 silly placeDep node_modules/@clerk/backend @types/node@16.18.6 OK for: @clerk/backend@0.38.3 want: 16.18.6
119 silly placeDep node_modules/@clerk/backend cookie@0.5.0 OK for: @clerk/backend@0.38.3 want: 0.5.0
120 silly placeDep ROOT deepmerge@4.2.2 OK for: @clerk/backend@0.38.3 want: 4.2.2
121 silly placeDep ROOT node-fetch-native@1.0.1 OK for: @clerk/backend@0.38.3 want: 1.0.1
122 silly placeDep ROOT snakecase-keys@5.4.4 OK for: @clerk/backend@0.38.3 want: 5.4.4
123 silly placeDep node_modules/@clerk/backend tslib@2.4.1 OK for: @clerk/backend@0.38.3 want: 2.4.1
124 silly fetch manifest pvtsutils@^1.3.2
125 silly packumentCache full:https://registry.npmjs.org/pvtsutils cache-miss
126 silly fetch manifest webcrypto-core@^1.7.4
127 silly packumentCache full:https://registry.npmjs.org/webcrypto-core cache-miss
128 silly fetch manifest @peculiar/asn1-schema@^2.3.0
129 silly packumentCache full:https://registry.npmjs.org/@peculiar%2fasn1-schema cache-miss
130 silly fetch manifest @peculiar/json-schema@^1.1.12
131 silly packumentCache full:https://registry.npmjs.org/@peculiar%2fjson-schema cache-miss
132 silly fetch manifest map-obj@^4.1.0
133 silly packumentCache full:https://registry.npmjs.org/map-obj cache-miss
134 silly fetch manifest snake-case@^3.0.4
135 silly packumentCache full:https://registry.npmjs.org/snake-case cache-miss
136 silly fetch manifest type-fest@^2.5.2
137 silly packumentCache full:https://registry.npmjs.org/type-fest cache-miss
138 http cache https://registry.npmjs.org/snake-case 14ms (cache hit)
139 silly packumentCache full:https://registry.npmjs.org/snake-case set size:35240 disposed:false
140 http cache https://registry.npmjs.org/map-obj 15ms (cache hit)
141 silly packumentCache full:https://registry.npmjs.org/map-obj set size:32594 disposed:false
142 http cache https://registry.npmjs.org/type-fest 18ms (cache hit)
143 silly packumentCache full:https://registry.npmjs.org/type-fest set size:524071 disposed:false
144 http fetch GET 200 https://registry.npmjs.org/pvtsutils 52ms (cache updated)
145 silly packumentCache full:https://registry.npmjs.org/pvtsutils set size:undefined disposed:false
146 http fetch GET 200 https://registry.npmjs.org/webcrypto-core 70ms (cache updated)
147 silly packumentCache full:https://registry.npmjs.org/webcrypto-core set size:undefined disposed:false
148 http fetch GET 200 https://registry.npmjs.org/@peculiar%2fjson-schema 401ms (cache updated)
149 silly packumentCache full:https://registry.npmjs.org/@peculiar%2fjson-schema set size:undefined disposed:false
150 http fetch GET 200 https://registry.npmjs.org/@peculiar%2fasn1-schema 402ms (cache updated)
151 silly packumentCache full:https://registry.npmjs.org/@peculiar%2fasn1-schema set size:undefined disposed:false
152 silly placeDep node_modules/@clerk/clerk-react @clerk/types@3.62.1 OK for: @clerk/clerk-react@4.30.7 want: 3.62.1
153 silly placeDep node_modules/@clerk/clerk-react tslib@2.4.1 OK for: @clerk/clerk-react@4.30.7 want: 2.4.1
154 silly placeDep node_modules/@clerk/clerk-sdk-node @clerk/types@3.62.1 OK for: @clerk/clerk-sdk-node@4.13.11 want: 3.62.1
155 silly placeDep ROOT @types/cookies@0.7.7 OK for: @clerk/clerk-sdk-node@4.13.11 want: 0.7.7
156 silly placeDep ROOT @types/express@4.17.14 OK for: @clerk/clerk-sdk-node@4.13.11 want: 4.17.14
157 silly placeDep ROOT @types/node-fetch@2.6.2 OK for: @clerk/clerk-sdk-node@4.13.11 want: 2.6.2
158 silly placeDep ROOT camelcase-keys@6.2.2 OK for: @clerk/clerk-sdk-node@4.13.11 want: 6.2.2
159 silly placeDep node_modules/@clerk/clerk-sdk-node snakecase-keys@3.2.1 OK for: @clerk/clerk-sdk-node@4.13.11 want: 3.2.1
160 silly placeDep node_modules/@clerk/clerk-sdk-node tslib@2.4.1 OK for: @clerk/clerk-sdk-node@4.13.11 want: 2.4.1
161 silly fetch manifest @types/connect@*
162 silly packumentCache full:https://registry.npmjs.org/@types%2fconnect cache-miss
163 silly fetch manifest @types/express@*
164 silly packumentCache full:https://registry.npmjs.org/@types%2fexpress cache-miss
165 silly fetch manifest @types/keygrip@*
166 silly packumentCache full:https://registry.npmjs.org/@types%2fkeygrip cache-miss
167 silly fetch manifest @types/qs@*
168 silly packumentCache full:https://registry.npmjs.org/@types%2fqs cache-miss
169 silly fetch manifest @types/body-parser@*
170 silly packumentCache full:https://registry.npmjs.org/@types%2fbody-parser cache-miss
171 silly fetch manifest @types/serve-static@*
172 silly packumentCache full:https://registry.npmjs.org/@types%2fserve-static cache-miss
173 silly fetch manifest @types/express-serve-static-core@^4.17.18
174 silly packumentCache full:https://registry.npmjs.org/@types%2fexpress-serve-static-core cache-miss
175 silly fetch manifest form-data@^3.0.0
176 silly packumentCache full:https://registry.npmjs.org/form-data cache-miss
177 silly fetch manifest camelcase@^5.3.1
178 silly packumentCache full:https://registry.npmjs.org/camelcase cache-miss
179 silly fetch manifest map-obj@^4.0.0
180 silly packumentCache full:https://registry.npmjs.org/map-obj cache-hit
181 silly fetch manifest quick-lru@^4.0.1
182 silly packumentCache full:https://registry.npmjs.org/quick-lru cache-miss
183 silly fetch manifest to-snake-case@^1.0.0
184 silly packumentCache full:https://registry.npmjs.org/to-snake-case cache-miss
185 http cache https://registry.npmjs.org/@types%2fexpress 19ms (cache hit)
186 silly packumentCache full:https://registry.npmjs.org/@types%2fexpress set size:94694 disposed:false
187 http fetch GET 200 https://registry.npmjs.org/camelcase 50ms (cache updated)
188 silly packumentCache full:https://registry.npmjs.org/camelcase set size:undefined disposed:false
189 http fetch GET 200 https://registry.npmjs.org/@types%2fbody-parser 77ms (cache updated)
190 silly packumentCache full:https://registry.npmjs.org/@types%2fbody-parser set size:undefined disposed:false
191 http fetch GET 200 https://registry.npmjs.org/@types%2fexpress-serve-static-core 80ms (cache updated)
192 silly packumentCache full:https://registry.npmjs.org/@types%2fexpress-serve-static-core set size:undefined disposed:false
193 http fetch GET 200 https://registry.npmjs.org/@types%2fqs 83ms (cache updated)
194 silly packumentCache full:https://registry.npmjs.org/@types%2fqs set size:undefined disposed:false
195 http fetch GET 200 https://registry.npmjs.org/@types%2fconnect 85ms (cache updated)
196 silly packumentCache full:https://registry.npmjs.org/@types%2fconnect set size:undefined disposed:false
197 http fetch GET 200 https://registry.npmjs.org/@types%2fserve-static 86ms (cache updated)
198 silly packumentCache full:https://registry.npmjs.org/@types%2fserve-static set size:undefined disposed:false
199 http fetch GET 200 https://registry.npmjs.org/form-data 87ms (cache updated)
200 silly packumentCache full:https://registry.npmjs.org/form-data set size:undefined disposed:false
201 http fetch GET 200 https://registry.npmjs.org/@types%2fkeygrip 102ms (cache updated)
202 silly packumentCache full:https://registry.npmjs.org/@types%2fkeygrip set size:undefined disposed:false
203 http fetch GET 200 https://registry.npmjs.org/quick-lru 151ms (cache updated)
204 silly packumentCache full:https://registry.npmjs.org/quick-lru set size:undefined disposed:false
205 http fetch GET 200 https://registry.npmjs.org/to-snake-case 526ms (cache updated)
206 silly packumentCache full:https://registry.npmjs.org/to-snake-case set size:undefined disposed:false
207 silly placeDep ROOT glob-to-regexp@0.4.1 OK for: @clerk/shared@1.3.3 want: 0.4.1
208 silly placeDep ROOT js-cookie@3.0.1 OK for: @clerk/shared@1.3.3 want: 3.0.1
209 silly placeDep ROOT swr@2.2.0 OK for: @clerk/shared@1.3.3 want: 2.2.0
210 silly fetch manifest use-sync-external-store@^1.2.0
211 silly packumentCache full:https://registry.npmjs.org/use-sync-external-store cache-miss
212 http cache https://registry.npmjs.org/use-sync-external-store 10ms (cache hit)
213 silly packumentCache full:https://registry.npmjs.org/use-sync-external-store set size:3591841 disposed:false
214 silly placeDep ROOT @peculiar/asn1-schema@2.3.15 OK for: @peculiar/webcrypto@1.4.1 want: ^2.3.0
215 silly placeDep ROOT @peculiar/json-schema@1.1.12 OK for: @peculiar/webcrypto@1.4.1 want: ^1.1.12
216 silly placeDep ROOT pvtsutils@1.3.6 OK for: @peculiar/webcrypto@1.4.1 want: ^1.3.2
217 silly placeDep ROOT webcrypto-core@1.8.1 OK for: @peculiar/webcrypto@1.4.1 want: ^1.7.4
218 silly fetch manifest asn1js@^3.0.5
219 silly packumentCache full:https://registry.npmjs.org/asn1js cache-miss
220 silly fetch manifest pvtsutils@^1.3.6
221 silly packumentCache full:https://registry.npmjs.org/pvtsutils cache-miss
222 silly fetch manifest asn1js@^3.0.5
223 silly packumentCache full:https://registry.npmjs.org/asn1js cache-miss
224 http cache https://registry.npmjs.org/pvtsutils 6ms (cache hit)
225 silly packumentCache full:https://registry.npmjs.org/pvtsutils set size:111560 disposed:false
226 http fetch GET 200 https://registry.npmjs.org/asn1js 59ms (cache updated)
227 silly packumentCache full:https://registry.npmjs.org/asn1js set size:undefined disposed:false
228 http fetch GET 200 https://registry.npmjs.org/asn1js 61ms (cache updated)
229 silly packumentCache full:https://registry.npmjs.org/asn1js set size:undefined disposed:false
230 silly placeDep ROOT asn1js@3.0.6 OK for: @peculiar/asn1-schema@2.3.15 want: ^3.0.5
231 silly fetch manifest pvutils@^1.1.3
232 silly packumentCache full:https://registry.npmjs.org/pvutils cache-miss
233 http fetch GET 200 https://registry.npmjs.org/pvutils 40ms (cache updated)
234 silly packumentCache full:https://registry.npmjs.org/pvutils set size:undefined disposed:false
235 silly placeDep ROOT @types/connect@3.4.38 OK for: @types/cookies@0.7.7 want: *
236 silly placeDep ROOT @types/keygrip@1.0.6 OK for: @types/cookies@0.7.7 want: *
237 silly placeDep ROOT @types/body-parser@1.19.5 OK for: @types/express@4.17.14 want: *
238 silly placeDep ROOT @types/express-serve-static-core@4.19.6 OK for: @types/express@4.17.14 want: ^4.17.18
239 silly placeDep ROOT @types/qs@6.9.18 OK for: @types/express@4.17.14 want: *
240 silly placeDep ROOT @types/serve-static@1.15.7 OK for: @types/express@4.17.14 want: *
241 silly fetch manifest @types/send@*
242 silly packumentCache full:https://registry.npmjs.org/@types%2fsend cache-miss
243 silly fetch manifest @types/range-parser@*
244 silly packumentCache full:https://registry.npmjs.org/@types%2frange-parser cache-miss
245 silly fetch manifest @types/send@*
246 silly packumentCache full:https://registry.npmjs.org/@types%2fsend cache-miss
247 silly fetch manifest @types/http-errors@*
248 silly packumentCache full:https://registry.npmjs.org/@types%2fhttp-errors cache-miss
249 http fetch GET 200 https://registry.npmjs.org/@types%2fsend 55ms (cache updated)
250 silly packumentCache full:https://registry.npmjs.org/@types%2fsend set size:undefined disposed:false
251 http fetch GET 200 https://registry.npmjs.org/@types%2fsend 57ms (cache updated)
252 silly packumentCache full:https://registry.npmjs.org/@types%2fsend set size:undefined disposed:false
253 http fetch GET 200 https://registry.npmjs.org/@types%2frange-parser 63ms (cache updated)
254 silly packumentCache full:https://registry.npmjs.org/@types%2frange-parser set size:undefined disposed:false
255 http fetch GET 200 https://registry.npmjs.org/@types%2fhttp-errors 72ms (cache updated)
256 silly packumentCache full:https://registry.npmjs.org/@types%2fhttp-errors set size:undefined disposed:false
257 silly placeDep ROOT @types/range-parser@1.2.7 OK for: @types/express-serve-static-core@4.19.6 want: *
258 silly placeDep ROOT @types/send@0.17.4 OK for: @types/express-serve-static-core@4.19.6 want: *
259 silly fetch manifest @types/mime@^1
260 silly packumentCache full:https://registry.npmjs.org/@types%2fmime cache-miss
261 http fetch GET 200 https://registry.npmjs.org/@types%2fmime 68ms (cache updated)
262 silly packumentCache full:https://registry.npmjs.org/@types%2fmime set size:undefined disposed:false
263 silly placeDep ROOT form-data@3.0.3 OK for: @types/node-fetch@2.6.2 want: ^3.0.0
264 silly fetch manifest asynckit@^0.4.0
265 silly packumentCache full:https://registry.npmjs.org/asynckit cache-miss
266 silly fetch manifest mime-types@^2.1.35
267 silly packumentCache full:https://registry.npmjs.org/mime-types cache-miss
268 silly fetch manifest combined-stream@^1.0.8
269 silly packumentCache full:https://registry.npmjs.org/combined-stream cache-miss
270 http fetch GET 200 https://registry.npmjs.org/mime-types 36ms (cache updated)
271 silly packumentCache full:https://registry.npmjs.org/mime-types set size:undefined disposed:false
272 http fetch GET 200 https://registry.npmjs.org/asynckit 43ms (cache updated)
273 silly packumentCache full:https://registry.npmjs.org/asynckit set size:undefined disposed:false
274 http fetch GET 200 https://registry.npmjs.org/combined-stream 46ms (cache updated)
275 silly packumentCache full:https://registry.npmjs.org/combined-stream set size:undefined disposed:false
276 silly placeDep ROOT @types/mime@1.3.5 OK for: @types/send@0.17.4 want: ^1
277 silly placeDep ROOT @types/http-errors@2.0.4 OK for: @types/serve-static@1.15.7 want: *
278 silly placeDep ROOT pvutils@1.1.3 OK for: asn1js@3.0.6 want: ^1.1.3
279 silly placeDep ROOT camelcase@5.3.1 OK for: camelcase-keys@6.2.2 want: ^5.3.1
280 silly placeDep ROOT map-obj@4.3.0 OK for: camelcase-keys@6.2.2 want: ^4.0.0
281 silly placeDep ROOT quick-lru@4.0.1 OK for: camelcase-keys@6.2.2 want: ^4.0.1
282 silly placeDep ROOT asynckit@0.4.0 OK for: form-data@3.0.3 want: ^0.4.0
283 silly placeDep ROOT combined-stream@1.0.8 OK for: form-data@3.0.3 want: ^1.0.8
284 silly placeDep ROOT mime-types@2.1.35 OK for: form-data@3.0.3 want: ^2.1.35
285 silly fetch manifest delayed-stream@~1.0.0
286 silly packumentCache full:https://registry.npmjs.org/delayed-stream cache-miss
287 silly fetch manifest mime-db@1.52.0
288 silly packumentCache full:https://registry.npmjs.org/mime-db cache-miss
289 http fetch GET 200 https://registry.npmjs.org/delayed-stream 36ms (cache updated)
290 silly packumentCache full:https://registry.npmjs.org/delayed-stream set size:undefined disposed:false
291 http fetch GET 200 https://registry.npmjs.org/mime-db 45ms (cache updated)
292 silly packumentCache full:https://registry.npmjs.org/mime-db set size:undefined disposed:false
293 silly placeDep ROOT delayed-stream@1.0.0 OK for: combined-stream@1.0.8 want: ~1.0.0
294 silly placeDep ROOT mime-db@1.52.0 OK for: mime-types@2.1.35 want: 1.52.0
295 silly placeDep ROOT snake-case@3.0.4 OK for: snakecase-keys@5.4.4 want: ^3.0.4
296 silly placeDep node_modules/snakecase-keys type-fest@2.19.0 OK for: snakecase-keys@5.4.4 want: ^2.5.2
297 silly fetch manifest dot-case@^3.0.4
298 silly packumentCache full:https://registry.npmjs.org/dot-case cache-miss
299 http cache https://registry.npmjs.org/dot-case 6ms (cache hit)
300 silly packumentCache full:https://registry.npmjs.org/dot-case set size:36351 disposed:false
301 silly placeDep ROOT dot-case@3.0.4 OK for: snake-case@3.0.4 want: ^3.0.4
302 silly fetch manifest no-case@^3.0.4
303 silly packumentCache full:https://registry.npmjs.org/no-case cache-miss
304 http cache https://registry.npmjs.org/no-case 5ms (cache hit)
305 silly packumentCache full:https://registry.npmjs.org/no-case set size:31252 disposed:false
306 silly placeDep ROOT no-case@3.0.4 OK for: dot-case@3.0.4 want: ^3.0.4
307 silly fetch manifest lower-case@^2.0.2
308 silly packumentCache full:https://registry.npmjs.org/lower-case cache-miss
309 http cache https://registry.npmjs.org/lower-case 3ms (cache hit)
310 silly packumentCache full:https://registry.npmjs.org/lower-case set size:27690 disposed:false
311 silly placeDep ROOT lower-case@2.0.2 OK for: no-case@3.0.4 want: ^2.0.2
312 silly placeDep ROOT use-sync-external-store@1.5.0 OK for: swr@2.2.0 want: ^1.2.0
313 silly placeDep ROOT to-snake-case@1.0.0 OK for: snakecase-keys@3.2.1 want: ^1.0.0
314 silly fetch manifest to-space-case@^1.0.0
315 silly packumentCache full:https://registry.npmjs.org/to-space-case cache-miss
316 http fetch GET 200 https://registry.npmjs.org/to-space-case 446ms (cache updated)
317 silly packumentCache full:https://registry.npmjs.org/to-space-case set size:undefined disposed:false
318 silly placeDep ROOT to-space-case@1.0.0 OK for: to-snake-case@1.0.0 want: ^1.0.0
319 silly fetch manifest to-no-case@^1.0.0
320 silly packumentCache full:https://registry.npmjs.org/to-no-case cache-miss
321 http fetch GET 200 https://registry.npmjs.org/to-no-case 595ms (cache updated)
322 silly packumentCache full:https://registry.npmjs.org/to-no-case set size:undefined disposed:false
323 silly placeDep ROOT to-no-case@1.0.2 OK for: to-space-case@1.0.0 want: ^1.0.0
324 silly reify mark retired [ 'C:\\Users\\akito\\git\\calculator\\node_modules\\@clerk\\backend' ]
325 silly reify mark retired [
325 silly reify   'C:\\Users\\akito\\git\\calculator\\node_modules\\@clerk\\clerk-react'
325 silly reify ]
326 silly reify mark retired [ 'C:\\Users\\akito\\git\\calculator\\node_modules\\@clerk\\nextjs' ]
327 silly reify mark retired [ 'C:\\Users\\akito\\git\\calculator\\node_modules\\@clerk\\shared' ]
328 silly reify mark retired [
328 silly reify   'C:\\Users\\akito\\git\\calculator\\node_modules\\eslint-config-custom'
328 silly reify ]
329 silly reify mark retired [
329 silly reify   'C:\\Users\\akito\\git\\calculator\\node_modules\\eslint-config-prettier',
329 silly reify   'C:\\Users\\akito\\git\\calculator\\node_modules\\.bin\\eslint-config-prettier',
329 silly reify   'C:\\Users\\akito\\git\\calculator\\node_modules\\.bin\\eslint-config-prettier.cmd',
329 silly reify   'C:\\Users\\akito\\git\\calculator\\node_modules\\.bin\\eslint-config-prettier.ps1'
329 silly reify ]
330 silly reify mark retired [ 'C:\\Users\\akito\\git\\calculator\\node_modules\\object.hasown' ]
331 silly reify mark retired [ 'C:\\Users\\akito\\git\\calculator\\node_modules\\std-env' ]
332 silly reify mark retired [ 'C:\\Users\\akito\\git\\calculator\\node_modules\\tsutils' ]
333 silly reify moves {
333 silly reify   'C:\\Users\\akito\\git\\calculator\\node_modules\\@clerk\\backend': 'C:\\Users\\akito\\git\\calculator\\node_modules\\@clerk\\.backend-TZiQMONc',
333 silly reify   'C:\\Users\\akito\\git\\calculator\\node_modules\\@clerk\\clerk-react': 'C:\\Users\\akito\\git\\calculator\\node_modules\\@clerk\\.clerk-react-mqIhXGUU',
333 silly reify   'C:\\Users\\akito\\git\\calculator\\node_modules\\@clerk\\nextjs': 'C:\\Users\\akito\\git\\calculator\\node_modules\\@clerk\\.nextjs-kXF9atIa',
333 silly reify   'C:\\Users\\akito\\git\\calculator\\node_modules\\@clerk\\shared': 'C:\\Users\\akito\\git\\calculator\\node_modules\\@clerk\\.shared-Ox719iYy',
333 silly reify   'C:\\Users\\akito\\git\\calculator\\node_modules\\eslint-config-custom': 'C:\\Users\\akito\\git\\calculator\\node_modules\\.eslint-config-custom-HdBZ9m9d',
333 silly reify   'C:\\Users\\akito\\git\\calculator\\node_modules\\eslint-config-prettier': 'C:\\Users\\akito\\git\\calculator\\node_modules\\.eslint-config-prettier-rEo8G8kZ',
333 silly reify   'C:\\Users\\akito\\git\\calculator\\node_modules\\.bin\\eslint-config-prettier': 'C:\\Users\\akito\\git\\calculator\\node_modules\\.bin\\.eslint-config-prettier-2JsU2Dn5',
333 silly reify   'C:\\Users\\akito\\git\\calculator\\node_modules\\.bin\\eslint-config-prettier.cmd': 'C:\\Users\\akito\\git\\calculator\\node_modules\\.bin\\.eslint-config-prettier.cmd-iVQbE4SE',
333 silly reify   'C:\\Users\\akito\\git\\calculator\\node_modules\\.bin\\eslint-config-prettier.ps1': 'C:\\Users\\akito\\git\\calculator\\node_modules\\.bin\\.eslint-config-prettier.ps1-s3P1NpOl',
333 silly reify   'C:\\Users\\akito\\git\\calculator\\node_modules\\object.hasown': 'C:\\Users\\akito\\git\\calculator\\node_modules\\.object.hasown-pfngkOPc',
333 silly reify   'C:\\Users\\akito\\git\\calculator\\node_modules\\std-env': 'C:\\Users\\akito\\git\\calculator\\node_modules\\.std-env-ORTxjFVh',
333 silly reify   'C:\\Users\\akito\\git\\calculator\\node_modules\\tsutils': 'C:\\Users\\akito\\git\\calculator\\node_modules\\.tsutils-mnK0DQVi'
333 silly reify }
334 silly audit bulk request {
334 silly audit   '@alloc/quick-lru': [ '5.2.0' ],
334 silly audit   '@babel/runtime': [ '7.27.1' ],
334 silly audit   cookie: [ '1.0.2', '0.5.0' ],
334 silly audit   tslib: [ '2.8.1', '2.4.1' ],
334 silly audit   '@clerk/types': [ '3.65.5', '3.62.1' ],
334 silly audit   '@clerk/localizations': [ '1.22.0' ],
334 silly audit   '@emnapi/core': [ '1.4.3' ],
334 silly audit   '@emnapi/runtime': [ '1.4.3' ],
334 silly audit   '@emnapi/wasi-threads': [ '1.0.2' ],
334 silly audit   '@eslint-community/eslint-utils': [ '4.6.1' ],
334 silly audit   '@eslint-community/regexpp': [ '4.12.1' ],
334 silly audit   '@eslint/eslintrc': [ '2.1.4' ],
334 silly audit   '@eslint/js': [ '8.57.1' ],
334 silly audit   '@humanwhocodes/config-array': [ '0.11.14' ],
334 silly audit   '@humanwhocodes/module-importer': [ '1.0.1' ],
334 silly audit   '@humanwhocodes/object-schema': [ '2.0.3' ],
334 silly audit   '@isaacs/cliui': [ '8.0.2' ],
334 silly audit   'ansi-regex': [ '6.1.0', '5.0.1' ],
334 silly audit   'strip-ansi': [ '7.1.0', '6.0.1' ],
334 silly audit   '@isaacs/fs-minipass': [ '4.0.1' ],
334 silly audit   '@jridgewell/gen-mapping': [ '0.3.8' ],
334 silly audit   '@jridgewell/resolve-uri': [ '3.1.2' ],
334 silly audit   '@jridgewell/set-array': [ '1.2.1' ],
334 silly audit   '@jridgewell/sourcemap-codec': [ '1.5.0' ],
334 silly audit   '@jridgewell/trace-mapping': [ '0.3.25' ],
334 silly audit   '@kurkle/color': [ '0.3.4' ],
334 silly audit   '@napi-rs/wasm-runtime': [ '0.2.9' ],
334 silly audit   '@next/env': [ '14.2.28' ],
334 silly audit   '@next/eslint-plugin-next': [ '13.4.19' ],
334 silly audit   '@next/swc-darwin-arm64': [ '14.2.28' ],
334 silly audit   '@next/swc-darwin-x64': [ '14.2.28' ],
334 silly audit   '@next/swc-linux-arm64-gnu': [ '14.2.28' ],
334 silly audit   '@next/swc-linux-arm64-musl': [ '14.2.28' ],
334 silly audit   '@next/swc-linux-x64-gnu': [ '14.2.28' ],
334 silly audit   '@next/swc-linux-x64-musl': [ '14.2.28' ],
334 silly audit   '@next/swc-win32-arm64-msvc': [ '14.2.28' ],
334 silly audit   '@next/swc-win32-ia32-msvc': [ '14.2.28' ],
334 silly audit   '@next/swc-win32-x64-msvc': [ '14.2.28' ],
334 silly audit   '@nodelib/fs.scandir': [ '2.1.5' ],
334 silly audit   '@nodelib/fs.stat': [ '2.0.5' ],
334 silly audit   '@nodelib/fs.walk': [ '1.2.8' ],
334 silly audit   '@nolyfill/is-core-module': [ '1.0.39' ],
334 silly audit   '@pkgjs/parseargs': [ '0.11.0' ],
334 silly audit   '@rtsao/scc': [ '1.1.0' ],
334 silly audit   '@rushstack/eslint-patch': [ '1.11.0' ],
334 silly audit   '@supabase/auth-helpers-nextjs': [ '0.7.4' ],
334 silly audit   '@supabase/auth-helpers-shared': [ '0.4.1' ],
334 silly audit   '@supabase/functions-js': [ '2.4.4' ],
334 silly audit   '@supabase/gotrue-js': [ '2.69.1' ],
334 silly audit   '@supabase/node-fetch': [ '2.6.15' ],
334 silly audit   '@supabase/postgrest-js': [ '1.19.4' ],
334 silly audit   '@supabase/realtime-js': [ '2.11.7' ],
334 silly audit   '@supabase/ssr': [ '0.6.1' ],
334 silly audit   '@supabase/storage-js': [ '2.7.2' ],
334 silly audit   '@supabase/supabase-js': [ '2.32.0' ],
334 silly audit   '@swc/counter': [ '0.1.3' ],
334 silly audit   '@swc/helpers': [ '0.5.5' ],
334 silly audit   '@tybys/wasm-util': [ '0.9.0' ],
334 silly audit   '@types/chart.js': [ '2.9.37' ],
334 silly audit   '@types/json5': [ '0.0.29' ],
334 silly audit   '@types/node': [ '20.5.0', '16.18.6' ],
334 silly audit   '@types/phoenix': [ '1.6.6' ],
334 silly audit   '@types/prop-types': [ '15.7.14' ],
334 silly audit   '@types/react': [ '18.2.20' ],
334 silly audit   '@types/react-dom': [ '18.2.7' ],
334 silly audit   '@types/scheduler': [ '0.26.0' ],
334 silly audit   '@types/ws': [ '8.18.1' ],
334 silly audit   '@typescript-eslint/parser': [ '6.21.0' ],
334 silly audit   '@typescript-eslint/scope-manager': [ '6.21.0' ],
334 silly audit   '@typescript-eslint/types': [ '6.21.0' ],
334 silly audit   '@typescript-eslint/typescript-estree': [ '6.21.0' ],
334 silly audit   'brace-expansion': [ '2.0.1', '1.1.11' ],
334 silly audit   minimatch: [ '9.0.3', '3.1.2', '9.0.5' ],
334 silly audit   '@typescript-eslint/visitor-keys': [ '6.21.0' ],
334 silly audit   '@unrs/resolver-binding-darwin-arm64': [ '1.7.2' ],
334 silly audit   '@unrs/resolver-binding-darwin-x64': [ '1.7.2' ],
334 silly audit   '@unrs/resolver-binding-freebsd-x64': [ '1.7.2' ],
334 silly audit   '@unrs/resolver-binding-linux-arm-gnueabihf': [ '1.7.2' ],
334 silly audit   '@unrs/resolver-binding-linux-arm-musleabihf': [ '1.7.2' ],
334 silly audit   '@unrs/resolver-binding-linux-arm64-gnu': [ '1.7.2' ],
334 silly audit   '@unrs/resolver-binding-linux-arm64-musl': [ '1.7.2' ],
334 silly audit   '@unrs/resolver-binding-linux-ppc64-gnu': [ '1.7.2' ],
334 silly audit   '@unrs/resolver-binding-linux-riscv64-gnu': [ '1.7.2' ],
334 silly audit   '@unrs/resolver-binding-linux-riscv64-musl': [ '1.7.2' ],
334 silly audit   '@unrs/resolver-binding-linux-s390x-gnu': [ '1.7.2' ],
334 silly audit   '@unrs/resolver-binding-linux-x64-gnu': [ '1.7.2' ],
334 silly audit   '@unrs/resolver-binding-linux-x64-musl': [ '1.7.2' ],
334 silly audit   '@unrs/resolver-binding-wasm32-wasi': [ '1.7.2' ],
334 silly audit   '@unrs/resolver-binding-win32-arm64-msvc': [ '1.7.2' ],
334 silly audit   '@unrs/resolver-binding-win32-ia32-msvc': [ '1.7.2' ],
334 silly audit   '@unrs/resolver-binding-win32-x64-msvc': [ '1.7.2' ],
334 silly audit   acorn: [ '8.14.1' ],
334 silly audit   'acorn-jsx': [ '5.3.2' ],
334 silly audit   'agent-base': [ '7.1.3' ],
334 silly audit   ajv: [ '6.12.6' ],
334 silly audit   'ansi-styles': [ '4.3.0', '6.2.1' ],
334 silly audit   'any-promise': [ '1.3.0' ],
334 silly audit   anymatch: [ '3.1.3' ],
334 silly audit   arg: [ '5.0.2' ],
334 silly audit   argparse: [ '2.0.1' ],
334 silly audit   'aria-query': [ '5.3.2' ],
334 silly audit   'array-buffer-byte-length': [ '1.0.2' ],
334 silly audit   'array-includes': [ '3.1.8' ],
334 silly audit   'array-union': [ '2.1.0' ],
334 silly audit   'array.prototype.findlast': [ '1.2.5' ],
334 silly audit   'array.prototype.findlastindex': [ '1.2.6' ],
334 silly audit   'array.prototype.flat': [ '1.3.3' ],
334 silly audit   'array.prototype.flatmap': [ '1.3.3' ],
334 silly audit   'array.prototype.tosorted': [ '1.1.4' ],
334 silly audit   'arraybuffer.prototype.slice': [ '1.0.4' ],
334 silly audit   'ast-types-flow': [ '0.0.8' ],
334 silly audit   'async-function': [ '1.0.0' ],
334 silly audit   autoprefixer: [ '10.4.15' ],
334 silly audit   'available-typed-arrays': [ '1.0.7' ],
334 silly audit   'axe-core': [ '4.10.3' ],
334 silly audit   'axobject-query': [ '4.1.0' ],
334 silly audit   'balanced-match': [ '1.0.2' ],
334 silly audit   'bin-links': [ '5.0.0' ],
334 silly audit   'binary-extensions': [ '2.3.0' ],
334 silly audit   braces: [ '3.0.3' ],
334 silly audit   browserslist: [ '4.24.4' ],
334 silly audit   busboy: [ '1.6.0' ],
334 silly audit   'call-bind': [ '1.0.8' ],
334 silly audit   'call-bind-apply-helpers': [ '1.0.2' ],
334 silly audit   'call-bound': [ '1.0.4' ],
334 silly audit   callsites: [ '3.1.0' ],
334 silly audit   'camelcase-css': [ '2.0.1' ],
334 silly audit   'caniuse-lite': [ '1.0.30001716' ],
334 silly audit   chalk: [ '4.1.2' ],
334 silly audit   'chart.js': [ '4.4.0' ],
334 silly audit   chokidar: [ '3.6.0' ],
334 silly audit   'glob-parent': [ '5.1.2', '6.0.2' ],
334 silly audit   chownr: [ '3.0.0' ],
334 silly audit   'client-only': [ '0.0.1' ],
334 silly audit   'cmd-shim': [ '7.0.0' ],
334 silly audit   'color-convert': [ '2.0.1' ],
334 silly audit   'color-name': [ '1.1.4' ],
334 silly audit   commander: [ '4.1.1' ],
334 silly audit   'concat-map': [ '0.0.1' ],
334 silly audit   'cross-fetch': [ '3.2.0' ],
334 silly audit   'cross-spawn': [ '7.0.6' ],
334 silly audit   cssesc: [ '3.0.0' ],
334 silly audit   csstype: [ '3.1.1' ],
334 silly audit   'damerau-levenshtein': [ '1.0.8' ],
334 silly audit   'data-uri-to-buffer': [ '4.0.1' ],
334 silly audit   'data-view-buffer': [ '1.0.2' ],
334 silly audit   'data-view-byte-length': [ '1.0.2' ],
334 silly audit   'data-view-byte-offset': [ '1.0.1' ],
334 silly audit   'date-fns': [ '2.30.0' ],
334 silly audit   debug: [ '4.4.0', '3.2.7' ],
334 silly audit   'deep-is': [ '0.1.4' ],
334 silly audit   'define-data-property': [ '1.1.4' ],
334 silly audit   'define-properties': [ '1.2.1' ],
334 silly audit   didyoumean: [ '1.2.2' ],
334 silly audit   'dir-glob': [ '3.0.1' ],
334 silly audit   dlv: [ '1.1.3' ],
334 silly audit   doctrine: [ '3.0.0', '2.1.0' ],
334 silly audit   'dunder-proto': [ '1.0.1' ],
334 silly audit   eastasianwidth: [ '0.2.0' ],
334 silly audit   'electron-to-chromium': [ '1.5.148' ],
334 silly audit   'emoji-regex': [ '9.2.2', '8.0.0' ],
334 silly audit   'es-abstract': [ '1.23.9' ],
334 silly audit   'es-define-property': [ '1.0.1' ],
334 silly audit   'es-errors': [ '1.3.0' ],
334 silly audit   'es-iterator-helpers': [ '1.2.1' ],
334 silly audit   'es-object-atoms': [ '1.1.1' ],
334 silly audit   'es-set-tostringtag': [ '2.1.0' ],
334 silly audit   'es-shim-unscopables': [ '1.1.0' ],
334 silly audit   'es-to-primitive': [ '1.3.0' ],
334 silly audit   escalade: [ '3.2.0' ],
334 silly audit   'escape-string-regexp': [ '4.0.0' ],
334 silly audit   eslint: [ '8.47.0' ],
334 silly audit   'eslint-config-next': [ '13.4.19' ],
334 silly audit   'eslint-plugin-react': [ '7.37.5' ],
334 silly audit   resolve: [ '2.0.0-next.5', '1.22.10' ],
334 silly audit   semver: [ '6.3.1', '7.7.1' ],
334 silly audit   'eslint-import-resolver-typescript': [ '3.10.1' ],
334 silly audit   glob: [ '7.1.7', '10.4.5' ],
334 silly audit   'eslint-plugin-react-hooks': [ '5.0.0-canary-7118f5dd7-20230705' ],
334 silly audit   'eslint-import-resolver-node': [ '0.3.9' ],
334 silly audit   'eslint-module-utils': [ '2.12.0' ],
334 silly audit   'eslint-plugin-import': [ '2.31.0' ],
334 silly audit   'eslint-plugin-jsx-a11y': [ '6.10.2' ],
334 silly audit   'eslint-scope': [ '7.2.2' ],
334 silly audit   'eslint-visitor-keys': [ '3.4.3' ],
334 silly audit   espree: [ '9.6.1' ],
334 silly audit   esquery: [ '1.6.0' ],
334 silly audit   esrecurse: [ '4.3.0' ],
334 silly audit   estraverse: [ '5.3.0' ],
334 silly audit   esutils: [ '2.0.3' ],
334 silly audit   'fast-deep-equal': [ '3.1.3' ],
334 silly audit   'fast-glob': [ '3.3.3' ],
334 silly audit   'fast-json-stable-stringify': [ '2.1.0' ],
334 silly audit   'fast-levenshtein': [ '2.0.6' ],
334 silly audit   fastq: [ '1.19.1' ],
334 silly audit   fdir: [ '6.4.4' ],
334 silly audit   'fetch-blob': [ '3.2.0' ],
334 silly audit   'file-entry-cache': [ '6.0.1' ],
334 silly audit   'fill-range': [ '7.1.1' ],
334 silly audit   'find-up': [ '5.0.0' ],
334 silly audit   'flat-cache': [ '3.2.0' ],
334 silly audit   flatted: [ '3.3.3' ],
334 silly audit   'for-each': [ '0.3.5' ],
334 silly audit   'foreground-child': [ '3.3.1' ],
334 silly audit   'formdata-polyfill': [ '4.0.10' ],
334 silly audit   'fraction.js': [ '4.3.7' ],
334 silly audit   'fs.realpath': [ '1.0.0' ],
334 silly audit   fsevents: [ '2.3.3' ],
334 silly audit   'function-bind': [ '1.1.2' ],
334 silly audit   'function.prototype.name': [ '1.1.8' ],
334 silly audit   'functions-have-names': [ '1.2.3' ],
334 silly audit   'get-intrinsic': [ '1.3.0' ],
334 silly audit   'get-proto': [ '1.0.1' ],
334 silly audit   'get-symbol-description': [ '1.1.0' ],
334 silly audit   'get-tsconfig': [ '4.10.0' ],
334 silly audit   globals: [ '13.24.0' ],
334 silly audit   globalthis: [ '1.0.4' ],
334 silly audit   globby: [ '11.1.0' ],
334 silly audit   gopd: [ '1.2.0' ],
334 silly audit   'graceful-fs': [ '4.2.11' ],
334 silly audit   graphemer: [ '1.4.0' ],
334 silly audit   'has-bigints': [ '1.1.0' ],
334 silly audit   'has-flag': [ '4.0.0' ],
334 silly audit   'has-property-descriptors': [ '1.0.2' ],
334 silly audit   'has-proto': [ '1.2.0' ],
334 silly audit   'has-symbols': [ '1.1.0' ],
334 silly audit   'has-tostringtag': [ '1.0.2' ],
334 silly audit   hasown: [ '2.0.2' ],
334 silly audit   'https-proxy-agent': [ '7.0.6' ],
334 silly audit   ignore: [ '5.3.2' ],
334 silly audit   'import-fresh': [ '3.3.1' ],
334 silly audit   imurmurhash: [ '0.1.4' ],
334 silly audit   inflight: [ '1.0.6' ],
334 silly audit   inherits: [ '2.0.4' ],
334 silly audit   'internal-slot': [ '1.1.0' ],
334 silly audit   'is-array-buffer': [ '3.0.5' ],
334 silly audit   'is-async-function': [ '2.1.1' ],
334 silly audit   'is-bigint': [ '1.1.0' ],
334 silly audit   'is-binary-path': [ '2.1.0' ],
334 silly audit   'is-boolean-object': [ '1.2.2' ],
334 silly audit   'is-bun-module': [ '2.0.0' ],
334 silly audit   'is-callable': [ '1.2.7' ],
334 silly audit   'is-core-module': [ '2.16.1' ],
334 silly audit   'is-data-view': [ '1.0.2' ],
334 silly audit   'is-date-object': [ '1.1.0' ],
334 silly audit   'is-extglob': [ '2.1.1' ],
334 silly audit   'is-finalizationregistry': [ '1.1.1' ],
334 silly audit   'is-fullwidth-code-point': [ '3.0.0' ],
334 silly audit   'is-generator-function': [ '1.1.0' ],
334 silly audit   'is-glob': [ '4.0.3' ],
334 silly audit   'is-map': [ '2.0.3' ],
334 silly audit   'is-number': [ '7.0.0' ],
334 silly audit   'is-number-object': [ '1.1.1' ],
334 silly audit   'is-path-inside': [ '3.0.3' ],
334 silly audit   'is-regex': [ '1.2.1' ],
334 silly audit   'is-set': [ '2.0.3' ],
334 silly audit   'is-shared-array-buffer': [ '1.0.4' ],
334 silly audit   'is-string': [ '1.1.1' ],
334 silly audit   'is-symbol': [ '1.1.1' ],
334 silly audit   'is-typed-array': [ '1.1.15' ],
334 silly audit   'is-weakmap': [ '2.0.2' ],
334 silly audit   'is-weakref': [ '1.1.1' ],
334 silly audit   'is-weakset': [ '2.0.4' ],
334 silly audit   isarray: [ '2.0.5' ],
334 silly audit   isexe: [ '2.0.0' ],
334 silly audit   'iterator.prototype': [ '1.1.5' ],
334 silly audit   jackspeak: [ '3.4.3' ],
334 silly audit   jiti: [ '1.21.7' ],
334 silly audit   jose: [ '4.15.9' ],
334 silly audit   'js-tokens': [ '4.0.0' ],
334 silly audit   'js-yaml': [ '4.1.0' ],
334 silly audit   'json-buffer': [ '3.0.1' ],
334 silly audit   'json-schema-traverse': [ '0.4.1' ],
334 silly audit   'json-stable-stringify-without-jsonify': [ '1.0.1' ],
334 silly audit   json5: [ '1.0.2' ],
334 silly audit   'jsx-ast-utils': [ '3.3.5' ],
334 silly audit   keyv: [ '4.5.4' ],
334 silly audit   'language-subtag-registry': [ '0.3.23' ],
334 silly audit   'language-tags': [ '1.0.9' ],
334 silly audit   levn: [ '0.4.1' ],
334 silly audit   lilconfig: [ '2.1.0', '3.1.3' ],
334 silly audit   'lines-and-columns': [ '1.2.4' ],
334 silly audit   'locate-path': [ '6.0.0' ],
334 silly audit   'lodash.merge': [ '4.6.2' ],
334 silly audit   'loose-envify': [ '1.4.0' ],
334 silly audit   'lru-cache': [ '10.4.3' ],
334 silly audit   'math-intrinsics': [ '1.1.0' ],
334 silly audit   merge2: [ '1.4.1' ],
334 silly audit   micromatch: [ '4.0.8' ],
334 silly audit   minimist: [ '1.2.8' ],
334 silly audit   minipass: [ '7.1.2' ],
334 silly audit   minizlib: [ '3.0.2' ],
334 silly audit   mkdirp: [ '3.0.1' ],
334 silly audit   moment: [ '2.30.1' ],
334 silly audit   ms: [ '2.1.3' ],
334 silly audit   mz: [ '2.7.0' ],
334 silly audit   nanoid: [ '3.3.11' ],
334 silly audit   'napi-postinstall': [ '0.2.3' ],
334 silly audit   'natural-compare': [ '1.4.0' ],
334 silly audit   next: [ '14.2.28' ],
334 silly audit   postcss: [ '8.4.31', '8.5.3' ],
334 silly audit   'node-domexception': [ '1.0.0' ],
334 silly audit   'node-fetch': [ '2.7.0', '3.3.2' ],
334 silly audit   'node-releases': [ '2.0.19' ],
334 silly audit   'normalize-path': [ '3.0.0' ],
334 silly audit   'normalize-range': [ '0.1.2' ],
334 silly audit   'npm-normalize-package-bin': [ '4.0.0' ],
334 silly audit   'object-assign': [ '4.1.1' ],
334 silly audit   'object-hash': [ '3.0.0' ],
334 silly audit   'object-inspect': [ '1.13.4' ],
334 silly audit   'object-keys': [ '1.1.1' ],
334 silly audit   'object.assign': [ '4.1.7' ],
334 silly audit   'object.entries': [ '1.1.9' ],
334 silly audit   'object.fromentries': [ '2.0.8' ],
334 silly audit   'object.groupby': [ '1.0.3' ],
334 silly audit   'object.values': [ '1.2.1' ],
334 silly audit   once: [ '1.4.0' ],
334 silly audit   optionator: [ '0.9.4' ],
334 silly audit   'own-keys': [ '1.0.1' ],
334 silly audit   'p-limit': [ '3.1.0' ],
334 silly audit   'p-locate': [ '5.0.0' ],
334 silly audit   'package-json-from-dist': [ '1.0.1' ],
334 silly audit   'parent-module': [ '1.0.1' ],
334 silly audit   'path-exists': [ '4.0.0' ],
334 silly audit   'path-is-absolute': [ '1.0.1' ],
334 silly audit   'path-key': [ '3.1.1' ],
334 silly audit   'path-parse': [ '1.0.7' ],
334 silly audit   'path-scurry': [ '1.11.1' ],
334 silly audit   'path-to-regexp': [ '6.2.1' ],
334 silly audit   'path-type': [ '4.0.0' ],
334 silly audit   picocolors: [ '1.1.1' ],
334 silly audit   picomatch: [ '2.3.1', '4.0.2' ],
334 silly audit   pify: [ '2.3.0' ],
334 silly audit   pirates: [ '4.0.7' ],
334 silly audit   'possible-typed-array-names': [ '1.1.0' ],
334 silly audit   'postcss-import': [ '15.1.0' ],
334 silly audit   'postcss-js': [ '4.0.1' ],
334 silly audit   'postcss-load-config': [ '4.0.2' ],
334 silly audit   'postcss-nested': [ '6.2.0' ],
334 silly audit   'postcss-selector-parser': [ '6.1.2' ],
334 silly audit   'postcss-value-parser': [ '4.2.0' ],
334 silly audit   'prelude-ls': [ '1.2.1' ],
334 silly audit   'proc-log': [ '5.0.0' ],
334 silly audit   'prop-types': [ '15.8.1' ],
334 silly audit   punycode: [ '2.3.1' ],
334 silly audit   'queue-microtask': [ '1.2.3' ],
334 silly audit   react: [ '18.2.0' ],
334 silly audit   'react-chartjs-2': [ '5.2.0' ],
334 silly audit   'react-dom': [ '18.2.0' ],
334 silly audit   'react-is': [ '16.13.1' ],
334 silly audit   'read-cache': [ '1.0.0' ],
334 silly audit   'read-cmd-shim': [ '5.0.0' ],
334 silly audit   readdirp: [ '3.6.0' ],
334 silly audit   'reflect.getprototypeof': [ '1.0.10' ],
334 silly audit   'regexp.prototype.flags': [ '1.5.4' ],
334 silly audit   'resolve-from': [ '4.0.0' ],
334 silly audit   'resolve-pkg-maps': [ '1.0.0' ],
334 silly audit   reusify: [ '1.1.0' ],
334 silly audit   rimraf: [ '3.0.2' ],
334 silly audit   'run-parallel': [ '1.2.0' ],
334 silly audit   'safe-array-concat': [ '1.1.3' ],
334 silly audit   'safe-push-apply': [ '1.0.0' ],
334 silly audit   'safe-regex-test': [ '1.1.0' ],
334 silly audit   scheduler: [ '0.23.2' ],
334 silly audit   'set-cookie-parser': [ '2.7.1' ],
334 silly audit   'set-function-length': [ '1.2.2' ],
334 silly audit   'set-function-name': [ '2.0.2' ],
334 silly audit   'set-proto': [ '1.0.0' ],
334 silly audit   'shebang-command': [ '2.0.0' ],
334 silly audit   'shebang-regex': [ '3.0.0' ],
334 silly audit   'side-channel': [ '1.1.0' ],
334 silly audit   'side-channel-list': [ '1.0.0' ],
334 silly audit   'side-channel-map': [ '1.0.1' ],
334 silly audit   'side-channel-weakmap': [ '1.0.2' ],
334 silly audit   'signal-exit': [ '4.1.0' ],
334 silly audit   slash: [ '3.0.0' ],
334 silly audit   'type-fest': [ '0.20.2', '2.19.0' ],
334 silly audit   'source-map-js': [ '1.2.1' ],
334 silly audit   'stable-hash': [ '0.0.5' ],
334 silly audit   streamsearch: [ '1.1.0' ],
334 silly audit   'string-width': [ '5.1.2', '4.2.3' ],
334 silly audit   'string.prototype.includes': [ '2.0.1' ],
334 silly audit   'string.prototype.matchall': [ '4.0.12' ],
334 silly audit   'string.prototype.repeat': [ '1.0.0' ],
334 silly audit   'string.prototype.trim': [ '1.2.10' ],
334 silly audit   'string.prototype.trimend': [ '1.0.9' ],
334 silly audit   'string.prototype.trimstart': [ '1.0.8' ],
334 silly audit   'strip-bom': [ '3.0.0' ],
334 silly audit   'strip-json-comments': [ '3.1.1' ],
334 silly audit   'styled-jsx': [ '5.1.1' ],
334 silly audit   sucrase: [ '3.35.0' ],
334 silly audit   supabase: [ '1.226.4' ],
334 silly audit   'supports-color': [ '7.2.0' ],
334 silly audit   'supports-preserve-symlinks-flag': [ '1.0.0' ],
334 silly audit   tailwindcss: [ '3.3.3' ],
334 silly audit   tar: [ '7.4.3' ],
334 silly audit   'text-table': [ '0.2.0' ],
334 silly audit   thenify: [ '3.3.1' ],
334 silly audit   'thenify-all': [ '1.6.0' ],
334 silly audit   tinyglobby: [ '0.2.13' ],
334 silly audit   'to-regex-range': [ '5.0.1' ],
334 silly audit   tr46: [ '0.0.3' ],
334 silly audit   'ts-api-utils': [ '1.4.3' ],
334 silly audit   'ts-interface-checker': [ '0.1.13' ],
334 silly audit   'tsconfig-paths': [ '3.15.0' ],
334 silly audit   'type-check': [ '0.4.0' ],
334 silly audit   'typed-array-buffer': [ '1.0.3' ],
334 silly audit   'typed-array-byte-length': [ '1.0.3' ],
334 silly audit   'typed-array-byte-offset': [ '1.0.4' ],
334 silly audit   'typed-array-length': [ '1.0.7' ],
334 silly audit   typescript: [ '5.1.6' ],
334 silly audit   'unbox-primitive': [ '1.1.0' ],
334 silly audit   'unrs-resolver': [ '1.7.2' ],
334 silly audit   'update-browserslist-db': [ '1.1.3' ],
334 silly audit   'uri-js': [ '4.4.1' ],
334 silly audit   'util-deprecate': [ '1.0.2' ],
334 silly audit   'web-streams-polyfill': [ '3.3.3' ],
334 silly audit   'webidl-conversions': [ '3.0.1' ],
334 silly audit   'whatwg-url': [ '5.0.0' ],
334 silly audit   which: [ '2.0.2' ],
334 silly audit   'which-boxed-primitive': [ '1.1.1' ],
334 silly audit   'which-builtin-type': [ '1.2.1' ],
334 silly audit   'which-collection': [ '1.0.2' ],
334 silly audit   'which-typed-array': [ '1.1.19' ],
334 silly audit   'word-wrap': [ '1.2.5' ],
334 silly audit   'wrap-ansi': [ '8.1.0', '7.0.0' ],
334 silly audit   wrappy: [ '1.0.2' ],
334 silly audit   'write-file-atomic': [ '6.0.0' ],
334 silly audit   ws: [ '8.18.1' ],
334 silly audit   yallist: [ '5.0.0' ],
334 silly audit   yaml: [ '2.7.1' ],
334 silly audit   'yocto-queue': [ '0.1.0' ],
334 silly audit   '@clerk/nextjs': [ '4.29.9' ],
334 silly audit   '@clerk/backend': [ '0.38.3' ],
334 silly audit   '@clerk/clerk-react': [ '4.30.7' ],
334 silly audit   '@clerk/clerk-sdk-node': [ '4.13.11' ],
334 silly audit   '@clerk/shared': [ '1.3.3' ],
334 silly audit   '@peculiar/webcrypto': [ '1.4.1' ],
334 silly audit   deepmerge: [ '4.2.2' ],
334 silly audit   'node-fetch-native': [ '1.0.1' ],
334 silly audit   'snakecase-keys': [ '5.4.4', '3.2.1' ],
334 silly audit   '@types/cookies': [ '0.7.7' ],
334 silly audit   '@types/express': [ '4.17.14' ],
334 silly audit   '@types/node-fetch': [ '2.6.2' ],
334 silly audit   'camelcase-keys': [ '6.2.2' ],
334 silly audit   'glob-to-regexp': [ '0.4.1' ],
334 silly audit   'js-cookie': [ '3.0.1' ],
334 silly audit   swr: [ '2.2.0' ],
334 silly audit   '@peculiar/asn1-schema': [ '2.3.15' ],
334 silly audit   '@peculiar/json-schema': [ '1.1.12' ],
334 silly audit   pvtsutils: [ '1.3.6' ],
334 silly audit   'webcrypto-core': [ '1.8.1' ],
334 silly audit   asn1js: [ '3.0.6' ],
334 silly audit   '@types/connect': [ '3.4.38' ],
334 silly audit   '@types/keygrip': [ '1.0.6' ],
334 silly audit   '@types/body-parser': [ '1.19.5' ],
334 silly audit   '@types/express-serve-static-core': [ '4.19.6' ],
334 silly audit   '@types/qs': [ '6.9.18' ],
334 silly audit   '@types/serve-static': [ '1.15.7' ],
334 silly audit   '@types/range-parser': [ '1.2.7' ],
334 silly audit   '@types/send': [ '0.17.4' ],
334 silly audit   'form-data': [ '3.0.3' ],
334 silly audit   '@types/mime': [ '1.3.5' ],
334 silly audit   '@types/http-errors': [ '2.0.4' ],
334 silly audit   pvutils: [ '1.1.3' ],
334 silly audit   camelcase: [ '5.3.1' ],
334 silly audit   'map-obj': [ '4.3.0' ],
334 silly audit   'quick-lru': [ '4.0.1' ],
334 silly audit   asynckit: [ '0.4.0' ],
334 silly audit   'combined-stream': [ '1.0.8' ],
334 silly audit   'mime-types': [ '2.1.35' ],
334 silly audit   'delayed-stream': [ '1.0.0' ],
334 silly audit   'mime-db': [ '1.52.0' ],
334 silly audit   'snake-case': [ '3.0.4' ],
334 silly audit   'dot-case': [ '3.0.4' ],
334 silly audit   'no-case': [ '3.0.4' ],
334 silly audit   'lower-case': [ '2.0.2' ],
334 silly audit   'use-sync-external-store': [ '1.5.0' ],
334 silly audit   'to-snake-case': [ '1.0.0' ],
334 silly audit   'to-space-case': [ '1.0.0' ],
334 silly audit   'to-no-case': [ '1.0.2' ]
334 silly audit }
335 verbose reify failed optional dependency C:\Users\akito\git\calculator\node_modules\fsevents
336 silly reify mark deleted [ 'C:\\Users\\akito\\git\\calculator\\node_modules\\fsevents' ]
337 verbose reify failed optional dependency C:\Users\akito\git\calculator\node_modules\@unrs\resolver-binding-win32-ia32-msvc
338 silly reify mark deleted [
338 silly reify   'C:\\Users\\akito\\git\\calculator\\node_modules\\@unrs\\resolver-binding-win32-ia32-msvc'
338 silly reify ]
339 verbose reify failed optional dependency C:\Users\akito\git\calculator\node_modules\@unrs\resolver-binding-win32-arm64-msvc
340 silly reify mark deleted [
340 silly reify   'C:\\Users\\akito\\git\\calculator\\node_modules\\@unrs\\resolver-binding-win32-arm64-msvc'
340 silly reify ]
341 verbose reify failed optional dependency C:\Users\akito\git\calculator\node_modules\@unrs\resolver-binding-wasm32-wasi
342 silly reify mark deleted [
342 silly reify   'C:\\Users\\akito\\git\\calculator\\node_modules\\@unrs\\resolver-binding-wasm32-wasi'
342 silly reify ]
343 verbose reify failed optional dependency C:\Users\akito\git\calculator\node_modules\@napi-rs\wasm-runtime
344 silly reify mark deleted [
344 silly reify   'C:\\Users\\akito\\git\\calculator\\node_modules\\@napi-rs\\wasm-runtime'
344 silly reify ]
345 verbose reify failed optional dependency C:\Users\akito\git\calculator\node_modules\@emnapi\core
346 silly reify mark deleted [ 'C:\\Users\\akito\\git\\calculator\\node_modules\\@emnapi\\core' ]
347 verbose reify failed optional dependency C:\Users\akito\git\calculator\node_modules\@emnapi\runtime
348 silly reify mark deleted [ 'C:\\Users\\akito\\git\\calculator\\node_modules\\@emnapi\\runtime' ]
349 verbose reify failed optional dependency C:\Users\akito\git\calculator\node_modules\@tybys\wasm-util
350 silly reify mark deleted [
350 silly reify   'C:\\Users\\akito\\git\\calculator\\node_modules\\@tybys\\wasm-util'
350 silly reify ]
351 verbose reify failed optional dependency C:\Users\akito\git\calculator\node_modules\@emnapi\wasi-threads
352 silly reify mark deleted [
352 silly reify   'C:\\Users\\akito\\git\\calculator\\node_modules\\@emnapi\\wasi-threads'
352 silly reify ]
353 verbose reify failed optional dependency C:\Users\akito\git\calculator\node_modules\@unrs\resolver-binding-linux-x64-musl
354 silly reify mark deleted [
354 silly reify   'C:\\Users\\akito\\git\\calculator\\node_modules\\@unrs\\resolver-binding-linux-x64-musl'
354 silly reify ]
355 verbose reify failed optional dependency C:\Users\akito\git\calculator\node_modules\@unrs\resolver-binding-linux-x64-gnu
356 silly reify mark deleted [
356 silly reify   'C:\\Users\\akito\\git\\calculator\\node_modules\\@unrs\\resolver-binding-linux-x64-gnu'
356 silly reify ]
357 verbose reify failed optional dependency C:\Users\akito\git\calculator\node_modules\@unrs\resolver-binding-linux-s390x-gnu
358 silly reify mark deleted [
358 silly reify   'C:\\Users\\akito\\git\\calculator\\node_modules\\@unrs\\resolver-binding-linux-s390x-gnu'
358 silly reify ]
359 verbose reify failed optional dependency C:\Users\akito\git\calculator\node_modules\@unrs\resolver-binding-linux-riscv64-musl
360 silly reify mark deleted [
360 silly reify   'C:\\Users\\akito\\git\\calculator\\node_modules\\@unrs\\resolver-binding-linux-riscv64-musl'
360 silly reify ]
361 verbose reify failed optional dependency C:\Users\akito\git\calculator\node_modules\@unrs\resolver-binding-linux-riscv64-gnu
362 silly reify mark deleted [
362 silly reify   'C:\\Users\\akito\\git\\calculator\\node_modules\\@unrs\\resolver-binding-linux-riscv64-gnu'
362 silly reify ]
363 verbose reify failed optional dependency C:\Users\akito\git\calculator\node_modules\@unrs\resolver-binding-linux-ppc64-gnu
364 silly reify mark deleted [
364 silly reify   'C:\\Users\\akito\\git\\calculator\\node_modules\\@unrs\\resolver-binding-linux-ppc64-gnu'
364 silly reify ]
365 verbose reify failed optional dependency C:\Users\akito\git\calculator\node_modules\@unrs\resolver-binding-linux-arm64-musl
366 silly reify mark deleted [
366 silly reify   'C:\\Users\\akito\\git\\calculator\\node_modules\\@unrs\\resolver-binding-linux-arm64-musl'
366 silly reify ]
367 verbose reify failed optional dependency C:\Users\akito\git\calculator\node_modules\@unrs\resolver-binding-linux-arm64-gnu
368 silly reify mark deleted [
368 silly reify   'C:\\Users\\akito\\git\\calculator\\node_modules\\@unrs\\resolver-binding-linux-arm64-gnu'
368 silly reify ]
369 verbose reify failed optional dependency C:\Users\akito\git\calculator\node_modules\@unrs\resolver-binding-linux-arm-musleabihf
370 silly reify mark deleted [
370 silly reify   'C:\\Users\\akito\\git\\calculator\\node_modules\\@unrs\\resolver-binding-linux-arm-musleabihf'
370 silly reify ]
371 verbose reify failed optional dependency C:\Users\akito\git\calculator\node_modules\@unrs\resolver-binding-linux-arm-gnueabihf
372 silly reify mark deleted [
372 silly reify   'C:\\Users\\akito\\git\\calculator\\node_modules\\@unrs\\resolver-binding-linux-arm-gnueabihf'
372 silly reify ]
373 verbose reify failed optional dependency C:\Users\akito\git\calculator\node_modules\@unrs\resolver-binding-freebsd-x64
374 silly reify mark deleted [
374 silly reify   'C:\\Users\\akito\\git\\calculator\\node_modules\\@unrs\\resolver-binding-freebsd-x64'
374 silly reify ]
375 verbose reify failed optional dependency C:\Users\akito\git\calculator\node_modules\@unrs\resolver-binding-darwin-x64
376 silly reify mark deleted [
376 silly reify   'C:\\Users\\akito\\git\\calculator\\node_modules\\@unrs\\resolver-binding-darwin-x64'
376 silly reify ]
377 verbose reify failed optional dependency C:\Users\akito\git\calculator\node_modules\@unrs\resolver-binding-darwin-arm64
378 silly reify mark deleted [
378 silly reify   'C:\\Users\\akito\\git\\calculator\\node_modules\\@unrs\\resolver-binding-darwin-arm64'
378 silly reify ]
379 verbose reify failed optional dependency C:\Users\akito\git\calculator\node_modules\@next\swc-win32-ia32-msvc
380 silly reify mark deleted [
380 silly reify   'C:\\Users\\akito\\git\\calculator\\node_modules\\@next\\swc-win32-ia32-msvc'
380 silly reify ]
381 verbose reify failed optional dependency C:\Users\akito\git\calculator\node_modules\@next\swc-win32-arm64-msvc
382 silly reify mark deleted [
382 silly reify   'C:\\Users\\akito\\git\\calculator\\node_modules\\@next\\swc-win32-arm64-msvc'
382 silly reify ]
383 verbose reify failed optional dependency C:\Users\akito\git\calculator\node_modules\@next\swc-linux-x64-musl
384 silly reify mark deleted [
384 silly reify   'C:\\Users\\akito\\git\\calculator\\node_modules\\@next\\swc-linux-x64-musl'
384 silly reify ]
385 verbose reify failed optional dependency C:\Users\akito\git\calculator\node_modules\@next\swc-linux-x64-gnu
386 silly reify mark deleted [
386 silly reify   'C:\\Users\\akito\\git\\calculator\\node_modules\\@next\\swc-linux-x64-gnu'
386 silly reify ]
387 verbose reify failed optional dependency C:\Users\akito\git\calculator\node_modules\@next\swc-linux-arm64-musl
388 silly reify mark deleted [
388 silly reify   'C:\\Users\\akito\\git\\calculator\\node_modules\\@next\\swc-linux-arm64-musl'
388 silly reify ]
389 verbose reify failed optional dependency C:\Users\akito\git\calculator\node_modules\@next\swc-linux-arm64-gnu
390 silly reify mark deleted [
390 silly reify   'C:\\Users\\akito\\git\\calculator\\node_modules\\@next\\swc-linux-arm64-gnu'
390 silly reify ]
391 verbose reify failed optional dependency C:\Users\akito\git\calculator\node_modules\@next\swc-darwin-x64
392 silly reify mark deleted [
392 silly reify   'C:\\Users\\akito\\git\\calculator\\node_modules\\@next\\swc-darwin-x64'
392 silly reify ]
393 verbose reify failed optional dependency C:\Users\akito\git\calculator\node_modules\@next\swc-darwin-arm64
394 silly reify mark deleted [
394 silly reify   'C:\\Users\\akito\\git\\calculator\\node_modules\\@next\\swc-darwin-arm64'
394 silly reify ]
395 http cache to-no-case@https://registry.npmjs.org/to-no-case/-/to-no-case-1.0.2.tgz 0ms (cache hit)
396 http cache to-space-case@https://registry.npmjs.org/to-space-case/-/to-space-case-1.0.0.tgz 0ms (cache hit)
397 http cache mime-db@https://registry.npmjs.org/mime-db/-/mime-db-1.52.0.tgz 0ms (cache hit)
398 http cache delayed-stream@https://registry.npmjs.org/delayed-stream/-/delayed-stream-1.0.0.tgz 0ms (cache hit)
399 http cache to-snake-case@https://registry.npmjs.org/to-snake-case/-/to-snake-case-1.0.0.tgz 0ms (cache hit)
400 http cache mime-types@https://registry.npmjs.org/mime-types/-/mime-types-2.1.35.tgz 0ms (cache hit)
401 http cache @types/http-errors@https://registry.npmjs.org/@types/http-errors/-/http-errors-2.0.4.tgz 0ms (cache hit)
402 http cache combined-stream@https://registry.npmjs.org/combined-stream/-/combined-stream-1.0.8.tgz 0ms (cache hit)
403 http cache asynckit@https://registry.npmjs.org/asynckit/-/asynckit-0.4.0.tgz 0ms (cache hit)
404 http cache @types/mime@https://registry.npmjs.org/@types/mime/-/mime-1.3.5.tgz 0ms (cache hit)
405 http cache camelcase@https://registry.npmjs.org/camelcase/-/camelcase-5.3.1.tgz 0ms (cache hit)
406 http cache quick-lru@https://registry.npmjs.org/quick-lru/-/quick-lru-4.0.1.tgz 0ms (cache hit)
407 http cache pvutils@https://registry.npmjs.org/pvutils/-/pvutils-1.1.3.tgz 0ms (cache hit)
408 http cache @types/range-parser@https://registry.npmjs.org/@types/range-parser/-/range-parser-1.2.7.tgz 0ms (cache hit)
409 http cache @types/serve-static@https://registry.npmjs.org/@types/serve-static/-/serve-static-1.15.7.tgz 0ms (cache hit)
410 http cache @types/qs@https://registry.npmjs.org/@types/qs/-/qs-6.9.18.tgz 0ms (cache hit)
411 http cache @types/send@https://registry.npmjs.org/@types/send/-/send-0.17.4.tgz 0ms (cache hit)
412 http cache form-data@https://registry.npmjs.org/form-data/-/form-data-3.0.3.tgz 0ms (cache hit)
413 http cache @types/express-serve-static-core@https://registry.npmjs.org/@types/express-serve-static-core/-/express-serve-static-core-4.19.6.tgz 0ms (cache hit)
414 http cache @types/body-parser@https://registry.npmjs.org/@types/body-parser/-/body-parser-1.19.5.tgz 0ms (cache hit)
415 http cache @types/keygrip@https://registry.npmjs.org/@types/keygrip/-/keygrip-1.0.6.tgz 0ms (cache hit)
416 http cache @types/connect@https://registry.npmjs.org/@types/connect/-/connect-3.4.38.tgz 0ms (cache hit)
417 http cache @peculiar/json-schema@https://registry.npmjs.org/@peculiar/json-schema/-/json-schema-1.1.12.tgz 0ms (cache hit)
418 http cache @peculiar/asn1-schema@https://registry.npmjs.org/@peculiar/asn1-schema/-/asn1-schema-2.3.15.tgz 0ms (cache hit)
419 http cache webcrypto-core@https://registry.npmjs.org/webcrypto-core/-/webcrypto-core-1.8.1.tgz 0ms (cache hit)
420 http cache @types/node-fetch@https://registry.npmjs.org/@types/node-fetch/-/node-fetch-2.6.2.tgz 0ms (cache hit)
421 http cache pvtsutils@https://registry.npmjs.org/pvtsutils/-/pvtsutils-1.3.6.tgz 0ms (cache hit)
422 http cache camelcase-keys@https://registry.npmjs.org/camelcase-keys/-/camelcase-keys-6.2.2.tgz 0ms (cache hit)
423 http cache node-fetch-native@https://registry.npmjs.org/node-fetch-native/-/node-fetch-native-1.0.1.tgz 0ms (cache hit)
424 http cache @types/express@https://registry.npmjs.org/@types/express/-/express-4.17.14.tgz 0ms (cache hit)
425 http cache @types/cookies@https://registry.npmjs.org/@types/cookies/-/cookies-0.7.7.tgz 0ms (cache hit)
426 http cache @clerk/clerk-sdk-node@https://registry.npmjs.org/@clerk/clerk-sdk-node/-/clerk-sdk-node-4.13.11.tgz 0ms (cache hit)
427 http cache @peculiar/webcrypto@https://registry.npmjs.org/@peculiar/webcrypto/-/webcrypto-1.4.1.tgz 0ms (cache hit)
428 http cache deepmerge@https://registry.npmjs.org/deepmerge/-/deepmerge-4.2.2.tgz 0ms (cache hit)
429 http cache @emnapi/wasi-threads@https://registry.npmjs.org/@emnapi/wasi-threads/-/wasi-threads-1.0.2.tgz 0ms (cache hit)
430 http cache @tybys/wasm-util@https://registry.npmjs.org/@tybys/wasm-util/-/wasm-util-0.9.0.tgz 0ms (cache hit)
431 http cache @emnapi/runtime@https://registry.npmjs.org/@emnapi/runtime/-/runtime-1.4.3.tgz 0ms (cache hit)
432 http cache @napi-rs/wasm-runtime@https://registry.npmjs.org/@napi-rs/wasm-runtime/-/wasm-runtime-0.2.9.tgz 0ms (cache hit)
433 http cache @emnapi/core@https://registry.npmjs.org/@emnapi/core/-/core-1.4.3.tgz 0ms (cache hit)
434 http cache @clerk/shared@https://registry.npmjs.org/@clerk/shared/-/shared-1.3.3.tgz 0ms (cache hit)
435 http cache @clerk/nextjs@https://registry.npmjs.org/@clerk/nextjs/-/nextjs-4.29.9.tgz 0ms (cache hit)
436 http cache @clerk/clerk-react@https://registry.npmjs.org/@clerk/clerk-react/-/clerk-react-4.30.7.tgz 0ms (cache hit)
437 http cache @clerk/backend@https://registry.npmjs.org/@clerk/backend/-/backend-0.38.3.tgz 0ms (cache hit)
438 http cache tslib@https://registry.npmjs.org/tslib/-/tslib-2.4.1.tgz 0ms (cache hit)
439 http cache snakecase-keys@https://registry.npmjs.org/snakecase-keys/-/snakecase-keys-3.2.1.tgz 0ms (cache hit)
440 http cache asn1js@https://registry.npmjs.org/asn1js/-/asn1js-3.0.6.tgz 0ms (cache hit)
441 http cache @clerk/types@https://registry.npmjs.org/@clerk/types/-/types-3.62.1.tgz 0ms (cache hit)
442 http cache @clerk/types@https://registry.npmjs.org/@clerk/types/-/types-3.62.1.tgz 0ms (cache hit)
443 http cache @types/node@https://registry.npmjs.org/@types/node/-/node-16.18.6.tgz 0ms (cache hit)
444 http cache @clerk/types@https://registry.npmjs.org/@clerk/types/-/types-3.62.1.tgz 0ms (cache hit)
445 http cache @clerk/types@https://registry.npmjs.org/@clerk/types/-/types-3.62.1.tgz 0ms (cache hit)
446 http fetch POST 200 https://registry.npmjs.org/-/npm/v1/security/advisories/bulk 237ms
447 silly audit report {
447 silly audit report   cookie: [
447 silly audit report     {
447 silly audit report       id: 1103907,
447 silly audit report       url: 'https://github.com/advisories/GHSA-pxg6-pf52-xh8x',
447 silly audit report       title: 'cookie accepts cookie name, path, and domain with out of bounds characters',
447 silly audit report       severity: 'low',
447 silly audit report       vulnerable_versions: '<0.7.0',
447 silly audit report       cwe: [Array],
447 silly audit report       cvss: [Object]
447 silly audit report     }
447 silly audit report   ],
447 silly audit report   'path-to-regexp': [
447 silly audit report     {
447 silly audit report       id: 1101846,
447 silly audit report       url: 'https://github.com/advisories/GHSA-9wv6-86v2-598j',
447 silly audit report       title: 'path-to-regexp outputs backtracking regular expressions',
447 silly audit report       severity: 'high',
447 silly audit report       vulnerable_versions: '>=4.0.0 <6.3.0',
447 silly audit report       cwe: [Array],
447 silly audit report       cvss: [Object]
447 silly audit report     }
447 silly audit report   ]
447 silly audit report }
448 silly packumentCache corgi:https://registry.npmjs.org/cookie cache-miss
449 silly packumentCache corgi:https://registry.npmjs.org/path-to-regexp cache-miss
450 http cache https://registry.npmjs.org/cookie 18ms (cache hit)
451 silly packumentCache corgi:https://registry.npmjs.org/cookie set size:22175 disposed:false
452 http cache https://registry.npmjs.org/path-to-regexp 19ms (cache hit)
453 silly packumentCache corgi:https://registry.npmjs.org/path-to-regexp set size:62557 disposed:false
454 silly packumentCache corgi:https://registry.npmjs.org/@clerk%2fbackend cache-miss
455 http cache https://registry.npmjs.org/@clerk%2fbackend 26ms (cache hit)
456 silly packumentCache corgi:https://registry.npmjs.org/@clerk%2fbackend set size:3946549 disposed:false
457 silly packumentCache corgi:https://registry.npmjs.org/@clerk%2fnextjs cache-miss
458 http cache https://registry.npmjs.org/@clerk%2fnextjs 20ms (cache hit)
459 silly packumentCache corgi:https://registry.npmjs.org/@clerk%2fnextjs set size:5021088 disposed:false
460 silly packumentCache corgi:https://registry.npmjs.org/@clerk%2fclerk-sdk-node cache-miss
461 warn deprecated @clerk/clerk-sdk-node@4.13.11: January 10 2025 marks the end of support for @clerk/clerk-sdk-node as previously announced in our October 2024 deprecation notice. Express users can migrate to the @clerk/express package. For more information, you can find our changelog here: https://clerk.com/changelog/2025-01-10-node-sdk-eol
462 http fetch GET 200 https://registry.npmjs.org/@clerk%2fclerk-sdk-node 1318ms (cache updated)
463 silly packumentCache corgi:https://registry.npmjs.org/@clerk%2fclerk-sdk-node set size:undefined disposed:false
464 silly ADD node_modules/to-no-case
465 silly ADD node_modules/to-space-case
466 silly ADD node_modules/to-snake-case
467 silly ADD node_modules/mime-db
468 silly ADD node_modules/delayed-stream
469 silly ADD node_modules/mime-types
470 silly ADD node_modules/combined-stream
471 silly ADD node_modules/asynckit
472 silly ADD node_modules/quick-lru
473 silly ADD node_modules/camelcase
474 silly ADD node_modules/pvutils
475 silly ADD node_modules/@types/http-errors
476 silly ADD node_modules/@types/mime
477 silly ADD node_modules/form-data
478 silly ADD node_modules/@types/send
479 silly ADD node_modules/@types/range-parser
480 silly ADD node_modules/@types/serve-static
481 silly ADD node_modules/@types/qs
482 silly ADD node_modules/@types/express-serve-static-core
483 silly ADD node_modules/@types/body-parser
484 silly ADD node_modules/@types/keygrip
485 silly ADD node_modules/@types/connect
486 silly ADD node_modules/asn1js
487 silly ADD node_modules/webcrypto-core
488 silly ADD node_modules/pvtsutils
489 silly ADD node_modules/@peculiar/json-schema
490 silly ADD node_modules/@peculiar/asn1-schema
491 silly ADD node_modules/camelcase-keys
492 silly ADD node_modules/@types/node-fetch
493 silly ADD node_modules/@types/express
494 silly ADD node_modules/@types/cookies
495 silly ADD node_modules/node-fetch-native
496 silly ADD node_modules/deepmerge
497 silly ADD node_modules/@peculiar/webcrypto
498 silly ADD node_modules/@clerk/clerk-sdk-node
499 silly ADD node_modules/@clerk/clerk-sdk-node/node_modules/tslib
500 silly ADD node_modules/@clerk/clerk-sdk-node/node_modules/snakecase-keys
501 silly ADD node_modules/@clerk/clerk-sdk-node/node_modules/@clerk/types
502 silly ADD
503 silly ADD
504 silly ADD
505 silly ADD
506 silly ADD
507 silly ADD
508 silly ADD
509 silly ADD
510 silly ADD
511 silly ADD
512 silly ADD
513 silly ADD
514 silly ADD
515 silly ADD
516 silly ADD
517 silly ADD
518 silly ADD
519 silly ADD
520 silly ADD
521 silly ADD
522 silly ADD
523 silly ADD
524 silly ADD
525 silly ADD
526 silly ADD
527 silly ADD
528 silly ADD
529 silly ADD
530 silly ADD
531 silly ADD
532 silly REMOVE node_modules/tsutils
533 silly REMOVE node_modules/tsutils/node_modules/tslib
534 silly REMOVE node_modules/std-env
535 silly REMOVE node_modules/object.hasown
536 silly REMOVE node_modules/eslint-config-prettier
537 silly REMOVE node_modules/eslint-config-custom
538 silly REMOVE node_modules/eslint-config-custom/node_modules/eslint-plugin-react-hooks
539 silly REMOVE node_modules/eslint-config-custom/node_modules/eslint-plugin-react
540 silly REMOVE node_modules/eslint-config-custom/node_modules/eslint-plugin-react/node_modules/semver
541 silly REMOVE node_modules/eslint-config-custom/node_modules/eslint-plugin-react/node_modules/resolve
542 silly REMOVE node_modules/eslint-config-custom/node_modules/eslint-import-resolver-typescript
543 silly REMOVE node_modules/eslint-config-custom/node_modules/eslint-import-resolver-typescript/node_modules/glob
544 silly REMOVE node_modules/eslint-config-custom/node_modules/eslint-config-next
545 silly REMOVE node_modules/eslint-config-custom/node_modules/eslint-config-next/node_modules/semver
546 silly REMOVE node_modules/eslint-config-custom/node_modules/eslint-config-next/node_modules/resolve
547 silly REMOVE node_modules/eslint-config-custom/node_modules/eslint-config-next/node_modules/eslint-plugin-react
548 silly REMOVE node_modules/eslint-config-custom/node_modules/doctrine
549 silly REMOVE node_modules/eslint-config-custom/node_modules/@typescript-eslint/visitor-keys
550 silly REMOVE node_modules/eslint-config-custom/node_modules/@typescript-eslint/typescript-estree
551 silly REMOVE node_modules/eslint-config-custom/node_modules/@typescript-eslint/types
552 silly REMOVE node_modules/eslint-config-custom/node_modules/@typescript-eslint/scope-manager
553 silly REMOVE node_modules/eslint-config-custom/node_modules/@typescript-eslint/parser
554 silly REMOVE node_modules/eslint-config-custom/node_modules/@next/eslint-plugin-next
555 silly CHANGE node_modules/@clerk/shared
556 silly CHANGE node_modules/@clerk/nextjs
557 silly ADD node_modules/@clerk/nextjs/node_modules/@clerk/types
558 silly CHANGE node_modules/@clerk/clerk-react
559 silly CHANGE node_modules/@clerk/clerk-react/node_modules/@clerk/types
560 silly CHANGE node_modules/@clerk/backend
561 silly ADD node_modules/@clerk/backend/node_modules/@types/node
562 silly ADD node_modules/@clerk/backend/node_modules/@clerk/types
563 verbose cwd C:\Users\akito\git\calculator
564 verbose os Windows_NT 10.0.26100
565 verbose node v22.14.0
566 verbose npm  v10.9.2
567 verbose exit 0
568 info ok
