0 verbose cli C:\Program Files\nodejs\node.exe C:\Program Files\nodejs\node_modules\npm\bin\npm-cli.js
1 info using npm@10.9.2
2 info using node@v22.14.0
3 silly config load:file:C:\Program Files\nodejs\node_modules\npm\npmrc
4 silly config load:file:C:\Users\akito\git\calculator\.npmrc
5 silly config load:file:C:\Users\akito\.npmrc
6 silly config load:file:C:\Users\akito\git\calculator\%APPDATA%\npm\etc\npmrc
7 verbose title npm remove @clerk/nextjs
8 verbose argv "remove" "@clerk/nextjs"
9 verbose logfile logs-max:10 dir:C:\Users\akito\git\calculator\%APPDATA%\npm-cache\_logs\2025-05-02T03_26_13_839Z-
10 verbose logfile C:\Users\akito\git\calculator\%APPDATA%\npm-cache\_logs\2025-05-02T03_26_13_839Z-debug-0.log
11 silly logfile start cleaning logs, removing 1 files
12 silly packumentCache heap:4345298944 maxSize:1086324736 maxEntrySize:543162368
13 silly logfile done cleaning log files
14 silly idealTree buildDeps
15 silly reify mark retired [ 'C:\\Users\\akito\\git\\calculator\\node_modules\\@clerk\\backend' ]
16 silly reify mark retired [
16 silly reify   'C:\\Users\\akito\\git\\calculator\\node_modules\\@clerk\\clerk-react'
16 silly reify ]
17 silly reify mark retired [ 'C:\\Users\\akito\\git\\calculator\\node_modules\\@clerk\\nextjs' ]
18 silly reify mark retired [ 'C:\\Users\\akito\\git\\calculator\\node_modules\\@clerk\\shared' ]
19 silly reify mark retired [ 'C:\\Users\\akito\\git\\calculator\\node_modules\\dequal' ]
20 silly reify mark retired [ 'C:\\Users\\akito\\git\\calculator\\node_modules\\dot-case' ]
21 silly reify mark retired [ 'C:\\Users\\akito\\git\\calculator\\node_modules\\glob-to-regexp' ]
22 silly reify mark retired [ 'C:\\Users\\akito\\git\\calculator\\node_modules\\js-cookie' ]
23 silly reify mark retired [ 'C:\\Users\\akito\\git\\calculator\\node_modules\\lower-case' ]
24 silly reify mark retired [ 'C:\\Users\\akito\\git\\calculator\\node_modules\\map-obj' ]
25 silly reify mark retired [ 'C:\\Users\\akito\\git\\calculator\\node_modules\\no-case' ]
26 silly reify mark retired [ 'C:\\Users\\akito\\git\\calculator\\node_modules\\server-only' ]
27 silly reify mark retired [ 'C:\\Users\\akito\\git\\calculator\\node_modules\\snake-case' ]
28 silly reify mark retired [ 'C:\\Users\\akito\\git\\calculator\\node_modules\\snakecase-keys' ]
29 silly reify mark retired [ 'C:\\Users\\akito\\git\\calculator\\node_modules\\std-env' ]
30 silly reify mark retired [ 'C:\\Users\\akito\\git\\calculator\\node_modules\\swr' ]
31 silly reify mark retired [
31 silly reify   'C:\\Users\\akito\\git\\calculator\\node_modules\\use-sync-external-store'
31 silly reify ]
32 silly reify moves {
32 silly reify   'C:\\Users\\akito\\git\\calculator\\node_modules\\@clerk\\backend': 'C:\\Users\\akito\\git\\calculator\\node_modules\\@clerk\\.backend-TZiQMONc',
32 silly reify   'C:\\Users\\akito\\git\\calculator\\node_modules\\@clerk\\clerk-react': 'C:\\Users\\akito\\git\\calculator\\node_modules\\@clerk\\.clerk-react-mqIhXGUU',
32 silly reify   'C:\\Users\\akito\\git\\calculator\\node_modules\\@clerk\\nextjs': 'C:\\Users\\akito\\git\\calculator\\node_modules\\@clerk\\.nextjs-kXF9atIa',
32 silly reify   'C:\\Users\\akito\\git\\calculator\\node_modules\\@clerk\\shared': 'C:\\Users\\akito\\git\\calculator\\node_modules\\@clerk\\.shared-Ox719iYy',
32 silly reify   'C:\\Users\\akito\\git\\calculator\\node_modules\\dequal': 'C:\\Users\\akito\\git\\calculator\\node_modules\\.dequal-ugBDJQgr',
32 silly reify   'C:\\Users\\akito\\git\\calculator\\node_modules\\dot-case': 'C:\\Users\\akito\\git\\calculator\\node_modules\\.dot-case-iIMbLvDq',
32 silly reify   'C:\\Users\\akito\\git\\calculator\\node_modules\\glob-to-regexp': 'C:\\Users\\akito\\git\\calculator\\node_modules\\.glob-to-regexp-eyWbq1w1',
32 silly reify   'C:\\Users\\akito\\git\\calculator\\node_modules\\js-cookie': 'C:\\Users\\akito\\git\\calculator\\node_modules\\.js-cookie-2y7WTvuJ',
32 silly reify   'C:\\Users\\akito\\git\\calculator\\node_modules\\lower-case': 'C:\\Users\\akito\\git\\calculator\\node_modules\\.lower-case-SRKsEvuo',
32 silly reify   'C:\\Users\\akito\\git\\calculator\\node_modules\\map-obj': 'C:\\Users\\akito\\git\\calculator\\node_modules\\.map-obj-AjTSFq89',
32 silly reify   'C:\\Users\\akito\\git\\calculator\\node_modules\\no-case': 'C:\\Users\\akito\\git\\calculator\\node_modules\\.no-case-G97YabCp',
32 silly reify   'C:\\Users\\akito\\git\\calculator\\node_modules\\server-only': 'C:\\Users\\akito\\git\\calculator\\node_modules\\.server-only-NqEarm3i',
32 silly reify   'C:\\Users\\akito\\git\\calculator\\node_modules\\snake-case': 'C:\\Users\\akito\\git\\calculator\\node_modules\\.snake-case-a0TpwmrX',
32 silly reify   'C:\\Users\\akito\\git\\calculator\\node_modules\\snakecase-keys': 'C:\\Users\\akito\\git\\calculator\\node_modules\\.snakecase-keys-3FqQPkih',
32 silly reify   'C:\\Users\\akito\\git\\calculator\\node_modules\\std-env': 'C:\\Users\\akito\\git\\calculator\\node_modules\\.std-env-ORTxjFVh',
32 silly reify   'C:\\Users\\akito\\git\\calculator\\node_modules\\swr': 'C:\\Users\\akito\\git\\calculator\\node_modules\\.swr-bd4UdGuS',
32 silly reify   'C:\\Users\\akito\\git\\calculator\\node_modules\\use-sync-external-store': 'C:\\Users\\akito\\git\\calculator\\node_modules\\.use-sync-external-store-qvzw5d7k'
32 silly reify }
33 silly audit bulk request {
33 silly audit   '@alloc/quick-lru': [ '5.2.0' ],
33 silly audit   '@babel/runtime': [ '7.27.1' ],
33 silly audit   '@clerk/types': [ '3.65.5' ],
33 silly audit   csstype: [ '3.1.1' ],
33 silly audit   '@clerk/localizations': [ '1.22.0' ],
33 silly audit   '@emnapi/core': [ '1.4.3' ],
33 silly audit   '@emnapi/runtime': [ '1.4.3' ],
33 silly audit   '@emnapi/wasi-threads': [ '1.0.2' ],
33 silly audit   '@eslint-community/eslint-utils': [ '4.6.1' ],
33 silly audit   '@eslint-community/regexpp': [ '4.12.1' ],
33 silly audit   '@eslint/eslintrc': [ '2.1.4' ],
33 silly audit   '@eslint/js': [ '8.57.1' ],
33 silly audit   '@humanwhocodes/config-array': [ '0.11.14' ],
33 silly audit   '@humanwhocodes/module-importer': [ '1.0.1' ],
33 silly audit   '@humanwhocodes/object-schema': [ '2.0.3' ],
33 silly audit   '@isaacs/cliui': [ '8.0.2' ],
33 silly audit   'ansi-regex': [ '6.1.0', '5.0.1' ],
33 silly audit   'strip-ansi': [ '7.1.0', '6.0.1' ],
33 silly audit   '@isaacs/fs-minipass': [ '4.0.1' ],
33 silly audit   '@jridgewell/gen-mapping': [ '0.3.8' ],
33 silly audit   '@jridgewell/resolve-uri': [ '3.1.2' ],
33 silly audit   '@jridgewell/set-array': [ '1.2.1' ],
33 silly audit   '@jridgewell/sourcemap-codec': [ '1.5.0' ],
33 silly audit   '@jridgewell/trace-mapping': [ '0.3.25' ],
33 silly audit   '@kurkle/color': [ '0.3.4' ],
33 silly audit   '@napi-rs/wasm-runtime': [ '0.2.9' ],
33 silly audit   '@next/env': [ '14.2.28' ],
33 silly audit   '@next/eslint-plugin-next': [ '13.4.19' ],
33 silly audit   '@next/swc-darwin-arm64': [ '14.2.28' ],
33 silly audit   '@next/swc-darwin-x64': [ '14.2.28' ],
33 silly audit   '@next/swc-linux-arm64-gnu': [ '14.2.28' ],
33 silly audit   '@next/swc-linux-arm64-musl': [ '14.2.28' ],
33 silly audit   '@next/swc-linux-x64-gnu': [ '14.2.28' ],
33 silly audit   '@next/swc-linux-x64-musl': [ '14.2.28' ],
33 silly audit   '@next/swc-win32-arm64-msvc': [ '14.2.28' ],
33 silly audit   '@next/swc-win32-ia32-msvc': [ '14.2.28' ],
33 silly audit   '@next/swc-win32-x64-msvc': [ '14.2.28' ],
33 silly audit   '@nodelib/fs.scandir': [ '2.1.5' ],
33 silly audit   '@nodelib/fs.stat': [ '2.0.5' ],
33 silly audit   '@nodelib/fs.walk': [ '1.2.8' ],
33 silly audit   '@nolyfill/is-core-module': [ '1.0.39' ],
33 silly audit   '@pkgjs/parseargs': [ '0.11.0' ],
33 silly audit   '@rtsao/scc': [ '1.1.0' ],
33 silly audit   '@rushstack/eslint-patch': [ '1.11.0' ],
33 silly audit   '@supabase/auth-helpers-nextjs': [ '0.7.4' ],
33 silly audit   '@supabase/auth-helpers-shared': [ '0.4.1' ],
33 silly audit   '@supabase/functions-js': [ '2.4.4' ],
33 silly audit   '@supabase/gotrue-js': [ '2.69.1' ],
33 silly audit   '@supabase/node-fetch': [ '2.6.15' ],
33 silly audit   '@supabase/postgrest-js': [ '1.19.4' ],
33 silly audit   '@supabase/realtime-js': [ '2.11.7' ],
33 silly audit   '@supabase/ssr': [ '0.6.1' ],
33 silly audit   '@supabase/storage-js': [ '2.7.2' ],
33 silly audit   '@supabase/supabase-js': [ '2.32.0' ],
33 silly audit   '@swc/counter': [ '0.1.3' ],
33 silly audit   '@swc/helpers': [ '0.5.5' ],
33 silly audit   '@tybys/wasm-util': [ '0.9.0' ],
33 silly audit   '@types/chart.js': [ '2.9.37' ],
33 silly audit   '@types/json5': [ '0.0.29' ],
33 silly audit   '@types/node': [ '20.5.0' ],
33 silly audit   '@types/phoenix': [ '1.6.6' ],
33 silly audit   '@types/prop-types': [ '15.7.14' ],
33 silly audit   '@types/react': [ '18.2.20' ],
33 silly audit   '@types/react-dom': [ '18.2.7' ],
33 silly audit   '@types/scheduler': [ '0.26.0' ],
33 silly audit   '@types/ws': [ '8.18.1' ],
33 silly audit   '@typescript-eslint/parser': [ '6.21.0' ],
33 silly audit   '@typescript-eslint/scope-manager': [ '6.21.0' ],
33 silly audit   '@typescript-eslint/types': [ '6.21.0' ],
33 silly audit   '@typescript-eslint/typescript-estree': [ '6.21.0' ],
33 silly audit   'brace-expansion': [ '2.0.1', '1.1.11' ],
33 silly audit   minimatch: [ '9.0.3', '3.1.2', '9.0.5' ],
33 silly audit   '@typescript-eslint/visitor-keys': [ '6.21.0' ],
33 silly audit   '@unrs/resolver-binding-darwin-arm64': [ '1.7.2' ],
33 silly audit   '@unrs/resolver-binding-darwin-x64': [ '1.7.2' ],
33 silly audit   '@unrs/resolver-binding-freebsd-x64': [ '1.7.2' ],
33 silly audit   '@unrs/resolver-binding-linux-arm-gnueabihf': [ '1.7.2' ],
33 silly audit   '@unrs/resolver-binding-linux-arm-musleabihf': [ '1.7.2' ],
33 silly audit   '@unrs/resolver-binding-linux-arm64-gnu': [ '1.7.2' ],
33 silly audit   '@unrs/resolver-binding-linux-arm64-musl': [ '1.7.2' ],
33 silly audit   '@unrs/resolver-binding-linux-ppc64-gnu': [ '1.7.2' ],
33 silly audit   '@unrs/resolver-binding-linux-riscv64-gnu': [ '1.7.2' ],
33 silly audit   '@unrs/resolver-binding-linux-riscv64-musl': [ '1.7.2' ],
33 silly audit   '@unrs/resolver-binding-linux-s390x-gnu': [ '1.7.2' ],
33 silly audit   '@unrs/resolver-binding-linux-x64-gnu': [ '1.7.2' ],
33 silly audit   '@unrs/resolver-binding-linux-x64-musl': [ '1.7.2' ],
33 silly audit   '@unrs/resolver-binding-wasm32-wasi': [ '1.7.2' ],
33 silly audit   '@unrs/resolver-binding-win32-arm64-msvc': [ '1.7.2' ],
33 silly audit   '@unrs/resolver-binding-win32-ia32-msvc': [ '1.7.2' ],
33 silly audit   '@unrs/resolver-binding-win32-x64-msvc': [ '1.7.2' ],
33 silly audit   acorn: [ '8.14.1' ],
33 silly audit   'acorn-jsx': [ '5.3.2' ],
33 silly audit   'agent-base': [ '7.1.3' ],
33 silly audit   ajv: [ '6.12.6' ],
33 silly audit   'ansi-styles': [ '4.3.0', '6.2.1' ],
33 silly audit   'any-promise': [ '1.3.0' ],
33 silly audit   anymatch: [ '3.1.3' ],
33 silly audit   arg: [ '5.0.2' ],
33 silly audit   argparse: [ '2.0.1' ],
33 silly audit   'aria-query': [ '5.3.2' ],
33 silly audit   'array-buffer-byte-length': [ '1.0.2' ],
33 silly audit   'array-includes': [ '3.1.8' ],
33 silly audit   'array-union': [ '2.1.0' ],
33 silly audit   'array.prototype.findlast': [ '1.2.5' ],
33 silly audit   'array.prototype.findlastindex': [ '1.2.6' ],
33 silly audit   'array.prototype.flat': [ '1.3.3' ],
33 silly audit   'array.prototype.flatmap': [ '1.3.3' ],
33 silly audit   'array.prototype.tosorted': [ '1.1.4' ],
33 silly audit   'arraybuffer.prototype.slice': [ '1.0.4' ],
33 silly audit   'ast-types-flow': [ '0.0.8' ],
33 silly audit   'async-function': [ '1.0.0' ],
33 silly audit   autoprefixer: [ '10.4.15' ],
33 silly audit   'available-typed-arrays': [ '1.0.7' ],
33 silly audit   'axe-core': [ '4.10.3' ],
33 silly audit   'axobject-query': [ '4.1.0' ],
33 silly audit   'balanced-match': [ '1.0.2' ],
33 silly audit   'bin-links': [ '5.0.0' ],
33 silly audit   'binary-extensions': [ '2.3.0' ],
33 silly audit   braces: [ '3.0.3' ],
33 silly audit   browserslist: [ '4.24.4' ],
33 silly audit   busboy: [ '1.6.0' ],
33 silly audit   'call-bind': [ '1.0.8' ],
33 silly audit   'call-bind-apply-helpers': [ '1.0.2' ],
33 silly audit   'call-bound': [ '1.0.4' ],
33 silly audit   callsites: [ '3.1.0' ],
33 silly audit   'camelcase-css': [ '2.0.1' ],
33 silly audit   'caniuse-lite': [ '1.0.30001716' ],
33 silly audit   chalk: [ '4.1.2' ],
33 silly audit   'chart.js': [ '4.4.0' ],
33 silly audit   chokidar: [ '3.6.0' ],
33 silly audit   'glob-parent': [ '5.1.2', '6.0.2' ],
33 silly audit   chownr: [ '3.0.0' ],
33 silly audit   'client-only': [ '0.0.1' ],
33 silly audit   'cmd-shim': [ '7.0.0' ],
33 silly audit   'color-convert': [ '2.0.1' ],
33 silly audit   'color-name': [ '1.1.4' ],
33 silly audit   commander: [ '4.1.1' ],
33 silly audit   'concat-map': [ '0.0.1' ],
33 silly audit   cookie: [ '1.0.2' ],
33 silly audit   'cross-fetch': [ '3.2.0' ],
33 silly audit   'cross-spawn': [ '7.0.6' ],
33 silly audit   cssesc: [ '3.0.0' ],
33 silly audit   'damerau-levenshtein': [ '1.0.8' ],
33 silly audit   'data-uri-to-buffer': [ '4.0.1' ],
33 silly audit   'data-view-buffer': [ '1.0.2' ],
33 silly audit   'data-view-byte-length': [ '1.0.2' ],
33 silly audit   'data-view-byte-offset': [ '1.0.1' ],
33 silly audit   'date-fns': [ '2.30.0' ],
33 silly audit   debug: [ '4.4.0', '3.2.7' ],
33 silly audit   'deep-is': [ '0.1.4' ],
33 silly audit   'define-data-property': [ '1.1.4' ],
33 silly audit   'define-properties': [ '1.2.1' ],
33 silly audit   didyoumean: [ '1.2.2' ],
33 silly audit   'dir-glob': [ '3.0.1' ],
33 silly audit   dlv: [ '1.1.3' ],
33 silly audit   doctrine: [ '3.0.0', '2.1.0' ],
33 silly audit   'dunder-proto': [ '1.0.1' ],
33 silly audit   eastasianwidth: [ '0.2.0' ],
33 silly audit   'electron-to-chromium': [ '1.5.148' ],
33 silly audit   'emoji-regex': [ '9.2.2', '8.0.0' ],
33 silly audit   'es-abstract': [ '1.23.9' ],
33 silly audit   'es-define-property': [ '1.0.1' ],
33 silly audit   'es-errors': [ '1.3.0' ],
33 silly audit   'es-iterator-helpers': [ '1.2.1' ],
33 silly audit   'es-object-atoms': [ '1.1.1' ],
33 silly audit   'es-set-tostringtag': [ '2.1.0' ],
33 silly audit   'es-shim-unscopables': [ '1.1.0' ],
33 silly audit   'es-to-primitive': [ '1.3.0' ],
33 silly audit   escalade: [ '3.2.0' ],
33 silly audit   'escape-string-regexp': [ '4.0.0' ],
33 silly audit   eslint: [ '8.47.0' ],
33 silly audit   'eslint-config-next': [ '13.4.19' ],
33 silly audit   'eslint-import-resolver-node': [ '0.3.9' ],
33 silly audit   'eslint-import-resolver-typescript': [ '3.10.1' ],
33 silly audit   'eslint-module-utils': [ '2.12.0' ],
33 silly audit   'eslint-plugin-import': [ '2.31.0' ],
33 silly audit   semver: [ '6.3.1', '7.7.1' ],
33 silly audit   'eslint-plugin-jsx-a11y': [ '6.10.2' ],
33 silly audit   'eslint-plugin-react': [ '7.37.5' ],
33 silly audit   'eslint-plugin-react-hooks': [ '5.0.0-canary-7118f5dd7-20230705' ],
33 silly audit   resolve: [ '2.0.0-next.5', '1.22.10' ],
33 silly audit   'eslint-scope': [ '7.2.2' ],
33 silly audit   'eslint-visitor-keys': [ '3.4.3' ],
33 silly audit   espree: [ '9.6.1' ],
33 silly audit   esquery: [ '1.6.0' ],
33 silly audit   esrecurse: [ '4.3.0' ],
33 silly audit   estraverse: [ '5.3.0' ],
33 silly audit   esutils: [ '2.0.3' ],
33 silly audit   'fast-deep-equal': [ '3.1.3' ],
33 silly audit   'fast-glob': [ '3.3.3' ],
33 silly audit   'fast-json-stable-stringify': [ '2.1.0' ],
33 silly audit   'fast-levenshtein': [ '2.0.6' ],
33 silly audit   fastq: [ '1.19.1' ],
33 silly audit   fdir: [ '6.4.4' ],
33 silly audit   'fetch-blob': [ '3.2.0' ],
33 silly audit   'file-entry-cache': [ '6.0.1' ],
33 silly audit   'fill-range': [ '7.1.1' ],
33 silly audit   'find-up': [ '5.0.0' ],
33 silly audit   'flat-cache': [ '3.2.0' ],
33 silly audit   flatted: [ '3.3.3' ],
33 silly audit   'for-each': [ '0.3.5' ],
33 silly audit   'foreground-child': [ '3.3.1' ],
33 silly audit   'formdata-polyfill': [ '4.0.10' ],
33 silly audit   'fraction.js': [ '4.3.7' ],
33 silly audit   'fs.realpath': [ '1.0.0' ],
33 silly audit   fsevents: [ '2.3.3' ],
33 silly audit   'function-bind': [ '1.1.2' ],
33 silly audit   'function.prototype.name': [ '1.1.8' ],
33 silly audit   'functions-have-names': [ '1.2.3' ],
33 silly audit   'get-intrinsic': [ '1.3.0' ],
33 silly audit   'get-proto': [ '1.0.1' ],
33 silly audit   'get-symbol-description': [ '1.1.0' ],
33 silly audit   'get-tsconfig': [ '4.10.0' ],
33 silly audit   glob: [ '7.1.7', '10.4.5' ],
33 silly audit   globals: [ '13.24.0' ],
33 silly audit   globalthis: [ '1.0.4' ],
33 silly audit   globby: [ '11.1.0' ],
33 silly audit   gopd: [ '1.2.0' ],
33 silly audit   'graceful-fs': [ '4.2.11' ],
33 silly audit   graphemer: [ '1.4.0' ],
33 silly audit   'has-bigints': [ '1.1.0' ],
33 silly audit   'has-flag': [ '4.0.0' ],
33 silly audit   'has-property-descriptors': [ '1.0.2' ],
33 silly audit   'has-proto': [ '1.2.0' ],
33 silly audit   'has-symbols': [ '1.1.0' ],
33 silly audit   'has-tostringtag': [ '1.0.2' ],
33 silly audit   hasown: [ '2.0.2' ],
33 silly audit   'https-proxy-agent': [ '7.0.6' ],
33 silly audit   ignore: [ '5.3.2' ],
33 silly audit   'import-fresh': [ '3.3.1' ],
33 silly audit   imurmurhash: [ '0.1.4' ],
33 silly audit   inflight: [ '1.0.6' ],
33 silly audit   inherits: [ '2.0.4' ],
33 silly audit   'internal-slot': [ '1.1.0' ],
33 silly audit   'is-array-buffer': [ '3.0.5' ],
33 silly audit   'is-async-function': [ '2.1.1' ],
33 silly audit   'is-bigint': [ '1.1.0' ],
33 silly audit   'is-binary-path': [ '2.1.0' ],
33 silly audit   'is-boolean-object': [ '1.2.2' ],
33 silly audit   'is-bun-module': [ '2.0.0' ],
33 silly audit   'is-callable': [ '1.2.7' ],
33 silly audit   'is-core-module': [ '2.16.1' ],
33 silly audit   'is-data-view': [ '1.0.2' ],
33 silly audit   'is-date-object': [ '1.1.0' ],
33 silly audit   'is-extglob': [ '2.1.1' ],
33 silly audit   'is-finalizationregistry': [ '1.1.1' ],
33 silly audit   'is-fullwidth-code-point': [ '3.0.0' ],
33 silly audit   'is-generator-function': [ '1.1.0' ],
33 silly audit   'is-glob': [ '4.0.3' ],
33 silly audit   'is-map': [ '2.0.3' ],
33 silly audit   'is-number': [ '7.0.0' ],
33 silly audit   'is-number-object': [ '1.1.1' ],
33 silly audit   'is-path-inside': [ '3.0.3' ],
33 silly audit   'is-regex': [ '1.2.1' ],
33 silly audit   'is-set': [ '2.0.3' ],
33 silly audit   'is-shared-array-buffer': [ '1.0.4' ],
33 silly audit   'is-string': [ '1.1.1' ],
33 silly audit   'is-symbol': [ '1.1.1' ],
33 silly audit   'is-typed-array': [ '1.1.15' ],
33 silly audit   'is-weakmap': [ '2.0.2' ],
33 silly audit   'is-weakref': [ '1.1.1' ],
33 silly audit   'is-weakset': [ '2.0.4' ],
33 silly audit   isarray: [ '2.0.5' ],
33 silly audit   isexe: [ '2.0.0' ],
33 silly audit   'iterator.prototype': [ '1.1.5' ],
33 silly audit   jackspeak: [ '3.4.3' ],
33 silly audit   jiti: [ '1.21.7' ],
33 silly audit   jose: [ '4.15.9' ],
33 silly audit   'js-tokens': [ '4.0.0' ],
33 silly audit   'js-yaml': [ '4.1.0' ],
33 silly audit   'json-buffer': [ '3.0.1' ],
33 silly audit   'json-schema-traverse': [ '0.4.1' ],
33 silly audit   'json-stable-stringify-without-jsonify': [ '1.0.1' ],
33 silly audit   json5: [ '1.0.2' ],
33 silly audit   'jsx-ast-utils': [ '3.3.5' ],
33 silly audit   keyv: [ '4.5.4' ],
33 silly audit   'language-subtag-registry': [ '0.3.23' ],
33 silly audit   'language-tags': [ '1.0.9' ],
33 silly audit   levn: [ '0.4.1' ],
33 silly audit   lilconfig: [ '2.1.0', '3.1.3' ],
33 silly audit   'lines-and-columns': [ '1.2.4' ],
33 silly audit   'locate-path': [ '6.0.0' ],
33 silly audit   'lodash.merge': [ '4.6.2' ],
33 silly audit   'loose-envify': [ '1.4.0' ],
33 silly audit   'lru-cache': [ '10.4.3' ],
33 silly audit   'math-intrinsics': [ '1.1.0' ],
33 silly audit   merge2: [ '1.4.1' ],
33 silly audit   micromatch: [ '4.0.8' ],
33 silly audit   minimist: [ '1.2.8' ],
33 silly audit   minipass: [ '7.1.2' ],
33 silly audit   minizlib: [ '3.0.2' ],
33 silly audit   mkdirp: [ '3.0.1' ],
33 silly audit   moment: [ '2.30.1' ],
33 silly audit   ms: [ '2.1.3' ],
33 silly audit   mz: [ '2.7.0' ],
33 silly audit   nanoid: [ '3.3.11' ],
33 silly audit   'napi-postinstall': [ '0.2.3' ],
33 silly audit   'natural-compare': [ '1.4.0' ],
33 silly audit   next: [ '14.2.28' ],
33 silly audit   postcss: [ '8.4.31', '8.5.3' ],
33 silly audit   'node-domexception': [ '1.0.0' ],
33 silly audit   'node-fetch': [ '2.7.0', '3.3.2' ],
33 silly audit   'node-releases': [ '2.0.19' ],
33 silly audit   'normalize-path': [ '3.0.0' ],
33 silly audit   'normalize-range': [ '0.1.2' ],
33 silly audit   'npm-normalize-package-bin': [ '4.0.0' ],
33 silly audit   'object-assign': [ '4.1.1' ],
33 silly audit   'object-hash': [ '3.0.0' ],
33 silly audit   'object-inspect': [ '1.13.4' ],
33 silly audit   'object-keys': [ '1.1.1' ],
33 silly audit   'object.assign': [ '4.1.7' ],
33 silly audit   'object.entries': [ '1.1.9' ],
33 silly audit   'object.fromentries': [ '2.0.8' ],
33 silly audit   'object.groupby': [ '1.0.3' ],
33 silly audit   'object.values': [ '1.2.1' ],
33 silly audit   once: [ '1.4.0' ],
33 silly audit   optionator: [ '0.9.4' ],
33 silly audit   'own-keys': [ '1.0.1' ],
33 silly audit   'p-limit': [ '3.1.0' ],
33 silly audit   'p-locate': [ '5.0.0' ],
33 silly audit   'package-json-from-dist': [ '1.0.1' ],
33 silly audit   'parent-module': [ '1.0.1' ],
33 silly audit   'path-exists': [ '4.0.0' ],
33 silly audit   'path-is-absolute': [ '1.0.1' ],
33 silly audit   'path-key': [ '3.1.1' ],
33 silly audit   'path-parse': [ '1.0.7' ],
33 silly audit   'path-scurry': [ '1.11.1' ],
33 silly audit   'path-type': [ '4.0.0' ],
33 silly audit   picocolors: [ '1.1.1' ],
33 silly audit   picomatch: [ '2.3.1', '4.0.2' ],
33 silly audit   pify: [ '2.3.0' ],
33 silly audit   pirates: [ '4.0.7' ],
33 silly audit   'possible-typed-array-names': [ '1.1.0' ],
33 silly audit   'postcss-import': [ '15.1.0' ],
33 silly audit   'postcss-js': [ '4.0.1' ],
33 silly audit   'postcss-load-config': [ '4.0.2' ],
33 silly audit   'postcss-nested': [ '6.2.0' ],
33 silly audit   'postcss-selector-parser': [ '6.1.2' ],
33 silly audit   'postcss-value-parser': [ '4.2.0' ],
33 silly audit   'prelude-ls': [ '1.2.1' ],
33 silly audit   'proc-log': [ '5.0.0' ],
33 silly audit   'prop-types': [ '15.8.1' ],
33 silly audit   punycode: [ '2.3.1' ],
33 silly audit   'queue-microtask': [ '1.2.3' ],
33 silly audit   react: [ '18.2.0' ],
33 silly audit   'react-chartjs-2': [ '5.2.0' ],
33 silly audit   'react-dom': [ '18.2.0' ],
33 silly audit   'react-is': [ '16.13.1' ],
33 silly audit   'read-cache': [ '1.0.0' ],
33 silly audit   'read-cmd-shim': [ '5.0.0' ],
33 silly audit   readdirp: [ '3.6.0' ],
33 silly audit   'reflect.getprototypeof': [ '1.0.10' ],
33 silly audit   'regexp.prototype.flags': [ '1.5.4' ],
33 silly audit   'resolve-from': [ '4.0.0' ],
33 silly audit   'resolve-pkg-maps': [ '1.0.0' ],
33 silly audit   reusify: [ '1.1.0' ],
33 silly audit   rimraf: [ '3.0.2' ],
33 silly audit   'run-parallel': [ '1.2.0' ],
33 silly audit   'safe-array-concat': [ '1.1.3' ],
33 silly audit   'safe-push-apply': [ '1.0.0' ],
33 silly audit   'safe-regex-test': [ '1.1.0' ],
33 silly audit   scheduler: [ '0.23.2' ],
33 silly audit   'set-cookie-parser': [ '2.7.1' ],
33 silly audit   'set-function-length': [ '1.2.2' ],
33 silly audit   'set-function-name': [ '2.0.2' ],
33 silly audit   'set-proto': [ '1.0.0' ],
33 silly audit   'shebang-command': [ '2.0.0' ],
33 silly audit   'shebang-regex': [ '3.0.0' ],
33 silly audit   'side-channel': [ '1.1.0' ],
33 silly audit   'side-channel-list': [ '1.0.0' ],
33 silly audit   'side-channel-map': [ '1.0.1' ],
33 silly audit   'side-channel-weakmap': [ '1.0.2' ],
33 silly audit   'signal-exit': [ '4.1.0' ],
33 silly audit   slash: [ '3.0.0' ],
33 silly audit   'type-fest': [ '0.20.2' ],
33 silly audit   'source-map-js': [ '1.2.1' ],
33 silly audit   'stable-hash': [ '0.0.5' ],
33 silly audit   streamsearch: [ '1.1.0' ],
33 silly audit   'string-width': [ '5.1.2', '4.2.3' ],
33 silly audit   'string.prototype.includes': [ '2.0.1' ],
33 silly audit   'string.prototype.matchall': [ '4.0.12' ],
33 silly audit   'string.prototype.repeat': [ '1.0.0' ],
33 silly audit   'string.prototype.trim': [ '1.2.10' ],
33 silly audit   'string.prototype.trimend': [ '1.0.9' ],
33 silly audit   'string.prototype.trimstart': [ '1.0.8' ],
33 silly audit   'strip-bom': [ '3.0.0' ],
33 silly audit   'strip-json-comments': [ '3.1.1' ],
33 silly audit   'styled-jsx': [ '5.1.1' ],
33 silly audit   sucrase: [ '3.35.0' ],
33 silly audit   supabase: [ '1.226.4' ],
33 silly audit   'supports-color': [ '7.2.0' ],
33 silly audit   'supports-preserve-symlinks-flag': [ '1.0.0' ],
33 silly audit   tailwindcss: [ '3.3.3' ],
33 silly audit   tar: [ '7.4.3' ],
33 silly audit   'text-table': [ '0.2.0' ],
33 silly audit   thenify: [ '3.3.1' ],
33 silly audit   'thenify-all': [ '1.6.0' ],
33 silly audit   tinyglobby: [ '0.2.13' ],
33 silly audit   'to-regex-range': [ '5.0.1' ],
33 silly audit   tr46: [ '0.0.3' ],
33 silly audit   'ts-api-utils': [ '1.4.3' ],
33 silly audit   'ts-interface-checker': [ '0.1.13' ],
33 silly audit   'tsconfig-paths': [ '3.15.0' ],
33 silly audit   tslib: [ '2.8.1' ],
33 silly audit   'type-check': [ '0.4.0' ],
33 silly audit   'typed-array-buffer': [ '1.0.3' ],
33 silly audit   'typed-array-byte-length': [ '1.0.3' ],
33 silly audit   'typed-array-byte-offset': [ '1.0.4' ],
33 silly audit   'typed-array-length': [ '1.0.7' ],
33 silly audit   typescript: [ '5.1.6' ],
33 silly audit   'unbox-primitive': [ '1.1.0' ],
33 silly audit   'unrs-resolver': [ '1.7.2' ],
33 silly audit   'update-browserslist-db': [ '1.1.3' ],
33 silly audit   'uri-js': [ '4.4.1' ],
33 silly audit   'util-deprecate': [ '1.0.2' ],
33 silly audit   'web-streams-polyfill': [ '3.3.3' ],
33 silly audit   'webidl-conversions': [ '3.0.1' ],
33 silly audit   'whatwg-url': [ '5.0.0' ],
33 silly audit   which: [ '2.0.2' ],
33 silly audit   'which-boxed-primitive': [ '1.1.1' ],
33 silly audit   'which-builtin-type': [ '1.2.1' ],
33 silly audit   'which-collection': [ '1.0.2' ],
33 silly audit   'which-typed-array': [ '1.1.19' ],
33 silly audit   'word-wrap': [ '1.2.5' ],
33 silly audit   'wrap-ansi': [ '8.1.0', '7.0.0' ],
33 silly audit   wrappy: [ '1.0.2' ],
33 silly audit   'write-file-atomic': [ '6.0.0' ],
33 silly audit   ws: [ '8.18.1' ],
33 silly audit   yallist: [ '5.0.0' ],
33 silly audit   yaml: [ '2.7.1' ],
33 silly audit   'yocto-queue': [ '0.1.0' ]
33 silly audit }
34 verbose reify failed optional dependency C:\Users\akito\git\calculator\node_modules\fsevents
35 silly reify mark deleted [ 'C:\\Users\\akito\\git\\calculator\\node_modules\\fsevents' ]
36 verbose reify failed optional dependency C:\Users\akito\git\calculator\node_modules\@unrs\resolver-binding-win32-ia32-msvc
37 silly reify mark deleted [
37 silly reify   'C:\\Users\\akito\\git\\calculator\\node_modules\\@unrs\\resolver-binding-win32-ia32-msvc'
37 silly reify ]
38 verbose reify failed optional dependency C:\Users\akito\git\calculator\node_modules\@unrs\resolver-binding-win32-arm64-msvc
39 silly reify mark deleted [
39 silly reify   'C:\\Users\\akito\\git\\calculator\\node_modules\\@unrs\\resolver-binding-win32-arm64-msvc'
39 silly reify ]
40 verbose reify failed optional dependency C:\Users\akito\git\calculator\node_modules\@unrs\resolver-binding-wasm32-wasi
41 silly reify mark deleted [
41 silly reify   'C:\\Users\\akito\\git\\calculator\\node_modules\\@unrs\\resolver-binding-wasm32-wasi'
41 silly reify ]
42 verbose reify failed optional dependency C:\Users\akito\git\calculator\node_modules\@napi-rs\wasm-runtime
43 silly reify mark deleted [
43 silly reify   'C:\\Users\\akito\\git\\calculator\\node_modules\\@napi-rs\\wasm-runtime'
43 silly reify ]
44 verbose reify failed optional dependency C:\Users\akito\git\calculator\node_modules\@emnapi\core
45 silly reify mark deleted [ 'C:\\Users\\akito\\git\\calculator\\node_modules\\@emnapi\\core' ]
46 verbose reify failed optional dependency C:\Users\akito\git\calculator\node_modules\@emnapi\runtime
47 silly reify mark deleted [ 'C:\\Users\\akito\\git\\calculator\\node_modules\\@emnapi\\runtime' ]
48 verbose reify failed optional dependency C:\Users\akito\git\calculator\node_modules\@tybys\wasm-util
49 silly reify mark deleted [
49 silly reify   'C:\\Users\\akito\\git\\calculator\\node_modules\\@tybys\\wasm-util'
49 silly reify ]
50 verbose reify failed optional dependency C:\Users\akito\git\calculator\node_modules\@emnapi\wasi-threads
51 silly reify mark deleted [
51 silly reify   'C:\\Users\\akito\\git\\calculator\\node_modules\\@emnapi\\wasi-threads'
51 silly reify ]
52 verbose reify failed optional dependency C:\Users\akito\git\calculator\node_modules\@unrs\resolver-binding-linux-x64-musl
53 silly reify mark deleted [
53 silly reify   'C:\\Users\\akito\\git\\calculator\\node_modules\\@unrs\\resolver-binding-linux-x64-musl'
53 silly reify ]
54 verbose reify failed optional dependency C:\Users\akito\git\calculator\node_modules\@unrs\resolver-binding-linux-x64-gnu
55 silly reify mark deleted [
55 silly reify   'C:\\Users\\akito\\git\\calculator\\node_modules\\@unrs\\resolver-binding-linux-x64-gnu'
55 silly reify ]
56 verbose reify failed optional dependency C:\Users\akito\git\calculator\node_modules\@unrs\resolver-binding-linux-s390x-gnu
57 silly reify mark deleted [
57 silly reify   'C:\\Users\\akito\\git\\calculator\\node_modules\\@unrs\\resolver-binding-linux-s390x-gnu'
57 silly reify ]
58 verbose reify failed optional dependency C:\Users\akito\git\calculator\node_modules\@unrs\resolver-binding-linux-riscv64-musl
59 silly reify mark deleted [
59 silly reify   'C:\\Users\\akito\\git\\calculator\\node_modules\\@unrs\\resolver-binding-linux-riscv64-musl'
59 silly reify ]
60 verbose reify failed optional dependency C:\Users\akito\git\calculator\node_modules\@unrs\resolver-binding-linux-riscv64-gnu
61 silly reify mark deleted [
61 silly reify   'C:\\Users\\akito\\git\\calculator\\node_modules\\@unrs\\resolver-binding-linux-riscv64-gnu'
61 silly reify ]
62 verbose reify failed optional dependency C:\Users\akito\git\calculator\node_modules\@unrs\resolver-binding-linux-ppc64-gnu
63 silly reify mark deleted [
63 silly reify   'C:\\Users\\akito\\git\\calculator\\node_modules\\@unrs\\resolver-binding-linux-ppc64-gnu'
63 silly reify ]
64 verbose reify failed optional dependency C:\Users\akito\git\calculator\node_modules\@unrs\resolver-binding-linux-arm64-musl
65 silly reify mark deleted [
65 silly reify   'C:\\Users\\akito\\git\\calculator\\node_modules\\@unrs\\resolver-binding-linux-arm64-musl'
65 silly reify ]
66 verbose reify failed optional dependency C:\Users\akito\git\calculator\node_modules\@unrs\resolver-binding-linux-arm64-gnu
67 silly reify mark deleted [
67 silly reify   'C:\\Users\\akito\\git\\calculator\\node_modules\\@unrs\\resolver-binding-linux-arm64-gnu'
67 silly reify ]
68 verbose reify failed optional dependency C:\Users\akito\git\calculator\node_modules\@unrs\resolver-binding-linux-arm-musleabihf
69 silly reify mark deleted [
69 silly reify   'C:\\Users\\akito\\git\\calculator\\node_modules\\@unrs\\resolver-binding-linux-arm-musleabihf'
69 silly reify ]
70 verbose reify failed optional dependency C:\Users\akito\git\calculator\node_modules\@unrs\resolver-binding-linux-arm-gnueabihf
71 silly reify mark deleted [
71 silly reify   'C:\\Users\\akito\\git\\calculator\\node_modules\\@unrs\\resolver-binding-linux-arm-gnueabihf'
71 silly reify ]
72 verbose reify failed optional dependency C:\Users\akito\git\calculator\node_modules\@unrs\resolver-binding-freebsd-x64
73 silly reify mark deleted [
73 silly reify   'C:\\Users\\akito\\git\\calculator\\node_modules\\@unrs\\resolver-binding-freebsd-x64'
73 silly reify ]
74 verbose reify failed optional dependency C:\Users\akito\git\calculator\node_modules\@unrs\resolver-binding-darwin-x64
75 silly reify mark deleted [
75 silly reify   'C:\\Users\\akito\\git\\calculator\\node_modules\\@unrs\\resolver-binding-darwin-x64'
75 silly reify ]
76 verbose reify failed optional dependency C:\Users\akito\git\calculator\node_modules\@unrs\resolver-binding-darwin-arm64
77 silly reify mark deleted [
77 silly reify   'C:\\Users\\akito\\git\\calculator\\node_modules\\@unrs\\resolver-binding-darwin-arm64'
77 silly reify ]
78 verbose reify failed optional dependency C:\Users\akito\git\calculator\node_modules\@next\swc-win32-ia32-msvc
79 silly reify mark deleted [
79 silly reify   'C:\\Users\\akito\\git\\calculator\\node_modules\\@next\\swc-win32-ia32-msvc'
79 silly reify ]
80 verbose reify failed optional dependency C:\Users\akito\git\calculator\node_modules\@next\swc-win32-arm64-msvc
81 silly reify mark deleted [
81 silly reify   'C:\\Users\\akito\\git\\calculator\\node_modules\\@next\\swc-win32-arm64-msvc'
81 silly reify ]
82 verbose reify failed optional dependency C:\Users\akito\git\calculator\node_modules\@next\swc-linux-x64-musl
83 silly reify mark deleted [
83 silly reify   'C:\\Users\\akito\\git\\calculator\\node_modules\\@next\\swc-linux-x64-musl'
83 silly reify ]
84 verbose reify failed optional dependency C:\Users\akito\git\calculator\node_modules\@next\swc-linux-x64-gnu
85 silly reify mark deleted [
85 silly reify   'C:\\Users\\akito\\git\\calculator\\node_modules\\@next\\swc-linux-x64-gnu'
85 silly reify ]
86 verbose reify failed optional dependency C:\Users\akito\git\calculator\node_modules\@next\swc-linux-arm64-musl
87 silly reify mark deleted [
87 silly reify   'C:\\Users\\akito\\git\\calculator\\node_modules\\@next\\swc-linux-arm64-musl'
87 silly reify ]
88 verbose reify failed optional dependency C:\Users\akito\git\calculator\node_modules\@next\swc-linux-arm64-gnu
89 silly reify mark deleted [
89 silly reify   'C:\\Users\\akito\\git\\calculator\\node_modules\\@next\\swc-linux-arm64-gnu'
89 silly reify ]
90 verbose reify failed optional dependency C:\Users\akito\git\calculator\node_modules\@next\swc-darwin-x64
91 silly reify mark deleted [
91 silly reify   'C:\\Users\\akito\\git\\calculator\\node_modules\\@next\\swc-darwin-x64'
91 silly reify ]
92 verbose reify failed optional dependency C:\Users\akito\git\calculator\node_modules\@next\swc-darwin-arm64
93 silly reify mark deleted [
93 silly reify   'C:\\Users\\akito\\git\\calculator\\node_modules\\@next\\swc-darwin-arm64'
93 silly reify ]
94 http cache @tybys/wasm-util@https://registry.npmjs.org/@tybys/wasm-util/-/wasm-util-0.9.0.tgz 1ms (cache hit)
95 http cache @emnapi/wasi-threads@https://registry.npmjs.org/@emnapi/wasi-threads/-/wasi-threads-1.0.2.tgz 0ms (cache hit)
96 http cache @emnapi/runtime@https://registry.npmjs.org/@emnapi/runtime/-/runtime-1.4.3.tgz 0ms (cache hit)
97 http cache @napi-rs/wasm-runtime@https://registry.npmjs.org/@napi-rs/wasm-runtime/-/wasm-runtime-0.2.9.tgz 0ms (cache hit)
98 http cache @emnapi/core@https://registry.npmjs.org/@emnapi/core/-/core-1.4.3.tgz 0ms (cache hit)
99 http fetch POST 200 https://registry.npmjs.org/-/npm/v1/security/advisories/bulk 792ms
100 silly audit report {}
101 silly ADD
102 silly ADD
103 silly ADD
104 silly ADD
105 silly ADD
106 silly ADD
107 silly ADD
108 silly ADD
109 silly ADD
110 silly ADD
111 silly ADD
112 silly ADD
113 silly ADD
114 silly ADD
115 silly ADD
116 silly ADD
117 silly ADD
118 silly ADD
119 silly ADD
120 silly ADD
121 silly ADD
122 silly ADD
123 silly ADD
124 silly ADD
125 silly ADD
126 silly ADD
127 silly ADD
128 silly ADD
129 silly ADD
130 silly ADD
131 silly REMOVE node_modules/use-sync-external-store
132 silly REMOVE node_modules/swr
133 silly REMOVE node_modules/std-env
134 silly REMOVE node_modules/snakecase-keys
135 silly REMOVE node_modules/snakecase-keys/node_modules/type-fest
136 silly REMOVE node_modules/snake-case
137 silly REMOVE node_modules/server-only
138 silly REMOVE node_modules/no-case
139 silly REMOVE node_modules/map-obj
140 silly REMOVE node_modules/lower-case
141 silly REMOVE node_modules/js-cookie
142 silly REMOVE node_modules/glob-to-regexp
143 silly REMOVE node_modules/dot-case
144 silly REMOVE node_modules/dequal
145 silly REMOVE node_modules/@clerk/shared
146 silly REMOVE node_modules/@clerk/shared/node_modules/csstype
147 silly REMOVE node_modules/@clerk/shared/node_modules/@clerk/types
148 silly REMOVE node_modules/@clerk/nextjs
149 silly REMOVE node_modules/@clerk/nextjs/node_modules/csstype
150 silly REMOVE node_modules/@clerk/nextjs/node_modules/@clerk/types
151 silly REMOVE node_modules/@clerk/clerk-react
152 silly REMOVE node_modules/@clerk/clerk-react/node_modules/csstype
153 silly REMOVE node_modules/@clerk/clerk-react/node_modules/@clerk/types
154 silly REMOVE node_modules/@clerk/backend
155 silly REMOVE node_modules/@clerk/backend/node_modules/csstype
156 silly REMOVE node_modules/@clerk/backend/node_modules/@clerk/types
157 verbose cwd C:\Users\akito\git\calculator
158 verbose os Windows_NT 10.0.26100
159 verbose node v22.14.0
160 verbose npm  v10.9.2
161 verbose exit 0
162 info ok
