0 verbose cli C:\Program Files\nodejs\node.exe C:\Users\akito\AppData\Roaming\npm\node_modules\npm\bin\npm-cli.js
1 info using npm@11.3.0
2 info using node@v20.19.1
3 silly config load:file:C:\Users\akito\AppData\Roaming\npm\node_modules\npm\npmrc
4 silly config load:file:C:\Users\akito\git\calculator\.npmrc
5 silly config load:file:C:\Users\akito\.npmrc
6 silly config load:file:C:\Users\akito\AppData\Roaming\npm\etc\npmrc
7 verbose title npm install react-hook-form @hookform/resolvers zod
8 verbose argv "install" "react-hook-form" "@hookform/resolvers" "zod"
9 verbose logfile logs-max:10 dir:C:\Users\akito\git\calculator\%APPDATA%\npm-cache\_logs\2025-05-08T00_34_39_034Z-
10 verbose logfile C:\Users\akito\git\calculator\%APPDATA%\npm-cache\_logs\2025-05-08T00_34_39_034Z-debug-0.log
11 silly logfile start cleaning logs, removing 1 files
12 silly packumentCache heap:4345298944 maxSize:1086324736 maxEntrySize:543162368
13 silly logfile done cleaning log files
14 silly idealTree buildDeps
15 silly fetch manifest react-hook-form@*
16 silly packumentCache full:https://registry.npmjs.org/react-hook-form cache-miss
17 http fetch GET 200 https://registry.npmjs.org/react-hook-form 333ms (cache miss)
18 silly packumentCache full:https://registry.npmjs.org/react-hook-form set size:undefined disposed:false
19 silly fetch manifest @hookform/resolvers@*
20 silly packumentCache full:https://registry.npmjs.org/@hookform%2fresolvers cache-miss
21 http fetch GET 200 https://registry.npmjs.org/@hookform%2fresolvers 318ms (cache miss)
22 silly packumentCache full:https://registry.npmjs.org/@hookform%2fresolvers set size:undefined disposed:false
23 silly fetch manifest zod@*
24 silly packumentCache full:https://registry.npmjs.org/zod cache-miss
25 http fetch GET 200 https://registry.npmjs.org/zod 60ms (cache miss)
26 silly packumentCache full:https://registry.npmjs.org/zod set size:undefined disposed:false
27 silly placeDep ROOT @hookform/resolvers@5.0.1 OK for: calculator@0.1.0 want: *
28 silly placeDep ROOT react-hook-form@7.56.3 OK for: calculator@0.1.0 want: *
29 silly placeDep ROOT zod@3.24.4 OK for: calculator@0.1.0 want: *
30 silly fetch manifest @standard-schema/utils@^0.3.0
31 silly packumentCache full:https://registry.npmjs.org/@standard-schema%2futils cache-miss
32 http fetch GET 200 https://registry.npmjs.org/@standard-schema%2futils 848ms (cache miss)
33 silly packumentCache full:https://registry.npmjs.org/@standard-schema%2futils set size:undefined disposed:false
34 silly placeDep ROOT @standard-schema/utils@0.3.0 OK for: @hookform/resolvers@5.0.1 want: ^0.3.0
35 silly reify moves {}
36 silly audit bulk request {
36 silly audit   '@alloc/quick-lru': [ '5.2.0' ],
36 silly audit   '@ampproject/remapping': [ '2.3.0' ],
36 silly audit   '@babel/code-frame': [ '7.27.1' ],
36 silly audit   '@babel/compat-data': [ '7.27.2' ],
36 silly audit   '@babel/core': [ '7.27.1' ],
36 silly audit   semver: [ '6.3.1', '7.7.1' ],
36 silly audit   '@babel/generator': [ '7.27.1' ],
36 silly audit   '@babel/helper-compilation-targets': [ '7.27.2' ],
36 silly audit   '@babel/helper-module-imports': [ '7.27.1' ],
36 silly audit   '@babel/helper-module-transforms': [ '7.27.1' ],
36 silly audit   '@babel/helper-string-parser': [ '7.27.1' ],
36 silly audit   '@babel/helper-validator-identifier': [ '7.27.1' ],
36 silly audit   '@babel/helper-validator-option': [ '7.27.1' ],
36 silly audit   '@babel/helpers': [ '7.27.1' ],
36 silly audit   '@babel/parser': [ '7.27.2' ],
36 silly audit   '@babel/runtime': [ '7.27.1' ],
36 silly audit   '@babel/template': [ '7.27.2' ],
36 silly audit   '@babel/traverse': [ '7.27.1' ],
36 silly audit   '@babel/types': [ '7.27.1' ],
36 silly audit   '@clerk/backend': [ '1.31.4' ],
36 silly audit   '@clerk/types': [ '4.57.1', '3.65.5' ],
36 silly audit   csstype: [ '3.1.3', '3.1.1' ],
36 silly audit   '@clerk/clerk-react': [ '5.31.1' ],
36 silly audit   '@clerk/localizations': [ '1.22.0' ],
36 silly audit   '@clerk/nextjs': [ '6.19.1' ],
36 silly audit   '@clerk/shared': [ '3.8.1' ],
36 silly audit   '@emnapi/core': [ '1.4.3' ],
36 silly audit   '@emnapi/runtime': [ '1.4.3' ],
36 silly audit   '@emnapi/wasi-threads': [ '1.0.2' ],
36 silly audit   '@eslint-community/eslint-utils': [ '4.7.0' ],
36 silly audit   '@eslint-community/regexpp': [ '4.12.1' ],
36 silly audit   '@eslint/eslintrc': [ '2.1.4' ],
36 silly audit   globals: [ '13.24.0', '11.12.0' ],
36 silly audit   'type-fest': [ '0.20.2', '0.7.1', '4.41.0' ],
36 silly audit   '@eslint/js': [ '8.57.1' ],
36 silly audit   '@humanwhocodes/config-array': [ '0.11.14' ],
36 silly audit   '@humanwhocodes/module-importer': [ '1.0.1' ],
36 silly audit   '@humanwhocodes/object-schema': [ '2.0.3' ],
36 silly audit   '@img/sharp-darwin-arm64': [ '0.33.5' ],
36 silly audit   '@img/sharp-darwin-x64': [ '0.33.5' ],
36 silly audit   '@img/sharp-libvips-darwin-arm64': [ '1.0.4' ],
36 silly audit   '@img/sharp-libvips-darwin-x64': [ '1.0.4' ],
36 silly audit   '@img/sharp-libvips-linux-arm': [ '1.0.5' ],
36 silly audit   '@img/sharp-libvips-linux-arm64': [ '1.0.4' ],
36 silly audit   '@img/sharp-libvips-linux-s390x': [ '1.0.4' ],
36 silly audit   '@img/sharp-libvips-linux-x64': [ '1.0.4' ],
36 silly audit   '@img/sharp-libvips-linuxmusl-arm64': [ '1.0.4' ],
36 silly audit   '@img/sharp-libvips-linuxmusl-x64': [ '1.0.4' ],
36 silly audit   '@img/sharp-linux-arm': [ '0.33.5' ],
36 silly audit   '@img/sharp-linux-arm64': [ '0.33.5' ],
36 silly audit   '@img/sharp-linux-s390x': [ '0.33.5' ],
36 silly audit   '@img/sharp-linux-x64': [ '0.33.5' ],
36 silly audit   '@img/sharp-linuxmusl-arm64': [ '0.33.5' ],
36 silly audit   '@img/sharp-linuxmusl-x64': [ '0.33.5' ],
36 silly audit   '@img/sharp-wasm32': [ '0.33.5' ],
36 silly audit   '@img/sharp-win32-ia32': [ '0.33.5' ],
36 silly audit   '@img/sharp-win32-x64': [ '0.33.5' ],
36 silly audit   '@isaacs/cliui': [ '8.0.2' ],
36 silly audit   'ansi-regex': [ '6.1.0', '5.0.1' ],
36 silly audit   'ansi-styles': [ '6.2.1', '4.3.0' ],
36 silly audit   'string-width': [ '5.1.2', '4.2.3' ],
36 silly audit   'strip-ansi': [ '7.1.0', '6.0.1' ],
36 silly audit   'wrap-ansi': [ '8.1.0', '7.0.0' ],
36 silly audit   '@isaacs/fs-minipass': [ '4.0.1' ],
36 silly audit   minipass: [ '7.1.2', '4.2.8' ],
36 silly audit   '@jridgewell/gen-mapping': [ '0.3.8' ],
36 silly audit   '@jridgewell/resolve-uri': [ '3.1.2' ],
36 silly audit   '@jridgewell/set-array': [ '1.2.1' ],
36 silly audit   '@jridgewell/sourcemap-codec': [ '1.5.0' ],
36 silly audit   '@jridgewell/trace-mapping': [ '0.3.25' ],
36 silly audit   '@kurkle/color': [ '0.3.4' ],
36 silly audit   '@napi-rs/wasm-runtime': [ '0.2.9' ],
36 silly audit   '@next/env': [ '14.2.28' ],
36 silly audit   '@next/eslint-plugin-next': [ '14.2.28' ],
36 silly audit   'brace-expansion': [ '2.0.1', '1.1.11' ],
36 silly audit   glob: [ '10.3.10', '9.3.5', '7.2.3', '11.0.2', '10.4.5' ],
36 silly audit   minimatch: [ '9.0.5', '8.0.4', '3.1.2', '10.0.1' ],
36 silly audit   '@next/swc-darwin-arm64': [ '14.2.28' ],
36 silly audit   '@next/swc-darwin-x64': [ '14.2.28' ],
36 silly audit   '@next/swc-linux-arm64-gnu': [ '14.2.28' ],
36 silly audit   '@next/swc-linux-arm64-musl': [ '14.2.28' ],
36 silly audit   '@next/swc-linux-x64-gnu': [ '14.2.28' ],
36 silly audit   '@next/swc-linux-x64-musl': [ '14.2.28' ],
36 silly audit   '@next/swc-win32-arm64-msvc': [ '14.2.28' ],
36 silly audit   '@next/swc-win32-ia32-msvc': [ '14.2.28' ],
36 silly audit   '@next/swc-win32-x64-msvc': [ '14.2.28' ],
36 silly audit   '@nodelib/fs.scandir': [ '2.1.5' ],
36 silly audit   '@nodelib/fs.stat': [ '2.0.5' ],
36 silly audit   '@nodelib/fs.walk': [ '1.2.8' ],
36 silly audit   '@nolyfill/is-core-module': [ '1.0.39' ],
36 silly audit   '@opentelemetry/api': [ '1.9.0' ],
36 silly audit   '@opentelemetry/api-logs': [ '0.57.2' ],
36 silly audit   '@opentelemetry/context-async-hooks': [ '1.30.1' ],
36 silly audit   '@opentelemetry/core': [ '1.30.1' ],
36 silly audit   '@opentelemetry/semantic-conventions': [ '1.28.0', '1.32.0' ],
36 silly audit   '@opentelemetry/instrumentation': [ '0.57.2' ],
36 silly audit   '@opentelemetry/instrumentation-amqplib': [ '0.46.1' ],
36 silly audit   '@opentelemetry/instrumentation-connect': [ '0.43.1' ],
36 silly audit   '@opentelemetry/instrumentation-dataloader': [ '0.16.1' ],
36 silly audit   '@opentelemetry/instrumentation-express': [ '0.47.1' ],
36 silly audit   '@opentelemetry/instrumentation-fastify': [ '0.44.2' ],
36 silly audit   '@opentelemetry/instrumentation-fs': [ '0.19.1' ],
36 silly audit   '@opentelemetry/instrumentation-generic-pool': [ '0.43.1' ],
36 silly audit   '@opentelemetry/instrumentation-graphql': [ '0.47.1' ],
36 silly audit   '@opentelemetry/instrumentation-hapi': [ '0.45.2' ],
36 silly audit   '@opentelemetry/instrumentation-http': [ '0.57.2' ],
36 silly audit   '@opentelemetry/instrumentation-ioredis': [ '0.47.1' ],
36 silly audit   '@opentelemetry/instrumentation-kafkajs': [ '0.7.1' ],
36 silly audit   '@opentelemetry/instrumentation-knex': [ '0.44.1' ],
36 silly audit   '@opentelemetry/instrumentation-koa': [ '0.47.1' ],
36 silly audit   '@opentelemetry/instrumentation-lru-memoizer': [ '0.44.1' ],
36 silly audit   '@opentelemetry/instrumentation-mongodb': [ '0.52.0' ],
36 silly audit   '@opentelemetry/instrumentation-mongoose': [ '0.46.1' ],
36 silly audit   '@opentelemetry/instrumentation-mysql': [ '0.45.1' ],
36 silly audit   '@opentelemetry/instrumentation-mysql2': [ '0.45.2' ],
36 silly audit   '@opentelemetry/instrumentation-pg': [ '0.51.1' ],
36 silly audit   '@opentelemetry/instrumentation-redis-4': [ '0.46.1' ],
36 silly audit   '@opentelemetry/instrumentation-tedious': [ '0.18.1' ],
36 silly audit   '@opentelemetry/instrumentation-undici': [ '0.10.1' ],
36 silly audit   '@opentelemetry/redis-common': [ '0.36.2' ],
36 silly audit   '@opentelemetry/resources': [ '1.30.1' ],
36 silly audit   '@opentelemetry/sdk-trace-base': [ '1.30.1' ],
36 silly audit   '@opentelemetry/sql-common': [ '0.40.1' ],
36 silly audit   '@pkgjs/parseargs': [ '0.11.0' ],
36 silly audit   '@prisma/instrumentation': [ '6.6.0' ],
36 silly audit   '@rollup/plugin-commonjs': [ '28.0.1' ],
36 silly audit   '@rollup/pluginutils': [ '5.1.4' ],
36 silly audit   '@rollup/rollup-android-arm-eabi': [ '4.35.0' ],
36 silly audit   '@rollup/rollup-android-arm64': [ '4.35.0' ],
36 silly audit   '@rollup/rollup-darwin-arm64': [ '4.35.0' ],
36 silly audit   '@rollup/rollup-darwin-x64': [ '4.35.0' ],
36 silly audit   '@rollup/rollup-freebsd-arm64': [ '4.35.0' ],
36 silly audit   '@rollup/rollup-freebsd-x64': [ '4.35.0' ],
36 silly audit   '@rollup/rollup-linux-arm-gnueabihf': [ '4.35.0' ],
36 silly audit   '@rollup/rollup-linux-arm-musleabihf': [ '4.35.0' ],
36 silly audit   '@rollup/rollup-linux-arm64-gnu': [ '4.35.0' ],
36 silly audit   '@rollup/rollup-linux-arm64-musl': [ '4.35.0' ],
36 silly audit   '@rollup/rollup-linux-loongarch64-gnu': [ '4.35.0' ],
36 silly audit   '@rollup/rollup-linux-powerpc64le-gnu': [ '4.35.0' ],
36 silly audit   '@rollup/rollup-linux-riscv64-gnu': [ '4.35.0' ],
36 silly audit   '@rollup/rollup-linux-s390x-gnu': [ '4.35.0' ],
36 silly audit   '@rollup/rollup-linux-x64-gnu': [ '4.35.0' ],
36 silly audit   '@rollup/rollup-linux-x64-musl': [ '4.35.0' ],
36 silly audit   '@rollup/rollup-win32-arm64-msvc': [ '4.35.0' ],
36 silly audit   '@rollup/rollup-win32-ia32-msvc': [ '4.35.0' ],
36 silly audit   '@rtsao/scc': [ '1.1.0' ],
36 silly audit   '@rushstack/eslint-patch': [ '1.11.0' ],
36 silly audit   '@sentry-internal/browser-utils': [ '9.15.0' ],
36 silly audit   '@sentry-internal/feedback': [ '9.15.0' ],
36 silly audit   '@sentry-internal/replay': [ '9.15.0' ],
36 silly audit   '@sentry-internal/replay-canvas': [ '9.15.0' ],
36 silly audit   '@sentry/babel-plugin-component-annotate': [ '3.3.1' ],
36 silly audit   '@sentry/browser': [ '9.15.0' ],
36 silly audit   '@sentry/bundler-plugin-core': [ '3.3.1' ],
36 silly audit   'magic-string': [ '0.30.8', '0.30.17' ],
36 silly audit   '@sentry/cli': [ '2.42.2' ],
36 silly audit   '@sentry/cli-darwin': [ '2.42.2' ],
36 silly audit   '@sentry/cli-linux-arm': [ '2.42.2' ],
36 silly audit   '@sentry/cli-linux-arm64': [ '2.42.2' ],
36 silly audit   '@sentry/cli-linux-i686': [ '2.42.2' ],
36 silly audit   '@sentry/cli-linux-x64': [ '2.42.2' ],
36 silly audit   '@sentry/cli-win32-i686': [ '2.42.2' ],
36 silly audit   '@sentry/cli-win32-x64': [ '2.42.2' ],
36 silly audit   '@sentry/core': [ '9.15.0' ],
36 silly audit   '@sentry/nextjs': [ '9.15.0' ],
36 silly audit   '@sentry/node': [ '9.15.0' ],
36 silly audit   '@sentry/opentelemetry': [ '9.15.0' ],
36 silly audit   '@sentry/react': [ '9.15.0' ],
36 silly audit   '@sentry/vercel-edge': [ '9.15.0' ],
36 silly audit   '@sentry/webpack-plugin': [ '3.3.1' ],
36 silly audit   uuid: [ '9.0.1', '11.1.0' ],
36 silly audit   '@supabase/auth-helpers-nextjs': [ '0.7.4' ],
36 silly audit   '@supabase/auth-helpers-shared': [ '0.4.1' ],
36 silly audit   '@supabase/functions-js': [ '2.4.4' ],
36 silly audit   '@supabase/gotrue-js': [ '2.69.1' ],
36 silly audit   '@supabase/node-fetch': [ '2.6.15' ],
36 silly audit   '@supabase/postgrest-js': [ '1.19.4' ],
36 silly audit   '@supabase/realtime-js': [ '2.11.7' ],
36 silly audit   '@supabase/ssr': [ '0.6.1' ],
36 silly audit   '@supabase/storage-js': [ '2.7.3' ],
36 silly audit   '@supabase/supabase-js': [ '2.32.0' ],
36 silly audit   '@swc/counter': [ '0.1.3' ],
36 silly audit   '@swc/helpers': [ '0.5.5' ],
36 silly audit   '@tybys/wasm-util': [ '0.9.0' ],
36 silly audit   '@types/chart.js': [ '2.9.37' ],
36 silly audit   '@types/connect': [ '3.4.38' ],
36 silly audit   '@types/estree': [ '1.0.7', '1.0.6' ],
36 silly audit   '@types/json5': [ '0.0.29' ],
36 silly audit   '@types/mysql': [ '2.15.26' ],
36 silly audit   '@types/node': [ '20.5.0' ],
36 silly audit   '@types/pg': [ '8.6.1' ],
36 silly audit   '@types/pg-pool': [ '2.0.6' ],
36 silly audit   '@types/phoenix': [ '1.6.6' ],
36 silly audit   '@types/prop-types': [ '15.7.14' ],
36 silly audit   '@types/react': [ '18.2.20' ],
36 silly audit   '@types/react-dom': [ '18.2.7' ],
36 silly audit   '@types/scheduler': [ '0.26.0' ],
36 silly audit   '@types/shimmer': [ '1.2.0' ],
36 silly audit   '@types/tedious': [ '4.0.14' ],
36 silly audit   '@types/uuid': [ '10.0.0' ],
36 silly audit   '@types/ws': [ '8.18.1' ],
36 silly audit   '@typescript-eslint/eslint-plugin': [ '8.32.0' ],
36 silly audit   '@typescript-eslint/parser': [ '8.32.0' ],
36 silly audit   '@typescript-eslint/scope-manager': [ '8.32.0' ],
36 silly audit   '@typescript-eslint/type-utils': [ '8.32.0' ],
36 silly audit   '@typescript-eslint/types': [ '8.32.0' ],
36 silly audit   '@typescript-eslint/typescript-estree': [ '8.32.0' ],
36 silly audit   '@typescript-eslint/utils': [ '8.32.0' ],
36 silly audit   '@typescript-eslint/visitor-keys': [ '8.32.0' ],
36 silly audit   'eslint-visitor-keys': [ '4.2.0', '3.4.3' ],
36 silly audit   '@unrs/resolver-binding-darwin-arm64': [ '1.7.2' ],
36 silly audit   '@unrs/resolver-binding-darwin-x64': [ '1.7.2' ],
36 silly audit   '@unrs/resolver-binding-freebsd-x64': [ '1.7.2' ],
36 silly audit   '@unrs/resolver-binding-linux-arm-gnueabihf': [ '1.7.2' ],
36 silly audit   '@unrs/resolver-binding-linux-arm-musleabihf': [ '1.7.2' ],
36 silly audit   '@unrs/resolver-binding-linux-arm64-gnu': [ '1.7.2' ],
36 silly audit   '@unrs/resolver-binding-linux-arm64-musl': [ '1.7.2' ],
36 silly audit   '@unrs/resolver-binding-linux-ppc64-gnu': [ '1.7.2' ],
36 silly audit   '@unrs/resolver-binding-linux-riscv64-gnu': [ '1.7.2' ],
36 silly audit   '@unrs/resolver-binding-linux-riscv64-musl': [ '1.7.2' ],
36 silly audit   '@unrs/resolver-binding-linux-s390x-gnu': [ '1.7.2' ],
36 silly audit   '@unrs/resolver-binding-linux-x64-gnu': [ '1.7.2' ],
36 silly audit   '@unrs/resolver-binding-linux-x64-musl': [ '1.7.2' ],
36 silly audit   '@unrs/resolver-binding-wasm32-wasi': [ '1.7.2' ],
36 silly audit   '@unrs/resolver-binding-win32-arm64-msvc': [ '1.7.2' ],
36 silly audit   '@unrs/resolver-binding-win32-ia32-msvc': [ '1.7.2' ],
36 silly audit   '@unrs/resolver-binding-win32-x64-msvc': [ '1.7.2' ],
36 silly audit   acorn: [ '8.14.1' ],
36 silly audit   'acorn-import-attributes': [ '1.9.5' ],
36 silly audit   'acorn-jsx': [ '5.3.2' ],
36 silly audit   'agent-base': [ '6.0.2', '7.1.3' ],
36 silly audit   ajv: [ '6.12.6' ],
36 silly audit   'any-promise': [ '1.3.0' ],
36 silly audit   anymatch: [ '3.1.3' ],
36 silly audit   picomatch: [ '2.3.1', '4.0.2' ],
36 silly audit   arg: [ '5.0.2' ],
36 silly audit   argparse: [ '2.0.1' ],
36 silly audit   'aria-query': [ '5.3.2' ],
36 silly audit   'array-buffer-byte-length': [ '1.0.2' ],
36 silly audit   'array-includes': [ '3.1.8' ],
36 silly audit   'array.prototype.findlast': [ '1.2.5' ],
36 silly audit   'array.prototype.findlastindex': [ '1.2.6' ],
36 silly audit   'array.prototype.flat': [ '1.3.3' ],
36 silly audit   'array.prototype.flatmap': [ '1.3.3' ],
36 silly audit   'array.prototype.tosorted': [ '1.1.4' ],
36 silly audit   'arraybuffer.prototype.slice': [ '1.0.4' ],
36 silly audit   'ast-types-flow': [ '0.0.8' ],
36 silly audit   'async-function': [ '1.0.0' ],
36 silly audit   autoprefixer: [ '10.4.15' ],
36 silly audit   'available-typed-arrays': [ '1.0.7' ],
36 silly audit   'axe-core': [ '4.10.3' ],
36 silly audit   'axobject-query': [ '4.1.0' ],
36 silly audit   'balanced-match': [ '1.0.2' ],
36 silly audit   'bin-links': [ '5.0.0' ],
36 silly audit   'binary-extensions': [ '2.3.0' ],
36 silly audit   braces: [ '3.0.3' ],
36 silly audit   browserslist: [ '4.24.5' ],
36 silly audit   'bubble-stream-error': [ '1.0.0' ],
36 silly audit   busboy: [ '1.6.0' ],
36 silly audit   'call-bind': [ '1.0.8' ],
36 silly audit   'call-bind-apply-helpers': [ '1.0.2' ],
36 silly audit   'call-bound': [ '1.0.4' ],
36 silly audit   callsites: [ '3.1.0' ],
36 silly audit   'camelcase-css': [ '2.0.1' ],
36 silly audit   'caniuse-lite': [ '1.0.30001717' ],
36 silly audit   chalk: [ '3.0.0', '4.1.2' ],
36 silly audit   'chart.js': [ '4.4.0' ],
36 silly audit   chokidar: [ '3.6.0' ],
36 silly audit   'glob-parent': [ '5.1.2', '6.0.2' ],
36 silly audit   chownr: [ '3.0.0' ],
36 silly audit   'cjs-module-lexer': [ '1.4.3' ],
36 silly audit   'client-only': [ '0.0.1' ],
36 silly audit   cliui: [ '8.0.1' ],
36 silly audit   'cmd-shim': [ '7.0.0' ],
36 silly audit   color: [ '4.2.3' ],
36 silly audit   'color-convert': [ '2.0.1' ],
36 silly audit   'color-name': [ '1.1.4' ],
36 silly audit   'color-string': [ '1.9.1' ],
36 silly audit   commander: [ '4.1.1' ],
36 silly audit   commondir: [ '1.0.1' ],
36 silly audit   'concat-map': [ '0.0.1' ],
36 silly audit   'convert-source-map': [ '2.0.0' ],
36 silly audit   cookie: [ '1.0.2' ],
36 silly audit   'cross-fetch': [ '3.2.0' ],
36 silly audit   'cross-spawn': [ '7.0.6' ],
36 silly audit   cssesc: [ '3.0.0' ],
36 silly audit   'damerau-levenshtein': [ '1.0.8' ],
36 silly audit   'data-uri-to-buffer': [ '4.0.1' ],
36 silly audit   'data-view-buffer': [ '1.0.2' ],
36 silly audit   'data-view-byte-length': [ '1.0.2' ],
36 silly audit   'data-view-byte-offset': [ '1.0.1' ],
36 silly audit   'date-fns': [ '2.30.0' ],
36 silly audit   debug: [ '4.4.0', '3.2.7' ],
36 silly audit   'deep-is': [ '0.1.4' ],
36 silly audit   'define-data-property': [ '1.1.4' ],
36 silly audit   'define-properties': [ '1.2.1' ],
36 silly audit   dequal: [ '2.0.3' ],
36 silly audit   'detect-libc': [ '2.0.4' ],
36 silly audit   didyoumean: [ '1.2.2' ],
36 silly audit   dlv: [ '1.1.3' ],
36 silly audit   doctrine: [ '3.0.0', '2.1.0' ],
36 silly audit   'dot-case': [ '3.0.4' ],
36 silly audit   dotenv: [ '16.5.0' ],
36 silly audit   'dunder-proto': [ '1.0.1' ],
36 silly audit   eastasianwidth: [ '0.2.0' ],
36 silly audit   'electron-to-chromium': [ '1.5.150' ],
36 silly audit   'emoji-regex': [ '9.2.2', '8.0.0' ],
36 silly audit   'es-abstract': [ '1.23.9' ],
36 silly audit   'es-define-property': [ '1.0.1' ],
36 silly audit   'es-errors': [ '1.3.0' ],
36 silly audit   'es-iterator-helpers': [ '1.2.1' ],
36 silly audit   'es-object-atoms': [ '1.1.1' ],
36 silly audit   'es-set-tostringtag': [ '2.1.0' ],
36 silly audit   'es-shim-unscopables': [ '1.1.0' ],
36 silly audit   'es-to-primitive': [ '1.3.0' ],
36 silly audit   escalade: [ '3.2.0' ],
36 silly audit   'escape-string-regexp': [ '4.0.0' ],
36 silly audit   eslint: [ '8.47.0' ],
36 silly audit   'eslint-config-next': [ '14.2.28' ],
36 silly audit   'eslint-import-resolver-node': [ '0.3.9' ],
36 silly audit   'eslint-import-resolver-typescript': [ '3.10.1' ],
36 silly audit   'eslint-module-utils': [ '2.12.0' ],
36 silly audit   'eslint-plugin-import': [ '2.31.0' ],
36 silly audit   'eslint-plugin-jsx-a11y': [ '6.10.2' ],
36 silly audit   'eslint-plugin-react': [ '7.37.5' ],
36 silly audit   'eslint-plugin-react-hooks': [ '5.0.0-canary-7118f5dd7-20230705' ],
36 silly audit   resolve: [ '2.0.0-next.5', '1.22.8' ],
36 silly audit   'eslint-scope': [ '7.2.2' ],
36 silly audit   espree: [ '9.6.1' ],
36 silly audit   esquery: [ '1.6.0' ],
36 silly audit   esrecurse: [ '4.3.0' ],
36 silly audit   estraverse: [ '5.3.0' ],
36 silly audit   'estree-walker': [ '2.0.2' ],
36 silly audit   esutils: [ '2.0.3' ],
36 silly audit   'fast-deep-equal': [ '3.1.3' ],
36 silly audit   'fast-glob': [ '3.3.3' ],
36 silly audit   'fast-json-stable-stringify': [ '2.1.0' ],
36 silly audit   'fast-levenshtein': [ '2.0.6' ],
36 silly audit   fastq: [ '1.19.1' ],
36 silly audit   fdir: [ '6.4.4' ],
36 silly audit   'fetch-blob': [ '3.2.0' ],
36 silly audit   'file-entry-cache': [ '6.0.1' ],
36 silly audit   'fill-range': [ '7.1.1' ],
36 silly audit   'find-up': [ '5.0.0' ],
36 silly audit   'flat-cache': [ '3.2.0' ],
36 silly audit   flatted: [ '3.3.3' ],
36 silly audit   'for-each': [ '0.3.5' ],
36 silly audit   'foreground-child': [ '3.3.1' ],
36 silly audit   'formdata-polyfill': [ '4.0.10' ],
36 silly audit   'forwarded-parse': [ '2.1.2' ],
36 silly audit   'fraction.js': [ '4.3.7' ],
36 silly audit   'fs.realpath': [ '1.0.0' ],
36 silly audit   fsevents: [ '2.3.3' ],
36 silly audit   'function-bind': [ '1.1.2' ],
36 silly audit   'function.prototype.name': [ '1.1.8' ],
36 silly audit   'functions-have-names': [ '1.2.3' ],
36 silly audit   gensync: [ '1.0.0-beta.2' ],
36 silly audit   'get-caller-file': [ '2.0.5' ],
36 silly audit   'get-intrinsic': [ '1.3.0' ],
36 silly audit   'get-proto': [ '1.0.1' ],
36 silly audit   'get-symbol-description': [ '1.1.0' ],
36 silly audit   'get-tsconfig': [ '4.10.0' ],
36 silly audit   'glob-to-regexp': [ '0.4.1' ],
36 silly audit   globalthis: [ '1.0.4' ],
36 silly audit   gopd: [ '1.2.0' ],
36 silly audit   'graceful-fs': [ '4.2.11' ],
36 silly audit   graphemer: [ '1.4.0' ],
36 silly audit   'has-bigints': [ '1.1.0' ],
36 silly audit   'has-flag': [ '4.0.0' ],
36 silly audit   'has-property-descriptors': [ '1.0.2' ],
36 silly audit   'has-proto': [ '1.2.0' ],
36 silly audit   'has-symbols': [ '1.1.0' ],
36 silly audit   'has-tostringtag': [ '1.0.2' ],
36 silly audit   hasown: [ '2.0.2' ],
36 silly audit   'hoist-non-react-statics': [ '3.3.2' ],
36 silly audit   'https-proxy-agent': [ '5.0.1', '7.0.6' ],
36 silly audit   ignore: [ '5.3.2' ],
36 silly audit   'import-fresh': [ '3.3.1' ],
36 silly audit   'import-in-the-middle': [ '1.13.1' ],
36 silly audit   imurmurhash: [ '0.1.4' ],
36 silly audit   inflight: [ '1.0.6' ],
36 silly audit   inherits: [ '2.0.4' ],
36 silly audit   'internal-slot': [ '1.1.0' ],
36 silly audit   'is-array-buffer': [ '3.0.5' ],
36 silly audit   'is-arrayish': [ '0.3.2' ],
36 silly audit   'is-async-function': [ '2.1.1' ],
36 silly audit   'is-bigint': [ '1.1.0' ],
36 silly audit   'is-binary-path': [ '2.1.0' ],
36 silly audit   'is-boolean-object': [ '1.2.2' ],
36 silly audit   'is-bun-module': [ '2.0.0' ],
36 silly audit   'is-callable': [ '1.2.7' ],
36 silly audit   'is-core-module': [ '2.16.1' ],
36 silly audit   'is-data-view': [ '1.0.2' ],
36 silly audit   'is-date-object': [ '1.1.0' ],
36 silly audit   'is-directory': [ '0.3.1' ],
36 silly audit   'is-extglob': [ '2.1.1' ],
36 silly audit   'is-finalizationregistry': [ '1.1.1' ],
36 silly audit   'is-fullwidth-code-point': [ '3.0.0' ],
36 silly audit   'is-generator-function': [ '1.1.0' ],
36 silly audit   'is-glob': [ '4.0.3' ],
36 silly audit   'is-map': [ '2.0.3' ],
36 silly audit   'is-number': [ '7.0.0' ],
36 silly audit   'is-number-object': [ '1.1.1' ],
36 silly audit   'is-path-inside': [ '3.0.3' ],
36 silly audit   'is-reference': [ '1.2.1' ],
36 silly audit   'is-regex': [ '1.2.1' ],
36 silly audit   'is-set': [ '2.0.3' ],
36 silly audit   'is-shared-array-buffer': [ '1.0.4' ],
36 silly audit   'is-string': [ '1.1.1' ],
36 silly audit   'is-symbol': [ '1.1.1' ],
36 silly audit   'is-typed-array': [ '1.1.15' ],
36 silly audit   'is-weakmap': [ '2.0.2' ],
36 silly audit   'is-weakref': [ '1.1.1' ],
36 silly audit   'is-weakset': [ '2.0.4' ],
36 silly audit   isarray: [ '2.0.5' ],
36 silly audit   isexe: [ '2.0.0' ],
36 silly audit   'iterator.prototype': [ '1.1.5' ],
36 silly audit   jackspeak: [ '2.3.6', '4.1.0', '3.4.3' ],
36 silly audit   jiti: [ '1.21.7' ],
36 silly audit   jose: [ '4.15.9' ],
36 silly audit   'js-cookie': [ '3.0.5' ],
36 silly audit   'js-tokens': [ '4.0.0' ],
36 silly audit   'js-yaml': [ '4.1.0' ],
36 silly audit   jsesc: [ '3.1.0' ],
36 silly audit   'json-buffer': [ '3.0.1' ],
36 silly audit   'json-schema-traverse': [ '0.4.1' ],
36 silly audit   'json-stable-stringify-without-jsonify': [ '1.0.1' ],
36 silly audit   json5: [ '2.2.3', '1.0.2' ],
36 silly audit   'jsx-ast-utils': [ '3.3.5' ],
36 silly audit   keyv: [ '4.5.4' ],
36 silly audit   'language-subtag-registry': [ '0.3.23' ],
36 silly audit   'language-tags': [ '1.0.9' ],
36 silly audit   levn: [ '0.4.1' ],
36 silly audit   lilconfig: [ '2.1.0', '3.1.3' ],
36 silly audit   'lines-and-columns': [ '1.2.4' ],
36 silly audit   'locate-path': [ '6.0.0' ],
36 silly audit   'lodash._baseflatten': [ '3.1.4' ],
36 silly audit   'lodash._basefor': [ '3.0.3' ],
36 silly audit   'lodash._bindcallback': [ '3.0.1' ],
36 silly audit   'lodash._pickbyarray': [ '3.0.2' ],
36 silly audit   'lodash._pickbycallback': [ '3.0.0' ],
36 silly audit   'lodash.isarguments': [ '3.1.0' ],
36 silly audit   'lodash.isarray': [ '3.0.4' ],
36 silly audit   'lodash.keysin': [ '3.0.8' ],
36 silly audit   'lodash.merge': [ '4.6.2' ],
36 silly audit   'lodash.pick': [ '3.1.0' ],
36 silly audit   'lodash.restparam': [ '3.6.1' ],
36 silly audit   'loose-envify': [ '1.4.0' ],
36 silly audit   'lower-case': [ '2.0.2' ],
36 silly audit   'lru-cache': [ '5.1.1', '10.4.3', '11.1.0' ],
36 silly audit   'map-obj': [ '4.3.0' ],
36 silly audit   'math-intrinsics': [ '1.1.0' ],
36 silly audit   merge2: [ '1.4.1' ],
36 silly audit   micromatch: [ '4.0.8' ],
36 silly audit   minimist: [ '1.2.8' ],
36 silly audit   minizlib: [ '3.0.2' ],
36 silly audit   mkdirp: [ '3.0.1' ],
36 silly audit   'module-details-from-path': [ '1.0.4' ],
36 silly audit   moment: [ '2.30.1' ],
36 silly audit   ms: [ '2.1.3' ],
36 silly audit   mz: [ '2.7.0' ],
36 silly audit   nanoid: [ '3.3.11' ],
36 silly audit   'napi-postinstall': [ '0.2.3' ],
36 silly audit   'natural-compare': [ '1.4.0' ],
36 silly audit   next: [ '14.2.28' ],
36 silly audit   postcss: [ '8.4.31', '8.5.3' ],
36 silly audit   'no-case': [ '3.0.4' ],
36 silly audit   'node-domexception': [ '1.0.0' ],
36 silly audit   'node-fetch': [ '2.7.0', '3.3.2' ],
36 silly audit   'node-releases': [ '2.0.19' ],
36 silly audit   'normalize-path': [ '3.0.0' ],
36 silly audit   'normalize-range': [ '0.1.2' ],
36 silly audit   'npm-normalize-package-bin': [ '4.0.0' ],
36 silly audit   'object-assign': [ '4.1.1' ],
36 silly audit   'object-hash': [ '3.0.0' ],
36 silly audit   'object-inspect': [ '1.13.4' ],
36 silly audit   'object-keys': [ '1.1.1' ],
36 silly audit   'object.assign': [ '4.1.7' ],
36 silly audit   'object.entries': [ '1.1.9' ],
36 silly audit   'object.fromentries': [ '2.0.8' ],
36 silly audit   'object.groupby': [ '1.0.3' ],
36 silly audit   'object.values': [ '1.2.1' ],
36 silly audit   once: [ '1.4.0' ],
36 silly audit   optionator: [ '0.9.4' ],
36 silly audit   'own-keys': [ '1.0.1' ],
36 silly audit   'p-limit': [ '3.1.0' ],
36 silly audit   'p-locate': [ '5.0.0' ],
36 silly audit   'package-json-from-dist': [ '1.0.1' ],
36 silly audit   'parent-module': [ '1.0.1' ],
36 silly audit   'path-exists': [ '4.0.0' ],
36 silly audit   'path-is-absolute': [ '1.0.1' ],
36 silly audit   'path-key': [ '3.1.1' ],
36 silly audit   'path-parse': [ '1.0.7' ],
36 silly audit   'path-scurry': [ '1.11.1', '2.0.0' ],
36 silly audit   'pg-int8': [ '1.0.1' ],
36 silly audit   'pg-protocol': [ '1.9.5' ],
36 silly audit   'pg-types': [ '2.2.0' ],
36 silly audit   picocolors: [ '1.1.1' ],
36 silly audit   pify: [ '2.3.0' ],
36 silly audit   pirates: [ '4.0.7' ],
36 silly audit   'possible-typed-array-names': [ '1.1.0' ],
36 silly audit   'postcss-import': [ '15.1.0' ],
36 silly audit   'postcss-js': [ '4.0.1' ],
36 silly audit   'postcss-load-config': [ '4.0.2' ],
36 silly audit   'postcss-nested': [ '6.2.0' ],
36 silly audit   'postcss-selector-parser': [ '6.1.2' ],
36 silly audit   'postcss-value-parser': [ '4.2.0' ],
36 silly audit   'postgres-array': [ '2.0.0' ],
36 silly audit   'postgres-bytea': [ '1.0.0' ],
36 silly audit   'postgres-date': [ '1.0.7' ],
36 silly audit   'postgres-interval': [ '1.2.0' ],
36 silly audit   'prelude-ls': [ '1.2.1' ],
36 silly audit   'proc-log': [ '5.0.0' ],
36 silly audit   progress: [ '2.0.3' ],
36 silly audit   'prop-types': [ '15.8.1' ],
36 silly audit   'proxy-from-env': [ '1.1.0' ],
36 silly audit   punycode: [ '2.3.1' ],
36 silly audit   'queue-microtask': [ '1.2.3' ],
36 silly audit   react: [ '18.2.0' ],
36 silly audit   'react-chartjs-2': [ '5.2.0' ],
36 silly audit   'react-dom': [ '18.2.0' ],
36 silly audit   'react-is': [ '16.13.1' ],
36 silly audit   'read-cache': [ '1.0.0' ],
36 silly audit   'read-cmd-shim': [ '5.0.0' ],
36 silly audit   readdirp: [ '3.6.0' ],
36 silly audit   'reflect.getprototypeof': [ '1.0.10' ],
36 silly audit   'regexp.prototype.flags': [ '1.5.4' ],
36 silly audit   'require-directory': [ '2.1.1' ],
36 silly audit   'require-in-the-middle': [ '7.5.2' ],
36 silly audit   'resolve-from': [ '4.0.0' ],
36 silly audit   'resolve-pkg-maps': [ '1.0.0' ],
36 silly audit   reusify: [ '1.1.0' ],
36 silly audit   rimraf: [ '3.0.2' ],
36 silly audit   rollup: [ '4.35.0' ],
36 silly audit   '@rollup/rollup-win32-x64-msvc': [ '4.35.0' ],
36 silly audit   'run-parallel': [ '1.2.0' ],
36 silly audit   'safe-array-concat': [ '1.1.3' ],
36 silly audit   'safe-push-apply': [ '1.0.0' ],
36 silly audit   'safe-regex-test': [ '1.1.0' ],
36 silly audit   scheduler: [ '0.23.2' ],
36 silly audit   'server-only': [ '0.0.1' ],
36 silly audit   'set-cookie-parser': [ '2.7.1' ],
36 silly audit   'set-function-length': [ '1.2.2' ],
36 silly audit   'set-function-name': [ '2.0.2' ],
36 silly audit   'set-proto': [ '1.0.0' ],
36 silly audit   sharp: [ '0.33.5' ],
36 silly audit   'sharp-cli': [ '5.1.0' ],
36 silly audit   'shebang-command': [ '2.0.0' ],
36 silly audit   'shebang-regex': [ '3.0.0' ],
36 silly audit   shimmer: [ '1.2.1' ],
36 silly audit   'side-channel': [ '1.1.0' ],
36 silly audit   'side-channel-list': [ '1.0.0' ],
36 silly audit   'side-channel-map': [ '1.0.1' ],
36 silly audit   'side-channel-weakmap': [ '1.0.2' ],
36 silly audit   'signal-exit': [ '4.1.0' ],
36 silly audit   'simple-swizzle': [ '0.2.2' ],
36 silly audit   sliced: [ '1.0.1' ],
36 silly audit   'snake-case': [ '3.0.4' ],
36 silly audit   'snakecase-keys': [ '8.0.1' ],
36 silly audit   'source-map-js': [ '1.2.1' ],
36 silly audit   'stable-hash': [ '0.0.5' ],
36 silly audit   'stacktrace-parser': [ '0.1.11' ],
36 silly audit   'std-env': [ '3.9.0' ],
36 silly audit   streamsearch: [ '1.1.0' ],
36 silly audit   'string.prototype.includes': [ '2.0.1' ],
36 silly audit   'string.prototype.matchall': [ '4.0.12' ],
36 silly audit   'string.prototype.repeat': [ '1.0.0' ],
36 silly audit   'string.prototype.trim': [ '1.2.10' ],
36 silly audit   'string.prototype.trimend': [ '1.0.9' ],
36 silly audit   'string.prototype.trimstart': [ '1.0.8' ],
36 silly audit   'strip-bom': [ '3.0.0' ],
36 silly audit   'strip-json-comments': [ '3.1.1' ],
36 silly audit   'styled-jsx': [ '5.1.1' ],
36 silly audit   sucrase: [ '3.35.0' ],
36 silly audit   supabase: [ '1.226.4' ],
36 silly audit   'supports-color': [ '7.2.0' ],
36 silly audit   'supports-preserve-symlinks-flag': [ '1.0.0' ],
36 silly audit   swr: [ '2.3.3' ],
36 silly audit   tailwindcss: [ '3.3.3' ],
36 silly audit   tar: [ '7.4.3' ],
36 silly audit   yallist: [ '5.0.0', '3.1.1' ],
36 silly audit   'text-table': [ '0.2.0' ],
36 silly audit   thenify: [ '3.3.1' ],
36 silly audit   'thenify-all': [ '1.6.0' ],
36 silly audit   tinyglobby: [ '0.2.13' ],
36 silly audit   'to-regex-range': [ '5.0.1' ],
36 silly audit   tr46: [ '0.0.3' ],
36 silly audit   'ts-api-utils': [ '2.1.0' ],
36 silly audit   'ts-interface-checker': [ '0.1.13' ],
36 silly audit   'tsconfig-paths': [ '3.15.0' ],
36 silly audit   tslib: [ '2.8.1' ],
36 silly audit   'type-check': [ '0.4.0' ],
36 silly audit   'typed-array-buffer': [ '1.0.3' ],
36 silly audit   'typed-array-byte-length': [ '1.0.3' ],
36 silly audit   'typed-array-byte-offset': [ '1.0.4' ],
36 silly audit   'typed-array-length': [ '1.0.7' ],
36 silly audit   typescript: [ '5.1.6' ],
36 silly audit   'unbox-primitive': [ '1.1.0' ],
36 silly audit   unplugin: [ '1.0.1' ],
36 silly audit   'unrs-resolver': [ '1.7.2' ],
36 silly audit   'update-browserslist-db': [ '1.1.3' ],
36 silly audit   'uri-js': [ '4.4.1' ],
36 silly audit   'use-sync-external-store': [ '1.5.0' ],
36 silly audit   'util-deprecate': [ '1.0.2' ],
36 silly audit   'web-streams-polyfill': [ '3.3.3' ],
36 silly audit   'webidl-conversions': [ '3.0.1' ],
36 silly audit   'webpack-sources': [ '3.2.3' ],
36 silly audit   'webpack-virtual-modules': [ '0.5.0' ],
36 silly audit   'whatwg-url': [ '5.0.0' ],
36 silly audit   which: [ '2.0.2' ],
36 silly audit   'which-boxed-primitive': [ '1.1.1' ],
36 silly audit   'which-builtin-type': [ '1.2.1' ],
36 silly audit   'which-collection': [ '1.0.2' ],
36 silly audit   'which-typed-array': [ '1.1.19' ],
36 silly audit   'word-wrap': [ '1.2.5' ],
36 silly audit   wrappy: [ '1.0.2' ],
36 silly audit   'write-file-atomic': [ '6.0.0' ],
36 silly audit   ws: [ '8.18.2' ],
36 silly audit   xtend: [ '4.0.2' ],
36 silly audit   y18n: [ '5.0.8' ],
36 silly audit   yaml: [ '2.7.1' ],
36 silly audit   yargs: [ '17.7.2' ],
36 silly audit   'yargs-parser': [ '21.1.1' ],
36 silly audit   'yocto-queue': [ '0.1.0' ],
36 silly audit   '@hookform/resolvers': [ '5.0.1' ],
36 silly audit   'react-hook-form': [ '7.56.3' ],
36 silly audit   zod: [ '3.24.4' ],
36 silly audit   '@standard-schema/utils': [ '0.3.0' ]
36 silly audit }
37 http cache @standard-schema/utils@https://registry.npmjs.org/@standard-schema/utils/-/utils-0.3.0.tgz 0ms (cache hit)
38 http cache zod@https://registry.npmjs.org/zod/-/zod-3.24.4.tgz 0ms (cache hit)
39 silly tarball no local data for @standard-schema/utils@https://registry.npmjs.org/@standard-schema/utils/-/utils-0.3.0.tgz. Extracting by manifest.
40 http cache react-hook-form@https://registry.npmjs.org/react-hook-form/-/react-hook-form-7.56.3.tgz 0ms (cache hit)
41 silly tarball no local data for zod@https://registry.npmjs.org/zod/-/zod-3.24.4.tgz. Extracting by manifest.
42 http cache @hookform/resolvers@https://registry.npmjs.org/@hookform/resolvers/-/resolvers-5.0.1.tgz 0ms (cache hit)
43 silly tarball no local data for react-hook-form@https://registry.npmjs.org/react-hook-form/-/react-hook-form-7.56.3.tgz. Extracting by manifest.
44 silly tarball no local data for @hookform/resolvers@https://registry.npmjs.org/@hookform/resolvers/-/resolvers-5.0.1.tgz. Extracting by manifest.
45 http fetch GET 200 https://registry.npmjs.org/@standard-schema/utils/-/utils-0.3.0.tgz 114ms (cache miss)
46 http fetch GET 200 https://registry.npmjs.org/zod/-/zod-3.24.4.tgz 209ms (cache miss)
47 http fetch POST 200 https://registry.npmjs.org/-/npm/v1/security/advisories/bulk 271ms
48 silly audit report {}
49 http fetch GET 200 https://registry.npmjs.org/react-hook-form/-/react-hook-form-7.56.3.tgz 392ms (cache miss)
50 http fetch GET 200 https://registry.npmjs.org/@hookform/resolvers/-/resolvers-5.0.1.tgz 673ms (cache miss)
51 silly ADD node_modules/@standard-schema/utils
52 silly ADD node_modules/zod
53 silly ADD node_modules/react-hook-form
54 silly ADD node_modules/@hookform/resolvers
55 verbose cwd C:\Users\akito\git\calculator
56 verbose os Windows_NT 10.0.26100
57 verbose node v20.19.1
58 verbose npm  v11.3.0
59 verbose exit 0
60 info ok
