0 verbose cli C:\Program Files\nodejs\node.exe C:\Users\akito\AppData\Roaming\npm\node_modules\npm\bin\npm-cli.js
1 info using npm@11.3.0
2 info using node@v20.19.1
3 silly config load:file:C:\Users\akito\AppData\Roaming\npm\node_modules\npm\npmrc
4 silly config load:file:C:\Users\akito\git\calculator\.npmrc
5 silly config load:file:C:\Users\akito\.npmrc
6 silly config load:file:C:\Users\akito\AppData\Roaming\npm\etc\npmrc
7 verbose title npm exec @sentry/wizard@latest -i nextjs --saas --org personal-f3i --project javascript-nextjs
8 verbose argv "exec" "--" "@sentry/wizard@latest" "-i" "nextjs" "--saas" "--org" "personal-f3i" "--project" "javascript-nextjs"
9 verbose logfile logs-max:10 dir:C:\Users\akito\git\calculator\%APPDATA%\npm-cache\_logs\2025-05-05T06_54_52_044Z-
10 verbose logfile C:\Users\akito\git\calculator\%APPDATA%\npm-cache\_logs\2025-05-05T06_54_52_044Z-debug-0.log
11 silly logfile start cleaning logs, removing 1 files
12 silly logfile done cleaning log files
13 silly packumentCache heap:4345298944 maxSize:1086324736 maxEntrySize:543162368
14 http fetch GET 200 https://registry.npmjs.org/@sentry%2fwizard 2117ms (cache miss)
15 silly packumentCache heap:4345298944 maxSize:1086324736 maxEntrySize:543162368
16 silly packumentCache heap:4345298944 maxSize:1086324736 maxEntrySize:543162368
17 silly idealTree buildDeps
18 silly fetch manifest @sentry/wizard@4.8.0
19 silly packumentCache full:https://registry.npmjs.org/@sentry%2fwizard cache-miss
20 http fetch GET 200 https://registry.npmjs.org/@sentry%2fwizard 1241ms (cache miss)
21 silly packumentCache full:https://registry.npmjs.org/@sentry%2fwizard set size:undefined disposed:false
22 silly placeDep ROOT @sentry/wizard@4.8.0 OK for:  want: 4.8.0
23 silly fetch manifest @clack/core@^0.3.4
24 silly packumentCache full:https://registry.npmjs.org/@clack%2fcore cache-miss
25 silly fetch manifest @clack/prompts@0.7.0
26 silly packumentCache full:https://registry.npmjs.org/@clack%2fprompts cache-miss
27 silly fetch manifest @sentry/node@^7.119.2
28 silly packumentCache full:https://registry.npmjs.org/@sentry%2fnode cache-miss
29 silly fetch manifest axios@1.8.2
30 silly packumentCache full:https://registry.npmjs.org/axios cache-miss
31 silly fetch manifest chalk@^2.4.1
32 silly packumentCache full:https://registry.npmjs.org/chalk cache-miss
33 silly fetch manifest glob@9.3.5
34 silly packumentCache full:https://registry.npmjs.org/glob cache-miss
35 silly fetch manifest inquirer@^6.2.0
36 silly packumentCache full:https://registry.npmjs.org/inquirer cache-miss
37 silly fetch manifest magicast@^0.2.10
38 silly packumentCache full:https://registry.npmjs.org/magicast cache-miss
39 silly fetch manifest opn@^5.4.0
40 silly packumentCache full:https://registry.npmjs.org/opn cache-miss
41 silly fetch manifest read-env@^1.3.0
42 silly packumentCache full:https://registry.npmjs.org/read-env cache-miss
43 silly fetch manifest recast@^0.23.3
44 silly packumentCache full:https://registry.npmjs.org/recast cache-miss
45 http fetch GET 200 https://registry.npmjs.org/axios 103ms (cache miss)
46 silly packumentCache full:https://registry.npmjs.org/axios set size:undefined disposed:false
47 silly fetch manifest semver@^7.5.3
48 silly packumentCache full:https://registry.npmjs.org/semver cache-miss
49 http fetch GET 200 https://registry.npmjs.org/opn 132ms (cache miss)
50 silly packumentCache full:https://registry.npmjs.org/opn set size:undefined disposed:false
51 silly fetch manifest xcode@3.0.1
52 silly packumentCache full:https://registry.npmjs.org/xcode cache-miss
53 http fetch GET 200 https://registry.npmjs.org/magicast 139ms (cache miss)
54 silly packumentCache full:https://registry.npmjs.org/magicast set size:undefined disposed:false
55 silly fetch manifest xml-js@^1.6.11
56 silly packumentCache full:https://registry.npmjs.org/xml-js cache-miss
57 http fetch GET 200 https://registry.npmjs.org/chalk 151ms (cache updated)
58 silly packumentCache full:https://registry.npmjs.org/chalk set size:undefined disposed:false
59 silly fetch manifest yargs@^16.2.0
60 silly packumentCache full:https://registry.npmjs.org/yargs cache-miss
61 http fetch GET 200 https://registry.npmjs.org/recast 160ms (cache miss)
62 silly packumentCache full:https://registry.npmjs.org/recast set size:undefined disposed:false
63 http fetch GET 200 https://registry.npmjs.org/glob 171ms (cache updated)
64 silly packumentCache full:https://registry.npmjs.org/glob set size:undefined disposed:false
65 http fetch GET 200 https://registry.npmjs.org/semver 75ms (cache updated)
66 silly packumentCache full:https://registry.npmjs.org/semver set size:undefined disposed:false
67 http fetch GET 200 https://registry.npmjs.org/read-env 191ms (cache miss)
68 silly packumentCache full:https://registry.npmjs.org/read-env set size:undefined disposed:false
69 http fetch GET 200 https://registry.npmjs.org/inquirer 208ms (cache miss)
70 silly packumentCache full:https://registry.npmjs.org/inquirer set size:undefined disposed:false
71 http fetch GET 200 https://registry.npmjs.org/yargs 69ms (cache miss)
72 silly packumentCache full:https://registry.npmjs.org/yargs set size:undefined disposed:false
73 http fetch GET 200 https://registry.npmjs.org/xml-js 110ms (cache miss)
74 silly packumentCache full:https://registry.npmjs.org/xml-js set size:undefined disposed:false
75 http fetch GET 200 https://registry.npmjs.org/xcode 132ms (cache miss)
76 silly packumentCache full:https://registry.npmjs.org/xcode set size:undefined disposed:false
77 http fetch GET 200 https://registry.npmjs.org/@clack%2fcore 392ms (cache miss)
78 silly packumentCache full:https://registry.npmjs.org/@clack%2fcore set size:undefined disposed:false
79 http fetch GET 200 https://registry.npmjs.org/@clack%2fprompts 397ms (cache miss)
80 silly packumentCache full:https://registry.npmjs.org/@clack%2fprompts set size:undefined disposed:false
81 http fetch GET 200 https://registry.npmjs.org/@sentry%2fnode 415ms (cache updated)
82 silly packumentCache full:https://registry.npmjs.org/@sentry%2fnode set size:undefined disposed:false
83 silly placeDep ROOT @clack/core@0.3.5 OK for: @sentry/wizard@4.8.0 want: ^0.3.4
84 silly placeDep ROOT @clack/prompts@0.7.0 OK for: @sentry/wizard@4.8.0 want: 0.7.0
85 silly placeDep ROOT @sentry/node@7.120.3 OK for: @sentry/wizard@4.8.0 want: ^7.119.2
86 silly placeDep ROOT axios@1.8.2 OK for: @sentry/wizard@4.8.0 want: 1.8.2
87 silly placeDep ROOT chalk@2.4.2 OK for: @sentry/wizard@4.8.0 want: ^2.4.1
88 silly placeDep ROOT glob@9.3.5 OK for: @sentry/wizard@4.8.0 want: 9.3.5
89 silly placeDep ROOT inquirer@6.5.2 OK for: @sentry/wizard@4.8.0 want: ^6.2.0
90 silly placeDep ROOT magicast@0.2.11 OK for: @sentry/wizard@4.8.0 want: ^0.2.10
91 silly placeDep ROOT opn@5.5.0 OK for: @sentry/wizard@4.8.0 want: ^5.4.0
92 silly placeDep ROOT read-env@1.3.0 OK for: @sentry/wizard@4.8.0 want: ^1.3.0
93 silly placeDep ROOT recast@0.23.11 OK for: @sentry/wizard@4.8.0 want: ^0.23.3
94 silly placeDep ROOT semver@7.7.1 OK for: @sentry/wizard@4.8.0 want: ^7.5.3
95 silly placeDep ROOT xcode@3.0.1 OK for: @sentry/wizard@4.8.0 want: 3.0.1
96 silly placeDep ROOT xml-js@1.6.11 OK for: @sentry/wizard@4.8.0 want: ^1.6.11
97 silly placeDep ROOT yargs@16.2.0 OK for: @sentry/wizard@4.8.0 want: ^16.2.0
98 silly fetch manifest picocolors@^1.0.0
99 silly packumentCache full:https://registry.npmjs.org/picocolors cache-miss
100 silly fetch manifest sisteransi@^1.0.5
101 silly packumentCache full:https://registry.npmjs.org/sisteransi cache-miss
102 silly fetch manifest picocolors@^1.0.0
103 silly packumentCache full:https://registry.npmjs.org/picocolors cache-miss
104 silly fetch manifest sisteransi@^1.0.5
105 silly packumentCache full:https://registry.npmjs.org/sisteransi cache-miss
106 silly fetch manifest @sentry/core@7.120.3
107 silly packumentCache full:https://registry.npmjs.org/@sentry%2fcore cache-miss
108 silly fetch manifest @sentry/types@7.120.3
109 silly packumentCache full:https://registry.npmjs.org/@sentry%2ftypes cache-miss
110 silly fetch manifest @sentry/utils@7.120.3
111 silly packumentCache full:https://registry.npmjs.org/@sentry%2futils cache-miss
112 silly fetch manifest @sentry/integrations@7.120.3
113 silly packumentCache full:https://registry.npmjs.org/@sentry%2fintegrations cache-miss
114 silly fetch manifest @sentry-internal/tracing@7.120.3
115 silly packumentCache full:https://registry.npmjs.org/@sentry-internal%2ftracing cache-miss
116 silly fetch manifest form-data@^4.0.0
117 silly packumentCache full:https://registry.npmjs.org/form-data cache-miss
118 silly fetch manifest proxy-from-env@^1.1.0
119 silly packumentCache full:https://registry.npmjs.org/proxy-from-env cache-miss
120 http fetch GET 200 https://registry.npmjs.org/picocolors 53ms (cache updated)
121 silly packumentCache full:https://registry.npmjs.org/picocolors set size:undefined disposed:false
122 silly fetch manifest follow-redirects@^1.15.6
123 silly packumentCache full:https://registry.npmjs.org/follow-redirects cache-miss
124 http fetch GET 200 https://registry.npmjs.org/picocolors 57ms (cache updated)
125 silly packumentCache full:https://registry.npmjs.org/picocolors set size:undefined disposed:false
126 silly fetch manifest ansi-styles@^3.2.1
127 silly packumentCache full:https://registry.npmjs.org/ansi-styles cache-miss
128 http fetch GET 200 https://registry.npmjs.org/proxy-from-env 53ms (cache updated)
129 silly packumentCache full:https://registry.npmjs.org/proxy-from-env set size:undefined disposed:false
130 silly fetch manifest supports-color@^5.3.0
131 silly packumentCache full:https://registry.npmjs.org/supports-color cache-miss
132 http fetch GET 200 https://registry.npmjs.org/sisteransi 58ms (cache miss)
133 silly packumentCache full:https://registry.npmjs.org/sisteransi set size:undefined disposed:false
134 silly fetch manifest escape-string-regexp@^1.0.5
135 silly packumentCache full:https://registry.npmjs.org/escape-string-regexp cache-miss
136 http fetch GET 200 https://registry.npmjs.org/sisteransi 60ms (cache miss)
137 silly packumentCache full:https://registry.npmjs.org/sisteransi set size:undefined disposed:false
138 silly fetch manifest minipass@^4.2.4
139 silly packumentCache full:https://registry.npmjs.org/minipass cache-miss
140 http fetch GET 200 https://registry.npmjs.org/form-data 73ms (cache updated)
141 silly packumentCache full:https://registry.npmjs.org/form-data set size:undefined disposed:false
142 silly fetch manifest minimatch@^8.0.2
143 silly packumentCache full:https://registry.npmjs.org/minimatch cache-miss
144 http fetch GET 200 https://registry.npmjs.org/escape-string-regexp 53ms (cache updated)
145 silly packumentCache full:https://registry.npmjs.org/escape-string-regexp set size:undefined disposed:false
146 silly fetch manifest fs.realpath@^1.0.0
147 silly packumentCache full:https://registry.npmjs.org/fs.realpath cache-miss
148 http fetch GET 200 https://registry.npmjs.org/supports-color 59ms (cache updated)
149 silly packumentCache full:https://registry.npmjs.org/supports-color set size:undefined disposed:false
150 silly fetch manifest path-scurry@^1.6.1
151 silly packumentCache full:https://registry.npmjs.org/path-scurry cache-miss
152 http fetch GET 200 https://registry.npmjs.org/ansi-styles 64ms (cache updated)
153 silly packumentCache full:https://registry.npmjs.org/ansi-styles set size:undefined disposed:false
154 silly fetch manifest rxjs@^6.4.0
155 silly packumentCache full:https://registry.npmjs.org/rxjs cache-miss
156 http fetch GET 200 https://registry.npmjs.org/follow-redirects 75ms (cache miss)
157 silly packumentCache full:https://registry.npmjs.org/follow-redirects set size:undefined disposed:false
158 silly fetch manifest lodash@^4.17.12
159 silly packumentCache full:https://registry.npmjs.org/lodash cache-miss
160 http fetch GET 200 https://registry.npmjs.org/minipass 75ms (cache updated)
161 silly packumentCache full:https://registry.npmjs.org/minipass set size:undefined disposed:false
162 silly fetch manifest figures@^2.0.0
163 silly packumentCache full:https://registry.npmjs.org/figures cache-miss
164 http fetch GET 200 https://registry.npmjs.org/minimatch 66ms (cache updated)
165 silly packumentCache full:https://registry.npmjs.org/minimatch set size:undefined disposed:false
166 silly fetch manifest through@^2.3.6
167 silly packumentCache full:https://registry.npmjs.org/through cache-miss
168 http fetch GET 200 https://registry.npmjs.org/fs.realpath 51ms (cache updated)
169 silly packumentCache full:https://registry.npmjs.org/fs.realpath set size:undefined disposed:false
170 silly fetch manifest cli-width@^2.0.0
171 silly packumentCache full:https://registry.npmjs.org/cli-width cache-miss
172 http fetch GET 200 https://registry.npmjs.org/rxjs 53ms (cache miss)
173 silly packumentCache full:https://registry.npmjs.org/rxjs set size:undefined disposed:false
174 silly fetch manifest run-async@^2.2.0
175 silly packumentCache full:https://registry.npmjs.org/run-async cache-miss
176 http fetch GET 200 https://registry.npmjs.org/lodash 54ms (cache miss)
177 silly packumentCache full:https://registry.npmjs.org/lodash set size:undefined disposed:false
178 silly fetch manifest cli-cursor@^2.1.0
179 silly packumentCache full:https://registry.npmjs.org/cli-cursor cache-miss
180 http fetch GET 200 https://registry.npmjs.org/path-scurry 73ms (cache updated)
181 silly packumentCache full:https://registry.npmjs.org/path-scurry set size:undefined disposed:false
182 silly fetch manifest strip-ansi@^5.1.0
183 silly packumentCache full:https://registry.npmjs.org/strip-ansi cache-miss
184 http fetch GET 200 https://registry.npmjs.org/through 54ms (cache miss)
185 silly packumentCache full:https://registry.npmjs.org/through set size:undefined disposed:false
186 silly fetch manifest mute-stream@0.0.7
187 silly packumentCache full:https://registry.npmjs.org/mute-stream cache-miss
188 http fetch GET 200 https://registry.npmjs.org/cli-width 57ms (cache miss)
189 silly packumentCache full:https://registry.npmjs.org/cli-width set size:undefined disposed:false
190 silly fetch manifest ansi-escapes@^3.2.0
191 silly packumentCache full:https://registry.npmjs.org/ansi-escapes cache-miss
192 http fetch GET 200 https://registry.npmjs.org/strip-ansi 38ms (cache updated)
193 silly packumentCache full:https://registry.npmjs.org/strip-ansi set size:undefined disposed:false
194 silly fetch manifest string-width@^2.1.0
195 silly packumentCache full:https://registry.npmjs.org/string-width cache-miss
196 http fetch GET 200 https://registry.npmjs.org/cli-cursor 58ms (cache miss)
197 silly packumentCache full:https://registry.npmjs.org/cli-cursor set size:undefined disposed:false
198 silly fetch manifest external-editor@^3.0.3
199 silly packumentCache full:https://registry.npmjs.org/external-editor cache-miss
200 http fetch GET 200 https://registry.npmjs.org/ansi-escapes 52ms (cache miss)
201 silly packumentCache full:https://registry.npmjs.org/ansi-escapes set size:undefined disposed:false
202 silly fetch manifest recast@^0.23.4
203 silly packumentCache full:https://registry.npmjs.org/recast cache-miss
204 http fetch GET 200 https://registry.npmjs.org/string-width 54ms (cache updated)
205 silly packumentCache full:https://registry.npmjs.org/string-width set size:undefined disposed:false
206 silly fetch manifest @babel/types@^7.22.17
207 silly packumentCache full:https://registry.npmjs.org/@babel%2ftypes cache-miss
208 http cache https://registry.npmjs.org/recast 22ms (cache hit)
209 silly packumentCache full:https://registry.npmjs.org/recast set size:525922 disposed:false
210 silly fetch manifest @babel/parser@^7.22.16
211 silly packumentCache full:https://registry.npmjs.org/@babel%2fparser cache-miss
212 http fetch GET 200 https://registry.npmjs.org/run-async 118ms (cache miss)
213 silly packumentCache full:https://registry.npmjs.org/run-async set size:undefined disposed:false
214 silly fetch manifest is-wsl@^1.1.0
215 silly packumentCache full:https://registry.npmjs.org/is-wsl cache-miss
216 http fetch GET 200 https://registry.npmjs.org/external-editor 66ms (cache miss)
217 silly packumentCache full:https://registry.npmjs.org/external-editor set size:undefined disposed:false
218 silly fetch manifest camelcase@5.0.0
219 silly packumentCache full:https://registry.npmjs.org/camelcase cache-miss
220 http fetch GET 200 https://registry.npmjs.org/mute-stream 116ms (cache miss)
221 silly packumentCache full:https://registry.npmjs.org/mute-stream set size:undefined disposed:false
222 silly fetch manifest ast-types@^0.16.1
223 silly packumentCache full:https://registry.npmjs.org/ast-types cache-miss
224 http fetch GET 200 https://registry.npmjs.org/is-wsl 37ms (cache miss)
225 silly packumentCache full:https://registry.npmjs.org/is-wsl set size:undefined disposed:false
226 silly fetch manifest esprima@~4.0.0
227 silly packumentCache full:https://registry.npmjs.org/esprima cache-miss
228 http fetch GET 200 https://registry.npmjs.org/@sentry%2ftypes 374ms (cache miss)
229 silly packumentCache full:https://registry.npmjs.org/@sentry%2ftypes set size:undefined disposed:false
230 silly fetch manifest source-map@~0.6.1
231 silly packumentCache full:https://registry.npmjs.org/source-map cache-miss
232 http fetch GET 200 https://registry.npmjs.org/camelcase 99ms (cache updated)
233 silly packumentCache full:https://registry.npmjs.org/camelcase set size:undefined disposed:false
234 silly fetch manifest tiny-invariant@^1.3.3
235 silly packumentCache full:https://registry.npmjs.org/tiny-invariant cache-miss
236 http fetch GET 200 https://registry.npmjs.org/ast-types 99ms (cache miss)
237 silly packumentCache full:https://registry.npmjs.org/ast-types set size:undefined disposed:false
238 silly fetch manifest tslib@^2.0.1
239 silly packumentCache full:https://registry.npmjs.org/tslib cache-miss
240 http fetch GET 200 https://registry.npmjs.org/esprima 88ms (cache miss)
241 silly packumentCache full:https://registry.npmjs.org/esprima set size:undefined disposed:false
242 silly fetch manifest uuid@^7.0.3
243 silly packumentCache full:https://registry.npmjs.org/uuid cache-miss
244 http fetch GET 200 https://registry.npmjs.org/@babel%2ftypes 142ms (cache updated)
245 silly packumentCache full:https://registry.npmjs.org/@babel%2ftypes set size:undefined disposed:false
246 silly fetch manifest simple-plist@^1.1.0
247 silly packumentCache full:https://registry.npmjs.org/simple-plist cache-miss
248 http fetch GET 200 https://registry.npmjs.org/@babel%2fparser 140ms (cache updated)
249 silly packumentCache full:https://registry.npmjs.org/@babel%2fparser set size:undefined disposed:false
250 silly fetch manifest sax@^1.2.4
251 silly packumentCache full:https://registry.npmjs.org/sax cache-miss
252 http fetch GET 200 https://registry.npmjs.org/@sentry%2futils 451ms (cache miss)
253 silly packumentCache full:https://registry.npmjs.org/@sentry%2futils set size:undefined disposed:false
254 silly fetch manifest y18n@^5.0.5
255 silly packumentCache full:https://registry.npmjs.org/y18n cache-miss
256 http fetch GET 200 https://registry.npmjs.org/tiny-invariant 78ms (cache miss)
257 silly packumentCache full:https://registry.npmjs.org/tiny-invariant set size:undefined disposed:false
258 silly fetch manifest cliui@^7.0.2
259 silly packumentCache full:https://registry.npmjs.org/cliui cache-miss
260 http fetch GET 200 https://registry.npmjs.org/simple-plist 59ms (cache miss)
261 silly packumentCache full:https://registry.npmjs.org/simple-plist set size:undefined disposed:false
262 silly fetch manifest escalade@^3.1.1
263 silly packumentCache full:https://registry.npmjs.org/escalade cache-miss
264 http fetch GET 200 https://registry.npmjs.org/source-map 108ms (cache miss)
265 silly packumentCache full:https://registry.npmjs.org/source-map set size:undefined disposed:false
266 silly fetch manifest string-width@^4.2.0
267 silly packumentCache full:https://registry.npmjs.org/string-width cache-miss
268 http fetch GET 200 https://registry.npmjs.org/tslib 94ms (cache updated)
269 silly packumentCache full:https://registry.npmjs.org/tslib set size:undefined disposed:false
270 silly fetch manifest yargs-parser@^20.2.2
271 silly packumentCache full:https://registry.npmjs.org/yargs-parser cache-miss
272 http fetch GET 200 https://registry.npmjs.org/sax 80ms (cache miss)
273 silly packumentCache full:https://registry.npmjs.org/sax set size:undefined disposed:false
274 silly fetch manifest get-caller-file@^2.0.5
275 silly packumentCache full:https://registry.npmjs.org/get-caller-file cache-miss
276 http cache https://registry.npmjs.org/string-width 33ms (cache hit)
277 silly packumentCache full:https://registry.npmjs.org/string-width set size:61460 disposed:false
278 silly fetch manifest require-directory@^2.1.1
279 silly packumentCache full:https://registry.npmjs.org/require-directory cache-miss
280 http fetch GET 200 https://registry.npmjs.org/y18n 84ms (cache miss)
281 silly packumentCache full:https://registry.npmjs.org/y18n set size:undefined disposed:false
282 http fetch GET 200 https://registry.npmjs.org/uuid 128ms (cache updated)
283 silly packumentCache full:https://registry.npmjs.org/uuid set size:undefined disposed:false
284 http fetch GET 200 https://registry.npmjs.org/cliui 69ms (cache miss)
285 silly packumentCache full:https://registry.npmjs.org/cliui set size:undefined disposed:false
286 http fetch GET 200 https://registry.npmjs.org/yargs-parser 49ms (cache miss)
287 silly packumentCache full:https://registry.npmjs.org/yargs-parser set size:undefined disposed:false
288 http fetch GET 200 https://registry.npmjs.org/@sentry%2fcore 580ms (cache updated)
289 silly packumentCache full:https://registry.npmjs.org/@sentry%2fcore set size:undefined disposed:false
290 http fetch GET 200 https://registry.npmjs.org/escalade 96ms (cache updated)
291 silly packumentCache full:https://registry.npmjs.org/escalade set size:undefined disposed:false
292 http fetch GET 200 https://registry.npmjs.org/require-directory 51ms (cache miss)
293 silly packumentCache full:https://registry.npmjs.org/require-directory set size:undefined disposed:false
294 http fetch GET 200 https://registry.npmjs.org/get-caller-file 66ms (cache miss)
295 silly packumentCache full:https://registry.npmjs.org/get-caller-file set size:undefined disposed:false
296 http fetch GET 200 https://registry.npmjs.org/figures 484ms (cache miss)
297 silly packumentCache full:https://registry.npmjs.org/figures set size:undefined disposed:false
298 http fetch GET 200 https://registry.npmjs.org/@sentry%2fintegrations 1283ms (cache miss)
299 silly packumentCache full:https://registry.npmjs.org/@sentry%2fintegrations set size:undefined disposed:false
300 http fetch GET 200 https://registry.npmjs.org/@sentry-internal%2ftracing 1515ms (cache miss)
301 silly packumentCache full:https://registry.npmjs.org/@sentry-internal%2ftracing set size:undefined disposed:false
302 silly placeDep ROOT picocolors@1.1.1 OK for: @clack/core@0.3.5 want: ^1.0.0
303 silly placeDep ROOT sisteransi@1.0.5 OK for: @clack/core@0.3.5 want: ^1.0.5
304 silly placeDep ROOT @sentry-internal/tracing@7.120.3 OK for: @sentry/node@7.120.3 want: 7.120.3
305 silly placeDep ROOT @sentry/core@7.120.3 OK for: @sentry/node@7.120.3 want: 7.120.3
306 silly placeDep ROOT @sentry/integrations@7.120.3 OK for: @sentry/node@7.120.3 want: 7.120.3
307 silly placeDep ROOT @sentry/types@7.120.3 OK for: @sentry/node@7.120.3 want: 7.120.3
308 silly placeDep ROOT @sentry/utils@7.120.3 OK for: @sentry/node@7.120.3 want: 7.120.3
309 silly fetch manifest localforage@^1.8.1
310 silly packumentCache full:https://registry.npmjs.org/localforage cache-miss
311 http fetch GET 200 https://registry.npmjs.org/localforage 57ms (cache miss)
312 silly packumentCache full:https://registry.npmjs.org/localforage set size:undefined disposed:false
313 silly placeDep ROOT localforage@1.10.0 OK for: @sentry/integrations@7.120.3 want: ^1.8.1
314 silly fetch manifest lie@3.1.1
315 silly packumentCache full:https://registry.npmjs.org/lie cache-miss
316 http fetch GET 200 https://registry.npmjs.org/lie 36ms (cache miss)
317 silly packumentCache full:https://registry.npmjs.org/lie set size:undefined disposed:false
318 silly placeDep ROOT follow-redirects@1.15.9 OK for: axios@1.8.2 want: ^1.15.6
319 silly placeDep ROOT form-data@4.0.2 OK for: axios@1.8.2 want: ^4.0.0
320 silly placeDep ROOT proxy-from-env@1.1.0 OK for: axios@1.8.2 want: ^1.1.0
321 silly fetch manifest asynckit@^0.4.0
322 silly packumentCache full:https://registry.npmjs.org/asynckit cache-miss
323 silly fetch manifest combined-stream@^1.0.8
324 silly packumentCache full:https://registry.npmjs.org/combined-stream cache-miss
325 silly fetch manifest es-set-tostringtag@^2.1.0
326 silly packumentCache full:https://registry.npmjs.org/es-set-tostringtag cache-miss
327 silly fetch manifest mime-types@^2.1.12
328 silly packumentCache full:https://registry.npmjs.org/mime-types cache-miss
329 http fetch GET 200 https://registry.npmjs.org/mime-types 32ms (cache updated)
330 silly packumentCache full:https://registry.npmjs.org/mime-types set size:undefined disposed:false
331 http fetch GET 200 https://registry.npmjs.org/es-set-tostringtag 40ms (cache updated)
332 silly packumentCache full:https://registry.npmjs.org/es-set-tostringtag set size:undefined disposed:false
333 http fetch GET 200 https://registry.npmjs.org/combined-stream 41ms (cache updated)
334 silly packumentCache full:https://registry.npmjs.org/combined-stream set size:undefined disposed:false
335 http fetch GET 200 https://registry.npmjs.org/asynckit 48ms (cache updated)
336 silly packumentCache full:https://registry.npmjs.org/asynckit set size:undefined disposed:false
337 silly placeDep ROOT ansi-styles@3.2.1 OK for: chalk@2.4.2 want: ^3.2.1
338 silly placeDep ROOT escape-string-regexp@1.0.5 OK for: chalk@2.4.2 want: ^1.0.5
339 silly placeDep ROOT supports-color@5.5.0 OK for: chalk@2.4.2 want: ^5.3.0
340 silly fetch manifest color-convert@^1.9.0
341 silly packumentCache full:https://registry.npmjs.org/color-convert cache-miss
342 silly fetch manifest has-flag@^3.0.0
343 silly packumentCache full:https://registry.npmjs.org/has-flag cache-miss
344 http fetch GET 200 https://registry.npmjs.org/color-convert 44ms (cache updated)
345 silly packumentCache full:https://registry.npmjs.org/color-convert set size:undefined disposed:false
346 http fetch GET 200 https://registry.npmjs.org/has-flag 49ms (cache updated)
347 silly packumentCache full:https://registry.npmjs.org/has-flag set size:undefined disposed:false
348 silly placeDep ROOT color-convert@1.9.3 OK for: ansi-styles@3.2.1 want: ^1.9.0
349 silly fetch manifest color-name@1.1.3
350 silly packumentCache full:https://registry.npmjs.org/color-name cache-miss
351 http fetch GET 200 https://registry.npmjs.org/color-name 35ms (cache updated)
352 silly packumentCache full:https://registry.npmjs.org/color-name set size:undefined disposed:false
353 silly placeDep ROOT color-name@1.1.3 OK for: color-convert@1.9.3 want: 1.1.3
354 silly placeDep ROOT asynckit@0.4.0 OK for: form-data@4.0.2 want: ^0.4.0
355 silly placeDep ROOT combined-stream@1.0.8 OK for: form-data@4.0.2 want: ^1.0.8
356 silly placeDep ROOT es-set-tostringtag@2.1.0 OK for: form-data@4.0.2 want: ^2.1.0
357 silly placeDep ROOT mime-types@2.1.35 OK for: form-data@4.0.2 want: ^2.1.12
358 silly fetch manifest delayed-stream@~1.0.0
359 silly packumentCache full:https://registry.npmjs.org/delayed-stream cache-miss
360 silly fetch manifest es-errors@^1.3.0
361 silly packumentCache full:https://registry.npmjs.org/es-errors cache-miss
362 silly fetch manifest get-intrinsic@^1.2.6
363 silly packumentCache full:https://registry.npmjs.org/get-intrinsic cache-miss
364 silly fetch manifest has-tostringtag@^1.0.2
365 silly packumentCache full:https://registry.npmjs.org/has-tostringtag cache-miss
366 silly fetch manifest hasown@^2.0.2
367 silly packumentCache full:https://registry.npmjs.org/hasown cache-miss
368 silly fetch manifest mime-db@1.52.0
369 silly packumentCache full:https://registry.npmjs.org/mime-db cache-miss
370 http fetch GET 200 https://registry.npmjs.org/hasown 44ms (cache updated)
371 silly packumentCache full:https://registry.npmjs.org/hasown set size:undefined disposed:false
372 http fetch GET 200 https://registry.npmjs.org/has-tostringtag 45ms (cache updated)
373 silly packumentCache full:https://registry.npmjs.org/has-tostringtag set size:undefined disposed:false
374 http fetch GET 200 https://registry.npmjs.org/get-intrinsic 49ms (cache updated)
375 silly packumentCache full:https://registry.npmjs.org/get-intrinsic set size:undefined disposed:false
376 http fetch GET 200 https://registry.npmjs.org/delayed-stream 52ms (cache updated)
377 silly packumentCache full:https://registry.npmjs.org/delayed-stream set size:undefined disposed:false
378 http fetch GET 200 https://registry.npmjs.org/es-errors 54ms (cache updated)
379 silly packumentCache full:https://registry.npmjs.org/es-errors set size:undefined disposed:false
380 http fetch GET 200 https://registry.npmjs.org/mime-db 493ms (cache updated)
381 silly packumentCache full:https://registry.npmjs.org/mime-db set size:undefined disposed:false
382 silly placeDep ROOT delayed-stream@1.0.0 OK for: combined-stream@1.0.8 want: ~1.0.0
383 silly placeDep ROOT es-errors@1.3.0 OK for: es-set-tostringtag@2.1.0 want: ^1.3.0
384 silly placeDep ROOT get-intrinsic@1.3.0 OK for: es-set-tostringtag@2.1.0 want: ^1.2.6
385 silly placeDep ROOT has-tostringtag@1.0.2 OK for: es-set-tostringtag@2.1.0 want: ^1.0.2
386 silly placeDep ROOT hasown@2.0.2 OK for: es-set-tostringtag@2.1.0 want: ^2.0.2
387 silly fetch manifest call-bind-apply-helpers@^1.0.2
388 silly packumentCache full:https://registry.npmjs.org/call-bind-apply-helpers cache-miss
389 silly fetch manifest es-define-property@^1.0.1
390 silly packumentCache full:https://registry.npmjs.org/es-define-property cache-miss
391 silly fetch manifest es-object-atoms@^1.1.1
392 silly packumentCache full:https://registry.npmjs.org/es-object-atoms cache-miss
393 silly fetch manifest function-bind@^1.1.2
394 silly packumentCache full:https://registry.npmjs.org/function-bind cache-miss
395 silly fetch manifest get-proto@^1.0.1
396 silly packumentCache full:https://registry.npmjs.org/get-proto cache-miss
397 silly fetch manifest gopd@^1.2.0
398 silly packumentCache full:https://registry.npmjs.org/gopd cache-miss
399 silly fetch manifest has-symbols@^1.1.0
400 silly packumentCache full:https://registry.npmjs.org/has-symbols cache-miss
401 silly fetch manifest math-intrinsics@^1.1.0
402 silly packumentCache full:https://registry.npmjs.org/math-intrinsics cache-miss
403 silly fetch manifest has-symbols@^1.0.3
404 silly packumentCache full:https://registry.npmjs.org/has-symbols cache-miss
405 silly fetch manifest function-bind@^1.1.2
406 silly packumentCache full:https://registry.npmjs.org/function-bind cache-miss
407 http fetch GET 200 https://registry.npmjs.org/gopd 107ms (cache updated)
408 silly packumentCache full:https://registry.npmjs.org/gopd set size:undefined disposed:false
409 http fetch GET 200 https://registry.npmjs.org/math-intrinsics 106ms (cache updated)
410 silly packumentCache full:https://registry.npmjs.org/math-intrinsics set size:undefined disposed:false
411 http fetch GET 200 https://registry.npmjs.org/es-define-property 110ms (cache updated)
412 silly packumentCache full:https://registry.npmjs.org/es-define-property set size:undefined disposed:false
413 http fetch GET 200 https://registry.npmjs.org/function-bind 106ms (cache updated)
414 silly packumentCache full:https://registry.npmjs.org/function-bind set size:undefined disposed:false
415 http fetch GET 200 https://registry.npmjs.org/has-symbols 108ms (cache updated)
416 silly packumentCache full:https://registry.npmjs.org/has-symbols set size:undefined disposed:false
417 http fetch GET 200 https://registry.npmjs.org/has-symbols 109ms (cache updated)
418 silly packumentCache full:https://registry.npmjs.org/has-symbols set size:undefined disposed:false
419 http fetch GET 200 https://registry.npmjs.org/function-bind 111ms (cache updated)
420 silly packumentCache full:https://registry.npmjs.org/function-bind set size:undefined disposed:false
421 http fetch GET 200 https://registry.npmjs.org/call-bind-apply-helpers 113ms (cache updated)
422 silly packumentCache full:https://registry.npmjs.org/call-bind-apply-helpers set size:undefined disposed:false
423 http fetch GET 200 https://registry.npmjs.org/get-proto 111ms (cache updated)
424 silly packumentCache full:https://registry.npmjs.org/get-proto set size:undefined disposed:false
425 http fetch GET 200 https://registry.npmjs.org/es-object-atoms 113ms (cache updated)
426 silly packumentCache full:https://registry.npmjs.org/es-object-atoms set size:undefined disposed:false
427 silly placeDep ROOT call-bind-apply-helpers@1.0.2 OK for: get-intrinsic@1.3.0 want: ^1.0.2
428 silly placeDep ROOT es-define-property@1.0.1 OK for: get-intrinsic@1.3.0 want: ^1.0.1
429 silly placeDep ROOT es-object-atoms@1.1.1 OK for: get-intrinsic@1.3.0 want: ^1.1.1
430 silly placeDep ROOT function-bind@1.1.2 OK for: get-intrinsic@1.3.0 want: ^1.1.2
431 silly placeDep ROOT get-proto@1.0.1 OK for: get-intrinsic@1.3.0 want: ^1.0.1
432 silly placeDep ROOT gopd@1.2.0 OK for: get-intrinsic@1.3.0 want: ^1.2.0
433 silly placeDep ROOT has-symbols@1.1.0 OK for: get-intrinsic@1.3.0 want: ^1.1.0
434 silly placeDep ROOT math-intrinsics@1.1.0 OK for: get-intrinsic@1.3.0 want: ^1.1.0
435 silly fetch manifest dunder-proto@^1.0.1
436 silly packumentCache full:https://registry.npmjs.org/dunder-proto cache-miss
437 http fetch GET 200 https://registry.npmjs.org/dunder-proto 38ms (cache updated)
438 silly packumentCache full:https://registry.npmjs.org/dunder-proto set size:undefined disposed:false
439 silly placeDep ROOT dunder-proto@1.0.1 OK for: get-proto@1.0.1 want: ^1.0.1
440 silly placeDep ROOT fs.realpath@1.0.0 OK for: glob@9.3.5 want: ^1.0.0
441 silly placeDep ROOT minimatch@8.0.4 OK for: glob@9.3.5 want: ^8.0.2
442 silly placeDep ROOT minipass@4.2.8 OK for: glob@9.3.5 want: ^4.2.4
443 silly placeDep ROOT path-scurry@1.11.1 OK for: glob@9.3.5 want: ^1.6.1
444 silly fetch manifest brace-expansion@^2.0.1
445 silly packumentCache full:https://registry.npmjs.org/brace-expansion cache-miss
446 silly fetch manifest minipass@^5.0.0 || ^6.0.2 || ^7.0.0
447 silly packumentCache full:https://registry.npmjs.org/minipass cache-miss
448 silly fetch manifest lru-cache@^10.2.0
449 silly packumentCache full:https://registry.npmjs.org/lru-cache cache-miss
450 http cache https://registry.npmjs.org/minipass 10ms (cache hit)
451 silly packumentCache full:https://registry.npmjs.org/minipass set size:490195 disposed:false
452 http fetch GET 200 https://registry.npmjs.org/brace-expansion 48ms (cache updated)
453 silly packumentCache full:https://registry.npmjs.org/brace-expansion set size:undefined disposed:false
454 http fetch GET 200 https://registry.npmjs.org/lru-cache 54ms (cache updated)
455 silly packumentCache full:https://registry.npmjs.org/lru-cache set size:undefined disposed:false
456 silly placeDep ROOT ansi-escapes@3.2.0 OK for: inquirer@6.5.2 want: ^3.2.0
457 silly placeDep ROOT cli-cursor@2.1.0 OK for: inquirer@6.5.2 want: ^2.1.0
458 silly placeDep ROOT cli-width@2.2.1 OK for: inquirer@6.5.2 want: ^2.0.0
459 silly placeDep ROOT external-editor@3.1.0 OK for: inquirer@6.5.2 want: ^3.0.3
460 silly placeDep ROOT figures@2.0.0 OK for: inquirer@6.5.2 want: ^2.0.0
461 silly placeDep ROOT lodash@4.17.21 OK for: inquirer@6.5.2 want: ^4.17.12
462 silly placeDep ROOT mute-stream@0.0.7 OK for: inquirer@6.5.2 want: 0.0.7
463 silly placeDep ROOT run-async@2.4.1 OK for: inquirer@6.5.2 want: ^2.2.0
464 silly placeDep ROOT rxjs@6.6.7 OK for: inquirer@6.5.2 want: ^6.4.0
465 silly placeDep ROOT string-width@2.1.1 OK for: inquirer@6.5.2 want: ^2.1.0
466 silly placeDep ROOT strip-ansi@5.2.0 OK for: inquirer@6.5.2 want: ^5.1.0
467 silly placeDep ROOT through@2.3.8 OK for: inquirer@6.5.2 want: ^2.3.6
468 silly fetch manifest restore-cursor@^2.0.0
469 silly packumentCache full:https://registry.npmjs.org/restore-cursor cache-miss
470 silly fetch manifest chardet@^0.7.0
471 silly packumentCache full:https://registry.npmjs.org/chardet cache-miss
472 silly fetch manifest iconv-lite@^0.4.24
473 silly packumentCache full:https://registry.npmjs.org/iconv-lite cache-miss
474 silly fetch manifest tmp@^0.0.33
475 silly packumentCache full:https://registry.npmjs.org/tmp cache-miss
476 silly fetch manifest tslib@^1.9.0
477 silly packumentCache full:https://registry.npmjs.org/tslib cache-miss
478 silly fetch manifest strip-ansi@^4.0.0
479 silly packumentCache full:https://registry.npmjs.org/strip-ansi cache-miss
480 silly fetch manifest is-fullwidth-code-point@^2.0.0
481 silly packumentCache full:https://registry.npmjs.org/is-fullwidth-code-point cache-miss
482 silly fetch manifest ansi-regex@^4.1.0
483 silly packumentCache full:https://registry.npmjs.org/ansi-regex cache-miss
484 http cache https://registry.npmjs.org/tslib 15ms (cache hit)
485 silly packumentCache full:https://registry.npmjs.org/tslib set size:108872 disposed:false
486 http cache https://registry.npmjs.org/strip-ansi 16ms (cache hit)
487 silly packumentCache full:https://registry.npmjs.org/strip-ansi set size:43180 disposed:false
488 http fetch GET 200 https://registry.npmjs.org/restore-cursor 30ms (cache miss)
489 silly packumentCache full:https://registry.npmjs.org/restore-cursor set size:undefined disposed:false
490 http fetch GET 200 https://registry.npmjs.org/is-fullwidth-code-point 50ms (cache updated)
491 silly packumentCache full:https://registry.npmjs.org/is-fullwidth-code-point set size:undefined disposed:false
492 http fetch GET 200 https://registry.npmjs.org/ansi-regex 52ms (cache updated)
493 silly packumentCache full:https://registry.npmjs.org/ansi-regex set size:undefined disposed:false
494 http fetch GET 200 https://registry.npmjs.org/chardet 55ms (cache miss)
495 silly packumentCache full:https://registry.npmjs.org/chardet set size:undefined disposed:false
496 http fetch GET 200 https://registry.npmjs.org/iconv-lite 57ms (cache updated)
497 silly packumentCache full:https://registry.npmjs.org/iconv-lite set size:undefined disposed:false
498 http fetch GET 200 https://registry.npmjs.org/tmp 60ms (cache miss)
499 silly packumentCache full:https://registry.npmjs.org/tmp set size:undefined disposed:false
500 silly placeDep ROOT restore-cursor@2.0.0 OK for: cli-cursor@2.1.0 want: ^2.0.0
501 silly fetch manifest onetime@^2.0.0
502 silly packumentCache full:https://registry.npmjs.org/onetime cache-miss
503 silly fetch manifest signal-exit@^3.0.2
504 silly packumentCache full:https://registry.npmjs.org/signal-exit cache-miss
505 http fetch GET 200 https://registry.npmjs.org/signal-exit 39ms (cache updated)
506 silly packumentCache full:https://registry.npmjs.org/signal-exit set size:undefined disposed:false
507 http fetch GET 200 https://registry.npmjs.org/onetime 42ms (cache miss)
508 silly packumentCache full:https://registry.npmjs.org/onetime set size:undefined disposed:false
509 silly placeDep ROOT chardet@0.7.0 OK for: external-editor@3.1.0 want: ^0.7.0
510 silly placeDep ROOT iconv-lite@0.4.24 OK for: external-editor@3.1.0 want: ^0.4.24
511 silly placeDep ROOT tmp@0.0.33 OK for: external-editor@3.1.0 want: ^0.0.33
512 silly fetch manifest safer-buffer@>= 2.1.2 < 3
513 silly packumentCache full:https://registry.npmjs.org/safer-buffer cache-miss
514 silly fetch manifest os-tmpdir@~1.0.2
515 silly packumentCache full:https://registry.npmjs.org/os-tmpdir cache-miss
516 http fetch GET 200 https://registry.npmjs.org/safer-buffer 36ms (cache updated)
517 silly packumentCache full:https://registry.npmjs.org/safer-buffer set size:undefined disposed:false
518 http fetch GET 200 https://registry.npmjs.org/os-tmpdir 37ms (cache miss)
519 silly packumentCache full:https://registry.npmjs.org/os-tmpdir set size:undefined disposed:false
520 silly placeDep ROOT safer-buffer@2.1.2 OK for: iconv-lite@0.4.24 want: >= 2.1.2 < 3
521 silly placeDep ROOT lie@3.1.1 OK for: localforage@1.10.0 want: 3.1.1
522 silly fetch manifest immediate@~3.0.5
523 silly packumentCache full:https://registry.npmjs.org/immediate cache-miss
524 http fetch GET 200 https://registry.npmjs.org/immediate 34ms (cache miss)
525 silly packumentCache full:https://registry.npmjs.org/immediate set size:undefined disposed:false
526 silly placeDep ROOT immediate@3.0.6 OK for: lie@3.1.1 want: ~3.0.5
527 silly placeDep ROOT @babel/parser@7.27.1 OK for: magicast@0.2.11 want: ^7.22.16
528 silly placeDep ROOT @babel/types@7.27.1 OK for: magicast@0.2.11 want: ^7.22.17
529 silly fetch manifest @babel/types@^7.27.1
530 silly packumentCache full:https://registry.npmjs.org/@babel%2ftypes cache-miss
531 silly fetch manifest @babel/helper-string-parser@^7.27.1
532 silly packumentCache full:https://registry.npmjs.org/@babel%2fhelper-string-parser cache-miss
533 silly fetch manifest @babel/helper-validator-identifier@^7.27.1
534 silly packumentCache full:https://registry.npmjs.org/@babel%2fhelper-validator-identifier cache-miss
535 http cache https://registry.npmjs.org/@babel%2ftypes 10ms (cache hit)
536 silly packumentCache full:https://registry.npmjs.org/@babel%2ftypes set size:452481 disposed:false
537 http fetch GET 200 https://registry.npmjs.org/@babel%2fhelper-string-parser 48ms (cache updated)
538 silly packumentCache full:https://registry.npmjs.org/@babel%2fhelper-string-parser set size:undefined disposed:false
539 http fetch GET 200 https://registry.npmjs.org/@babel%2fhelper-validator-identifier 48ms (cache updated)
540 silly packumentCache full:https://registry.npmjs.org/@babel%2fhelper-validator-identifier set size:undefined disposed:false
541 silly placeDep ROOT @babel/helper-string-parser@7.27.1 OK for: @babel/types@7.27.1 want: ^7.27.1
542 silly placeDep ROOT @babel/helper-validator-identifier@7.27.1 OK for: @babel/types@7.27.1 want: ^7.27.1
543 silly placeDep ROOT mime-db@1.52.0 OK for: mime-types@2.1.35 want: 1.52.0
544 silly placeDep ROOT brace-expansion@2.0.1 OK for: minimatch@8.0.4 want: ^2.0.1
545 silly fetch manifest balanced-match@^1.0.0
546 silly packumentCache full:https://registry.npmjs.org/balanced-match cache-miss
547 http fetch GET 200 https://registry.npmjs.org/balanced-match 55ms (cache updated)
548 silly packumentCache full:https://registry.npmjs.org/balanced-match set size:undefined disposed:false
549 silly placeDep ROOT balanced-match@1.0.2 OK for: brace-expansion@2.0.1 want: ^1.0.0
550 silly placeDep ROOT is-wsl@1.1.0 OK for: opn@5.5.0 want: ^1.1.0
551 silly placeDep ROOT lru-cache@10.4.3 OK for: path-scurry@1.11.1 want: ^10.2.0
552 silly placeDep node_modules/path-scurry minipass@7.1.2 OK for: path-scurry@1.11.1 want: ^5.0.0 || ^6.0.2 || ^7.0.0
553 silly placeDep ROOT camelcase@5.0.0 OK for: read-env@1.3.0 want: 5.0.0
554 silly placeDep ROOT ast-types@0.16.1 OK for: recast@0.23.11 want: ^0.16.1
555 silly placeDep ROOT esprima@4.0.1 OK for: recast@0.23.11 want: ~4.0.0
556 silly placeDep ROOT source-map@0.6.1 OK for: recast@0.23.11 want: ~0.6.1
557 silly placeDep ROOT tiny-invariant@1.3.3 OK for: recast@0.23.11 want: ^1.3.3
558 silly placeDep ROOT tslib@2.8.1 OK for: recast@0.23.11 want: ^2.0.1
559 silly placeDep ROOT onetime@2.0.1 OK for: restore-cursor@2.0.0 want: ^2.0.0
560 silly placeDep ROOT signal-exit@3.0.7 OK for: restore-cursor@2.0.0 want: ^3.0.2
561 silly fetch manifest mimic-fn@^1.0.0
562 silly packumentCache full:https://registry.npmjs.org/mimic-fn cache-miss
563 http fetch GET 200 https://registry.npmjs.org/mimic-fn 38ms (cache miss)
564 silly packumentCache full:https://registry.npmjs.org/mimic-fn set size:undefined disposed:false
565 silly placeDep ROOT mimic-fn@1.2.0 OK for: onetime@2.0.1 want: ^1.0.0
566 silly placeDep node_modules/rxjs tslib@1.14.1 OK for: rxjs@6.6.7 want: ^1.9.0
567 silly placeDep ROOT is-fullwidth-code-point@2.0.0 OK for: string-width@2.1.1 want: ^2.0.0
568 silly placeDep node_modules/string-width strip-ansi@4.0.0 OK for: string-width@2.1.1 want: ^4.0.0
569 silly fetch manifest ansi-regex@^3.0.0
570 silly packumentCache full:https://registry.npmjs.org/ansi-regex cache-miss
571 http cache https://registry.npmjs.org/ansi-regex 6ms (cache hit)
572 silly packumentCache full:https://registry.npmjs.org/ansi-regex set size:41869 disposed:false
573 silly placeDep ROOT ansi-regex@4.1.1 OK for: strip-ansi@5.2.0 want: ^4.1.0
574 silly placeDep ROOT has-flag@3.0.0 OK for: supports-color@5.5.0 want: ^3.0.0
575 silly placeDep ROOT os-tmpdir@1.0.2 OK for: tmp@0.0.33 want: ~1.0.2
576 silly placeDep ROOT simple-plist@1.3.1 OK for: xcode@3.0.1 want: ^1.1.0
577 silly placeDep ROOT uuid@7.0.3 OK for: xcode@3.0.1 want: ^7.0.3
578 silly fetch manifest bplist-creator@0.1.0
579 silly packumentCache full:https://registry.npmjs.org/bplist-creator cache-miss
580 silly fetch manifest bplist-parser@0.3.1
581 silly packumentCache full:https://registry.npmjs.org/bplist-parser cache-miss
582 silly fetch manifest plist@^3.0.5
583 silly packumentCache full:https://registry.npmjs.org/plist cache-miss
584 http fetch GET 200 https://registry.npmjs.org/bplist-creator 36ms (cache miss)
585 silly packumentCache full:https://registry.npmjs.org/bplist-creator set size:undefined disposed:false
586 http fetch GET 200 https://registry.npmjs.org/plist 38ms (cache miss)
587 silly packumentCache full:https://registry.npmjs.org/plist set size:undefined disposed:false
588 http fetch GET 200 https://registry.npmjs.org/bplist-parser 45ms (cache miss)
589 silly packumentCache full:https://registry.npmjs.org/bplist-parser set size:undefined disposed:false
590 silly placeDep ROOT bplist-creator@0.1.0 OK for: simple-plist@1.3.1 want: 0.1.0
591 silly placeDep ROOT bplist-parser@0.3.1 OK for: simple-plist@1.3.1 want: 0.3.1
592 silly placeDep ROOT plist@3.1.0 OK for: simple-plist@1.3.1 want: ^3.0.5
593 silly fetch manifest stream-buffers@2.2.x
594 silly packumentCache full:https://registry.npmjs.org/stream-buffers cache-miss
595 silly fetch manifest big-integer@1.6.x
596 silly packumentCache full:https://registry.npmjs.org/big-integer cache-miss
597 silly fetch manifest @xmldom/xmldom@^0.8.8
598 silly packumentCache full:https://registry.npmjs.org/@xmldom%2fxmldom cache-miss
599 silly fetch manifest base64-js@^1.5.1
600 silly packumentCache full:https://registry.npmjs.org/base64-js cache-miss
601 silly fetch manifest xmlbuilder@^15.1.1
602 silly packumentCache full:https://registry.npmjs.org/xmlbuilder cache-miss
603 http fetch GET 200 https://registry.npmjs.org/xmlbuilder 37ms (cache miss)
604 silly packumentCache full:https://registry.npmjs.org/xmlbuilder set size:undefined disposed:false
605 http fetch GET 200 https://registry.npmjs.org/big-integer 43ms (cache miss)
606 silly packumentCache full:https://registry.npmjs.org/big-integer set size:undefined disposed:false
607 http fetch GET 200 https://registry.npmjs.org/base64-js 51ms (cache miss)
608 silly packumentCache full:https://registry.npmjs.org/base64-js set size:undefined disposed:false
609 http fetch GET 200 https://registry.npmjs.org/stream-buffers 56ms (cache miss)
610 silly packumentCache full:https://registry.npmjs.org/stream-buffers set size:undefined disposed:false
611 http fetch GET 200 https://registry.npmjs.org/@xmldom%2fxmldom 298ms (cache miss)
612 silly packumentCache full:https://registry.npmjs.org/@xmldom%2fxmldom set size:undefined disposed:false
613 silly placeDep ROOT stream-buffers@2.2.0 OK for: bplist-creator@0.1.0 want: 2.2.x
614 silly placeDep ROOT big-integer@1.6.52 OK for: bplist-parser@0.3.1 want: 1.6.x
615 silly placeDep ROOT @xmldom/xmldom@0.8.10 OK for: plist@3.1.0 want: ^0.8.8
616 silly placeDep ROOT base64-js@1.5.1 OK for: plist@3.1.0 want: ^1.5.1
617 silly placeDep ROOT xmlbuilder@15.1.1 OK for: plist@3.1.0 want: ^15.1.1
618 silly placeDep ROOT sax@1.4.1 OK for: xml-js@1.6.11 want: ^1.2.4
619 silly placeDep ROOT cliui@7.0.4 OK for: yargs@16.2.0 want: ^7.0.2
620 silly placeDep ROOT escalade@3.2.0 OK for: yargs@16.2.0 want: ^3.1.1
621 silly placeDep ROOT get-caller-file@2.0.5 OK for: yargs@16.2.0 want: ^2.0.5
622 silly placeDep ROOT require-directory@2.1.1 OK for: yargs@16.2.0 want: ^2.1.1
623 silly placeDep node_modules/yargs string-width@4.2.3 OK for: yargs@16.2.0 want: ^4.2.0
624 silly placeDep ROOT y18n@5.0.8 OK for: yargs@16.2.0 want: ^5.0.5
625 silly placeDep ROOT yargs-parser@20.2.9 OK for: yargs@16.2.0 want: ^20.2.2
626 silly fetch manifest wrap-ansi@^7.0.0
627 silly packumentCache full:https://registry.npmjs.org/wrap-ansi cache-miss
628 silly fetch manifest strip-ansi@^6.0.0
629 silly packumentCache full:https://registry.npmjs.org/strip-ansi cache-hit
630 silly fetch manifest strip-ansi@^6.0.1
631 silly packumentCache full:https://registry.npmjs.org/strip-ansi cache-hit
632 silly fetch manifest emoji-regex@^8.0.0
633 silly packumentCache full:https://registry.npmjs.org/emoji-regex cache-miss
634 silly fetch manifest is-fullwidth-code-point@^3.0.0
635 silly packumentCache full:https://registry.npmjs.org/is-fullwidth-code-point cache-miss
636 http cache https://registry.npmjs.org/is-fullwidth-code-point 8ms (cache hit)
637 silly packumentCache full:https://registry.npmjs.org/is-fullwidth-code-point set size:12553 disposed:false
638 http fetch GET 200 https://registry.npmjs.org/wrap-ansi 33ms (cache updated)
639 silly packumentCache full:https://registry.npmjs.org/wrap-ansi set size:undefined disposed:false
640 http fetch GET 200 https://registry.npmjs.org/emoji-regex 38ms (cache updated)
641 silly packumentCache full:https://registry.npmjs.org/emoji-regex set size:undefined disposed:false
642 silly placeDep node_modules/cliui string-width@4.2.3 OK for: cliui@7.0.4 want: ^4.2.0
643 silly placeDep node_modules/cliui strip-ansi@6.0.1 OK for: cliui@7.0.4 want: ^6.0.0
644 silly placeDep ROOT wrap-ansi@7.0.0 OK for: cliui@7.0.4 want: ^7.0.0
645 silly fetch manifest ansi-regex@^5.0.1
646 silly packumentCache full:https://registry.npmjs.org/ansi-regex cache-hit
647 silly fetch manifest ansi-styles@^4.0.0
648 silly packumentCache full:https://registry.npmjs.org/ansi-styles cache-miss
649 silly fetch manifest string-width@^4.1.0
650 silly packumentCache full:https://registry.npmjs.org/string-width cache-hit
651 http cache https://registry.npmjs.org/ansi-styles 9ms (cache hit)
652 silly packumentCache full:https://registry.npmjs.org/ansi-styles set size:66356 disposed:false
653 silly placeDep node_modules/wrap-ansi ansi-styles@4.3.0 OK for: wrap-ansi@7.0.0 want: ^4.0.0
654 silly placeDep node_modules/wrap-ansi string-width@4.2.3 OK for: wrap-ansi@7.0.0 want: ^4.1.0
655 silly placeDep node_modules/wrap-ansi strip-ansi@6.0.1 OK for: wrap-ansi@7.0.0 want: ^6.0.0
656 silly fetch manifest color-convert@^2.0.1
657 silly packumentCache full:https://registry.npmjs.org/color-convert cache-miss
658 http cache https://registry.npmjs.org/color-convert 6ms (cache hit)
659 silly packumentCache full:https://registry.npmjs.org/color-convert set size:66477 disposed:false
660 silly placeDep ROOT emoji-regex@8.0.0 OK for: string-width@4.2.3 want: ^8.0.0
661 silly placeDep node_modules/cliui is-fullwidth-code-point@3.0.0 OK for: string-width@4.2.3 want: ^3.0.0
662 silly placeDep node_modules/cliui ansi-regex@5.0.1 OK for: strip-ansi@6.0.1 want: ^5.0.1
663 silly placeDep node_modules/string-width ansi-regex@3.0.1 OK for: strip-ansi@4.0.0 want: ^3.0.0
664 silly placeDep node_modules/wrap-ansi color-convert@2.0.1 OK for: ansi-styles@4.3.0 want: ^2.0.1
665 silly fetch manifest color-name@~1.1.4
666 silly packumentCache full:https://registry.npmjs.org/color-name cache-miss
667 http cache https://registry.npmjs.org/color-name 6ms (cache hit)
668 silly packumentCache full:https://registry.npmjs.org/color-name set size:16325 disposed:false
669 silly placeDep node_modules/wrap-ansi color-name@1.1.4 OK for: color-convert@2.0.1 want: ~1.1.4
670 silly placeDep node_modules/wrap-ansi is-fullwidth-code-point@3.0.0 OK for: string-width@4.2.3 want: ^3.0.0
671 silly placeDep node_modules/wrap-ansi ansi-regex@5.0.1 OK for: strip-ansi@6.0.1 want: ^5.0.1
672 silly placeDep node_modules/yargs is-fullwidth-code-point@3.0.0 OK for: string-width@4.2.3 want: ^3.0.0
673 silly placeDep node_modules/yargs strip-ansi@6.0.1 OK for: string-width@4.2.3 want: ^6.0.1
674 silly placeDep node_modules/yargs ansi-regex@5.0.1 OK for: strip-ansi@6.0.1 want: ^5.0.1
675 silly reify moves {}
676 http cache @clack/prompts@https://registry.npmjs.org/@clack/prompts/-/prompts-0.7.0.tgz 0ms (cache hit)
677 silly tarball no local data for @clack/prompts@https://registry.npmjs.org/@clack/prompts/-/prompts-0.7.0.tgz. Extracting by manifest.
678 http fetch GET 200 https://registry.npmjs.org/@clack/prompts/-/prompts-0.7.0.tgz 77ms (cache miss)
679 silly audit bulk request {
679 silly audit   '@sentry/wizard': [ '4.8.0' ],
679 silly audit   '@clack/core': [ '0.3.5' ],
679 silly audit   '@sentry/node': [ '7.120.3' ],
679 silly audit   axios: [ '1.8.2' ],
679 silly audit   chalk: [ '2.4.2' ],
679 silly audit   glob: [ '9.3.5' ],
679 silly audit   inquirer: [ '6.5.2' ],
679 silly audit   magicast: [ '0.2.11' ],
679 silly audit   opn: [ '5.5.0' ],
679 silly audit   'read-env': [ '1.3.0' ],
679 silly audit   recast: [ '0.23.11' ],
679 silly audit   semver: [ '7.7.1' ],
679 silly audit   xcode: [ '3.0.1' ],
679 silly audit   'xml-js': [ '1.6.11' ],
679 silly audit   yargs: [ '16.2.0' ],
679 silly audit   picocolors: [ '1.1.1' ],
679 silly audit   sisteransi: [ '1.0.5' ],
679 silly audit   '@sentry-internal/tracing': [ '7.120.3' ],
679 silly audit   '@sentry/core': [ '7.120.3' ],
679 silly audit   '@sentry/integrations': [ '7.120.3' ],
679 silly audit   '@sentry/types': [ '7.120.3' ],
679 silly audit   '@sentry/utils': [ '7.120.3' ],
679 silly audit   localforage: [ '1.10.0' ],
679 silly audit   'follow-redirects': [ '1.15.9' ],
679 silly audit   'form-data': [ '4.0.2' ],
679 silly audit   'proxy-from-env': [ '1.1.0' ],
679 silly audit   'ansi-styles': [ '3.2.1', '4.3.0' ],
679 silly audit   'escape-string-regexp': [ '1.0.5' ],
679 silly audit   'supports-color': [ '5.5.0' ],
679 silly audit   'color-convert': [ '1.9.3', '2.0.1' ],
679 silly audit   'color-name': [ '1.1.3', '1.1.4' ],
679 silly audit   asynckit: [ '0.4.0' ],
679 silly audit   'combined-stream': [ '1.0.8' ],
679 silly audit   'es-set-tostringtag': [ '2.1.0' ],
679 silly audit   'mime-types': [ '2.1.35' ],
679 silly audit   'delayed-stream': [ '1.0.0' ],
679 silly audit   'es-errors': [ '1.3.0' ],
679 silly audit   'get-intrinsic': [ '1.3.0' ],
679 silly audit   'has-tostringtag': [ '1.0.2' ],
679 silly audit   hasown: [ '2.0.2' ],
679 silly audit   'call-bind-apply-helpers': [ '1.0.2' ],
679 silly audit   'es-define-property': [ '1.0.1' ],
679 silly audit   'es-object-atoms': [ '1.1.1' ],
679 silly audit   'function-bind': [ '1.1.2' ],
679 silly audit   'get-proto': [ '1.0.1' ],
679 silly audit   gopd: [ '1.2.0' ],
679 silly audit   'has-symbols': [ '1.1.0' ],
679 silly audit   'math-intrinsics': [ '1.1.0' ],
679 silly audit   'dunder-proto': [ '1.0.1' ],
679 silly audit   'fs.realpath': [ '1.0.0' ],
679 silly audit   minimatch: [ '8.0.4' ],
679 silly audit   minipass: [ '4.2.8', '7.1.2' ],
679 silly audit   'path-scurry': [ '1.11.1' ],
679 silly audit   'ansi-escapes': [ '3.2.0' ],
679 silly audit   'cli-cursor': [ '2.1.0' ],
679 silly audit   'cli-width': [ '2.2.1' ],
679 silly audit   'external-editor': [ '3.1.0' ],
679 silly audit   figures: [ '2.0.0' ],
679 silly audit   lodash: [ '4.17.21' ],
679 silly audit   'mute-stream': [ '0.0.7' ],
679 silly audit   'run-async': [ '2.4.1' ],
679 silly audit   rxjs: [ '6.6.7' ],
679 silly audit   'string-width': [ '2.1.1', '4.2.3' ],
679 silly audit   'strip-ansi': [ '5.2.0', '4.0.0', '6.0.1' ],
679 silly audit   through: [ '2.3.8' ],
679 silly audit   'restore-cursor': [ '2.0.0' ],
679 silly audit   chardet: [ '0.7.0' ],
679 silly audit   'iconv-lite': [ '0.4.24' ],
679 silly audit   tmp: [ '0.0.33' ],
679 silly audit   'safer-buffer': [ '2.1.2' ],
679 silly audit   lie: [ '3.1.1' ],
679 silly audit   immediate: [ '3.0.6' ],
679 silly audit   '@babel/parser': [ '7.27.1' ],
679 silly audit   '@babel/types': [ '7.27.1' ],
679 silly audit   '@babel/helper-string-parser': [ '7.27.1' ],
679 silly audit   '@babel/helper-validator-identifier': [ '7.27.1' ],
679 silly audit   'mime-db': [ '1.52.0' ],
679 silly audit   'brace-expansion': [ '2.0.1' ],
679 silly audit   'balanced-match': [ '1.0.2' ],
679 silly audit   'is-wsl': [ '1.1.0' ],
679 silly audit   'lru-cache': [ '10.4.3' ],
679 silly audit   camelcase: [ '5.0.0' ],
679 silly audit   'ast-types': [ '0.16.1' ],
679 silly audit   esprima: [ '4.0.1' ],
679 silly audit   'source-map': [ '0.6.1' ],
679 silly audit   'tiny-invariant': [ '1.3.3' ],
679 silly audit   tslib: [ '2.8.1', '1.14.1' ],
679 silly audit   onetime: [ '2.0.1' ],
679 silly audit   'signal-exit': [ '3.0.7' ],
679 silly audit   'mimic-fn': [ '1.2.0' ],
679 silly audit   'is-fullwidth-code-point': [ '2.0.0', '3.0.0' ],
679 silly audit   'ansi-regex': [ '4.1.1', '5.0.1', '3.0.1' ],
679 silly audit   'has-flag': [ '3.0.0' ],
679 silly audit   'os-tmpdir': [ '1.0.2' ],
679 silly audit   'simple-plist': [ '1.3.1' ],
679 silly audit   uuid: [ '7.0.3' ],
679 silly audit   'bplist-creator': [ '0.1.0' ],
679 silly audit   'bplist-parser': [ '0.3.1' ],
679 silly audit   plist: [ '3.1.0' ],
679 silly audit   'stream-buffers': [ '2.2.0' ],
679 silly audit   'big-integer': [ '1.6.52' ],
679 silly audit   '@xmldom/xmldom': [ '0.8.10' ],
679 silly audit   'base64-js': [ '1.5.1' ],
679 silly audit   xmlbuilder: [ '15.1.1' ],
679 silly audit   sax: [ '1.4.1' ],
679 silly audit   cliui: [ '7.0.4' ],
679 silly audit   escalade: [ '3.2.0' ],
679 silly audit   'get-caller-file': [ '2.0.5' ],
679 silly audit   'require-directory': [ '2.1.1' ],
679 silly audit   y18n: [ '5.0.8' ],
679 silly audit   'yargs-parser': [ '20.2.9' ],
679 silly audit   'wrap-ansi': [ '7.0.0' ],
679 silly audit   'emoji-regex': [ '8.0.0' ],
679 silly audit   '@clack/prompts': [ '0.7.0' ],
679 silly audit   'is-unicode-supported': [ '1.3.0' ]
679 silly audit }
680 http cache emoji-regex@https://registry.npmjs.org/emoji-regex/-/emoji-regex-8.0.0.tgz 0ms (cache hit)
681 http cache wrap-ansi@https://registry.npmjs.org/wrap-ansi/-/wrap-ansi-7.0.0.tgz 0ms (cache hit)
682 http cache yargs-parser@https://registry.npmjs.org/yargs-parser/-/yargs-parser-20.2.9.tgz 0ms (cache hit)
683 http cache y18n@https://registry.npmjs.org/y18n/-/y18n-5.0.8.tgz 0ms (cache hit)
684 http cache require-directory@https://registry.npmjs.org/require-directory/-/require-directory-2.1.1.tgz 0ms (cache hit)
685 http cache get-caller-file@https://registry.npmjs.org/get-caller-file/-/get-caller-file-2.0.5.tgz 0ms (cache hit)
686 http cache cliui@https://registry.npmjs.org/cliui/-/cliui-7.0.4.tgz 0ms (cache hit)
687 http cache @xmldom/xmldom@https://registry.npmjs.org/@xmldom/xmldom/-/xmldom-0.8.10.tgz 0ms (cache hit)
688 http cache sax@https://registry.npmjs.org/sax/-/sax-1.4.1.tgz 0ms (cache hit)
689 http cache escalade@https://registry.npmjs.org/escalade/-/escalade-3.2.0.tgz 0ms (cache hit)
690 http cache xmlbuilder@https://registry.npmjs.org/xmlbuilder/-/xmlbuilder-15.1.1.tgz 0ms (cache hit)
691 http cache base64-js@https://registry.npmjs.org/base64-js/-/base64-js-1.5.1.tgz 0ms (cache hit)
692 http cache big-integer@https://registry.npmjs.org/big-integer/-/big-integer-1.6.52.tgz 0ms (cache hit)
693 http cache stream-buffers@https://registry.npmjs.org/stream-buffers/-/stream-buffers-2.2.0.tgz 0ms (cache hit)
694 http cache plist@https://registry.npmjs.org/plist/-/plist-3.1.0.tgz 0ms (cache hit)
695 http cache uuid@https://registry.npmjs.org/uuid/-/uuid-7.0.3.tgz 0ms (cache hit)
696 http cache bplist-creator@https://registry.npmjs.org/bplist-creator/-/bplist-creator-0.1.0.tgz 0ms (cache hit)
697 http cache bplist-parser@https://registry.npmjs.org/bplist-parser/-/bplist-parser-0.3.1.tgz 0ms (cache hit)
698 http cache simple-plist@https://registry.npmjs.org/simple-plist/-/simple-plist-1.3.1.tgz 0ms (cache hit)
699 http cache os-tmpdir@https://registry.npmjs.org/os-tmpdir/-/os-tmpdir-1.0.2.tgz 0ms (cache hit)
700 http cache ansi-regex@https://registry.npmjs.org/ansi-regex/-/ansi-regex-4.1.1.tgz 0ms (cache hit)
701 http cache has-flag@https://registry.npmjs.org/has-flag/-/has-flag-3.0.0.tgz 0ms (cache hit)
702 http cache mimic-fn@https://registry.npmjs.org/mimic-fn/-/mimic-fn-1.2.0.tgz 0ms (cache hit)
703 http cache is-fullwidth-code-point@https://registry.npmjs.org/is-fullwidth-code-point/-/is-fullwidth-code-point-2.0.0.tgz 0ms (cache hit)
704 http cache tslib@https://registry.npmjs.org/tslib/-/tslib-2.8.1.tgz 0ms (cache hit)
705 http cache signal-exit@https://registry.npmjs.org/signal-exit/-/signal-exit-3.0.7.tgz 0ms (cache hit)
706 http cache onetime@https://registry.npmjs.org/onetime/-/onetime-2.0.1.tgz 0ms (cache hit)
707 http cache tiny-invariant@https://registry.npmjs.org/tiny-invariant/-/tiny-invariant-1.3.3.tgz 0ms (cache hit)
708 http cache source-map@https://registry.npmjs.org/source-map/-/source-map-0.6.1.tgz 0ms (cache hit)
709 http cache camelcase@https://registry.npmjs.org/camelcase/-/camelcase-5.0.0.tgz 0ms (cache hit)
710 http cache ast-types@https://registry.npmjs.org/ast-types/-/ast-types-0.16.1.tgz 0ms (cache hit)
711 http cache esprima@https://registry.npmjs.org/esprima/-/esprima-4.0.1.tgz 0ms (cache hit)
712 http cache lru-cache@https://registry.npmjs.org/lru-cache/-/lru-cache-10.4.3.tgz 0ms (cache hit)
713 http cache is-wsl@https://registry.npmjs.org/is-wsl/-/is-wsl-1.1.0.tgz 0ms (cache hit)
714 http cache mime-db@https://registry.npmjs.org/mime-db/-/mime-db-1.52.0.tgz 0ms (cache hit)
715 http cache balanced-match@https://registry.npmjs.org/balanced-match/-/balanced-match-1.0.2.tgz 0ms (cache hit)
716 http cache brace-expansion@https://registry.npmjs.org/brace-expansion/-/brace-expansion-2.0.1.tgz 0ms (cache hit)
717 http cache @babel/helper-validator-identifier@https://registry.npmjs.org/@babel/helper-validator-identifier/-/helper-validator-identifier-7.27.1.tgz 0ms (cache hit)
718 http cache @babel/types@https://registry.npmjs.org/@babel/types/-/types-7.27.1.tgz 0ms (cache hit)
719 http cache immediate@https://registry.npmjs.org/immediate/-/immediate-3.0.6.tgz 0ms (cache hit)
720 http cache @babel/helper-string-parser@https://registry.npmjs.org/@babel/helper-string-parser/-/helper-string-parser-7.27.1.tgz 0ms (cache hit)
721 http cache @babel/parser@https://registry.npmjs.org/@babel/parser/-/parser-7.27.1.tgz 0ms (cache hit)
722 http cache safer-buffer@https://registry.npmjs.org/safer-buffer/-/safer-buffer-2.1.2.tgz 0ms (cache hit)
723 http cache lie@https://registry.npmjs.org/lie/-/lie-3.1.1.tgz 0ms (cache hit)
724 http cache chardet@https://registry.npmjs.org/chardet/-/chardet-0.7.0.tgz 0ms (cache hit)
725 http cache tmp@https://registry.npmjs.org/tmp/-/tmp-0.0.33.tgz 0ms (cache hit)
726 http cache restore-cursor@https://registry.npmjs.org/restore-cursor/-/restore-cursor-2.0.0.tgz 0ms (cache hit)
727 http cache iconv-lite@https://registry.npmjs.org/iconv-lite/-/iconv-lite-0.4.24.tgz 0ms (cache hit)
728 http cache through@https://registry.npmjs.org/through/-/through-2.3.8.tgz 0ms (cache hit)
729 http cache strip-ansi@https://registry.npmjs.org/strip-ansi/-/strip-ansi-5.2.0.tgz 0ms (cache hit)
730 http cache string-width@https://registry.npmjs.org/string-width/-/string-width-2.1.1.tgz 0ms (cache hit)
731 http cache rxjs@https://registry.npmjs.org/rxjs/-/rxjs-6.6.7.tgz 0ms (cache hit)
732 http cache mute-stream@https://registry.npmjs.org/mute-stream/-/mute-stream-0.0.7.tgz 0ms (cache hit)
733 http cache run-async@https://registry.npmjs.org/run-async/-/run-async-2.4.1.tgz 0ms (cache hit)
734 http cache external-editor@https://registry.npmjs.org/external-editor/-/external-editor-3.1.0.tgz 0ms (cache hit)
735 http cache cli-width@https://registry.npmjs.org/cli-width/-/cli-width-2.2.1.tgz 0ms (cache hit)
736 http cache figures@https://registry.npmjs.org/figures/-/figures-2.0.0.tgz 0ms (cache hit)
737 http cache cli-cursor@https://registry.npmjs.org/cli-cursor/-/cli-cursor-2.1.0.tgz 0ms (cache hit)
738 http cache path-scurry@https://registry.npmjs.org/path-scurry/-/path-scurry-1.11.1.tgz 0ms (cache hit)
739 http cache lodash@https://registry.npmjs.org/lodash/-/lodash-4.17.21.tgz 0ms (cache hit)
740 http cache ansi-escapes@https://registry.npmjs.org/ansi-escapes/-/ansi-escapes-3.2.0.tgz 0ms (cache hit)
741 http cache minipass@https://registry.npmjs.org/minipass/-/minipass-4.2.8.tgz 0ms (cache hit)
742 http cache minimatch@https://registry.npmjs.org/minimatch/-/minimatch-8.0.4.tgz 0ms (cache hit)
743 http cache dunder-proto@https://registry.npmjs.org/dunder-proto/-/dunder-proto-1.0.1.tgz 0ms (cache hit)
744 http cache math-intrinsics@https://registry.npmjs.org/math-intrinsics/-/math-intrinsics-1.1.0.tgz 0ms (cache hit)
745 http cache has-symbols@https://registry.npmjs.org/has-symbols/-/has-symbols-1.1.0.tgz 0ms (cache hit)
746 http cache fs.realpath@https://registry.npmjs.org/fs.realpath/-/fs.realpath-1.0.0.tgz 0ms (cache hit)
747 http cache gopd@https://registry.npmjs.org/gopd/-/gopd-1.2.0.tgz 0ms (cache hit)
748 http cache function-bind@https://registry.npmjs.org/function-bind/-/function-bind-1.1.2.tgz 0ms (cache hit)
749 http cache get-proto@https://registry.npmjs.org/get-proto/-/get-proto-1.0.1.tgz 0ms (cache hit)
750 http cache es-object-atoms@https://registry.npmjs.org/es-object-atoms/-/es-object-atoms-1.1.1.tgz 0ms (cache hit)
751 http cache es-define-property@https://registry.npmjs.org/es-define-property/-/es-define-property-1.0.1.tgz 0ms (cache hit)
752 http cache call-bind-apply-helpers@https://registry.npmjs.org/call-bind-apply-helpers/-/call-bind-apply-helpers-1.0.2.tgz 0ms (cache hit)
753 http cache hasown@https://registry.npmjs.org/hasown/-/hasown-2.0.2.tgz 0ms (cache hit)
754 http cache get-intrinsic@https://registry.npmjs.org/get-intrinsic/-/get-intrinsic-1.3.0.tgz 0ms (cache hit)
755 http cache es-errors@https://registry.npmjs.org/es-errors/-/es-errors-1.3.0.tgz 0ms (cache hit)
756 http cache has-tostringtag@https://registry.npmjs.org/has-tostringtag/-/has-tostringtag-1.0.2.tgz 0ms (cache hit)
757 http cache mime-types@https://registry.npmjs.org/mime-types/-/mime-types-2.1.35.tgz 0ms (cache hit)
758 http cache es-set-tostringtag@https://registry.npmjs.org/es-set-tostringtag/-/es-set-tostringtag-2.1.0.tgz 0ms (cache hit)
759 http cache delayed-stream@https://registry.npmjs.org/delayed-stream/-/delayed-stream-1.0.0.tgz 0ms (cache hit)
760 http cache combined-stream@https://registry.npmjs.org/combined-stream/-/combined-stream-1.0.8.tgz 0ms (cache hit)
761 http cache asynckit@https://registry.npmjs.org/asynckit/-/asynckit-0.4.0.tgz 0ms (cache hit)
762 http cache color-convert@https://registry.npmjs.org/color-convert/-/color-convert-1.9.3.tgz 0ms (cache hit)
763 http cache supports-color@https://registry.npmjs.org/supports-color/-/supports-color-5.5.0.tgz 0ms (cache hit)
764 http cache color-name@https://registry.npmjs.org/color-name/-/color-name-1.1.3.tgz 0ms (cache hit)
765 http cache escape-string-regexp@https://registry.npmjs.org/escape-string-regexp/-/escape-string-regexp-1.0.5.tgz 0ms (cache hit)
766 http cache ansi-styles@https://registry.npmjs.org/ansi-styles/-/ansi-styles-3.2.1.tgz 0ms (cache hit)
767 http cache form-data@https://registry.npmjs.org/form-data/-/form-data-4.0.2.tgz 0ms (cache hit)
768 http cache follow-redirects@https://registry.npmjs.org/follow-redirects/-/follow-redirects-1.15.9.tgz 0ms (cache hit)
769 http cache proxy-from-env@https://registry.npmjs.org/proxy-from-env/-/proxy-from-env-1.1.0.tgz 0ms (cache hit)
770 http cache @sentry/utils@https://registry.npmjs.org/@sentry/utils/-/utils-7.120.3.tgz 0ms (cache hit)
771 http cache localforage@https://registry.npmjs.org/localforage/-/localforage-1.10.0.tgz 0ms (cache hit)
772 http cache @sentry/types@https://registry.npmjs.org/@sentry/types/-/types-7.120.3.tgz 0ms (cache hit)
773 http cache @sentry/core@https://registry.npmjs.org/@sentry/core/-/core-7.120.3.tgz 0ms (cache hit)
774 http cache picocolors@https://registry.npmjs.org/picocolors/-/picocolors-1.1.1.tgz 0ms (cache hit)
775 http cache @sentry-internal/tracing@https://registry.npmjs.org/@sentry-internal/tracing/-/tracing-7.120.3.tgz 0ms (cache hit)
776 http cache @sentry/integrations@https://registry.npmjs.org/@sentry/integrations/-/integrations-7.120.3.tgz 0ms (cache hit)
777 http cache sisteransi@https://registry.npmjs.org/sisteransi/-/sisteransi-1.0.5.tgz 0ms (cache hit)
778 http cache xml-js@https://registry.npmjs.org/xml-js/-/xml-js-1.6.11.tgz 0ms (cache hit)
779 http cache yargs@https://registry.npmjs.org/yargs/-/yargs-16.2.0.tgz 0ms (cache hit)
780 http cache semver@https://registry.npmjs.org/semver/-/semver-7.7.1.tgz 0ms (cache hit)
781 http cache xcode@https://registry.npmjs.org/xcode/-/xcode-3.0.1.tgz 0ms (cache hit)
782 http cache recast@https://registry.npmjs.org/recast/-/recast-0.23.11.tgz 0ms (cache hit)
783 http cache read-env@https://registry.npmjs.org/read-env/-/read-env-1.3.0.tgz 0ms (cache hit)
784 http cache magicast@https://registry.npmjs.org/magicast/-/magicast-0.2.11.tgz 0ms (cache hit)
785 http cache opn@https://registry.npmjs.org/opn/-/opn-5.5.0.tgz 0ms (cache hit)
786 http cache inquirer@https://registry.npmjs.org/inquirer/-/inquirer-6.5.2.tgz 0ms (cache hit)
787 http cache @sentry/node@https://registry.npmjs.org/@sentry/node/-/node-7.120.3.tgz 0ms (cache hit)
788 http cache axios@https://registry.npmjs.org/axios/-/axios-1.8.2.tgz 0ms (cache hit)
789 http cache @clack/core@https://registry.npmjs.org/@clack/core/-/core-0.3.5.tgz 0ms (cache hit)
790 http cache chalk@https://registry.npmjs.org/chalk/-/chalk-2.4.2.tgz 0ms (cache hit)
791 http cache glob@https://registry.npmjs.org/glob/-/glob-9.3.5.tgz 0ms (cache hit)
792 http cache @sentry/wizard@https://registry.npmjs.org/@sentry/wizard/-/wizard-4.8.0.tgz 0ms (cache hit)
793 http cache ansi-regex@https://registry.npmjs.org/ansi-regex/-/ansi-regex-5.0.1.tgz 0ms (cache hit)
794 http cache color-convert@https://registry.npmjs.org/color-convert/-/color-convert-2.0.1.tgz 0ms (cache hit)
795 http cache is-fullwidth-code-point@https://registry.npmjs.org/is-fullwidth-code-point/-/is-fullwidth-code-point-3.0.0.tgz 0ms (cache hit)
796 http cache color-name@https://registry.npmjs.org/color-name/-/color-name-1.1.4.tgz 0ms (cache hit)
797 http cache ansi-regex@https://registry.npmjs.org/ansi-regex/-/ansi-regex-5.0.1.tgz 0ms (cache hit)
798 http cache is-fullwidth-code-point@https://registry.npmjs.org/is-fullwidth-code-point/-/is-fullwidth-code-point-3.0.0.tgz 0ms (cache hit)
799 http cache ansi-styles@https://registry.npmjs.org/ansi-styles/-/ansi-styles-4.3.0.tgz 0ms (cache hit)
800 http cache string-width@https://registry.npmjs.org/string-width/-/string-width-4.2.3.tgz 0ms (cache hit)
801 http cache strip-ansi@https://registry.npmjs.org/strip-ansi/-/strip-ansi-6.0.1.tgz 0ms (cache hit)
802 http cache strip-ansi@https://registry.npmjs.org/strip-ansi/-/strip-ansi-6.0.1.tgz 0ms (cache hit)
803 http cache tslib@https://registry.npmjs.org/tslib/-/tslib-1.14.1.tgz 0ms (cache hit)
804 http cache strip-ansi@https://registry.npmjs.org/strip-ansi/-/strip-ansi-4.0.0.tgz 0ms (cache hit)
805 http cache ansi-regex@https://registry.npmjs.org/ansi-regex/-/ansi-regex-3.0.1.tgz 0ms (cache hit)
806 http cache string-width@https://registry.npmjs.org/string-width/-/string-width-4.2.3.tgz 0ms (cache hit)
807 http cache minipass@https://registry.npmjs.org/minipass/-/minipass-7.1.2.tgz 0ms (cache hit)
808 http cache ansi-regex@https://registry.npmjs.org/ansi-regex/-/ansi-regex-5.0.1.tgz 0ms (cache hit)
809 silly tarball no local data for yargs-parser@https://registry.npmjs.org/yargs-parser/-/yargs-parser-20.2.9.tgz. Extracting by manifest.
810 silly tarball no local data for y18n@https://registry.npmjs.org/y18n/-/y18n-5.0.8.tgz. Extracting by manifest.
811 silly tarball no local data for require-directory@https://registry.npmjs.org/require-directory/-/require-directory-2.1.1.tgz. Extracting by manifest.
812 http cache strip-ansi@https://registry.npmjs.org/strip-ansi/-/strip-ansi-6.0.1.tgz 0ms (cache hit)
813 http cache is-fullwidth-code-point@https://registry.npmjs.org/is-fullwidth-code-point/-/is-fullwidth-code-point-3.0.0.tgz 0ms (cache hit)
814 silly tarball no local data for get-caller-file@https://registry.npmjs.org/get-caller-file/-/get-caller-file-2.0.5.tgz. Extracting by manifest.
815 http cache string-width@https://registry.npmjs.org/string-width/-/string-width-4.2.3.tgz 0ms (cache hit)
816 silly tarball no local data for cliui@https://registry.npmjs.org/cliui/-/cliui-7.0.4.tgz. Extracting by manifest.
817 silly tarball no local data for @xmldom/xmldom@https://registry.npmjs.org/@xmldom/xmldom/-/xmldom-0.8.10.tgz. Extracting by manifest.
818 silly tarball no local data for sax@https://registry.npmjs.org/sax/-/sax-1.4.1.tgz. Extracting by manifest.
819 silly tarball no local data for xmlbuilder@https://registry.npmjs.org/xmlbuilder/-/xmlbuilder-15.1.1.tgz. Extracting by manifest.
820 silly tarball no local data for base64-js@https://registry.npmjs.org/base64-js/-/base64-js-1.5.1.tgz. Extracting by manifest.
821 silly tarball no local data for big-integer@https://registry.npmjs.org/big-integer/-/big-integer-1.6.52.tgz. Extracting by manifest.
822 silly tarball no local data for stream-buffers@https://registry.npmjs.org/stream-buffers/-/stream-buffers-2.2.0.tgz. Extracting by manifest.
823 silly tarball no local data for plist@https://registry.npmjs.org/plist/-/plist-3.1.0.tgz. Extracting by manifest.
824 silly tarball no local data for uuid@https://registry.npmjs.org/uuid/-/uuid-7.0.3.tgz. Extracting by manifest.
825 silly tarball no local data for bplist-creator@https://registry.npmjs.org/bplist-creator/-/bplist-creator-0.1.0.tgz. Extracting by manifest.
826 silly tarball no local data for bplist-parser@https://registry.npmjs.org/bplist-parser/-/bplist-parser-0.3.1.tgz. Extracting by manifest.
827 silly tarball no local data for simple-plist@https://registry.npmjs.org/simple-plist/-/simple-plist-1.3.1.tgz. Extracting by manifest.
828 silly tarball no local data for os-tmpdir@https://registry.npmjs.org/os-tmpdir/-/os-tmpdir-1.0.2.tgz. Extracting by manifest.
829 silly tarball no local data for ansi-regex@https://registry.npmjs.org/ansi-regex/-/ansi-regex-4.1.1.tgz. Extracting by manifest.
830 silly tarball no local data for has-flag@https://registry.npmjs.org/has-flag/-/has-flag-3.0.0.tgz. Extracting by manifest.
831 silly tarball no local data for mimic-fn@https://registry.npmjs.org/mimic-fn/-/mimic-fn-1.2.0.tgz. Extracting by manifest.
832 silly tarball no local data for is-fullwidth-code-point@https://registry.npmjs.org/is-fullwidth-code-point/-/is-fullwidth-code-point-2.0.0.tgz. Extracting by manifest.
833 silly tarball no local data for signal-exit@https://registry.npmjs.org/signal-exit/-/signal-exit-3.0.7.tgz. Extracting by manifest.
834 silly tarball no local data for onetime@https://registry.npmjs.org/onetime/-/onetime-2.0.1.tgz. Extracting by manifest.
835 silly tarball no local data for tiny-invariant@https://registry.npmjs.org/tiny-invariant/-/tiny-invariant-1.3.3.tgz. Extracting by manifest.
836 silly tarball no local data for source-map@https://registry.npmjs.org/source-map/-/source-map-0.6.1.tgz. Extracting by manifest.
837 silly tarball no local data for camelcase@https://registry.npmjs.org/camelcase/-/camelcase-5.0.0.tgz. Extracting by manifest.
838 silly tarball no local data for ast-types@https://registry.npmjs.org/ast-types/-/ast-types-0.16.1.tgz. Extracting by manifest.
839 silly tarball no local data for esprima@https://registry.npmjs.org/esprima/-/esprima-4.0.1.tgz. Extracting by manifest.
840 silly tarball no local data for is-wsl@https://registry.npmjs.org/is-wsl/-/is-wsl-1.1.0.tgz. Extracting by manifest.
841 silly tarball no local data for immediate@https://registry.npmjs.org/immediate/-/immediate-3.0.6.tgz. Extracting by manifest.
842 silly tarball no local data for lie@https://registry.npmjs.org/lie/-/lie-3.1.1.tgz. Extracting by manifest.
843 silly tarball no local data for chardet@https://registry.npmjs.org/chardet/-/chardet-0.7.0.tgz. Extracting by manifest.
844 silly tarball no local data for tmp@https://registry.npmjs.org/tmp/-/tmp-0.0.33.tgz. Extracting by manifest.
845 silly tarball no local data for restore-cursor@https://registry.npmjs.org/restore-cursor/-/restore-cursor-2.0.0.tgz. Extracting by manifest.
846 silly tarball no local data for through@https://registry.npmjs.org/through/-/through-2.3.8.tgz. Extracting by manifest.
847 silly tarball no local data for strip-ansi@https://registry.npmjs.org/strip-ansi/-/strip-ansi-5.2.0.tgz. Extracting by manifest.
848 silly tarball no local data for string-width@https://registry.npmjs.org/string-width/-/string-width-2.1.1.tgz. Extracting by manifest.
849 silly tarball no local data for rxjs@https://registry.npmjs.org/rxjs/-/rxjs-6.6.7.tgz. Extracting by manifest.
850 silly tarball no local data for mute-stream@https://registry.npmjs.org/mute-stream/-/mute-stream-0.0.7.tgz. Extracting by manifest.
851 silly tarball no local data for run-async@https://registry.npmjs.org/run-async/-/run-async-2.4.1.tgz. Extracting by manifest.
852 silly tarball no local data for external-editor@https://registry.npmjs.org/external-editor/-/external-editor-3.1.0.tgz. Extracting by manifest.
853 silly tarball no local data for cli-width@https://registry.npmjs.org/cli-width/-/cli-width-2.2.1.tgz. Extracting by manifest.
854 silly tarball no local data for figures@https://registry.npmjs.org/figures/-/figures-2.0.0.tgz. Extracting by manifest.
855 silly tarball no local data for cli-cursor@https://registry.npmjs.org/cli-cursor/-/cli-cursor-2.1.0.tgz. Extracting by manifest.
856 silly tarball no local data for lodash@https://registry.npmjs.org/lodash/-/lodash-4.17.21.tgz. Extracting by manifest.
857 silly tarball no local data for ansi-escapes@https://registry.npmjs.org/ansi-escapes/-/ansi-escapes-3.2.0.tgz. Extracting by manifest.
858 silly tarball no local data for color-convert@https://registry.npmjs.org/color-convert/-/color-convert-1.9.3.tgz. Extracting by manifest.
859 silly tarball no local data for supports-color@https://registry.npmjs.org/supports-color/-/supports-color-5.5.0.tgz. Extracting by manifest.
860 silly tarball no local data for color-name@https://registry.npmjs.org/color-name/-/color-name-1.1.3.tgz. Extracting by manifest.
861 silly tarball no local data for escape-string-regexp@https://registry.npmjs.org/escape-string-regexp/-/escape-string-regexp-1.0.5.tgz. Extracting by manifest.
862 silly tarball no local data for ansi-styles@https://registry.npmjs.org/ansi-styles/-/ansi-styles-3.2.1.tgz. Extracting by manifest.
863 silly tarball no local data for form-data@https://registry.npmjs.org/form-data/-/form-data-4.0.2.tgz. Extracting by manifest.
864 silly tarball no local data for follow-redirects@https://registry.npmjs.org/follow-redirects/-/follow-redirects-1.15.9.tgz. Extracting by manifest.
865 silly tarball no local data for @sentry/utils@https://registry.npmjs.org/@sentry/utils/-/utils-7.120.3.tgz. Extracting by manifest.
866 silly tarball no local data for localforage@https://registry.npmjs.org/localforage/-/localforage-1.10.0.tgz. Extracting by manifest.
867 silly tarball no local data for @sentry/types@https://registry.npmjs.org/@sentry/types/-/types-7.120.3.tgz. Extracting by manifest.
868 silly tarball no local data for @sentry/core@https://registry.npmjs.org/@sentry/core/-/core-7.120.3.tgz. Extracting by manifest.
869 silly tarball no local data for @sentry-internal/tracing@https://registry.npmjs.org/@sentry-internal/tracing/-/tracing-7.120.3.tgz. Extracting by manifest.
870 silly tarball no local data for @sentry/integrations@https://registry.npmjs.org/@sentry/integrations/-/integrations-7.120.3.tgz. Extracting by manifest.
871 silly tarball no local data for sisteransi@https://registry.npmjs.org/sisteransi/-/sisteransi-1.0.5.tgz. Extracting by manifest.
872 silly tarball no local data for xml-js@https://registry.npmjs.org/xml-js/-/xml-js-1.6.11.tgz. Extracting by manifest.
873 silly tarball no local data for yargs@https://registry.npmjs.org/yargs/-/yargs-16.2.0.tgz. Extracting by manifest.
874 silly tarball no local data for xcode@https://registry.npmjs.org/xcode/-/xcode-3.0.1.tgz. Extracting by manifest.
875 silly tarball no local data for recast@https://registry.npmjs.org/recast/-/recast-0.23.11.tgz. Extracting by manifest.
876 silly tarball no local data for read-env@https://registry.npmjs.org/read-env/-/read-env-1.3.0.tgz. Extracting by manifest.
877 silly tarball no local data for magicast@https://registry.npmjs.org/magicast/-/magicast-0.2.11.tgz. Extracting by manifest.
878 silly tarball no local data for opn@https://registry.npmjs.org/opn/-/opn-5.5.0.tgz. Extracting by manifest.
879 silly tarball no local data for inquirer@https://registry.npmjs.org/inquirer/-/inquirer-6.5.2.tgz. Extracting by manifest.
880 silly tarball no local data for @sentry/node@https://registry.npmjs.org/@sentry/node/-/node-7.120.3.tgz. Extracting by manifest.
881 silly tarball no local data for axios@https://registry.npmjs.org/axios/-/axios-1.8.2.tgz. Extracting by manifest.
882 silly tarball no local data for @clack/core@https://registry.npmjs.org/@clack/core/-/core-0.3.5.tgz. Extracting by manifest.
883 silly tarball no local data for chalk@https://registry.npmjs.org/chalk/-/chalk-2.4.2.tgz. Extracting by manifest.
884 silly tarball no local data for @sentry/wizard@https://registry.npmjs.org/@sentry/wizard/-/wizard-4.8.0.tgz. Extracting by manifest.
885 silly tarball no local data for strip-ansi@https://registry.npmjs.org/strip-ansi/-/strip-ansi-4.0.0.tgz. Extracting by manifest.
886 silly tarball no local data for ansi-regex@https://registry.npmjs.org/ansi-regex/-/ansi-regex-3.0.1.tgz. Extracting by manifest.
887 http fetch GET 200 https://registry.npmjs.org/get-caller-file/-/get-caller-file-2.0.5.tgz 525ms (cache miss)
888 http fetch GET 200 https://registry.npmjs.org/sax/-/sax-1.4.1.tgz 546ms (cache miss)
889 http fetch GET 200 https://registry.npmjs.org/require-directory/-/require-directory-2.1.1.tgz 548ms (cache miss)
890 http fetch GET 200 https://registry.npmjs.org/cliui/-/cliui-7.0.4.tgz 548ms (cache miss)
891 http fetch GET 200 https://registry.npmjs.org/base64-js/-/base64-js-1.5.1.tgz 545ms (cache miss)
892 http fetch GET 200 https://registry.npmjs.org/y18n/-/y18n-5.0.8.tgz 564ms (cache miss)
893 http fetch GET 200 https://registry.npmjs.org/simple-plist/-/simple-plist-1.3.1.tgz 550ms (cache miss)
894 http fetch GET 200 https://registry.npmjs.org/bplist-parser/-/bplist-parser-0.3.1.tgz 552ms (cache miss)
895 http fetch GET 200 https://registry.npmjs.org/ansi-regex/-/ansi-regex-4.1.1.tgz 551ms (cache miss)
896 http fetch GET 200 https://registry.npmjs.org/mimic-fn/-/mimic-fn-1.2.0.tgz 562ms (cache miss)
897 http fetch GET 200 https://registry.npmjs.org/is-fullwidth-code-point/-/is-fullwidth-code-point-2.0.0.tgz 562ms (cache miss)
898 http fetch GET 200 https://registry.npmjs.org/has-flag/-/has-flag-3.0.0.tgz 564ms (cache miss)
899 http fetch GET 200 https://registry.npmjs.org/os-tmpdir/-/os-tmpdir-1.0.2.tgz 565ms (cache miss)
900 http fetch GET 200 https://registry.npmjs.org/signal-exit/-/signal-exit-3.0.7.tgz 579ms (cache miss)
901 http fetch GET 200 https://registry.npmjs.org/tiny-invariant/-/tiny-invariant-1.3.3.tgz 577ms (cache miss)
902 http fetch GET 200 https://registry.npmjs.org/camelcase/-/camelcase-5.0.0.tgz 577ms (cache miss)
903 http fetch GET 200 https://registry.npmjs.org/onetime/-/onetime-2.0.1.tgz 579ms (cache miss)
904 http fetch GET 200 https://registry.npmjs.org/is-wsl/-/is-wsl-1.1.0.tgz 587ms (cache miss)
905 http fetch GET 200 https://registry.npmjs.org/immediate/-/immediate-3.0.6.tgz 593ms (cache miss)
906 http fetch GET 200 https://registry.npmjs.org/tmp/-/tmp-0.0.33.tgz 601ms (cache miss)
907 http fetch GET 200 https://registry.npmjs.org/through/-/through-2.3.8.tgz 600ms (cache miss)
908 http fetch GET 200 https://registry.npmjs.org/lie/-/lie-3.1.1.tgz 603ms (cache miss)
909 http fetch GET 200 https://registry.npmjs.org/strip-ansi/-/strip-ansi-5.2.0.tgz 600ms (cache miss)
910 http fetch GET 200 https://registry.npmjs.org/restore-cursor/-/restore-cursor-2.0.0.tgz 603ms (cache miss)
911 http fetch GET 200 https://registry.npmjs.org/string-width/-/string-width-2.1.1.tgz 608ms (cache miss)
912 http fetch GET 200 https://registry.npmjs.org/run-async/-/run-async-2.4.1.tgz 607ms (cache miss)
913 http fetch GET 200 https://registry.npmjs.org/figures/-/figures-2.0.0.tgz 605ms (cache miss)
914 http fetch GET 200 https://registry.npmjs.org/cli-cursor/-/cli-cursor-2.1.0.tgz 612ms (cache miss)
915 http fetch GET 200 https://registry.npmjs.org/ansi-escapes/-/ansi-escapes-3.2.0.tgz 610ms (cache miss)
916 http fetch GET 200 https://registry.npmjs.org/supports-color/-/supports-color-5.5.0.tgz 605ms (cache miss)
917 http fetch GET 200 https://registry.npmjs.org/color-name/-/color-name-1.1.3.tgz 609ms (cache miss)
918 http fetch GET 200 https://registry.npmjs.org/escape-string-regexp/-/escape-string-regexp-1.0.5.tgz 609ms (cache miss)
919 http fetch GET 200 https://registry.npmjs.org/follow-redirects/-/follow-redirects-1.15.9.tgz 608ms (cache miss)
920 http fetch GET 200 https://registry.npmjs.org/color-convert/-/color-convert-1.9.3.tgz 613ms (cache miss)
921 http fetch GET 200 https://registry.npmjs.org/form-data/-/form-data-4.0.2.tgz 615ms (cache miss)
922 http fetch GET 200 https://registry.npmjs.org/sisteransi/-/sisteransi-1.0.5.tgz 620ms (cache miss)
923 http fetch GET 200 https://registry.npmjs.org/read-env/-/read-env-1.3.0.tgz 622ms (cache miss)
924 http fetch GET 200 https://registry.npmjs.org/ansi-styles/-/ansi-styles-3.2.1.tgz 634ms (cache miss)
925 http fetch GET 200 https://registry.npmjs.org/opn/-/opn-5.5.0.tgz 626ms (cache miss)
926 http fetch GET 200 https://registry.npmjs.org/chalk/-/chalk-2.4.2.tgz 625ms (cache miss)
927 http fetch GET 200 https://registry.npmjs.org/ansi-regex/-/ansi-regex-3.0.1.tgz 624ms (cache miss)
928 http fetch GET 200 https://registry.npmjs.org/strip-ansi/-/strip-ansi-4.0.0.tgz 625ms (cache miss)
929 http fetch GET 200 https://registry.npmjs.org/big-integer/-/big-integer-1.6.52.tgz 737ms (cache miss)
930 http fetch GET 200 https://registry.npmjs.org/cli-width/-/cli-width-2.2.1.tgz 730ms (cache miss)
931 http fetch GET 200 https://registry.npmjs.org/esprima/-/esprima-4.0.1.tgz 766ms (cache miss)
932 http fetch GET 200 https://registry.npmjs.org/yargs-parser/-/yargs-parser-20.2.9.tgz 791ms (cache miss)
933 http fetch GET 200 https://registry.npmjs.org/chardet/-/chardet-0.7.0.tgz 773ms (cache miss)
934 http fetch GET 200 https://registry.npmjs.org/@xmldom/xmldom/-/xmldom-0.8.10.tgz 821ms (cache miss)
935 http fetch GET 200 https://registry.npmjs.org/external-editor/-/external-editor-3.1.0.tgz 827ms (cache miss)
936 http fetch GET 200 https://registry.npmjs.org/bplist-creator/-/bplist-creator-0.1.0.tgz 851ms (cache miss)
937 http fetch GET 200 https://registry.npmjs.org/@clack/core/-/core-0.3.5.tgz 811ms (cache miss)
938 http fetch GET 200 https://registry.npmjs.org/xcode/-/xcode-3.0.1.tgz 826ms (cache miss)
939 http fetch GET 200 https://registry.npmjs.org/mute-stream/-/mute-stream-0.0.7.tgz 854ms (cache miss)
940 http fetch GET 200 https://registry.npmjs.org/magicast/-/magicast-0.2.11.tgz 850ms (cache miss)
941 http fetch GET 200 https://registry.npmjs.org/stream-buffers/-/stream-buffers-2.2.0.tgz 947ms (cache miss)
942 http fetch POST 200 https://registry.npmjs.org/-/npm/v1/security/advisories/bulk 1021ms
943 silly audit report {}
944 http fetch GET 200 https://registry.npmjs.org/xml-js/-/xml-js-1.6.11.tgz 947ms (cache miss)
945 http fetch GET 200 https://registry.npmjs.org/plist/-/plist-3.1.0.tgz 1002ms (cache miss)
946 http fetch GET 200 https://registry.npmjs.org/source-map/-/source-map-0.6.1.tgz 996ms (cache miss)
947 http fetch GET 200 https://registry.npmjs.org/inquirer/-/inquirer-6.5.2.tgz 975ms (cache miss)
948 http fetch GET 200 https://registry.npmjs.org/localforage/-/localforage-1.10.0.tgz 1057ms (cache miss)
949 http fetch GET 200 https://registry.npmjs.org/xmlbuilder/-/xmlbuilder-15.1.1.tgz 1117ms (cache miss)
950 http fetch GET 200 https://registry.npmjs.org/uuid/-/uuid-7.0.3.tgz 1116ms (cache miss)
951 http fetch GET 200 https://registry.npmjs.org/recast/-/recast-0.23.11.tgz 1076ms (cache miss)
952 http fetch GET 200 https://registry.npmjs.org/yargs/-/yargs-16.2.0.tgz 1109ms (cache miss)
953 http fetch GET 200 https://registry.npmjs.org/@sentry/integrations/-/integrations-7.120.3.tgz 1249ms (cache miss)
954 http fetch GET 200 https://registry.npmjs.org/ast-types/-/ast-types-0.16.1.tgz 1334ms (cache miss)
955 http fetch GET 200 https://registry.npmjs.org/axios/-/axios-1.8.2.tgz 1365ms (cache miss)
956 http fetch GET 200 https://registry.npmjs.org/@sentry/types/-/types-7.120.3.tgz 1467ms (cache miss)
957 http fetch GET 200 https://registry.npmjs.org/@sentry-internal/tracing/-/tracing-7.120.3.tgz 1891ms (cache miss)
958 http fetch GET 200 https://registry.npmjs.org/@sentry/node/-/node-7.120.3.tgz 1955ms (cache miss)
959 http fetch GET 200 https://registry.npmjs.org/@sentry/utils/-/utils-7.120.3.tgz 2032ms (cache miss)
960 http fetch GET 200 https://registry.npmjs.org/@sentry/core/-/core-7.120.3.tgz 2074ms (cache miss)
961 http fetch GET 200 https://registry.npmjs.org/@sentry/wizard/-/wizard-4.8.0.tgz 2263ms (cache miss)
962 http fetch GET 200 https://registry.npmjs.org/lodash/-/lodash-4.17.21.tgz 2721ms (cache miss)
963 http fetch GET 200 https://registry.npmjs.org/rxjs/-/rxjs-6.6.7.tgz 4659ms (cache miss)
964 verbose cwd C:\Users\akito\git\calculator
965 verbose os Windows_NT 10.0.26100
966 verbose node v20.19.1
967 verbose npm  v11.3.0
968 verbose exit 0
969 info ok
